2022-10-08 19:25:33,852 INFO [DISTRO-INIT] waiting distro data storage register...

2022-10-08 19:25:34,856 INFO [DISTRO-INIT] waiting distro data storage register...

2022-10-08 19:25:35,862 INFO [DISTRO-INIT] waiting distro data storage register...

2022-10-08 19:25:36,875 INFO [DISTRO-INIT] waiting distro data storage register...

2022-10-08 19:25:37,877 INFO [DISTRO-INIT] waiting distro data storage register...

2022-10-08 19:25:38,920 INFO [DISTRO-INIT] waiting distro data storage register...

2022-10-08 19:25:39,929 INFO [DISTRO-INIT] waiting distro data storage register...

2022-10-08 19:25:40,930 INFO [DISTRO-INIT] waiting distro data storage register...

2022-10-08 19:25:41,930 INFO [DISTRO-INIT] waiting distro data storage register...

2022-10-08 19:25:42,938 INFO [DISTRO-INIT] waiting distro data storage register...

2022-10-08 19:25:43,943 INFO [DISTRO-INIT] waiting distro data storage register...

2022-10-08 19:25:44,943 INFO [DISTRO-INIT] waiting distro data storage register...

2022-10-08 19:25:45,961 INFO [DISTRO-INIT] load snapshot com.alibaba.nacos.naming.iplist. from nacos2:8848

2022-10-08 19:25:45,962 ERROR [DISTRO-INIT] load snapshot com.alibaba.nacos.naming.iplist. from nacos2:8848 failed.

com.alibaba.nacos.core.distributed.distro.exception.DistroException: [DISTRO-EXCEPTION]Get snapshot from nacos2:8848 failed.
	at com.alibaba.nacos.naming.consistency.ephemeral.distro.component.DistroHttpAgent.getDatumSnapshot(DistroHttpAgent.java:101)
	at com.alibaba.nacos.core.distributed.distro.task.load.DistroLoadDataTask.loadAllDataSnapshotFromRemote(DistroLoadDataTask.java:103)
	at com.alibaba.nacos.core.distributed.distro.task.load.DistroLoadDataTask.load(DistroLoadDataTask.java:87)
	at com.alibaba.nacos.core.distributed.distro.task.load.DistroLoadDataTask.run(DistroLoadDataTask.java:63)
	at java.util.concurrent.Executors$RunnableAdapter.call(Executors.java:511)
	at java.util.concurrent.FutureTask.run(FutureTask.java:266)
	at java.util.concurrent.ScheduledThreadPoolExecutor$ScheduledFutureTask.access$201(ScheduledThreadPoolExecutor.java:180)
	at java.util.concurrent.ScheduledThreadPoolExecutor$ScheduledFutureTask.run(ScheduledThreadPoolExecutor.java:293)
	at java.util.concurrent.ThreadPoolExecutor.runWorker(ThreadPoolExecutor.java:1149)
	at java.util.concurrent.ThreadPoolExecutor$Worker.run(ThreadPoolExecutor.java:624)
	at java.lang.Thread.run(Thread.java:748)
Caused by: java.io.IOException: failed to req API: http://nacos2:8848/nacos/v1/ns/distro/datums. code: 500 msg: org.apache.http.conn.HttpHostConnectException: Connect to nacos2:8848 [nacos2/192.168.80.5] failed: Connection refused (Connection refused)
	at com.alibaba.nacos.naming.misc.NamingProxy.getAllData(NamingProxy.java:150)
	at com.alibaba.nacos.naming.consistency.ephemeral.distro.component.DistroHttpAgent.getDatumSnapshot(DistroHttpAgent.java:98)
	... 10 common frames omitted
2022-10-08 19:25:45,963 INFO [DISTRO-INIT] load snapshot com.alibaba.nacos.naming.iplist. from nacos3:8848

2022-10-08 19:25:45,963 ERROR [DISTRO-INIT] load snapshot com.alibaba.nacos.naming.iplist. from nacos3:8848 failed.

com.alibaba.nacos.core.distributed.distro.exception.DistroException: [DISTRO-EXCEPTION]Get snapshot from nacos3:8848 failed.
	at com.alibaba.nacos.naming.consistency.ephemeral.distro.component.DistroHttpAgent.getDatumSnapshot(DistroHttpAgent.java:101)
	at com.alibaba.nacos.core.distributed.distro.task.load.DistroLoadDataTask.loadAllDataSnapshotFromRemote(DistroLoadDataTask.java:103)
	at com.alibaba.nacos.core.distributed.distro.task.load.DistroLoadDataTask.load(DistroLoadDataTask.java:87)
	at com.alibaba.nacos.core.distributed.distro.task.load.DistroLoadDataTask.run(DistroLoadDataTask.java:63)
	at java.util.concurrent.Executors$RunnableAdapter.call(Executors.java:511)
	at java.util.concurrent.FutureTask.run(FutureTask.java:266)
	at java.util.concurrent.ScheduledThreadPoolExecutor$ScheduledFutureTask.access$201(ScheduledThreadPoolExecutor.java:180)
	at java.util.concurrent.ScheduledThreadPoolExecutor$ScheduledFutureTask.run(ScheduledThreadPoolExecutor.java:293)
	at java.util.concurrent.ThreadPoolExecutor.runWorker(ThreadPoolExecutor.java:1149)
	at java.util.concurrent.ThreadPoolExecutor$Worker.run(ThreadPoolExecutor.java:624)
	at java.lang.Thread.run(Thread.java:748)
Caused by: java.io.IOException: failed to req API: http://nacos3:8848/nacos/v1/ns/distro/datums. code: 500 msg: org.apache.http.conn.HttpHostConnectException: Connect to nacos3:8848 [nacos3/192.168.80.4] failed: Connection refused (Connection refused)
	at com.alibaba.nacos.naming.misc.NamingProxy.getAllData(NamingProxy.java:150)
	at com.alibaba.nacos.naming.consistency.ephemeral.distro.component.DistroHttpAgent.getDatumSnapshot(DistroHttpAgent.java:98)
	... 10 common frames omitted
2022-10-08 19:25:45,963 INFO [DISTRO-INIT] load snapshot Nacos:Naming:v2:ClientData from nacos2:8848

2022-10-08 19:25:45,968 ERROR [DISTRO-INIT] load snapshot Nacos:Naming:v2:ClientData from nacos2:8848 failed.

com.alibaba.nacos.core.distributed.distro.exception.DistroException: [DISTRO-EXCEPTION][DISTRO-FAILED] Get distro snapshot failed! 
	at com.alibaba.nacos.naming.consistency.ephemeral.distro.v2.DistroClientTransportAgent.getDatumSnapshot(DistroClientTransportAgent.java:186)
	at com.alibaba.nacos.core.distributed.distro.task.load.DistroLoadDataTask.loadAllDataSnapshotFromRemote(DistroLoadDataTask.java:103)
	at com.alibaba.nacos.core.distributed.distro.task.load.DistroLoadDataTask.load(DistroLoadDataTask.java:87)
	at com.alibaba.nacos.core.distributed.distro.task.load.DistroLoadDataTask.run(DistroLoadDataTask.java:63)
	at java.util.concurrent.Executors$RunnableAdapter.call(Executors.java:511)
	at java.util.concurrent.FutureTask.run(FutureTask.java:266)
	at java.util.concurrent.ScheduledThreadPoolExecutor$ScheduledFutureTask.access$201(ScheduledThreadPoolExecutor.java:180)
	at java.util.concurrent.ScheduledThreadPoolExecutor$ScheduledFutureTask.run(ScheduledThreadPoolExecutor.java:293)
	at java.util.concurrent.ThreadPoolExecutor.runWorker(ThreadPoolExecutor.java:1149)
	at java.util.concurrent.ThreadPoolExecutor$Worker.run(ThreadPoolExecutor.java:624)
	at java.lang.Thread.run(Thread.java:748)
Caused by: com.alibaba.nacos.api.exception.NacosException: No rpc client related to member: Member{ip='nacos2', port=8848, state=UP, extendInfo={raftPort=7848}}
	at com.alibaba.nacos.core.cluster.remote.ClusterRpcClientProxy.sendRequest(ClusterRpcClientProxy.java:177)
	at com.alibaba.nacos.core.cluster.remote.ClusterRpcClientProxy.sendRequest(ClusterRpcClientProxy.java:161)
	at com.alibaba.nacos.naming.consistency.ephemeral.distro.v2.DistroClientTransportAgent.getDatumSnapshot(DistroClientTransportAgent.java:177)
	... 10 common frames omitted
2022-10-08 19:25:45,968 INFO [DISTRO-INIT] load snapshot Nacos:Naming:v2:ClientData from nacos3:8848

2022-10-08 19:25:45,968 ERROR [DISTRO-INIT] load snapshot Nacos:Naming:v2:ClientData from nacos3:8848 failed.

com.alibaba.nacos.core.distributed.distro.exception.DistroException: [DISTRO-EXCEPTION][DISTRO-FAILED] Get distro snapshot failed! 
	at com.alibaba.nacos.naming.consistency.ephemeral.distro.v2.DistroClientTransportAgent.getDatumSnapshot(DistroClientTransportAgent.java:186)
	at com.alibaba.nacos.core.distributed.distro.task.load.DistroLoadDataTask.loadAllDataSnapshotFromRemote(DistroLoadDataTask.java:103)
	at com.alibaba.nacos.core.distributed.distro.task.load.DistroLoadDataTask.load(DistroLoadDataTask.java:87)
	at com.alibaba.nacos.core.distributed.distro.task.load.DistroLoadDataTask.run(DistroLoadDataTask.java:63)
	at java.util.concurrent.Executors$RunnableAdapter.call(Executors.java:511)
	at java.util.concurrent.FutureTask.run(FutureTask.java:266)
	at java.util.concurrent.ScheduledThreadPoolExecutor$ScheduledFutureTask.access$201(ScheduledThreadPoolExecutor.java:180)
	at java.util.concurrent.ScheduledThreadPoolExecutor$ScheduledFutureTask.run(ScheduledThreadPoolExecutor.java:293)
	at java.util.concurrent.ThreadPoolExecutor.runWorker(ThreadPoolExecutor.java:1149)
	at java.util.concurrent.ThreadPoolExecutor$Worker.run(ThreadPoolExecutor.java:624)
	at java.lang.Thread.run(Thread.java:748)
Caused by: com.alibaba.nacos.api.exception.NacosException: No rpc client related to member: Member{ip='nacos3', port=8848, state=UP, extendInfo={raftPort=7848}}
	at com.alibaba.nacos.core.cluster.remote.ClusterRpcClientProxy.sendRequest(ClusterRpcClientProxy.java:177)
	at com.alibaba.nacos.core.cluster.remote.ClusterRpcClientProxy.sendRequest(ClusterRpcClientProxy.java:161)
	at com.alibaba.nacos.naming.consistency.ephemeral.distro.v2.DistroClientTransportAgent.getDatumSnapshot(DistroClientTransportAgent.java:177)
	... 10 common frames omitted
2022-10-08 19:25:48,827 WARN data storage DistroDataStorageImpl has not finished initial step, do not send verify data

2022-10-08 19:25:48,854 WARN data storage DistroClientDataProcessor has not finished initial step, do not send verify data

2022-10-08 19:25:53,859 WARN data storage DistroDataStorageImpl has not finished initial step, do not send verify data

2022-10-08 19:25:53,859 WARN data storage DistroClientDataProcessor has not finished initial step, do not send verify data

2022-10-08 19:25:58,863 WARN data storage DistroDataStorageImpl has not finished initial step, do not send verify data

2022-10-08 19:25:58,863 WARN data storage DistroClientDataProcessor has not finished initial step, do not send verify data

2022-10-08 19:26:03,863 WARN data storage DistroDataStorageImpl has not finished initial step, do not send verify data

2022-10-08 19:26:03,863 WARN data storage DistroClientDataProcessor has not finished initial step, do not send verify data

2022-10-08 19:26:08,864 WARN data storage DistroDataStorageImpl has not finished initial step, do not send verify data

2022-10-08 19:26:08,865 WARN data storage DistroClientDataProcessor has not finished initial step, do not send verify data

2022-10-08 19:26:13,866 WARN data storage DistroDataStorageImpl has not finished initial step, do not send verify data

2022-10-08 19:26:13,866 WARN data storage DistroClientDataProcessor has not finished initial step, do not send verify data

2022-10-08 19:26:18,874 WARN data storage DistroDataStorageImpl has not finished initial step, do not send verify data

2022-10-08 19:26:18,874 WARN data storage DistroClientDataProcessor has not finished initial step, do not send verify data

2022-10-08 19:26:23,875 WARN data storage DistroDataStorageImpl has not finished initial step, do not send verify data

2022-10-08 19:26:23,875 WARN data storage DistroClientDataProcessor has not finished initial step, do not send verify data

2022-10-08 19:26:28,875 WARN data storage DistroDataStorageImpl has not finished initial step, do not send verify data

2022-10-08 19:26:28,875 WARN data storage DistroClientDataProcessor has not finished initial step, do not send verify data

2022-10-08 19:26:33,882 WARN data storage DistroDataStorageImpl has not finished initial step, do not send verify data

2022-10-08 19:26:33,882 WARN data storage DistroClientDataProcessor has not finished initial step, do not send verify data

2022-10-08 19:26:38,882 WARN data storage DistroDataStorageImpl has not finished initial step, do not send verify data

2022-10-08 19:26:38,882 WARN data storage DistroClientDataProcessor has not finished initial step, do not send verify data

2022-10-08 19:26:43,883 WARN data storage DistroDataStorageImpl has not finished initial step, do not send verify data

2022-10-08 19:26:43,883 WARN data storage DistroClientDataProcessor has not finished initial step, do not send verify data

2022-10-08 19:26:45,970 INFO [DISTRO-INIT] load snapshot com.alibaba.nacos.naming.iplist. from nacos2:8848

2022-10-08 19:26:46,067 INFO [DISTRO-INIT] load snapshot com.alibaba.nacos.naming.iplist. from nacos2:8848 result: true

2022-10-08 19:26:46,067 INFO [DISTRO-INIT] load snapshot Nacos:Naming:v2:ClientData from nacos2:8848

2022-10-08 19:26:46,382 INFO [DISTRO-INIT] load snapshot Nacos:Naming:v2:ClientData from nacos2:8848 result: true

2022-10-08 19:26:46,382 INFO [DISTRO-INIT] load snapshot data success

2022-10-08 21:00:14,956 INFO [DISTRO-INIT] waiting distro data storage register...

2022-10-08 21:00:15,977 INFO [DISTRO-INIT] waiting distro data storage register...

2022-10-08 21:00:16,988 INFO [DISTRO-INIT] waiting distro data storage register...

2022-10-08 21:00:17,988 INFO [DISTRO-INIT] waiting distro data storage register...

2022-10-08 21:00:19,002 INFO [DISTRO-INIT] waiting distro data storage register...

2022-10-08 21:00:20,032 INFO [DISTRO-INIT] waiting distro data storage register...

2022-10-08 21:00:21,040 INFO [DISTRO-INIT] waiting distro data storage register...

2022-10-08 21:00:22,051 INFO [DISTRO-INIT] waiting distro data storage register...

2022-10-08 21:00:23,052 INFO [DISTRO-INIT] waiting distro data storage register...

2022-10-08 21:00:24,052 INFO [DISTRO-INIT] waiting distro data storage register...

2022-10-08 21:00:25,089 INFO [DISTRO-INIT] waiting distro data storage register...

2022-10-08 21:00:26,097 INFO [DISTRO-INIT] waiting distro data storage register...

2022-10-08 21:00:27,107 INFO [DISTRO-INIT] load snapshot com.alibaba.nacos.naming.iplist. from nacos2:8848

2022-10-08 21:00:27,109 ERROR [DISTRO-INIT] load snapshot com.alibaba.nacos.naming.iplist. from nacos2:8848 failed.

com.alibaba.nacos.core.distributed.distro.exception.DistroException: [DISTRO-EXCEPTION]Get snapshot from nacos2:8848 failed.
	at com.alibaba.nacos.naming.consistency.ephemeral.distro.component.DistroHttpAgent.getDatumSnapshot(DistroHttpAgent.java:101)
	at com.alibaba.nacos.core.distributed.distro.task.load.DistroLoadDataTask.loadAllDataSnapshotFromRemote(DistroLoadDataTask.java:103)
	at com.alibaba.nacos.core.distributed.distro.task.load.DistroLoadDataTask.load(DistroLoadDataTask.java:87)
	at com.alibaba.nacos.core.distributed.distro.task.load.DistroLoadDataTask.run(DistroLoadDataTask.java:63)
	at java.util.concurrent.Executors$RunnableAdapter.call(Executors.java:511)
	at java.util.concurrent.FutureTask.run(FutureTask.java:266)
	at java.util.concurrent.ScheduledThreadPoolExecutor$ScheduledFutureTask.access$201(ScheduledThreadPoolExecutor.java:180)
	at java.util.concurrent.ScheduledThreadPoolExecutor$ScheduledFutureTask.run(ScheduledThreadPoolExecutor.java:293)
	at java.util.concurrent.ThreadPoolExecutor.runWorker(ThreadPoolExecutor.java:1149)
	at java.util.concurrent.ThreadPoolExecutor$Worker.run(ThreadPoolExecutor.java:624)
	at java.lang.Thread.run(Thread.java:748)
Caused by: java.io.IOException: failed to req API: http://nacos2:8848/nacos/v1/ns/distro/datums. code: 500 msg: org.apache.http.conn.HttpHostConnectException: Connect to nacos2:8848 [nacos2/192.168.112.5] failed: Connection refused (Connection refused)
	at com.alibaba.nacos.naming.misc.NamingProxy.getAllData(NamingProxy.java:150)
	at com.alibaba.nacos.naming.consistency.ephemeral.distro.component.DistroHttpAgent.getDatumSnapshot(DistroHttpAgent.java:98)
	... 10 common frames omitted
2022-10-08 21:00:27,109 INFO [DISTRO-INIT] load snapshot com.alibaba.nacos.naming.iplist. from nacos3:8848

2022-10-08 21:00:27,116 ERROR [DISTRO-INIT] load snapshot com.alibaba.nacos.naming.iplist. from nacos3:8848 failed.

com.alibaba.nacos.core.distributed.distro.exception.DistroException: [DISTRO-EXCEPTION]Get snapshot from nacos3:8848 failed.
	at com.alibaba.nacos.naming.consistency.ephemeral.distro.component.DistroHttpAgent.getDatumSnapshot(DistroHttpAgent.java:101)
	at com.alibaba.nacos.core.distributed.distro.task.load.DistroLoadDataTask.loadAllDataSnapshotFromRemote(DistroLoadDataTask.java:103)
	at com.alibaba.nacos.core.distributed.distro.task.load.DistroLoadDataTask.load(DistroLoadDataTask.java:87)
	at com.alibaba.nacos.core.distributed.distro.task.load.DistroLoadDataTask.run(DistroLoadDataTask.java:63)
	at java.util.concurrent.Executors$RunnableAdapter.call(Executors.java:511)
	at java.util.concurrent.FutureTask.run(FutureTask.java:266)
	at java.util.concurrent.ScheduledThreadPoolExecutor$ScheduledFutureTask.access$201(ScheduledThreadPoolExecutor.java:180)
	at java.util.concurrent.ScheduledThreadPoolExecutor$ScheduledFutureTask.run(ScheduledThreadPoolExecutor.java:293)
	at java.util.concurrent.ThreadPoolExecutor.runWorker(ThreadPoolExecutor.java:1149)
	at java.util.concurrent.ThreadPoolExecutor$Worker.run(ThreadPoolExecutor.java:624)
	at java.lang.Thread.run(Thread.java:748)
Caused by: java.io.IOException: failed to req API: http://nacos3:8848/nacos/v1/ns/distro/datums. code: 500 msg: org.apache.http.conn.HttpHostConnectException: Connect to nacos3:8848 [nacos3/192.168.112.3] failed: Connection refused (Connection refused)
	at com.alibaba.nacos.naming.misc.NamingProxy.getAllData(NamingProxy.java:150)
	at com.alibaba.nacos.naming.consistency.ephemeral.distro.component.DistroHttpAgent.getDatumSnapshot(DistroHttpAgent.java:98)
	... 10 common frames omitted
2022-10-08 21:00:27,116 INFO [DISTRO-INIT] load snapshot Nacos:Naming:v2:ClientData from nacos2:8848

2022-10-08 21:00:27,117 ERROR [DISTRO-INIT] load snapshot Nacos:Naming:v2:ClientData from nacos2:8848 failed.

com.alibaba.nacos.core.distributed.distro.exception.DistroException: [DISTRO-EXCEPTION][DISTRO-FAILED] Get distro snapshot failed! 
	at com.alibaba.nacos.naming.consistency.ephemeral.distro.v2.DistroClientTransportAgent.getDatumSnapshot(DistroClientTransportAgent.java:186)
	at com.alibaba.nacos.core.distributed.distro.task.load.DistroLoadDataTask.loadAllDataSnapshotFromRemote(DistroLoadDataTask.java:103)
	at com.alibaba.nacos.core.distributed.distro.task.load.DistroLoadDataTask.load(DistroLoadDataTask.java:87)
	at com.alibaba.nacos.core.distributed.distro.task.load.DistroLoadDataTask.run(DistroLoadDataTask.java:63)
	at java.util.concurrent.Executors$RunnableAdapter.call(Executors.java:511)
	at java.util.concurrent.FutureTask.run(FutureTask.java:266)
	at java.util.concurrent.ScheduledThreadPoolExecutor$ScheduledFutureTask.access$201(ScheduledThreadPoolExecutor.java:180)
	at java.util.concurrent.ScheduledThreadPoolExecutor$ScheduledFutureTask.run(ScheduledThreadPoolExecutor.java:293)
	at java.util.concurrent.ThreadPoolExecutor.runWorker(ThreadPoolExecutor.java:1149)
	at java.util.concurrent.ThreadPoolExecutor$Worker.run(ThreadPoolExecutor.java:624)
	at java.lang.Thread.run(Thread.java:748)
Caused by: com.alibaba.nacos.api.exception.NacosException: No rpc client related to member: Member{ip='nacos2', port=8848, state=UP, extendInfo={raftPort=7848}}
	at com.alibaba.nacos.core.cluster.remote.ClusterRpcClientProxy.sendRequest(ClusterRpcClientProxy.java:177)
	at com.alibaba.nacos.core.cluster.remote.ClusterRpcClientProxy.sendRequest(ClusterRpcClientProxy.java:161)
	at com.alibaba.nacos.naming.consistency.ephemeral.distro.v2.DistroClientTransportAgent.getDatumSnapshot(DistroClientTransportAgent.java:177)
	... 10 common frames omitted
2022-10-08 21:00:27,117 INFO [DISTRO-INIT] load snapshot Nacos:Naming:v2:ClientData from nacos3:8848

2022-10-08 21:00:27,117 ERROR [DISTRO-INIT] load snapshot Nacos:Naming:v2:ClientData from nacos3:8848 failed.

com.alibaba.nacos.core.distributed.distro.exception.DistroException: [DISTRO-EXCEPTION][DISTRO-FAILED] Get distro snapshot failed! 
	at com.alibaba.nacos.naming.consistency.ephemeral.distro.v2.DistroClientTransportAgent.getDatumSnapshot(DistroClientTransportAgent.java:186)
	at com.alibaba.nacos.core.distributed.distro.task.load.DistroLoadDataTask.loadAllDataSnapshotFromRemote(DistroLoadDataTask.java:103)
	at com.alibaba.nacos.core.distributed.distro.task.load.DistroLoadDataTask.load(DistroLoadDataTask.java:87)
	at com.alibaba.nacos.core.distributed.distro.task.load.DistroLoadDataTask.run(DistroLoadDataTask.java:63)
	at java.util.concurrent.Executors$RunnableAdapter.call(Executors.java:511)
	at java.util.concurrent.FutureTask.run(FutureTask.java:266)
	at java.util.concurrent.ScheduledThreadPoolExecutor$ScheduledFutureTask.access$201(ScheduledThreadPoolExecutor.java:180)
	at java.util.concurrent.ScheduledThreadPoolExecutor$ScheduledFutureTask.run(ScheduledThreadPoolExecutor.java:293)
	at java.util.concurrent.ThreadPoolExecutor.runWorker(ThreadPoolExecutor.java:1149)
	at java.util.concurrent.ThreadPoolExecutor$Worker.run(ThreadPoolExecutor.java:624)
	at java.lang.Thread.run(Thread.java:748)
Caused by: com.alibaba.nacos.api.exception.NacosException: No rpc client related to member: Member{ip='nacos3', port=8848, state=UP, extendInfo={raftPort=7848}}
	at com.alibaba.nacos.core.cluster.remote.ClusterRpcClientProxy.sendRequest(ClusterRpcClientProxy.java:177)
	at com.alibaba.nacos.core.cluster.remote.ClusterRpcClientProxy.sendRequest(ClusterRpcClientProxy.java:161)
	at com.alibaba.nacos.naming.consistency.ephemeral.distro.v2.DistroClientTransportAgent.getDatumSnapshot(DistroClientTransportAgent.java:177)
	... 10 common frames omitted
2022-10-08 21:00:29,965 WARN data storage DistroDataStorageImpl has not finished initial step, do not send verify data

2022-10-08 21:00:30,010 WARN data storage DistroClientDataProcessor has not finished initial step, do not send verify data

2022-10-08 21:00:35,013 WARN data storage DistroDataStorageImpl has not finished initial step, do not send verify data

2022-10-08 21:00:35,013 WARN data storage DistroClientDataProcessor has not finished initial step, do not send verify data

2022-10-08 21:00:40,013 WARN data storage DistroDataStorageImpl has not finished initial step, do not send verify data

2022-10-08 21:00:40,014 WARN data storage DistroClientDataProcessor has not finished initial step, do not send verify data

2022-10-08 21:00:45,015 WARN data storage DistroDataStorageImpl has not finished initial step, do not send verify data

2022-10-08 21:00:45,016 WARN data storage DistroClientDataProcessor has not finished initial step, do not send verify data

2022-10-08 21:00:50,016 WARN data storage DistroDataStorageImpl has not finished initial step, do not send verify data

2022-10-08 21:00:50,016 WARN data storage DistroClientDataProcessor has not finished initial step, do not send verify data

2022-10-08 21:00:55,018 WARN data storage DistroDataStorageImpl has not finished initial step, do not send verify data

2022-10-08 21:00:55,018 WARN data storage DistroClientDataProcessor has not finished initial step, do not send verify data

2022-10-08 21:01:00,021 WARN data storage DistroDataStorageImpl has not finished initial step, do not send verify data

2022-10-08 21:01:00,021 WARN data storage DistroClientDataProcessor has not finished initial step, do not send verify data

2022-10-08 21:01:05,022 WARN data storage DistroDataStorageImpl has not finished initial step, do not send verify data

2022-10-08 21:01:05,022 WARN data storage DistroClientDataProcessor has not finished initial step, do not send verify data

2022-10-08 21:01:10,032 WARN data storage DistroDataStorageImpl has not finished initial step, do not send verify data

2022-10-08 21:01:10,033 WARN data storage DistroClientDataProcessor has not finished initial step, do not send verify data

2022-10-08 21:01:15,045 WARN data storage DistroDataStorageImpl has not finished initial step, do not send verify data

2022-10-08 21:01:15,045 WARN data storage DistroClientDataProcessor has not finished initial step, do not send verify data

2022-10-08 21:01:20,052 WARN data storage DistroDataStorageImpl has not finished initial step, do not send verify data

2022-10-08 21:01:20,052 WARN data storage DistroClientDataProcessor has not finished initial step, do not send verify data

2022-10-08 21:01:25,053 WARN data storage DistroDataStorageImpl has not finished initial step, do not send verify data

2022-10-08 21:01:25,053 WARN data storage DistroClientDataProcessor has not finished initial step, do not send verify data

2022-10-08 21:01:27,119 INFO [DISTRO-INIT] load snapshot com.alibaba.nacos.naming.iplist. from nacos2:8848

2022-10-08 21:01:27,137 INFO [DISTRO-INIT] load snapshot com.alibaba.nacos.naming.iplist. from nacos2:8848 result: true

2022-10-08 21:01:27,137 INFO [DISTRO-INIT] load snapshot Nacos:Naming:v2:ClientData from nacos2:8848

2022-10-08 21:01:27,162 INFO [DISTRO-INIT] load snapshot Nacos:Naming:v2:ClientData from nacos2:8848 result: true

2022-10-08 21:01:27,162 INFO [DISTRO-INIT] load snapshot data success

2022-10-08 21:07:39,678 INFO [DISTRO-INIT] waiting distro data storage register...

2022-10-08 21:07:40,683 INFO [DISTRO-INIT] waiting distro data storage register...

2022-10-08 21:07:41,692 INFO [DISTRO-INIT] waiting distro data storage register...

2022-10-08 21:07:42,695 INFO [DISTRO-INIT] waiting distro data storage register...

2022-10-08 21:07:43,703 INFO [DISTRO-INIT] waiting distro data storage register...

2022-10-08 21:07:44,707 INFO [DISTRO-INIT] waiting distro data storage register...

2022-10-08 21:07:45,718 INFO [DISTRO-INIT] waiting distro data storage register...

2022-10-08 21:07:46,727 INFO [DISTRO-INIT] waiting distro data storage register...

2022-10-08 21:07:47,738 INFO [DISTRO-INIT] waiting distro data storage register...

2022-10-08 21:07:48,746 INFO [DISTRO-INIT] waiting distro data storage register...

2022-10-08 21:07:49,752 INFO [DISTRO-INIT] waiting distro data storage register...

2022-10-08 21:07:50,760 INFO [DISTRO-INIT] load snapshot com.alibaba.nacos.naming.iplist. from nacos2:8848

2022-10-08 21:07:50,761 ERROR [DISTRO-INIT] load snapshot com.alibaba.nacos.naming.iplist. from nacos2:8848 failed.

com.alibaba.nacos.core.distributed.distro.exception.DistroException: [DISTRO-EXCEPTION]Get snapshot from nacos2:8848 failed.
	at com.alibaba.nacos.naming.consistency.ephemeral.distro.component.DistroHttpAgent.getDatumSnapshot(DistroHttpAgent.java:101)
	at com.alibaba.nacos.core.distributed.distro.task.load.DistroLoadDataTask.loadAllDataSnapshotFromRemote(DistroLoadDataTask.java:103)
	at com.alibaba.nacos.core.distributed.distro.task.load.DistroLoadDataTask.load(DistroLoadDataTask.java:87)
	at com.alibaba.nacos.core.distributed.distro.task.load.DistroLoadDataTask.run(DistroLoadDataTask.java:63)
	at java.util.concurrent.Executors$RunnableAdapter.call(Executors.java:511)
	at java.util.concurrent.FutureTask.run(FutureTask.java:266)
	at java.util.concurrent.ScheduledThreadPoolExecutor$ScheduledFutureTask.access$201(ScheduledThreadPoolExecutor.java:180)
	at java.util.concurrent.ScheduledThreadPoolExecutor$ScheduledFutureTask.run(ScheduledThreadPoolExecutor.java:293)
	at java.util.concurrent.ThreadPoolExecutor.runWorker(ThreadPoolExecutor.java:1149)
	at java.util.concurrent.ThreadPoolExecutor$Worker.run(ThreadPoolExecutor.java:624)
	at java.lang.Thread.run(Thread.java:748)
Caused by: java.io.IOException: failed to req API: http://nacos2:8848/nacos/v1/ns/distro/datums. code: 500 msg: org.apache.http.conn.HttpHostConnectException: Connect to nacos2:8848 [nacos2/192.168.128.4] failed: Connection refused (Connection refused)
	at com.alibaba.nacos.naming.misc.NamingProxy.getAllData(NamingProxy.java:150)
	at com.alibaba.nacos.naming.consistency.ephemeral.distro.component.DistroHttpAgent.getDatumSnapshot(DistroHttpAgent.java:98)
	... 10 common frames omitted
2022-10-08 21:07:50,761 INFO [DISTRO-INIT] load snapshot com.alibaba.nacos.naming.iplist. from nacos3:8848

2022-10-08 21:07:50,762 ERROR [DISTRO-INIT] load snapshot com.alibaba.nacos.naming.iplist. from nacos3:8848 failed.

com.alibaba.nacos.core.distributed.distro.exception.DistroException: [DISTRO-EXCEPTION]Get snapshot from nacos3:8848 failed.
	at com.alibaba.nacos.naming.consistency.ephemeral.distro.component.DistroHttpAgent.getDatumSnapshot(DistroHttpAgent.java:101)
	at com.alibaba.nacos.core.distributed.distro.task.load.DistroLoadDataTask.loadAllDataSnapshotFromRemote(DistroLoadDataTask.java:103)
	at com.alibaba.nacos.core.distributed.distro.task.load.DistroLoadDataTask.load(DistroLoadDataTask.java:87)
	at com.alibaba.nacos.core.distributed.distro.task.load.DistroLoadDataTask.run(DistroLoadDataTask.java:63)
	at java.util.concurrent.Executors$RunnableAdapter.call(Executors.java:511)
	at java.util.concurrent.FutureTask.run(FutureTask.java:266)
	at java.util.concurrent.ScheduledThreadPoolExecutor$ScheduledFutureTask.access$201(ScheduledThreadPoolExecutor.java:180)
	at java.util.concurrent.ScheduledThreadPoolExecutor$ScheduledFutureTask.run(ScheduledThreadPoolExecutor.java:293)
	at java.util.concurrent.ThreadPoolExecutor.runWorker(ThreadPoolExecutor.java:1149)
	at java.util.concurrent.ThreadPoolExecutor$Worker.run(ThreadPoolExecutor.java:624)
	at java.lang.Thread.run(Thread.java:748)
Caused by: java.io.IOException: failed to req API: http://nacos3:8848/nacos/v1/ns/distro/datums. code: 500 msg: org.apache.http.conn.HttpHostConnectException: Connect to nacos3:8848 [nacos3/192.168.128.5] failed: Connection refused (Connection refused)
	at com.alibaba.nacos.naming.misc.NamingProxy.getAllData(NamingProxy.java:150)
	at com.alibaba.nacos.naming.consistency.ephemeral.distro.component.DistroHttpAgent.getDatumSnapshot(DistroHttpAgent.java:98)
	... 10 common frames omitted
2022-10-08 21:07:50,762 INFO [DISTRO-INIT] load snapshot Nacos:Naming:v2:ClientData from nacos2:8848

2022-10-08 21:07:50,766 ERROR [DISTRO-INIT] load snapshot Nacos:Naming:v2:ClientData from nacos2:8848 failed.

com.alibaba.nacos.core.distributed.distro.exception.DistroException: [DISTRO-EXCEPTION][DISTRO-FAILED] Get distro snapshot failed! 
	at com.alibaba.nacos.naming.consistency.ephemeral.distro.v2.DistroClientTransportAgent.getDatumSnapshot(DistroClientTransportAgent.java:186)
	at com.alibaba.nacos.core.distributed.distro.task.load.DistroLoadDataTask.loadAllDataSnapshotFromRemote(DistroLoadDataTask.java:103)
	at com.alibaba.nacos.core.distributed.distro.task.load.DistroLoadDataTask.load(DistroLoadDataTask.java:87)
	at com.alibaba.nacos.core.distributed.distro.task.load.DistroLoadDataTask.run(DistroLoadDataTask.java:63)
	at java.util.concurrent.Executors$RunnableAdapter.call(Executors.java:511)
	at java.util.concurrent.FutureTask.run(FutureTask.java:266)
	at java.util.concurrent.ScheduledThreadPoolExecutor$ScheduledFutureTask.access$201(ScheduledThreadPoolExecutor.java:180)
	at java.util.concurrent.ScheduledThreadPoolExecutor$ScheduledFutureTask.run(ScheduledThreadPoolExecutor.java:293)
	at java.util.concurrent.ThreadPoolExecutor.runWorker(ThreadPoolExecutor.java:1149)
	at java.util.concurrent.ThreadPoolExecutor$Worker.run(ThreadPoolExecutor.java:624)
	at java.lang.Thread.run(Thread.java:748)
Caused by: com.alibaba.nacos.api.exception.NacosException: No rpc client related to member: Member{ip='nacos2', port=8848, state=UP, extendInfo={raftPort=7848}}
	at com.alibaba.nacos.core.cluster.remote.ClusterRpcClientProxy.sendRequest(ClusterRpcClientProxy.java:177)
	at com.alibaba.nacos.core.cluster.remote.ClusterRpcClientProxy.sendRequest(ClusterRpcClientProxy.java:161)
	at com.alibaba.nacos.naming.consistency.ephemeral.distro.v2.DistroClientTransportAgent.getDatumSnapshot(DistroClientTransportAgent.java:177)
	... 10 common frames omitted
2022-10-08 21:07:50,766 INFO [DISTRO-INIT] load snapshot Nacos:Naming:v2:ClientData from nacos3:8848

2022-10-08 21:07:50,766 ERROR [DISTRO-INIT] load snapshot Nacos:Naming:v2:ClientData from nacos3:8848 failed.

com.alibaba.nacos.core.distributed.distro.exception.DistroException: [DISTRO-EXCEPTION][DISTRO-FAILED] Get distro snapshot failed! 
	at com.alibaba.nacos.naming.consistency.ephemeral.distro.v2.DistroClientTransportAgent.getDatumSnapshot(DistroClientTransportAgent.java:186)
	at com.alibaba.nacos.core.distributed.distro.task.load.DistroLoadDataTask.loadAllDataSnapshotFromRemote(DistroLoadDataTask.java:103)
	at com.alibaba.nacos.core.distributed.distro.task.load.DistroLoadDataTask.load(DistroLoadDataTask.java:87)
	at com.alibaba.nacos.core.distributed.distro.task.load.DistroLoadDataTask.run(DistroLoadDataTask.java:63)
	at java.util.concurrent.Executors$RunnableAdapter.call(Executors.java:511)
	at java.util.concurrent.FutureTask.run(FutureTask.java:266)
	at java.util.concurrent.ScheduledThreadPoolExecutor$ScheduledFutureTask.access$201(ScheduledThreadPoolExecutor.java:180)
	at java.util.concurrent.ScheduledThreadPoolExecutor$ScheduledFutureTask.run(ScheduledThreadPoolExecutor.java:293)
	at java.util.concurrent.ThreadPoolExecutor.runWorker(ThreadPoolExecutor.java:1149)
	at java.util.concurrent.ThreadPoolExecutor$Worker.run(ThreadPoolExecutor.java:624)
	at java.lang.Thread.run(Thread.java:748)
Caused by: com.alibaba.nacos.api.exception.NacosException: No rpc client related to member: Member{ip='nacos3', port=8848, state=UP, extendInfo={raftPort=7848}}
	at com.alibaba.nacos.core.cluster.remote.ClusterRpcClientProxy.sendRequest(ClusterRpcClientProxy.java:177)
	at com.alibaba.nacos.core.cluster.remote.ClusterRpcClientProxy.sendRequest(ClusterRpcClientProxy.java:161)
	at com.alibaba.nacos.naming.consistency.ephemeral.distro.v2.DistroClientTransportAgent.getDatumSnapshot(DistroClientTransportAgent.java:177)
	... 10 common frames omitted
2022-10-08 21:07:54,727 WARN data storage DistroDataStorageImpl has not finished initial step, do not send verify data

2022-10-08 21:07:54,773 WARN data storage DistroClientDataProcessor has not finished initial step, do not send verify data

2022-10-08 21:07:59,787 WARN data storage DistroDataStorageImpl has not finished initial step, do not send verify data

2022-10-08 21:07:59,787 WARN data storage DistroClientDataProcessor has not finished initial step, do not send verify data

2022-10-08 21:08:04,788 WARN data storage DistroDataStorageImpl has not finished initial step, do not send verify data

2022-10-08 21:08:04,788 WARN data storage DistroClientDataProcessor has not finished initial step, do not send verify data

2022-10-08 21:08:09,791 WARN data storage DistroDataStorageImpl has not finished initial step, do not send verify data

2022-10-08 21:08:09,791 WARN data storage DistroClientDataProcessor has not finished initial step, do not send verify data

2022-10-08 21:08:14,793 WARN data storage DistroDataStorageImpl has not finished initial step, do not send verify data

2022-10-08 21:08:14,793 WARN data storage DistroClientDataProcessor has not finished initial step, do not send verify data

2022-10-08 21:08:19,794 WARN data storage DistroDataStorageImpl has not finished initial step, do not send verify data

2022-10-08 21:08:19,794 WARN data storage DistroClientDataProcessor has not finished initial step, do not send verify data

2022-10-08 21:08:24,803 WARN data storage DistroDataStorageImpl has not finished initial step, do not send verify data

2022-10-08 21:08:24,803 WARN data storage DistroClientDataProcessor has not finished initial step, do not send verify data

2022-10-08 21:08:29,805 WARN data storage DistroDataStorageImpl has not finished initial step, do not send verify data

2022-10-08 21:08:29,806 WARN data storage DistroClientDataProcessor has not finished initial step, do not send verify data

2022-10-08 21:08:34,807 WARN data storage DistroDataStorageImpl has not finished initial step, do not send verify data

2022-10-08 21:08:34,807 WARN data storage DistroClientDataProcessor has not finished initial step, do not send verify data

2022-10-08 21:08:39,808 WARN data storage DistroDataStorageImpl has not finished initial step, do not send verify data

2022-10-08 21:08:39,808 WARN data storage DistroClientDataProcessor has not finished initial step, do not send verify data

2022-10-08 21:08:44,809 WARN data storage DistroDataStorageImpl has not finished initial step, do not send verify data

2022-10-08 21:08:44,809 WARN data storage DistroClientDataProcessor has not finished initial step, do not send verify data

2022-10-08 21:08:49,810 WARN data storage DistroDataStorageImpl has not finished initial step, do not send verify data

2022-10-08 21:08:49,810 WARN data storage DistroClientDataProcessor has not finished initial step, do not send verify data

2022-10-08 21:08:50,767 INFO [DISTRO-INIT] load snapshot com.alibaba.nacos.naming.iplist. from nacos2:8848

2022-10-08 21:08:50,794 INFO [DISTRO-INIT] load snapshot com.alibaba.nacos.naming.iplist. from nacos2:8848 result: true

2022-10-08 21:08:50,794 INFO [DISTRO-INIT] load snapshot Nacos:Naming:v2:ClientData from nacos2:8848

2022-10-08 21:08:50,828 INFO [DISTRO-INIT] load snapshot Nacos:Naming:v2:ClientData from nacos2:8848 result: true

2022-10-08 21:08:50,828 INFO [DISTRO-INIT] load snapshot data success

2022-10-08 21:24:53,380 INFO [DISTRO-INIT] waiting distro data storage register...

2022-10-08 21:24:54,385 INFO [DISTRO-INIT] waiting distro data storage register...

2022-10-08 21:24:55,386 INFO [DISTRO-INIT] waiting distro data storage register...

2022-10-08 21:24:56,430 INFO [DISTRO-INIT] waiting distro data storage register...

2022-10-08 21:24:57,434 INFO [DISTRO-INIT] waiting distro data storage register...

2022-10-08 21:24:58,438 INFO [DISTRO-INIT] waiting distro data storage register...

2022-10-08 21:24:59,446 INFO [DISTRO-INIT] waiting distro data storage register...

2022-10-08 21:25:00,559 INFO [DISTRO-INIT] waiting distro data storage register...

2022-10-08 21:25:01,567 INFO [DISTRO-INIT] waiting distro data storage register...

2022-10-08 21:25:02,574 INFO [DISTRO-INIT] waiting distro data storage register...

2022-10-08 21:25:03,576 INFO [DISTRO-INIT] waiting distro data storage register...

2022-10-08 21:25:04,584 INFO [DISTRO-INIT] load snapshot com.alibaba.nacos.naming.iplist. from nacos2:8848

2022-10-08 21:25:04,586 ERROR [DISTRO-INIT] load snapshot com.alibaba.nacos.naming.iplist. from nacos2:8848 failed.

com.alibaba.nacos.core.distributed.distro.exception.DistroException: [DISTRO-EXCEPTION]Get snapshot from nacos2:8848 failed.
	at com.alibaba.nacos.naming.consistency.ephemeral.distro.component.DistroHttpAgent.getDatumSnapshot(DistroHttpAgent.java:101)
	at com.alibaba.nacos.core.distributed.distro.task.load.DistroLoadDataTask.loadAllDataSnapshotFromRemote(DistroLoadDataTask.java:103)
	at com.alibaba.nacos.core.distributed.distro.task.load.DistroLoadDataTask.load(DistroLoadDataTask.java:87)
	at com.alibaba.nacos.core.distributed.distro.task.load.DistroLoadDataTask.run(DistroLoadDataTask.java:63)
	at java.util.concurrent.Executors$RunnableAdapter.call(Executors.java:511)
	at java.util.concurrent.FutureTask.run(FutureTask.java:266)
	at java.util.concurrent.ScheduledThreadPoolExecutor$ScheduledFutureTask.access$201(ScheduledThreadPoolExecutor.java:180)
	at java.util.concurrent.ScheduledThreadPoolExecutor$ScheduledFutureTask.run(ScheduledThreadPoolExecutor.java:293)
	at java.util.concurrent.ThreadPoolExecutor.runWorker(ThreadPoolExecutor.java:1149)
	at java.util.concurrent.ThreadPoolExecutor$Worker.run(ThreadPoolExecutor.java:624)
	at java.lang.Thread.run(Thread.java:748)
Caused by: java.io.IOException: failed to req API: http://nacos2:8848/nacos/v1/ns/distro/datums. code: 500 msg: org.apache.http.conn.HttpHostConnectException: Connect to nacos2:8848 [nacos2/192.168.144.3] failed: Connection refused (Connection refused)
	at com.alibaba.nacos.naming.misc.NamingProxy.getAllData(NamingProxy.java:150)
	at com.alibaba.nacos.naming.consistency.ephemeral.distro.component.DistroHttpAgent.getDatumSnapshot(DistroHttpAgent.java:98)
	... 10 common frames omitted
2022-10-08 21:25:04,586 INFO [DISTRO-INIT] load snapshot com.alibaba.nacos.naming.iplist. from nacos3:8848

2022-10-08 21:25:04,592 ERROR [DISTRO-INIT] load snapshot com.alibaba.nacos.naming.iplist. from nacos3:8848 failed.

com.alibaba.nacos.core.distributed.distro.exception.DistroException: [DISTRO-EXCEPTION]Get snapshot from nacos3:8848 failed.
	at com.alibaba.nacos.naming.consistency.ephemeral.distro.component.DistroHttpAgent.getDatumSnapshot(DistroHttpAgent.java:101)
	at com.alibaba.nacos.core.distributed.distro.task.load.DistroLoadDataTask.loadAllDataSnapshotFromRemote(DistroLoadDataTask.java:103)
	at com.alibaba.nacos.core.distributed.distro.task.load.DistroLoadDataTask.load(DistroLoadDataTask.java:87)
	at com.alibaba.nacos.core.distributed.distro.task.load.DistroLoadDataTask.run(DistroLoadDataTask.java:63)
	at java.util.concurrent.Executors$RunnableAdapter.call(Executors.java:511)
	at java.util.concurrent.FutureTask.run(FutureTask.java:266)
	at java.util.concurrent.ScheduledThreadPoolExecutor$ScheduledFutureTask.access$201(ScheduledThreadPoolExecutor.java:180)
	at java.util.concurrent.ScheduledThreadPoolExecutor$ScheduledFutureTask.run(ScheduledThreadPoolExecutor.java:293)
	at java.util.concurrent.ThreadPoolExecutor.runWorker(ThreadPoolExecutor.java:1149)
	at java.util.concurrent.ThreadPoolExecutor$Worker.run(ThreadPoolExecutor.java:624)
	at java.lang.Thread.run(Thread.java:748)
Caused by: java.io.IOException: failed to req API: http://nacos3:8848/nacos/v1/ns/distro/datums. code: 500 msg: org.apache.http.conn.HttpHostConnectException: Connect to nacos3:8848 [nacos3/192.168.144.4] failed: Connection refused (Connection refused)
	at com.alibaba.nacos.naming.misc.NamingProxy.getAllData(NamingProxy.java:150)
	at com.alibaba.nacos.naming.consistency.ephemeral.distro.component.DistroHttpAgent.getDatumSnapshot(DistroHttpAgent.java:98)
	... 10 common frames omitted
2022-10-08 21:25:04,592 INFO [DISTRO-INIT] load snapshot Nacos:Naming:v2:ClientData from nacos2:8848

2022-10-08 21:25:04,593 ERROR [DISTRO-INIT] load snapshot Nacos:Naming:v2:ClientData from nacos2:8848 failed.

com.alibaba.nacos.core.distributed.distro.exception.DistroException: [DISTRO-EXCEPTION][DISTRO-FAILED] Get distro snapshot failed! 
	at com.alibaba.nacos.naming.consistency.ephemeral.distro.v2.DistroClientTransportAgent.getDatumSnapshot(DistroClientTransportAgent.java:186)
	at com.alibaba.nacos.core.distributed.distro.task.load.DistroLoadDataTask.loadAllDataSnapshotFromRemote(DistroLoadDataTask.java:103)
	at com.alibaba.nacos.core.distributed.distro.task.load.DistroLoadDataTask.load(DistroLoadDataTask.java:87)
	at com.alibaba.nacos.core.distributed.distro.task.load.DistroLoadDataTask.run(DistroLoadDataTask.java:63)
	at java.util.concurrent.Executors$RunnableAdapter.call(Executors.java:511)
	at java.util.concurrent.FutureTask.run(FutureTask.java:266)
	at java.util.concurrent.ScheduledThreadPoolExecutor$ScheduledFutureTask.access$201(ScheduledThreadPoolExecutor.java:180)
	at java.util.concurrent.ScheduledThreadPoolExecutor$ScheduledFutureTask.run(ScheduledThreadPoolExecutor.java:293)
	at java.util.concurrent.ThreadPoolExecutor.runWorker(ThreadPoolExecutor.java:1149)
	at java.util.concurrent.ThreadPoolExecutor$Worker.run(ThreadPoolExecutor.java:624)
	at java.lang.Thread.run(Thread.java:748)
Caused by: com.alibaba.nacos.api.exception.NacosException: No rpc client related to member: Member{ip='nacos2', port=8848, state=UP, extendInfo={raftPort=7848}}
	at com.alibaba.nacos.core.cluster.remote.ClusterRpcClientProxy.sendRequest(ClusterRpcClientProxy.java:177)
	at com.alibaba.nacos.core.cluster.remote.ClusterRpcClientProxy.sendRequest(ClusterRpcClientProxy.java:161)
	at com.alibaba.nacos.naming.consistency.ephemeral.distro.v2.DistroClientTransportAgent.getDatumSnapshot(DistroClientTransportAgent.java:177)
	... 10 common frames omitted
2022-10-08 21:25:04,593 INFO [DISTRO-INIT] load snapshot Nacos:Naming:v2:ClientData from nacos3:8848

2022-10-08 21:25:04,593 ERROR [DISTRO-INIT] load snapshot Nacos:Naming:v2:ClientData from nacos3:8848 failed.

com.alibaba.nacos.core.distributed.distro.exception.DistroException: [DISTRO-EXCEPTION][DISTRO-FAILED] Get distro snapshot failed! 
	at com.alibaba.nacos.naming.consistency.ephemeral.distro.v2.DistroClientTransportAgent.getDatumSnapshot(DistroClientTransportAgent.java:186)
	at com.alibaba.nacos.core.distributed.distro.task.load.DistroLoadDataTask.loadAllDataSnapshotFromRemote(DistroLoadDataTask.java:103)
	at com.alibaba.nacos.core.distributed.distro.task.load.DistroLoadDataTask.load(DistroLoadDataTask.java:87)
	at com.alibaba.nacos.core.distributed.distro.task.load.DistroLoadDataTask.run(DistroLoadDataTask.java:63)
	at java.util.concurrent.Executors$RunnableAdapter.call(Executors.java:511)
	at java.util.concurrent.FutureTask.run(FutureTask.java:266)
	at java.util.concurrent.ScheduledThreadPoolExecutor$ScheduledFutureTask.access$201(ScheduledThreadPoolExecutor.java:180)
	at java.util.concurrent.ScheduledThreadPoolExecutor$ScheduledFutureTask.run(ScheduledThreadPoolExecutor.java:293)
	at java.util.concurrent.ThreadPoolExecutor.runWorker(ThreadPoolExecutor.java:1149)
	at java.util.concurrent.ThreadPoolExecutor$Worker.run(ThreadPoolExecutor.java:624)
	at java.lang.Thread.run(Thread.java:748)
Caused by: com.alibaba.nacos.api.exception.NacosException: No rpc client related to member: Member{ip='nacos3', port=8848, state=UP, extendInfo={raftPort=7848}}
	at com.alibaba.nacos.core.cluster.remote.ClusterRpcClientProxy.sendRequest(ClusterRpcClientProxy.java:177)
	at com.alibaba.nacos.core.cluster.remote.ClusterRpcClientProxy.sendRequest(ClusterRpcClientProxy.java:161)
	at com.alibaba.nacos.naming.consistency.ephemeral.distro.v2.DistroClientTransportAgent.getDatumSnapshot(DistroClientTransportAgent.java:177)
	... 10 common frames omitted
2022-10-08 21:25:08,451 WARN data storage DistroDataStorageImpl has not finished initial step, do not send verify data

2022-10-08 21:25:08,497 WARN data storage DistroClientDataProcessor has not finished initial step, do not send verify data

2022-10-08 21:25:13,504 WARN data storage DistroDataStorageImpl has not finished initial step, do not send verify data

2022-10-08 21:25:13,504 WARN data storage DistroClientDataProcessor has not finished initial step, do not send verify data

2022-10-08 21:25:18,504 WARN data storage DistroDataStorageImpl has not finished initial step, do not send verify data

2022-10-08 21:25:18,505 WARN data storage DistroClientDataProcessor has not finished initial step, do not send verify data

2022-10-08 21:25:23,505 WARN data storage DistroDataStorageImpl has not finished initial step, do not send verify data

2022-10-08 21:25:23,505 WARN data storage DistroClientDataProcessor has not finished initial step, do not send verify data

2022-10-08 21:25:28,516 WARN data storage DistroDataStorageImpl has not finished initial step, do not send verify data

2022-10-08 21:25:28,516 WARN data storage DistroClientDataProcessor has not finished initial step, do not send verify data

2022-10-08 21:25:33,521 WARN data storage DistroDataStorageImpl has not finished initial step, do not send verify data

2022-10-08 21:25:33,521 WARN data storage DistroClientDataProcessor has not finished initial step, do not send verify data

2022-10-08 21:25:38,522 WARN data storage DistroDataStorageImpl has not finished initial step, do not send verify data

2022-10-08 21:25:38,522 WARN data storage DistroClientDataProcessor has not finished initial step, do not send verify data

2022-10-08 21:25:43,522 WARN data storage DistroDataStorageImpl has not finished initial step, do not send verify data

2022-10-08 21:25:43,522 WARN data storage DistroClientDataProcessor has not finished initial step, do not send verify data

2022-10-08 21:25:48,523 WARN data storage DistroDataStorageImpl has not finished initial step, do not send verify data

2022-10-08 21:25:48,523 WARN data storage DistroClientDataProcessor has not finished initial step, do not send verify data

2022-10-08 21:25:53,523 WARN data storage DistroDataStorageImpl has not finished initial step, do not send verify data

2022-10-08 21:25:53,523 WARN data storage DistroClientDataProcessor has not finished initial step, do not send verify data

2022-10-08 21:25:58,524 WARN data storage DistroDataStorageImpl has not finished initial step, do not send verify data

2022-10-08 21:25:58,524 WARN data storage DistroClientDataProcessor has not finished initial step, do not send verify data

2022-10-08 21:26:03,527 WARN data storage DistroDataStorageImpl has not finished initial step, do not send verify data

2022-10-08 21:26:03,527 WARN data storage DistroClientDataProcessor has not finished initial step, do not send verify data

2022-10-08 21:26:04,593 INFO [DISTRO-INIT] load snapshot com.alibaba.nacos.naming.iplist. from nacos2:8848

2022-10-08 21:26:04,630 INFO [DISTRO-INIT] load snapshot com.alibaba.nacos.naming.iplist. from nacos2:8848 result: true

2022-10-08 21:26:04,630 INFO [DISTRO-INIT] load snapshot Nacos:Naming:v2:ClientData from nacos2:8848

2022-10-08 21:26:04,679 INFO [DISTRO-INIT] load snapshot Nacos:Naming:v2:ClientData from nacos2:8848 result: true

2022-10-08 21:26:04,679 INFO [DISTRO-INIT] load snapshot data success

2022-10-08 21:31:27,641 INFO [DISTRO-INIT] waiting distro data storage register...

2022-10-08 21:31:28,647 INFO [DISTRO-INIT] waiting distro data storage register...

2022-10-08 21:31:29,666 INFO [DISTRO-INIT] waiting distro data storage register...

2022-10-08 21:31:30,667 INFO [DISTRO-INIT] waiting distro data storage register...

2022-10-08 21:31:31,670 INFO [DISTRO-INIT] waiting distro data storage register...

2022-10-08 21:31:32,670 INFO [DISTRO-INIT] waiting distro data storage register...

2022-10-08 21:31:33,776 INFO [DISTRO-INIT] waiting distro data storage register...

2022-10-08 21:31:34,798 INFO [DISTRO-INIT] waiting distro data storage register...

2022-10-08 21:31:35,799 INFO [DISTRO-INIT] waiting distro data storage register...

2022-10-08 21:31:36,807 INFO [DISTRO-INIT] waiting distro data storage register...

2022-10-08 21:31:37,815 INFO [DISTRO-INIT] waiting distro data storage register...

2022-10-08 21:31:38,818 INFO [DISTRO-INIT] load snapshot com.alibaba.nacos.naming.iplist. from nacos2:8848

2022-10-08 21:31:38,820 ERROR [DISTRO-INIT] load snapshot com.alibaba.nacos.naming.iplist. from nacos2:8848 failed.

com.alibaba.nacos.core.distributed.distro.exception.DistroException: [DISTRO-EXCEPTION]Get snapshot from nacos2:8848 failed.
	at com.alibaba.nacos.naming.consistency.ephemeral.distro.component.DistroHttpAgent.getDatumSnapshot(DistroHttpAgent.java:101)
	at com.alibaba.nacos.core.distributed.distro.task.load.DistroLoadDataTask.loadAllDataSnapshotFromRemote(DistroLoadDataTask.java:103)
	at com.alibaba.nacos.core.distributed.distro.task.load.DistroLoadDataTask.load(DistroLoadDataTask.java:87)
	at com.alibaba.nacos.core.distributed.distro.task.load.DistroLoadDataTask.run(DistroLoadDataTask.java:63)
	at java.util.concurrent.Executors$RunnableAdapter.call(Executors.java:511)
	at java.util.concurrent.FutureTask.run(FutureTask.java:266)
	at java.util.concurrent.ScheduledThreadPoolExecutor$ScheduledFutureTask.access$201(ScheduledThreadPoolExecutor.java:180)
	at java.util.concurrent.ScheduledThreadPoolExecutor$ScheduledFutureTask.run(ScheduledThreadPoolExecutor.java:293)
	at java.util.concurrent.ThreadPoolExecutor.runWorker(ThreadPoolExecutor.java:1149)
	at java.util.concurrent.ThreadPoolExecutor$Worker.run(ThreadPoolExecutor.java:624)
	at java.lang.Thread.run(Thread.java:748)
Caused by: java.io.IOException: failed to req API: http://nacos2:8848/nacos/v1/ns/distro/datums. code: 500 msg: org.apache.http.conn.HttpHostConnectException: Connect to nacos2:8848 [nacos2/192.168.160.3] failed: Connection refused (Connection refused)
	at com.alibaba.nacos.naming.misc.NamingProxy.getAllData(NamingProxy.java:150)
	at com.alibaba.nacos.naming.consistency.ephemeral.distro.component.DistroHttpAgent.getDatumSnapshot(DistroHttpAgent.java:98)
	... 10 common frames omitted
2022-10-08 21:31:38,820 INFO [DISTRO-INIT] load snapshot com.alibaba.nacos.naming.iplist. from nacos3:8848

2022-10-08 21:31:38,828 ERROR [DISTRO-INIT] load snapshot com.alibaba.nacos.naming.iplist. from nacos3:8848 failed.

com.alibaba.nacos.core.distributed.distro.exception.DistroException: [DISTRO-EXCEPTION]Get snapshot from nacos3:8848 failed.
	at com.alibaba.nacos.naming.consistency.ephemeral.distro.component.DistroHttpAgent.getDatumSnapshot(DistroHttpAgent.java:101)
	at com.alibaba.nacos.core.distributed.distro.task.load.DistroLoadDataTask.loadAllDataSnapshotFromRemote(DistroLoadDataTask.java:103)
	at com.alibaba.nacos.core.distributed.distro.task.load.DistroLoadDataTask.load(DistroLoadDataTask.java:87)
	at com.alibaba.nacos.core.distributed.distro.task.load.DistroLoadDataTask.run(DistroLoadDataTask.java:63)
	at java.util.concurrent.Executors$RunnableAdapter.call(Executors.java:511)
	at java.util.concurrent.FutureTask.run(FutureTask.java:266)
	at java.util.concurrent.ScheduledThreadPoolExecutor$ScheduledFutureTask.access$201(ScheduledThreadPoolExecutor.java:180)
	at java.util.concurrent.ScheduledThreadPoolExecutor$ScheduledFutureTask.run(ScheduledThreadPoolExecutor.java:293)
	at java.util.concurrent.ThreadPoolExecutor.runWorker(ThreadPoolExecutor.java:1149)
	at java.util.concurrent.ThreadPoolExecutor$Worker.run(ThreadPoolExecutor.java:624)
	at java.lang.Thread.run(Thread.java:748)
Caused by: java.io.IOException: failed to req API: http://nacos3:8848/nacos/v1/ns/distro/datums. code: 500 msg: org.apache.http.conn.HttpHostConnectException: Connect to nacos3:8848 [nacos3/192.168.160.5] failed: Connection refused (Connection refused)
	at com.alibaba.nacos.naming.misc.NamingProxy.getAllData(NamingProxy.java:150)
	at com.alibaba.nacos.naming.consistency.ephemeral.distro.component.DistroHttpAgent.getDatumSnapshot(DistroHttpAgent.java:98)
	... 10 common frames omitted
2022-10-08 21:31:38,828 INFO [DISTRO-INIT] load snapshot Nacos:Naming:v2:ClientData from nacos2:8848

2022-10-08 21:31:38,829 ERROR [DISTRO-INIT] load snapshot Nacos:Naming:v2:ClientData from nacos2:8848 failed.

com.alibaba.nacos.core.distributed.distro.exception.DistroException: [DISTRO-EXCEPTION][DISTRO-FAILED] Get distro snapshot failed! 
	at com.alibaba.nacos.naming.consistency.ephemeral.distro.v2.DistroClientTransportAgent.getDatumSnapshot(DistroClientTransportAgent.java:186)
	at com.alibaba.nacos.core.distributed.distro.task.load.DistroLoadDataTask.loadAllDataSnapshotFromRemote(DistroLoadDataTask.java:103)
	at com.alibaba.nacos.core.distributed.distro.task.load.DistroLoadDataTask.load(DistroLoadDataTask.java:87)
	at com.alibaba.nacos.core.distributed.distro.task.load.DistroLoadDataTask.run(DistroLoadDataTask.java:63)
	at java.util.concurrent.Executors$RunnableAdapter.call(Executors.java:511)
	at java.util.concurrent.FutureTask.run(FutureTask.java:266)
	at java.util.concurrent.ScheduledThreadPoolExecutor$ScheduledFutureTask.access$201(ScheduledThreadPoolExecutor.java:180)
	at java.util.concurrent.ScheduledThreadPoolExecutor$ScheduledFutureTask.run(ScheduledThreadPoolExecutor.java:293)
	at java.util.concurrent.ThreadPoolExecutor.runWorker(ThreadPoolExecutor.java:1149)
	at java.util.concurrent.ThreadPoolExecutor$Worker.run(ThreadPoolExecutor.java:624)
	at java.lang.Thread.run(Thread.java:748)
Caused by: com.alibaba.nacos.api.exception.NacosException: No rpc client related to member: Member{ip='nacos2', port=8848, state=UP, extendInfo={raftPort=7848}}
	at com.alibaba.nacos.core.cluster.remote.ClusterRpcClientProxy.sendRequest(ClusterRpcClientProxy.java:177)
	at com.alibaba.nacos.core.cluster.remote.ClusterRpcClientProxy.sendRequest(ClusterRpcClientProxy.java:161)
	at com.alibaba.nacos.naming.consistency.ephemeral.distro.v2.DistroClientTransportAgent.getDatumSnapshot(DistroClientTransportAgent.java:177)
	... 10 common frames omitted
2022-10-08 21:31:38,829 INFO [DISTRO-INIT] load snapshot Nacos:Naming:v2:ClientData from nacos3:8848

2022-10-08 21:31:38,848 ERROR [DISTRO-INIT] load snapshot Nacos:Naming:v2:ClientData from nacos3:8848 failed.

com.alibaba.nacos.core.distributed.distro.exception.DistroException: [DISTRO-EXCEPTION][DISTRO-FAILED] Get distro snapshot failed! 
	at com.alibaba.nacos.naming.consistency.ephemeral.distro.v2.DistroClientTransportAgent.getDatumSnapshot(DistroClientTransportAgent.java:186)
	at com.alibaba.nacos.core.distributed.distro.task.load.DistroLoadDataTask.loadAllDataSnapshotFromRemote(DistroLoadDataTask.java:103)
	at com.alibaba.nacos.core.distributed.distro.task.load.DistroLoadDataTask.load(DistroLoadDataTask.java:87)
	at com.alibaba.nacos.core.distributed.distro.task.load.DistroLoadDataTask.run(DistroLoadDataTask.java:63)
	at java.util.concurrent.Executors$RunnableAdapter.call(Executors.java:511)
	at java.util.concurrent.FutureTask.run(FutureTask.java:266)
	at java.util.concurrent.ScheduledThreadPoolExecutor$ScheduledFutureTask.access$201(ScheduledThreadPoolExecutor.java:180)
	at java.util.concurrent.ScheduledThreadPoolExecutor$ScheduledFutureTask.run(ScheduledThreadPoolExecutor.java:293)
	at java.util.concurrent.ThreadPoolExecutor.runWorker(ThreadPoolExecutor.java:1149)
	at java.util.concurrent.ThreadPoolExecutor$Worker.run(ThreadPoolExecutor.java:624)
	at java.lang.Thread.run(Thread.java:748)
Caused by: com.alibaba.nacos.api.exception.NacosException: No rpc client related to member: Member{ip='nacos3', port=8848, state=UP, extendInfo={raftPort=7848}}
	at com.alibaba.nacos.core.cluster.remote.ClusterRpcClientProxy.sendRequest(ClusterRpcClientProxy.java:177)
	at com.alibaba.nacos.core.cluster.remote.ClusterRpcClientProxy.sendRequest(ClusterRpcClientProxy.java:161)
	at com.alibaba.nacos.naming.consistency.ephemeral.distro.v2.DistroClientTransportAgent.getDatumSnapshot(DistroClientTransportAgent.java:177)
	... 10 common frames omitted
2022-10-08 21:31:42,625 WARN data storage DistroDataStorageImpl has not finished initial step, do not send verify data

2022-10-08 21:31:42,627 WARN data storage DistroClientDataProcessor has not finished initial step, do not send verify data

2022-10-08 21:31:47,635 WARN data storage DistroDataStorageImpl has not finished initial step, do not send verify data

2022-10-08 21:31:47,635 WARN data storage DistroClientDataProcessor has not finished initial step, do not send verify data

2022-10-08 21:31:52,636 WARN data storage DistroDataStorageImpl has not finished initial step, do not send verify data

2022-10-08 21:31:52,636 WARN data storage DistroClientDataProcessor has not finished initial step, do not send verify data

2022-10-08 21:31:57,638 WARN data storage DistroDataStorageImpl has not finished initial step, do not send verify data

2022-10-08 21:31:57,638 WARN data storage DistroClientDataProcessor has not finished initial step, do not send verify data

2022-10-08 21:32:02,638 WARN data storage DistroDataStorageImpl has not finished initial step, do not send verify data

2022-10-08 21:32:02,638 WARN data storage DistroClientDataProcessor has not finished initial step, do not send verify data

2022-10-08 21:32:07,639 WARN data storage DistroDataStorageImpl has not finished initial step, do not send verify data

2022-10-08 21:32:07,639 WARN data storage DistroClientDataProcessor has not finished initial step, do not send verify data

2022-10-08 21:32:12,639 WARN data storage DistroDataStorageImpl has not finished initial step, do not send verify data

2022-10-08 21:32:12,639 WARN data storage DistroClientDataProcessor has not finished initial step, do not send verify data

2022-10-08 21:32:17,640 WARN data storage DistroDataStorageImpl has not finished initial step, do not send verify data

2022-10-08 21:32:17,640 WARN data storage DistroClientDataProcessor has not finished initial step, do not send verify data

2022-10-08 21:32:22,641 WARN data storage DistroDataStorageImpl has not finished initial step, do not send verify data

2022-10-08 21:32:22,641 WARN data storage DistroClientDataProcessor has not finished initial step, do not send verify data

2022-10-08 21:32:27,647 WARN data storage DistroDataStorageImpl has not finished initial step, do not send verify data

2022-10-08 21:32:27,647 WARN data storage DistroClientDataProcessor has not finished initial step, do not send verify data

2022-10-08 21:32:32,648 WARN data storage DistroDataStorageImpl has not finished initial step, do not send verify data

2022-10-08 21:32:32,648 WARN data storage DistroClientDataProcessor has not finished initial step, do not send verify data

2022-10-08 21:32:37,648 WARN data storage DistroDataStorageImpl has not finished initial step, do not send verify data

2022-10-08 21:32:37,648 WARN data storage DistroClientDataProcessor has not finished initial step, do not send verify data

2022-10-08 21:32:38,849 INFO [DISTRO-INIT] load snapshot com.alibaba.nacos.naming.iplist. from nacos2:8848

2022-10-08 21:32:38,871 INFO [DISTRO-INIT] load snapshot com.alibaba.nacos.naming.iplist. from nacos2:8848 result: true

2022-10-08 21:32:38,871 INFO [DISTRO-INIT] load snapshot Nacos:Naming:v2:ClientData from nacos2:8848

2022-10-08 21:32:38,903 INFO [DISTRO-INIT] load snapshot Nacos:Naming:v2:ClientData from nacos2:8848 result: true

2022-10-08 21:32:38,903 INFO [DISTRO-INIT] load snapshot data success

2022-10-08 21:42:15,167 INFO [DISTRO-INIT] waiting distro data storage register...

2022-10-08 21:42:16,168 INFO [DISTRO-INIT] waiting distro data storage register...

2022-10-08 21:42:17,170 INFO [DISTRO-INIT] waiting distro data storage register...

2022-10-08 21:42:18,173 INFO [DISTRO-INIT] waiting distro data storage register...

2022-10-08 21:42:19,179 INFO [DISTRO-INIT] waiting distro data storage register...

2022-10-08 21:42:20,194 INFO [DISTRO-INIT] waiting distro data storage register...

2022-10-08 21:42:21,200 INFO [DISTRO-INIT] waiting distro data storage register...

2022-10-08 21:42:22,201 INFO [DISTRO-INIT] waiting distro data storage register...

2022-10-08 21:42:23,202 INFO [DISTRO-INIT] waiting distro data storage register...

2022-10-08 21:42:24,209 INFO [DISTRO-INIT] load snapshot com.alibaba.nacos.naming.iplist. from nacos2:8848

2022-10-08 21:42:24,211 ERROR [DISTRO-INIT] load snapshot com.alibaba.nacos.naming.iplist. from nacos2:8848 failed.

com.alibaba.nacos.core.distributed.distro.exception.DistroException: [DISTRO-EXCEPTION]Get snapshot from nacos2:8848 failed.
	at com.alibaba.nacos.naming.consistency.ephemeral.distro.component.DistroHttpAgent.getDatumSnapshot(DistroHttpAgent.java:101)
	at com.alibaba.nacos.core.distributed.distro.task.load.DistroLoadDataTask.loadAllDataSnapshotFromRemote(DistroLoadDataTask.java:103)
	at com.alibaba.nacos.core.distributed.distro.task.load.DistroLoadDataTask.load(DistroLoadDataTask.java:87)
	at com.alibaba.nacos.core.distributed.distro.task.load.DistroLoadDataTask.run(DistroLoadDataTask.java:63)
	at java.util.concurrent.Executors$RunnableAdapter.call(Executors.java:511)
	at java.util.concurrent.FutureTask.run(FutureTask.java:266)
	at java.util.concurrent.ScheduledThreadPoolExecutor$ScheduledFutureTask.access$201(ScheduledThreadPoolExecutor.java:180)
	at java.util.concurrent.ScheduledThreadPoolExecutor$ScheduledFutureTask.run(ScheduledThreadPoolExecutor.java:293)
	at java.util.concurrent.ThreadPoolExecutor.runWorker(ThreadPoolExecutor.java:1149)
	at java.util.concurrent.ThreadPoolExecutor$Worker.run(ThreadPoolExecutor.java:624)
	at java.lang.Thread.run(Thread.java:748)
Caused by: java.io.IOException: failed to req API: http://nacos2:8848/nacos/v1/ns/distro/datums. code: 500 msg: org.apache.http.conn.HttpHostConnectException: Connect to nacos2:8848 [nacos2/192.168.176.3] failed: Connection refused (Connection refused)
	at com.alibaba.nacos.naming.misc.NamingProxy.getAllData(NamingProxy.java:150)
	at com.alibaba.nacos.naming.consistency.ephemeral.distro.component.DistroHttpAgent.getDatumSnapshot(DistroHttpAgent.java:98)
	... 10 common frames omitted
2022-10-08 21:42:24,211 INFO [DISTRO-INIT] load snapshot com.alibaba.nacos.naming.iplist. from nacos3:8848

2022-10-08 21:42:24,211 ERROR [DISTRO-INIT] load snapshot com.alibaba.nacos.naming.iplist. from nacos3:8848 failed.

com.alibaba.nacos.core.distributed.distro.exception.DistroException: [DISTRO-EXCEPTION]Get snapshot from nacos3:8848 failed.
	at com.alibaba.nacos.naming.consistency.ephemeral.distro.component.DistroHttpAgent.getDatumSnapshot(DistroHttpAgent.java:101)
	at com.alibaba.nacos.core.distributed.distro.task.load.DistroLoadDataTask.loadAllDataSnapshotFromRemote(DistroLoadDataTask.java:103)
	at com.alibaba.nacos.core.distributed.distro.task.load.DistroLoadDataTask.load(DistroLoadDataTask.java:87)
	at com.alibaba.nacos.core.distributed.distro.task.load.DistroLoadDataTask.run(DistroLoadDataTask.java:63)
	at java.util.concurrent.Executors$RunnableAdapter.call(Executors.java:511)
	at java.util.concurrent.FutureTask.run(FutureTask.java:266)
	at java.util.concurrent.ScheduledThreadPoolExecutor$ScheduledFutureTask.access$201(ScheduledThreadPoolExecutor.java:180)
	at java.util.concurrent.ScheduledThreadPoolExecutor$ScheduledFutureTask.run(ScheduledThreadPoolExecutor.java:293)
	at java.util.concurrent.ThreadPoolExecutor.runWorker(ThreadPoolExecutor.java:1149)
	at java.util.concurrent.ThreadPoolExecutor$Worker.run(ThreadPoolExecutor.java:624)
	at java.lang.Thread.run(Thread.java:748)
Caused by: java.io.IOException: failed to req API: http://nacos3:8848/nacos/v1/ns/distro/datums. code: 500 msg: java.net.UnknownHostException: nacos3
	at com.alibaba.nacos.naming.misc.NamingProxy.getAllData(NamingProxy.java:150)
	at com.alibaba.nacos.naming.consistency.ephemeral.distro.component.DistroHttpAgent.getDatumSnapshot(DistroHttpAgent.java:98)
	... 10 common frames omitted
2022-10-08 21:42:24,211 INFO [DISTRO-INIT] load snapshot Nacos:Naming:v2:ClientData from nacos2:8848

2022-10-08 21:42:24,215 ERROR [DISTRO-INIT] load snapshot Nacos:Naming:v2:ClientData from nacos2:8848 failed.

com.alibaba.nacos.core.distributed.distro.exception.DistroException: [DISTRO-EXCEPTION][DISTRO-FAILED] Get distro snapshot failed! 
	at com.alibaba.nacos.naming.consistency.ephemeral.distro.v2.DistroClientTransportAgent.getDatumSnapshot(DistroClientTransportAgent.java:186)
	at com.alibaba.nacos.core.distributed.distro.task.load.DistroLoadDataTask.loadAllDataSnapshotFromRemote(DistroLoadDataTask.java:103)
	at com.alibaba.nacos.core.distributed.distro.task.load.DistroLoadDataTask.load(DistroLoadDataTask.java:87)
	at com.alibaba.nacos.core.distributed.distro.task.load.DistroLoadDataTask.run(DistroLoadDataTask.java:63)
	at java.util.concurrent.Executors$RunnableAdapter.call(Executors.java:511)
	at java.util.concurrent.FutureTask.run(FutureTask.java:266)
	at java.util.concurrent.ScheduledThreadPoolExecutor$ScheduledFutureTask.access$201(ScheduledThreadPoolExecutor.java:180)
	at java.util.concurrent.ScheduledThreadPoolExecutor$ScheduledFutureTask.run(ScheduledThreadPoolExecutor.java:293)
	at java.util.concurrent.ThreadPoolExecutor.runWorker(ThreadPoolExecutor.java:1149)
	at java.util.concurrent.ThreadPoolExecutor$Worker.run(ThreadPoolExecutor.java:624)
	at java.lang.Thread.run(Thread.java:748)
Caused by: com.alibaba.nacos.api.exception.NacosException: No rpc client related to member: Member{ip='nacos2', port=8848, state=UP, extendInfo={raftPort=7848}}
	at com.alibaba.nacos.core.cluster.remote.ClusterRpcClientProxy.sendRequest(ClusterRpcClientProxy.java:177)
	at com.alibaba.nacos.core.cluster.remote.ClusterRpcClientProxy.sendRequest(ClusterRpcClientProxy.java:161)
	at com.alibaba.nacos.naming.consistency.ephemeral.distro.v2.DistroClientTransportAgent.getDatumSnapshot(DistroClientTransportAgent.java:177)
	... 10 common frames omitted
2022-10-08 21:42:24,215 INFO [DISTRO-INIT] load snapshot Nacos:Naming:v2:ClientData from nacos3:8848

2022-10-08 21:42:24,215 ERROR [DISTRO-INIT] load snapshot Nacos:Naming:v2:ClientData from nacos3:8848 failed.

com.alibaba.nacos.core.distributed.distro.exception.DistroException: [DISTRO-EXCEPTION][DISTRO-FAILED] Get distro snapshot failed! 
	at com.alibaba.nacos.naming.consistency.ephemeral.distro.v2.DistroClientTransportAgent.getDatumSnapshot(DistroClientTransportAgent.java:186)
	at com.alibaba.nacos.core.distributed.distro.task.load.DistroLoadDataTask.loadAllDataSnapshotFromRemote(DistroLoadDataTask.java:103)
	at com.alibaba.nacos.core.distributed.distro.task.load.DistroLoadDataTask.load(DistroLoadDataTask.java:87)
	at com.alibaba.nacos.core.distributed.distro.task.load.DistroLoadDataTask.run(DistroLoadDataTask.java:63)
	at java.util.concurrent.Executors$RunnableAdapter.call(Executors.java:511)
	at java.util.concurrent.FutureTask.run(FutureTask.java:266)
	at java.util.concurrent.ScheduledThreadPoolExecutor$ScheduledFutureTask.access$201(ScheduledThreadPoolExecutor.java:180)
	at java.util.concurrent.ScheduledThreadPoolExecutor$ScheduledFutureTask.run(ScheduledThreadPoolExecutor.java:293)
	at java.util.concurrent.ThreadPoolExecutor.runWorker(ThreadPoolExecutor.java:1149)
	at java.util.concurrent.ThreadPoolExecutor$Worker.run(ThreadPoolExecutor.java:624)
	at java.lang.Thread.run(Thread.java:748)
Caused by: com.alibaba.nacos.api.exception.NacosException: No rpc client related to member: Member{ip='nacos3', port=8848, state=UP, extendInfo={raftPort=7848}}
	at com.alibaba.nacos.core.cluster.remote.ClusterRpcClientProxy.sendRequest(ClusterRpcClientProxy.java:177)
	at com.alibaba.nacos.core.cluster.remote.ClusterRpcClientProxy.sendRequest(ClusterRpcClientProxy.java:161)
	at com.alibaba.nacos.naming.consistency.ephemeral.distro.v2.DistroClientTransportAgent.getDatumSnapshot(DistroClientTransportAgent.java:177)
	... 10 common frames omitted
2022-10-08 21:42:25,196 WARN data storage DistroDataStorageImpl has not finished initial step, do not send verify data

2022-10-08 21:42:25,197 WARN data storage DistroClientDataProcessor has not finished initial step, do not send verify data

2022-10-08 21:42:30,204 WARN data storage DistroDataStorageImpl has not finished initial step, do not send verify data

2022-10-08 21:42:30,204 WARN data storage DistroClientDataProcessor has not finished initial step, do not send verify data

2022-10-08 21:42:35,208 WARN data storage DistroDataStorageImpl has not finished initial step, do not send verify data

2022-10-08 21:42:35,208 WARN data storage DistroClientDataProcessor has not finished initial step, do not send verify data

2022-10-08 21:42:40,213 WARN data storage DistroDataStorageImpl has not finished initial step, do not send verify data

2022-10-08 21:42:40,213 WARN data storage DistroClientDataProcessor has not finished initial step, do not send verify data

2022-10-08 21:42:45,216 WARN data storage DistroDataStorageImpl has not finished initial step, do not send verify data

2022-10-08 21:42:45,216 WARN data storage DistroClientDataProcessor has not finished initial step, do not send verify data

2022-10-08 21:42:50,221 WARN data storage DistroDataStorageImpl has not finished initial step, do not send verify data

2022-10-08 21:42:50,222 WARN data storage DistroClientDataProcessor has not finished initial step, do not send verify data

2022-10-08 21:42:55,225 WARN data storage DistroDataStorageImpl has not finished initial step, do not send verify data

2022-10-08 21:42:55,225 WARN data storage DistroClientDataProcessor has not finished initial step, do not send verify data

2022-10-08 21:43:00,226 WARN data storage DistroDataStorageImpl has not finished initial step, do not send verify data

2022-10-08 21:43:00,226 WARN data storage DistroClientDataProcessor has not finished initial step, do not send verify data

2022-10-08 21:43:05,226 WARN data storage DistroDataStorageImpl has not finished initial step, do not send verify data

2022-10-08 21:43:05,226 WARN data storage DistroClientDataProcessor has not finished initial step, do not send verify data

2022-10-08 21:43:10,227 WARN data storage DistroDataStorageImpl has not finished initial step, do not send verify data

2022-10-08 21:43:10,227 WARN data storage DistroClientDataProcessor has not finished initial step, do not send verify data

2022-10-08 21:43:15,229 WARN data storage DistroDataStorageImpl has not finished initial step, do not send verify data

2022-10-08 21:43:15,229 WARN data storage DistroClientDataProcessor has not finished initial step, do not send verify data

2022-10-08 21:43:20,230 WARN data storage DistroDataStorageImpl has not finished initial step, do not send verify data

2022-10-08 21:43:20,230 WARN data storage DistroClientDataProcessor has not finished initial step, do not send verify data

2022-10-08 21:43:24,217 INFO [DISTRO-INIT] load snapshot com.alibaba.nacos.naming.iplist. from nacos2:8848

2022-10-08 21:43:24,251 INFO [DISTRO-INIT] load snapshot com.alibaba.nacos.naming.iplist. from nacos2:8848 result: true

2022-10-08 21:43:24,251 INFO [DISTRO-INIT] load snapshot Nacos:Naming:v2:ClientData from nacos2:8848

2022-10-08 21:43:24,286 INFO [DISTRO-INIT] load snapshot Nacos:Naming:v2:ClientData from nacos2:8848 result: true

2022-10-08 21:43:24,287 INFO [DISTRO-INIT] load snapshot data success

2022-10-08 21:49:41,585 INFO [DISTRO-INIT] waiting distro data storage register...

2022-10-08 21:49:42,585 INFO [DISTRO-INIT] waiting distro data storage register...

2022-10-08 21:49:43,611 INFO [DISTRO-INIT] waiting distro data storage register...

2022-10-08 21:49:44,683 INFO [DISTRO-INIT] waiting distro data storage register...

2022-10-08 21:49:45,707 INFO [DISTRO-INIT] waiting distro data storage register...

2022-10-08 21:49:46,762 INFO [DISTRO-INIT] waiting distro data storage register...

2022-10-08 21:49:47,762 INFO [DISTRO-INIT] waiting distro data storage register...

2022-10-08 21:49:48,775 INFO [DISTRO-INIT] waiting distro data storage register...

2022-10-08 21:49:49,779 INFO [DISTRO-INIT] waiting distro data storage register...

2022-10-08 21:49:50,779 INFO [DISTRO-INIT] waiting distro data storage register...

2022-10-08 21:49:51,781 INFO [DISTRO-INIT] waiting distro data storage register...

2022-10-08 21:49:52,790 INFO [DISTRO-INIT] load snapshot com.alibaba.nacos.naming.iplist. from nacos2:8848

2022-10-08 21:49:52,792 ERROR [DISTRO-INIT] load snapshot com.alibaba.nacos.naming.iplist. from nacos2:8848 failed.

com.alibaba.nacos.core.distributed.distro.exception.DistroException: [DISTRO-EXCEPTION]Get snapshot from nacos2:8848 failed.
	at com.alibaba.nacos.naming.consistency.ephemeral.distro.component.DistroHttpAgent.getDatumSnapshot(DistroHttpAgent.java:101)
	at com.alibaba.nacos.core.distributed.distro.task.load.DistroLoadDataTask.loadAllDataSnapshotFromRemote(DistroLoadDataTask.java:103)
	at com.alibaba.nacos.core.distributed.distro.task.load.DistroLoadDataTask.load(DistroLoadDataTask.java:87)
	at com.alibaba.nacos.core.distributed.distro.task.load.DistroLoadDataTask.run(DistroLoadDataTask.java:63)
	at java.util.concurrent.Executors$RunnableAdapter.call(Executors.java:511)
	at java.util.concurrent.FutureTask.run(FutureTask.java:266)
	at java.util.concurrent.ScheduledThreadPoolExecutor$ScheduledFutureTask.access$201(ScheduledThreadPoolExecutor.java:180)
	at java.util.concurrent.ScheduledThreadPoolExecutor$ScheduledFutureTask.run(ScheduledThreadPoolExecutor.java:293)
	at java.util.concurrent.ThreadPoolExecutor.runWorker(ThreadPoolExecutor.java:1149)
	at java.util.concurrent.ThreadPoolExecutor$Worker.run(ThreadPoolExecutor.java:624)
	at java.lang.Thread.run(Thread.java:748)
Caused by: java.io.IOException: failed to req API: http://nacos2:8848/nacos/v1/ns/distro/datums. code: 500 msg: org.apache.http.conn.HttpHostConnectException: Connect to nacos2:8848 [nacos2/192.168.192.3] failed: Connection refused (Connection refused)
	at com.alibaba.nacos.naming.misc.NamingProxy.getAllData(NamingProxy.java:150)
	at com.alibaba.nacos.naming.consistency.ephemeral.distro.component.DistroHttpAgent.getDatumSnapshot(DistroHttpAgent.java:98)
	... 10 common frames omitted
2022-10-08 21:49:52,792 INFO [DISTRO-INIT] load snapshot com.alibaba.nacos.naming.iplist. from nacos3:8848

2022-10-08 21:49:52,795 ERROR [DISTRO-INIT] load snapshot com.alibaba.nacos.naming.iplist. from nacos3:8848 failed.

com.alibaba.nacos.core.distributed.distro.exception.DistroException: [DISTRO-EXCEPTION]Get snapshot from nacos3:8848 failed.
	at com.alibaba.nacos.naming.consistency.ephemeral.distro.component.DistroHttpAgent.getDatumSnapshot(DistroHttpAgent.java:101)
	at com.alibaba.nacos.core.distributed.distro.task.load.DistroLoadDataTask.loadAllDataSnapshotFromRemote(DistroLoadDataTask.java:103)
	at com.alibaba.nacos.core.distributed.distro.task.load.DistroLoadDataTask.load(DistroLoadDataTask.java:87)
	at com.alibaba.nacos.core.distributed.distro.task.load.DistroLoadDataTask.run(DistroLoadDataTask.java:63)
	at java.util.concurrent.Executors$RunnableAdapter.call(Executors.java:511)
	at java.util.concurrent.FutureTask.run(FutureTask.java:266)
	at java.util.concurrent.ScheduledThreadPoolExecutor$ScheduledFutureTask.access$201(ScheduledThreadPoolExecutor.java:180)
	at java.util.concurrent.ScheduledThreadPoolExecutor$ScheduledFutureTask.run(ScheduledThreadPoolExecutor.java:293)
	at java.util.concurrent.ThreadPoolExecutor.runWorker(ThreadPoolExecutor.java:1149)
	at java.util.concurrent.ThreadPoolExecutor$Worker.run(ThreadPoolExecutor.java:624)
	at java.lang.Thread.run(Thread.java:748)
Caused by: java.io.IOException: failed to req API: http://nacos3:8848/nacos/v1/ns/distro/datums. code: 500 msg: org.apache.http.conn.HttpHostConnectException: Connect to nacos3:8848 [nacos3/192.168.192.5] failed: Connection refused (Connection refused)
	at com.alibaba.nacos.naming.misc.NamingProxy.getAllData(NamingProxy.java:150)
	at com.alibaba.nacos.naming.consistency.ephemeral.distro.component.DistroHttpAgent.getDatumSnapshot(DistroHttpAgent.java:98)
	... 10 common frames omitted
2022-10-08 21:49:52,795 INFO [DISTRO-INIT] load snapshot Nacos:Naming:v2:ClientData from nacos2:8848

2022-10-08 21:49:52,795 ERROR [DISTRO-INIT] load snapshot Nacos:Naming:v2:ClientData from nacos2:8848 failed.

com.alibaba.nacos.core.distributed.distro.exception.DistroException: [DISTRO-EXCEPTION][DISTRO-FAILED] Get distro snapshot failed! 
	at com.alibaba.nacos.naming.consistency.ephemeral.distro.v2.DistroClientTransportAgent.getDatumSnapshot(DistroClientTransportAgent.java:186)
	at com.alibaba.nacos.core.distributed.distro.task.load.DistroLoadDataTask.loadAllDataSnapshotFromRemote(DistroLoadDataTask.java:103)
	at com.alibaba.nacos.core.distributed.distro.task.load.DistroLoadDataTask.load(DistroLoadDataTask.java:87)
	at com.alibaba.nacos.core.distributed.distro.task.load.DistroLoadDataTask.run(DistroLoadDataTask.java:63)
	at java.util.concurrent.Executors$RunnableAdapter.call(Executors.java:511)
	at java.util.concurrent.FutureTask.run(FutureTask.java:266)
	at java.util.concurrent.ScheduledThreadPoolExecutor$ScheduledFutureTask.access$201(ScheduledThreadPoolExecutor.java:180)
	at java.util.concurrent.ScheduledThreadPoolExecutor$ScheduledFutureTask.run(ScheduledThreadPoolExecutor.java:293)
	at java.util.concurrent.ThreadPoolExecutor.runWorker(ThreadPoolExecutor.java:1149)
	at java.util.concurrent.ThreadPoolExecutor$Worker.run(ThreadPoolExecutor.java:624)
	at java.lang.Thread.run(Thread.java:748)
Caused by: com.alibaba.nacos.api.exception.NacosException: No rpc client related to member: Member{ip='nacos2', port=8848, state=UP, extendInfo={raftPort=7848}}
	at com.alibaba.nacos.core.cluster.remote.ClusterRpcClientProxy.sendRequest(ClusterRpcClientProxy.java:177)
	at com.alibaba.nacos.core.cluster.remote.ClusterRpcClientProxy.sendRequest(ClusterRpcClientProxy.java:161)
	at com.alibaba.nacos.naming.consistency.ephemeral.distro.v2.DistroClientTransportAgent.getDatumSnapshot(DistroClientTransportAgent.java:177)
	... 10 common frames omitted
2022-10-08 21:49:52,796 INFO [DISTRO-INIT] load snapshot Nacos:Naming:v2:ClientData from nacos3:8848

2022-10-08 21:49:52,796 ERROR [DISTRO-INIT] load snapshot Nacos:Naming:v2:ClientData from nacos3:8848 failed.

com.alibaba.nacos.core.distributed.distro.exception.DistroException: [DISTRO-EXCEPTION][DISTRO-FAILED] Get distro snapshot failed! 
	at com.alibaba.nacos.naming.consistency.ephemeral.distro.v2.DistroClientTransportAgent.getDatumSnapshot(DistroClientTransportAgent.java:186)
	at com.alibaba.nacos.core.distributed.distro.task.load.DistroLoadDataTask.loadAllDataSnapshotFromRemote(DistroLoadDataTask.java:103)
	at com.alibaba.nacos.core.distributed.distro.task.load.DistroLoadDataTask.load(DistroLoadDataTask.java:87)
	at com.alibaba.nacos.core.distributed.distro.task.load.DistroLoadDataTask.run(DistroLoadDataTask.java:63)
	at java.util.concurrent.Executors$RunnableAdapter.call(Executors.java:511)
	at java.util.concurrent.FutureTask.run(FutureTask.java:266)
	at java.util.concurrent.ScheduledThreadPoolExecutor$ScheduledFutureTask.access$201(ScheduledThreadPoolExecutor.java:180)
	at java.util.concurrent.ScheduledThreadPoolExecutor$ScheduledFutureTask.run(ScheduledThreadPoolExecutor.java:293)
	at java.util.concurrent.ThreadPoolExecutor.runWorker(ThreadPoolExecutor.java:1149)
	at java.util.concurrent.ThreadPoolExecutor$Worker.run(ThreadPoolExecutor.java:624)
	at java.lang.Thread.run(Thread.java:748)
Caused by: com.alibaba.nacos.api.exception.NacosException: No rpc client related to member: Member{ip='nacos3', port=8848, state=UP, extendInfo={raftPort=7848}}
	at com.alibaba.nacos.core.cluster.remote.ClusterRpcClientProxy.sendRequest(ClusterRpcClientProxy.java:177)
	at com.alibaba.nacos.core.cluster.remote.ClusterRpcClientProxy.sendRequest(ClusterRpcClientProxy.java:161)
	at com.alibaba.nacos.naming.consistency.ephemeral.distro.v2.DistroClientTransportAgent.getDatumSnapshot(DistroClientTransportAgent.java:177)
	... 10 common frames omitted
2022-10-08 21:49:56,586 WARN data storage DistroDataStorageImpl has not finished initial step, do not send verify data

2022-10-08 21:49:56,647 WARN data storage DistroClientDataProcessor has not finished initial step, do not send verify data

2022-10-08 21:50:01,654 WARN data storage DistroDataStorageImpl has not finished initial step, do not send verify data

2022-10-08 21:50:01,654 WARN data storage DistroClientDataProcessor has not finished initial step, do not send verify data

2022-10-08 21:50:06,655 WARN data storage DistroDataStorageImpl has not finished initial step, do not send verify data

2022-10-08 21:50:06,655 WARN data storage DistroClientDataProcessor has not finished initial step, do not send verify data

2022-10-08 21:50:11,656 WARN data storage DistroDataStorageImpl has not finished initial step, do not send verify data

2022-10-08 21:50:11,656 WARN data storage DistroClientDataProcessor has not finished initial step, do not send verify data

2022-10-08 21:50:16,657 WARN data storage DistroDataStorageImpl has not finished initial step, do not send verify data

2022-10-08 21:50:16,657 WARN data storage DistroClientDataProcessor has not finished initial step, do not send verify data

2022-10-08 21:50:21,657 WARN data storage DistroDataStorageImpl has not finished initial step, do not send verify data

2022-10-08 21:50:21,658 WARN data storage DistroClientDataProcessor has not finished initial step, do not send verify data

2022-10-08 21:50:26,658 WARN data storage DistroDataStorageImpl has not finished initial step, do not send verify data

2022-10-08 21:50:26,658 WARN data storage DistroClientDataProcessor has not finished initial step, do not send verify data

2022-10-08 21:50:31,659 WARN data storage DistroDataStorageImpl has not finished initial step, do not send verify data

2022-10-08 21:50:31,659 WARN data storage DistroClientDataProcessor has not finished initial step, do not send verify data

2022-10-08 21:50:36,659 WARN data storage DistroDataStorageImpl has not finished initial step, do not send verify data

2022-10-08 21:50:36,659 WARN data storage DistroClientDataProcessor has not finished initial step, do not send verify data

2022-10-08 21:50:41,660 WARN data storage DistroDataStorageImpl has not finished initial step, do not send verify data

2022-10-08 21:50:41,660 WARN data storage DistroClientDataProcessor has not finished initial step, do not send verify data

2022-10-08 21:50:46,666 WARN data storage DistroDataStorageImpl has not finished initial step, do not send verify data

2022-10-08 21:50:46,666 WARN data storage DistroClientDataProcessor has not finished initial step, do not send verify data

2022-10-08 21:50:51,668 WARN data storage DistroDataStorageImpl has not finished initial step, do not send verify data

2022-10-08 21:50:51,668 WARN data storage DistroClientDataProcessor has not finished initial step, do not send verify data

2022-10-08 21:50:52,796 INFO [DISTRO-INIT] load snapshot com.alibaba.nacos.naming.iplist. from nacos2:8848

2022-10-08 21:50:52,815 INFO [DISTRO-INIT] load snapshot com.alibaba.nacos.naming.iplist. from nacos2:8848 result: true

2022-10-08 21:50:52,815 INFO [DISTRO-INIT] load snapshot Nacos:Naming:v2:ClientData from nacos2:8848

2022-10-08 21:50:52,837 INFO [DISTRO-INIT] load snapshot Nacos:Naming:v2:ClientData from nacos2:8848 result: true

2022-10-08 21:50:52,837 INFO [DISTRO-INIT] load snapshot data success

2022-10-08 21:51:08,403 INFO [DISTRO-START] DistroSyncChangeTask for DistroKey{resourceKey='1665237067848_192.168.192.1_38226', resourceType='Nacos:Naming:v2:ClientData', targetServer='nacos3:8848'}

2022-10-08 21:51:08,455 INFO [DISTRO-START] DistroSyncChangeTask for DistroKey{resourceKey='1665237067848_192.168.192.1_38226', resourceType='Nacos:Naming:v2:ClientData', targetServer='nacos2:8848'}

2022-10-08 21:51:08,473 INFO [DISTRO-END] DistroKey{resourceKey='1665237067848_192.168.192.1_38226', resourceType='Nacos:Naming:v2:ClientData', targetServer='nacos3:8848'} result: true

2022-10-08 21:51:08,476 INFO [DISTRO-END] DistroKey{resourceKey='1665237067848_192.168.192.1_38226', resourceType='Nacos:Naming:v2:ClientData', targetServer='nacos2:8848'} result: true

2022-10-08 21:59:14,772 INFO [DISTRO-START] DistroSyncDeleteTask for DistroKey{resourceKey='1665237067848_192.168.192.1_38226', resourceType='Nacos:Naming:v2:ClientData', targetServer='nacos3:8848'}

2022-10-08 21:59:14,772 INFO [DISTRO-START] DistroSyncDeleteTask for DistroKey{resourceKey='1665237067848_192.168.192.1_38226', resourceType='Nacos:Naming:v2:ClientData', targetServer='nacos2:8848'}

2022-10-08 21:59:14,776 INFO [DISTRO-END] DistroKey{resourceKey='1665237067848_192.168.192.1_38226', resourceType='Nacos:Naming:v2:ClientData', targetServer='nacos3:8848'} result: true

2022-10-08 21:59:14,778 INFO [DISTRO-END] DistroKey{resourceKey='1665237067848_192.168.192.1_38226', resourceType='Nacos:Naming:v2:ClientData', targetServer='nacos2:8848'} result: true

2022-10-08 22:01:16,137 INFO [DISTRO-INIT] waiting distro data storage register...

2022-10-08 22:01:17,139 INFO [DISTRO-INIT] waiting distro data storage register...

2022-10-08 22:01:18,140 INFO [DISTRO-INIT] waiting distro data storage register...

2022-10-08 22:01:19,140 INFO [DISTRO-INIT] waiting distro data storage register...

2022-10-08 22:01:20,142 INFO [DISTRO-INIT] waiting distro data storage register...

2022-10-08 22:01:21,145 INFO [DISTRO-INIT] waiting distro data storage register...

2022-10-08 22:01:22,146 INFO [DISTRO-INIT] waiting distro data storage register...

2022-10-08 22:01:23,158 INFO [DISTRO-INIT] waiting distro data storage register...

2022-10-08 22:01:24,171 INFO [DISTRO-INIT] waiting distro data storage register...

2022-10-08 22:01:25,173 INFO [DISTRO-INIT] waiting distro data storage register...

2022-10-08 22:01:26,175 INFO [DISTRO-INIT] waiting distro data storage register...

2022-10-08 22:01:27,182 INFO [DISTRO-INIT] load snapshot com.alibaba.nacos.naming.iplist. from nacos2:8848

2022-10-08 22:01:27,183 ERROR [DISTRO-INIT] load snapshot com.alibaba.nacos.naming.iplist. from nacos2:8848 failed.

com.alibaba.nacos.core.distributed.distro.exception.DistroException: [DISTRO-EXCEPTION]Get snapshot from nacos2:8848 failed.
	at com.alibaba.nacos.naming.consistency.ephemeral.distro.component.DistroHttpAgent.getDatumSnapshot(DistroHttpAgent.java:101)
	at com.alibaba.nacos.core.distributed.distro.task.load.DistroLoadDataTask.loadAllDataSnapshotFromRemote(DistroLoadDataTask.java:103)
	at com.alibaba.nacos.core.distributed.distro.task.load.DistroLoadDataTask.load(DistroLoadDataTask.java:87)
	at com.alibaba.nacos.core.distributed.distro.task.load.DistroLoadDataTask.run(DistroLoadDataTask.java:63)
	at java.util.concurrent.Executors$RunnableAdapter.call(Executors.java:511)
	at java.util.concurrent.FutureTask.run(FutureTask.java:266)
	at java.util.concurrent.ScheduledThreadPoolExecutor$ScheduledFutureTask.access$201(ScheduledThreadPoolExecutor.java:180)
	at java.util.concurrent.ScheduledThreadPoolExecutor$ScheduledFutureTask.run(ScheduledThreadPoolExecutor.java:293)
	at java.util.concurrent.ThreadPoolExecutor.runWorker(ThreadPoolExecutor.java:1149)
	at java.util.concurrent.ThreadPoolExecutor$Worker.run(ThreadPoolExecutor.java:624)
	at java.lang.Thread.run(Thread.java:748)
Caused by: java.io.IOException: failed to req API: http://nacos2:8848/nacos/v1/ns/distro/datums. code: 500 msg: org.apache.http.conn.HttpHostConnectException: Connect to nacos2:8848 [nacos2/192.168.208.5] failed: Connection refused (Connection refused)
	at com.alibaba.nacos.naming.misc.NamingProxy.getAllData(NamingProxy.java:150)
	at com.alibaba.nacos.naming.consistency.ephemeral.distro.component.DistroHttpAgent.getDatumSnapshot(DistroHttpAgent.java:98)
	... 10 common frames omitted
2022-10-08 22:01:27,183 INFO [DISTRO-INIT] load snapshot com.alibaba.nacos.naming.iplist. from nacos3:8848

2022-10-08 22:01:27,185 ERROR [DISTRO-INIT] load snapshot com.alibaba.nacos.naming.iplist. from nacos3:8848 failed.

com.alibaba.nacos.core.distributed.distro.exception.DistroException: [DISTRO-EXCEPTION]Get snapshot from nacos3:8848 failed.
	at com.alibaba.nacos.naming.consistency.ephemeral.distro.component.DistroHttpAgent.getDatumSnapshot(DistroHttpAgent.java:101)
	at com.alibaba.nacos.core.distributed.distro.task.load.DistroLoadDataTask.loadAllDataSnapshotFromRemote(DistroLoadDataTask.java:103)
	at com.alibaba.nacos.core.distributed.distro.task.load.DistroLoadDataTask.load(DistroLoadDataTask.java:87)
	at com.alibaba.nacos.core.distributed.distro.task.load.DistroLoadDataTask.run(DistroLoadDataTask.java:63)
	at java.util.concurrent.Executors$RunnableAdapter.call(Executors.java:511)
	at java.util.concurrent.FutureTask.run(FutureTask.java:266)
	at java.util.concurrent.ScheduledThreadPoolExecutor$ScheduledFutureTask.access$201(ScheduledThreadPoolExecutor.java:180)
	at java.util.concurrent.ScheduledThreadPoolExecutor$ScheduledFutureTask.run(ScheduledThreadPoolExecutor.java:293)
	at java.util.concurrent.ThreadPoolExecutor.runWorker(ThreadPoolExecutor.java:1149)
	at java.util.concurrent.ThreadPoolExecutor$Worker.run(ThreadPoolExecutor.java:624)
	at java.lang.Thread.run(Thread.java:748)
Caused by: java.io.IOException: failed to req API: http://nacos3:8848/nacos/v1/ns/distro/datums. code: 500 msg: org.apache.http.conn.HttpHostConnectException: Connect to nacos3:8848 [nacos3/192.168.208.4] failed: Connection refused (Connection refused)
	at com.alibaba.nacos.naming.misc.NamingProxy.getAllData(NamingProxy.java:150)
	at com.alibaba.nacos.naming.consistency.ephemeral.distro.component.DistroHttpAgent.getDatumSnapshot(DistroHttpAgent.java:98)
	... 10 common frames omitted
2022-10-08 22:01:27,185 INFO [DISTRO-INIT] load snapshot Nacos:Naming:v2:ClientData from nacos2:8848

2022-10-08 22:01:27,186 ERROR [DISTRO-INIT] load snapshot Nacos:Naming:v2:ClientData from nacos2:8848 failed.

com.alibaba.nacos.core.distributed.distro.exception.DistroException: [DISTRO-EXCEPTION][DISTRO-FAILED] Get distro snapshot failed! 
	at com.alibaba.nacos.naming.consistency.ephemeral.distro.v2.DistroClientTransportAgent.getDatumSnapshot(DistroClientTransportAgent.java:186)
	at com.alibaba.nacos.core.distributed.distro.task.load.DistroLoadDataTask.loadAllDataSnapshotFromRemote(DistroLoadDataTask.java:103)
	at com.alibaba.nacos.core.distributed.distro.task.load.DistroLoadDataTask.load(DistroLoadDataTask.java:87)
	at com.alibaba.nacos.core.distributed.distro.task.load.DistroLoadDataTask.run(DistroLoadDataTask.java:63)
	at java.util.concurrent.Executors$RunnableAdapter.call(Executors.java:511)
	at java.util.concurrent.FutureTask.run(FutureTask.java:266)
	at java.util.concurrent.ScheduledThreadPoolExecutor$ScheduledFutureTask.access$201(ScheduledThreadPoolExecutor.java:180)
	at java.util.concurrent.ScheduledThreadPoolExecutor$ScheduledFutureTask.run(ScheduledThreadPoolExecutor.java:293)
	at java.util.concurrent.ThreadPoolExecutor.runWorker(ThreadPoolExecutor.java:1149)
	at java.util.concurrent.ThreadPoolExecutor$Worker.run(ThreadPoolExecutor.java:624)
	at java.lang.Thread.run(Thread.java:748)
Caused by: com.alibaba.nacos.api.exception.NacosException: No rpc client related to member: Member{ip='nacos2', port=8848, state=UP, extendInfo={raftPort=7848}}
	at com.alibaba.nacos.core.cluster.remote.ClusterRpcClientProxy.sendRequest(ClusterRpcClientProxy.java:177)
	at com.alibaba.nacos.core.cluster.remote.ClusterRpcClientProxy.sendRequest(ClusterRpcClientProxy.java:161)
	at com.alibaba.nacos.naming.consistency.ephemeral.distro.v2.DistroClientTransportAgent.getDatumSnapshot(DistroClientTransportAgent.java:177)
	... 10 common frames omitted
2022-10-08 22:01:27,186 INFO [DISTRO-INIT] load snapshot Nacos:Naming:v2:ClientData from nacos3:8848

2022-10-08 22:01:27,186 ERROR [DISTRO-INIT] load snapshot Nacos:Naming:v2:ClientData from nacos3:8848 failed.

com.alibaba.nacos.core.distributed.distro.exception.DistroException: [DISTRO-EXCEPTION][DISTRO-FAILED] Get distro snapshot failed! 
	at com.alibaba.nacos.naming.consistency.ephemeral.distro.v2.DistroClientTransportAgent.getDatumSnapshot(DistroClientTransportAgent.java:186)
	at com.alibaba.nacos.core.distributed.distro.task.load.DistroLoadDataTask.loadAllDataSnapshotFromRemote(DistroLoadDataTask.java:103)
	at com.alibaba.nacos.core.distributed.distro.task.load.DistroLoadDataTask.load(DistroLoadDataTask.java:87)
	at com.alibaba.nacos.core.distributed.distro.task.load.DistroLoadDataTask.run(DistroLoadDataTask.java:63)
	at java.util.concurrent.Executors$RunnableAdapter.call(Executors.java:511)
	at java.util.concurrent.FutureTask.run(FutureTask.java:266)
	at java.util.concurrent.ScheduledThreadPoolExecutor$ScheduledFutureTask.access$201(ScheduledThreadPoolExecutor.java:180)
	at java.util.concurrent.ScheduledThreadPoolExecutor$ScheduledFutureTask.run(ScheduledThreadPoolExecutor.java:293)
	at java.util.concurrent.ThreadPoolExecutor.runWorker(ThreadPoolExecutor.java:1149)
	at java.util.concurrent.ThreadPoolExecutor$Worker.run(ThreadPoolExecutor.java:624)
	at java.lang.Thread.run(Thread.java:748)
Caused by: com.alibaba.nacos.api.exception.NacosException: No rpc client related to member: Member{ip='nacos3', port=8848, state=UP, extendInfo={raftPort=7848}}
	at com.alibaba.nacos.core.cluster.remote.ClusterRpcClientProxy.sendRequest(ClusterRpcClientProxy.java:177)
	at com.alibaba.nacos.core.cluster.remote.ClusterRpcClientProxy.sendRequest(ClusterRpcClientProxy.java:161)
	at com.alibaba.nacos.naming.consistency.ephemeral.distro.v2.DistroClientTransportAgent.getDatumSnapshot(DistroClientTransportAgent.java:177)
	... 10 common frames omitted
2022-10-08 22:01:31,133 WARN data storage DistroDataStorageImpl has not finished initial step, do not send verify data

2022-10-08 22:01:31,135 WARN data storage DistroClientDataProcessor has not finished initial step, do not send verify data

2022-10-08 22:01:36,136 WARN data storage DistroDataStorageImpl has not finished initial step, do not send verify data

2022-10-08 22:01:36,136 WARN data storage DistroClientDataProcessor has not finished initial step, do not send verify data

2022-10-08 22:01:41,136 WARN data storage DistroDataStorageImpl has not finished initial step, do not send verify data

2022-10-08 22:01:41,136 WARN data storage DistroClientDataProcessor has not finished initial step, do not send verify data

2022-10-08 22:01:46,138 WARN data storage DistroDataStorageImpl has not finished initial step, do not send verify data

2022-10-08 22:01:46,138 WARN data storage DistroClientDataProcessor has not finished initial step, do not send verify data

2022-10-08 22:01:51,139 WARN data storage DistroDataStorageImpl has not finished initial step, do not send verify data

2022-10-08 22:01:51,139 WARN data storage DistroClientDataProcessor has not finished initial step, do not send verify data

2022-10-08 22:01:56,140 WARN data storage DistroDataStorageImpl has not finished initial step, do not send verify data

2022-10-08 22:01:56,140 WARN data storage DistroClientDataProcessor has not finished initial step, do not send verify data

2022-10-08 22:02:01,140 WARN data storage DistroDataStorageImpl has not finished initial step, do not send verify data

2022-10-08 22:02:01,140 WARN data storage DistroClientDataProcessor has not finished initial step, do not send verify data

2022-10-08 22:02:06,141 WARN data storage DistroDataStorageImpl has not finished initial step, do not send verify data

2022-10-08 22:02:06,141 WARN data storage DistroClientDataProcessor has not finished initial step, do not send verify data

2022-10-08 22:02:11,141 WARN data storage DistroDataStorageImpl has not finished initial step, do not send verify data

2022-10-08 22:02:11,141 WARN data storage DistroClientDataProcessor has not finished initial step, do not send verify data

2022-10-08 22:02:16,142 WARN data storage DistroDataStorageImpl has not finished initial step, do not send verify data

2022-10-08 22:02:16,142 WARN data storage DistroClientDataProcessor has not finished initial step, do not send verify data

2022-10-08 22:02:21,143 WARN data storage DistroDataStorageImpl has not finished initial step, do not send verify data

2022-10-08 22:02:21,143 WARN data storage DistroClientDataProcessor has not finished initial step, do not send verify data

2022-10-08 22:02:26,144 WARN data storage DistroDataStorageImpl has not finished initial step, do not send verify data

2022-10-08 22:02:26,144 WARN data storage DistroClientDataProcessor has not finished initial step, do not send verify data

2022-10-08 22:02:27,187 INFO [DISTRO-INIT] load snapshot com.alibaba.nacos.naming.iplist. from nacos2:8848

2022-10-08 22:02:27,212 INFO [DISTRO-INIT] load snapshot com.alibaba.nacos.naming.iplist. from nacos2:8848 result: true

2022-10-08 22:02:27,212 INFO [DISTRO-INIT] load snapshot Nacos:Naming:v2:ClientData from nacos2:8848

2022-10-08 22:02:27,237 INFO [DISTRO-INIT] load snapshot Nacos:Naming:v2:ClientData from nacos2:8848 result: true

2022-10-08 22:02:27,237 INFO [DISTRO-INIT] load snapshot data success

2022-10-08 22:03:25,350 INFO [DISTRO] Receive distro data type: CHANGE, key: DistroKey{resourceKey='1665237804759_192.168.208.1_47074', resourceType='Nacos:Naming:v2:ClientData', targetServer='nacos1:8848'}

