2022-10-08 19:25:39,278 INFO Init loader limit rule from local,rule=

2022-10-08 19:25:41,364 INFO [ClientConnectionEventListenerRegistry] registry listener - ConfigConnectionEventListener

2022-10-08 19:25:41,557 INFO [ClientConnectionEventListenerRegistry] registry listener - RpcAckCallbackInitorOrCleaner

2022-10-08 19:25:43,182 INFO Nacos GrpcSdkServer Rpc server starting at port 9848

2022-10-08 19:25:43,236 INFO Nacos GrpcSdkServer Rpc server started at port 9848

2022-10-08 19:25:43,237 INFO Nacos GrpcClusterServer Rpc server starting at port 9849

2022-10-08 19:25:43,240 INFO Nacos GrpcClusterServer Rpc server started at port 9849

2022-10-08 19:25:43,390 INFO [ClientConnectionEventListenerRegistry] registry listener - ConnectionBasedClientManager

2022-10-08 20:53:30,276 INFO Nacos GrpcClusterServer Rpc server stopping

2022-10-08 20:53:30,306 INFO Nacos GrpcSdkServer Rpc server stopping

2022-10-08 20:53:30,401 INFO Nacos GrpcClusterServer Rpc server stopped successfully...

2022-10-08 20:53:30,423 INFO Nacos GrpcSdkServer Rpc server stopped successfully...

2022-10-08 21:00:20,233 INFO Init loader limit rule from local,rule=

2022-10-08 21:00:22,145 INFO [ClientConnectionEventListenerRegistry] registry listener - ConfigConnectionEventListener

2022-10-08 21:00:22,410 INFO [ClientConnectionEventListenerRegistry] registry listener - RpcAckCallbackInitorOrCleaner

2022-10-08 21:00:24,049 INFO Nacos GrpcSdkServer Rpc server starting at port 9848

2022-10-08 21:00:24,057 INFO Nacos GrpcSdkServer Rpc server started at port 9848

2022-10-08 21:00:24,058 INFO Nacos GrpcClusterServer Rpc server starting at port 9849

2022-10-08 21:00:24,060 INFO Nacos GrpcClusterServer Rpc server started at port 9849

2022-10-08 21:00:24,195 INFO [ClientConnectionEventListenerRegistry] registry listener - ConnectionBasedClientManager

2022-10-08 21:05:29,737 INFO Nacos GrpcClusterServer Rpc server stopping

2022-10-08 21:05:29,759 INFO Nacos GrpcSdkServer Rpc server stopping

2022-10-08 21:05:29,814 INFO Nacos GrpcSdkServer Rpc server stopped successfully...

2022-10-08 21:05:29,881 INFO Nacos GrpcClusterServer Rpc server stopped successfully...

2022-10-08 21:07:44,189 INFO Init loader limit rule from local,rule=

2022-10-08 21:07:46,256 INFO [ClientConnectionEventListenerRegistry] registry listener - ConfigConnectionEventListener

2022-10-08 21:07:46,426 INFO [ClientConnectionEventListenerRegistry] registry listener - RpcAckCallbackInitorOrCleaner

2022-10-08 21:07:48,279 INFO Nacos GrpcSdkServer Rpc server starting at port 9848

2022-10-08 21:07:48,323 INFO Nacos GrpcSdkServer Rpc server started at port 9848

2022-10-08 21:07:48,324 INFO Nacos GrpcClusterServer Rpc server starting at port 9849

2022-10-08 21:07:48,326 INFO Nacos GrpcClusterServer Rpc server started at port 9849

2022-10-08 21:07:48,508 INFO [ClientConnectionEventListenerRegistry] registry listener - ConnectionBasedClientManager

2022-10-08 21:17:19,135 INFO Nacos GrpcClusterServer Rpc server stopping

2022-10-08 21:17:19,134 INFO Nacos GrpcSdkServer Rpc server stopping

2022-10-08 21:17:19,158 INFO Nacos GrpcSdkServer Rpc server stopped successfully...

2022-10-08 21:17:19,160 INFO Nacos GrpcClusterServer Rpc server stopped successfully...

2022-10-08 21:24:58,260 INFO Init loader limit rule from local,rule=

2022-10-08 21:25:00,320 INFO [ClientConnectionEventListenerRegistry] registry listener - ConfigConnectionEventListener

2022-10-08 21:25:00,561 INFO [ClientConnectionEventListenerRegistry] registry listener - RpcAckCallbackInitorOrCleaner

2022-10-08 21:25:02,299 INFO Nacos GrpcSdkServer Rpc server starting at port 9848

2022-10-08 21:25:02,327 INFO Nacos GrpcSdkServer Rpc server started at port 9848

2022-10-08 21:25:02,329 INFO Nacos GrpcClusterServer Rpc server starting at port 9849

2022-10-08 21:25:02,352 INFO Nacos GrpcClusterServer Rpc server started at port 9849

2022-10-08 21:25:02,505 INFO [ClientConnectionEventListenerRegistry] registry listener - ConnectionBasedClientManager

2022-10-08 21:30:19,276 INFO Nacos GrpcSdkServer Rpc server stopping

2022-10-08 21:30:19,301 INFO Nacos GrpcClusterServer Rpc server stopping

2022-10-08 21:30:19,346 INFO Nacos GrpcClusterServer Rpc server stopped successfully...

2022-10-08 21:30:19,399 INFO Nacos GrpcSdkServer Rpc server stopped successfully...

2022-10-08 21:31:32,671 INFO Init loader limit rule from local,rule=

2022-10-08 21:31:34,422 INFO [ClientConnectionEventListenerRegistry] registry listener - ConfigConnectionEventListener

2022-10-08 21:31:34,682 INFO [ClientConnectionEventListenerRegistry] registry listener - RpcAckCallbackInitorOrCleaner

2022-10-08 21:31:36,289 INFO Nacos GrpcSdkServer Rpc server starting at port 9848

2022-10-08 21:31:36,334 INFO Nacos GrpcSdkServer Rpc server started at port 9848

2022-10-08 21:31:36,335 INFO Nacos GrpcClusterServer Rpc server starting at port 9849

2022-10-08 21:31:36,357 INFO Nacos GrpcClusterServer Rpc server started at port 9849

2022-10-08 21:31:36,501 INFO [ClientConnectionEventListenerRegistry] registry listener - ConnectionBasedClientManager

2022-10-08 21:41:25,255 INFO Nacos GrpcClusterServer Rpc server stopping

2022-10-08 21:41:25,358 INFO Nacos GrpcSdkServer Rpc server stopping

2022-10-08 21:41:25,414 INFO Nacos GrpcClusterServer Rpc server stopped successfully...

2022-10-08 21:41:25,431 INFO Nacos GrpcSdkServer Rpc server stopped successfully...

2022-10-08 21:42:18,142 INFO Init loader limit rule from local,rule=

2022-10-08 21:42:19,027 INFO [ClientConnectionEventListenerRegistry] registry listener - ConfigConnectionEventListener

2022-10-08 21:42:19,133 INFO [ClientConnectionEventListenerRegistry] registry listener - RpcAckCallbackInitorOrCleaner

2022-10-08 21:42:21,853 INFO Nacos GrpcSdkServer Rpc server starting at port 9848

2022-10-08 21:42:21,901 INFO Nacos GrpcSdkServer Rpc server started at port 9848

2022-10-08 21:42:21,902 INFO Nacos GrpcClusterServer Rpc server starting at port 9849

2022-10-08 21:42:21,915 INFO Nacos GrpcClusterServer Rpc server started at port 9849

2022-10-08 21:42:22,081 INFO [ClientConnectionEventListenerRegistry] registry listener - ConnectionBasedClientManager

2022-10-08 21:48:01,663 INFO Nacos GrpcClusterServer Rpc server stopping

2022-10-08 21:48:01,718 INFO Nacos GrpcClusterServer Rpc server stopped successfully...

2022-10-08 21:48:01,663 INFO Nacos GrpcSdkServer Rpc server stopping

2022-10-08 21:48:01,760 INFO Nacos GrpcSdkServer Rpc server stopped successfully...

2022-10-08 21:49:46,618 INFO Init loader limit rule from local,rule=

2022-10-08 21:49:48,875 INFO [ClientConnectionEventListenerRegistry] registry listener - ConfigConnectionEventListener

2022-10-08 21:49:49,051 INFO [ClientConnectionEventListenerRegistry] registry listener - RpcAckCallbackInitorOrCleaner

2022-10-08 21:49:50,738 INFO Nacos GrpcSdkServer Rpc server starting at port 9848

2022-10-08 21:49:50,779 INFO Nacos GrpcSdkServer Rpc server started at port 9848

2022-10-08 21:49:50,780 INFO Nacos GrpcClusterServer Rpc server starting at port 9849

2022-10-08 21:49:50,783 INFO Nacos GrpcClusterServer Rpc server started at port 9849

2022-10-08 21:49:50,951 INFO [ClientConnectionEventListenerRegistry] registry listener - ConnectionBasedClientManager

2022-10-08 21:59:22,754 INFO Nacos GrpcClusterServer Rpc server stopping

2022-10-08 21:59:22,754 INFO Nacos GrpcSdkServer Rpc server stopping

2022-10-08 21:59:22,782 INFO Nacos GrpcSdkServer Rpc server stopped successfully...

2022-10-08 21:59:22,785 INFO Nacos GrpcClusterServer Rpc server stopped successfully...

2022-10-08 22:01:20,781 INFO Init loader limit rule from local,rule=

2022-10-08 22:01:22,452 INFO [ClientConnectionEventListenerRegistry] registry listener - ConfigConnectionEventListener

2022-10-08 22:01:22,614 INFO [ClientConnectionEventListenerRegistry] registry listener - RpcAckCallbackInitorOrCleaner

2022-10-08 22:01:24,176 INFO Nacos GrpcSdkServer Rpc server starting at port 9848

2022-10-08 22:01:24,228 INFO Nacos GrpcSdkServer Rpc server started at port 9848

2022-10-08 22:01:24,229 INFO Nacos GrpcClusterServer Rpc server starting at port 9849

2022-10-08 22:01:24,246 INFO Nacos GrpcClusterServer Rpc server started at port 9849

2022-10-08 22:01:24,409 INFO [ClientConnectionEventListenerRegistry] registry listener - ConnectionBasedClientManager

