2022-10-08 19:25:39,363 INFO Register tps control,pointName=CONFIG_PUSH_COUNT, point=com.alibaba.nacos.core.remote.control.TpsMonitorPoint@7cf283e1 

2022-10-08 19:25:39,364 INFO Load rule from local,pointName=CONFIG_PUSH_COUNT, ruleContent= 

2022-10-08 19:25:39,364 INFO Apply tps control rule parse start,pointName=[CONFIG_PUSH_COUNT]  

2022-10-08 19:25:39,364 INFO Clear point  control rule ,pointName=[CONFIG_PUSH_COUNT]  

2022-10-08 19:25:39,364 INFO Clear point  control rule for monitorKeys, pointName=[CONFIG_PUSH_COUNT]  

2022-10-08 19:25:39,364 INFO Register tps control,pointName=CONFIG_PUSH_SUCCESS, point=com.alibaba.nacos.core.remote.control.TpsMonitorPoint@20e6c4dc 

2022-10-08 19:25:39,364 INFO Load rule from local,pointName=CONFIG_PUSH_SUCCESS, ruleContent= 

2022-10-08 19:25:39,364 INFO Apply tps control rule parse start,pointName=[CONFIG_PUSH_SUCCESS]  

2022-10-08 19:25:39,364 INFO Clear point  control rule ,pointName=[CONFIG_PUSH_SUCCESS]  

2022-10-08 19:25:39,364 INFO Clear point  control rule for monitorKeys, pointName=[CONFIG_PUSH_SUCCESS]  

2022-10-08 19:25:39,364 INFO Register tps control,pointName=CONFIG_PUSH_FAIL, point=com.alibaba.nacos.core.remote.control.TpsMonitorPoint@60737b23 

2022-10-08 19:25:39,364 INFO Load rule from local,pointName=CONFIG_PUSH_FAIL, ruleContent= 

2022-10-08 19:25:39,365 INFO Apply tps control rule parse start,pointName=[CONFIG_PUSH_FAIL]  

2022-10-08 19:25:39,366 INFO Clear point  control rule ,pointName=[CONFIG_PUSH_FAIL]  

2022-10-08 19:25:39,366 INFO Clear point  control rule for monitorKeys, pointName=[CONFIG_PUSH_FAIL]  

2022-10-08 19:25:39,386 INFO Load rule from local,pointName=CONFIG_PUSH_COUNT, ruleContent= 

2022-10-08 19:25:39,430 INFO Apply tps control rule parse start,pointName=[CONFIG_PUSH_COUNT]  

2022-10-08 19:25:39,430 INFO Clear point  control rule ,pointName=[CONFIG_PUSH_COUNT]  

2022-10-08 19:25:39,430 INFO Clear point  control rule for monitorKeys, pointName=[CONFIG_PUSH_COUNT]  

2022-10-08 19:25:39,430 INFO Load rule from local,pointName=CONFIG_PUSH_SUCCESS, ruleContent= 

2022-10-08 19:25:39,430 INFO Apply tps control rule parse start,pointName=[CONFIG_PUSH_SUCCESS]  

2022-10-08 19:25:39,430 INFO Clear point  control rule ,pointName=[CONFIG_PUSH_SUCCESS]  

2022-10-08 19:25:39,430 INFO Clear point  control rule for monitorKeys, pointName=[CONFIG_PUSH_SUCCESS]  

2022-10-08 19:25:39,430 INFO Load rule from local,pointName=CONFIG_PUSH_FAIL, ruleContent= 

2022-10-08 19:25:39,430 INFO Apply tps control rule parse start,pointName=[CONFIG_PUSH_FAIL]  

2022-10-08 19:25:39,430 INFO Clear point  control rule ,pointName=[CONFIG_PUSH_FAIL]  

2022-10-08 19:25:39,430 INFO Clear point  control rule for monitorKeys, pointName=[CONFIG_PUSH_FAIL]  

2022-10-08 19:25:55,381 INFO Register tps control,pointName=ConfigQuery, point=com.alibaba.nacos.core.remote.control.TpsMonitorPoint@1866da85 

2022-10-08 19:25:55,382 INFO Load rule from local,pointName=ConfigQuery, ruleContent= 

2022-10-08 19:25:55,382 INFO Apply tps control rule parse start,pointName=[ConfigQuery]  

2022-10-08 19:25:55,382 INFO Clear point  control rule ,pointName=[ConfigQuery]  

2022-10-08 19:25:55,382 INFO Clear point  control rule for monitorKeys, pointName=[ConfigQuery]  

2022-10-08 19:25:55,382 INFO Register tps control,pointName=ClusterConfigChangeNotify, point=com.alibaba.nacos.core.remote.control.TpsMonitorPoint@4cfa8227 

2022-10-08 19:25:55,382 INFO Load rule from local,pointName=ClusterConfigChangeNotify, ruleContent= 

2022-10-08 19:25:55,382 INFO Apply tps control rule parse start,pointName=[ClusterConfigChangeNotify]  

2022-10-08 19:25:55,382 INFO Clear point  control rule ,pointName=[ClusterConfigChangeNotify]  

2022-10-08 19:25:55,382 INFO Clear point  control rule for monitorKeys, pointName=[ClusterConfigChangeNotify]  

2022-10-08 19:25:55,382 INFO Register tps control,pointName=ConfigListen, point=com.alibaba.nacos.core.remote.control.TpsMonitorPoint@78226c36 

2022-10-08 19:25:55,382 INFO Load rule from local,pointName=ConfigListen, ruleContent= 

2022-10-08 19:25:55,382 INFO Apply tps control rule parse start,pointName=[ConfigListen]  

2022-10-08 19:25:55,382 INFO Clear point  control rule ,pointName=[ConfigListen]  

2022-10-08 19:25:55,388 INFO Clear point  control rule for monitorKeys, pointName=[ConfigListen]  

2022-10-08 19:25:55,388 INFO Register tps control,pointName=ConfigRemove, point=com.alibaba.nacos.core.remote.control.TpsMonitorPoint@3f685162 

2022-10-08 19:25:55,388 INFO Load rule from local,pointName=ConfigRemove, ruleContent= 

2022-10-08 19:25:55,388 INFO Apply tps control rule parse start,pointName=[ConfigRemove]  

2022-10-08 19:25:55,388 INFO Clear point  control rule ,pointName=[ConfigRemove]  

2022-10-08 19:25:55,388 INFO Clear point  control rule for monitorKeys, pointName=[ConfigRemove]  

2022-10-08 19:25:55,388 INFO Register tps control,pointName=ConfigPublish, point=com.alibaba.nacos.core.remote.control.TpsMonitorPoint@11f406f8 

2022-10-08 19:25:55,388 INFO Load rule from local,pointName=ConfigPublish, ruleContent= 

2022-10-08 19:25:55,388 INFO Apply tps control rule parse start,pointName=[ConfigPublish]  

2022-10-08 19:25:55,388 INFO Clear point  control rule ,pointName=[ConfigPublish]  

2022-10-08 19:25:55,388 INFO Clear point  control rule for monitorKeys, pointName=[ConfigPublish]  

2022-10-08 19:25:55,388 INFO Register tps control,pointName=HealthCheck, point=com.alibaba.nacos.core.remote.control.TpsMonitorPoint@987455b 

2022-10-08 19:25:55,389 INFO Load rule from local,pointName=HealthCheck, ruleContent= 

2022-10-08 19:25:55,389 INFO Apply tps control rule parse start,pointName=[HealthCheck]  

2022-10-08 19:25:55,389 INFO Clear point  control rule ,pointName=[HealthCheck]  

2022-10-08 19:25:55,389 INFO Clear point  control rule for monitorKeys, pointName=[HealthCheck]  

2022-10-08 19:25:55,404 INFO Load rule from local,pointName=ConfigQuery, ruleContent= 

2022-10-08 19:25:55,404 INFO Apply tps control rule parse start,pointName=[ConfigQuery]  

2022-10-08 19:25:55,404 INFO Clear point  control rule ,pointName=[ConfigQuery]  

2022-10-08 19:25:55,404 INFO Clear point  control rule for monitorKeys, pointName=[ConfigQuery]  

2022-10-08 19:25:55,404 INFO Load rule from local,pointName=ClusterConfigChangeNotify, ruleContent= 

2022-10-08 19:25:55,404 INFO Apply tps control rule parse start,pointName=[ClusterConfigChangeNotify]  

2022-10-08 19:25:55,404 INFO Clear point  control rule ,pointName=[ClusterConfigChangeNotify]  

2022-10-08 19:25:55,404 INFO Clear point  control rule for monitorKeys, pointName=[ClusterConfigChangeNotify]  

2022-10-08 19:25:55,404 INFO Load rule from local,pointName=ConfigListen, ruleContent= 

2022-10-08 19:25:55,404 INFO Apply tps control rule parse start,pointName=[ConfigListen]  

2022-10-08 19:25:55,404 INFO Clear point  control rule ,pointName=[ConfigListen]  

2022-10-08 19:25:55,404 INFO Clear point  control rule for monitorKeys, pointName=[ConfigListen]  

2022-10-08 19:25:55,405 INFO Load rule from local,pointName=ConfigRemove, ruleContent= 

2022-10-08 19:25:55,405 INFO Apply tps control rule parse start,pointName=[ConfigRemove]  

2022-10-08 19:25:55,405 INFO Clear point  control rule ,pointName=[ConfigRemove]  

2022-10-08 19:25:55,405 INFO Clear point  control rule for monitorKeys, pointName=[ConfigRemove]  

2022-10-08 19:25:55,405 INFO Load rule from local,pointName=ConfigPublish, ruleContent= 

2022-10-08 19:25:55,405 INFO Apply tps control rule parse start,pointName=[ConfigPublish]  

2022-10-08 19:25:55,405 INFO Clear point  control rule ,pointName=[ConfigPublish]  

2022-10-08 19:25:55,405 INFO Clear point  control rule for monitorKeys, pointName=[ConfigPublish]  

2022-10-08 19:25:55,405 INFO Load rule from local,pointName=HealthCheck, ruleContent= 

2022-10-08 19:25:55,405 INFO Apply tps control rule parse start,pointName=[HealthCheck]  

2022-10-08 19:25:55,405 INFO Clear point  control rule ,pointName=[HealthCheck]  

2022-10-08 19:25:55,405 INFO Clear point  control rule for monitorKeys, pointName=[HealthCheck]  

2022-10-08 21:00:20,406 INFO Register tps control,pointName=CONFIG_PUSH_COUNT, point=com.alibaba.nacos.core.remote.control.TpsMonitorPoint@6df3e44c 

2022-10-08 21:00:20,410 INFO Load rule from local,pointName=CONFIG_PUSH_COUNT, ruleContent= 

2022-10-08 21:00:20,410 INFO Apply tps control rule parse start,pointName=[CONFIG_PUSH_COUNT]  

2022-10-08 21:00:20,410 INFO Clear point  control rule ,pointName=[CONFIG_PUSH_COUNT]  

2022-10-08 21:00:20,410 INFO Clear point  control rule for monitorKeys, pointName=[CONFIG_PUSH_COUNT]  

2022-10-08 21:00:20,410 INFO Register tps control,pointName=CONFIG_PUSH_SUCCESS, point=com.alibaba.nacos.core.remote.control.TpsMonitorPoint@7ce7e83c 

2022-10-08 21:00:20,411 INFO Load rule from local,pointName=CONFIG_PUSH_SUCCESS, ruleContent= 

2022-10-08 21:00:20,411 INFO Apply tps control rule parse start,pointName=[CONFIG_PUSH_SUCCESS]  

2022-10-08 21:00:20,411 INFO Clear point  control rule ,pointName=[CONFIG_PUSH_SUCCESS]  

2022-10-08 21:00:20,411 INFO Clear point  control rule for monitorKeys, pointName=[CONFIG_PUSH_SUCCESS]  

2022-10-08 21:00:20,411 INFO Register tps control,pointName=CONFIG_PUSH_FAIL, point=com.alibaba.nacos.core.remote.control.TpsMonitorPoint@4a05d8ae 

2022-10-08 21:00:20,411 INFO Load rule from local,pointName=CONFIG_PUSH_FAIL, ruleContent= 

2022-10-08 21:00:20,447 INFO Apply tps control rule parse start,pointName=[CONFIG_PUSH_FAIL]  

2022-10-08 21:00:20,447 INFO Clear point  control rule ,pointName=[CONFIG_PUSH_FAIL]  

2022-10-08 21:00:20,447 INFO Clear point  control rule for monitorKeys, pointName=[CONFIG_PUSH_FAIL]  

2022-10-08 21:00:20,508 INFO Load rule from local,pointName=CONFIG_PUSH_COUNT, ruleContent= 

2022-10-08 21:00:20,539 INFO Apply tps control rule parse start,pointName=[CONFIG_PUSH_COUNT]  

2022-10-08 21:00:20,539 INFO Clear point  control rule ,pointName=[CONFIG_PUSH_COUNT]  

2022-10-08 21:00:20,539 INFO Clear point  control rule for monitorKeys, pointName=[CONFIG_PUSH_COUNT]  

2022-10-08 21:00:20,539 INFO Load rule from local,pointName=CONFIG_PUSH_SUCCESS, ruleContent= 

2022-10-08 21:00:20,539 INFO Apply tps control rule parse start,pointName=[CONFIG_PUSH_SUCCESS]  

2022-10-08 21:00:20,539 INFO Clear point  control rule ,pointName=[CONFIG_PUSH_SUCCESS]  

2022-10-08 21:00:20,539 INFO Clear point  control rule for monitorKeys, pointName=[CONFIG_PUSH_SUCCESS]  

2022-10-08 21:00:20,546 INFO Load rule from local,pointName=CONFIG_PUSH_FAIL, ruleContent= 

2022-10-08 21:00:20,546 INFO Apply tps control rule parse start,pointName=[CONFIG_PUSH_FAIL]  

2022-10-08 21:00:20,546 INFO Clear point  control rule ,pointName=[CONFIG_PUSH_FAIL]  

2022-10-08 21:00:20,546 INFO Clear point  control rule for monitorKeys, pointName=[CONFIG_PUSH_FAIL]  

2022-10-08 21:00:33,954 INFO Register tps control,pointName=ConfigQuery, point=com.alibaba.nacos.core.remote.control.TpsMonitorPoint@396ef8b2 

2022-10-08 21:00:33,954 INFO Load rule from local,pointName=ConfigQuery, ruleContent= 

2022-10-08 21:00:33,954 INFO Apply tps control rule parse start,pointName=[ConfigQuery]  

2022-10-08 21:00:33,954 INFO Clear point  control rule ,pointName=[ConfigQuery]  

2022-10-08 21:00:33,954 INFO Clear point  control rule for monitorKeys, pointName=[ConfigQuery]  

2022-10-08 21:00:33,954 INFO Register tps control,pointName=ClusterConfigChangeNotify, point=com.alibaba.nacos.core.remote.control.TpsMonitorPoint@72825400 

2022-10-08 21:00:33,954 INFO Load rule from local,pointName=ClusterConfigChangeNotify, ruleContent= 

2022-10-08 21:00:33,954 INFO Apply tps control rule parse start,pointName=[ClusterConfigChangeNotify]  

2022-10-08 21:00:33,954 INFO Clear point  control rule ,pointName=[ClusterConfigChangeNotify]  

2022-10-08 21:00:33,954 INFO Clear point  control rule for monitorKeys, pointName=[ClusterConfigChangeNotify]  

2022-10-08 21:00:33,954 INFO Register tps control,pointName=ConfigListen, point=com.alibaba.nacos.core.remote.control.TpsMonitorPoint@19ee1ae6 

2022-10-08 21:00:33,955 INFO Load rule from local,pointName=ConfigListen, ruleContent= 

2022-10-08 21:00:33,955 INFO Apply tps control rule parse start,pointName=[ConfigListen]  

2022-10-08 21:00:33,955 INFO Clear point  control rule ,pointName=[ConfigListen]  

2022-10-08 21:00:33,955 INFO Clear point  control rule for monitorKeys, pointName=[ConfigListen]  

2022-10-08 21:00:33,955 INFO Register tps control,pointName=ConfigRemove, point=com.alibaba.nacos.core.remote.control.TpsMonitorPoint@5f117b3d 

2022-10-08 21:00:33,955 INFO Load rule from local,pointName=ConfigRemove, ruleContent= 

2022-10-08 21:00:33,955 INFO Apply tps control rule parse start,pointName=[ConfigRemove]  

2022-10-08 21:00:33,955 INFO Clear point  control rule ,pointName=[ConfigRemove]  

2022-10-08 21:00:33,955 INFO Clear point  control rule for monitorKeys, pointName=[ConfigRemove]  

2022-10-08 21:00:33,955 INFO Register tps control,pointName=ConfigPublish, point=com.alibaba.nacos.core.remote.control.TpsMonitorPoint@1174a305 

2022-10-08 21:00:33,955 INFO Load rule from local,pointName=ConfigPublish, ruleContent= 

2022-10-08 21:00:33,955 INFO Apply tps control rule parse start,pointName=[ConfigPublish]  

2022-10-08 21:00:33,955 INFO Clear point  control rule ,pointName=[ConfigPublish]  

2022-10-08 21:00:33,955 INFO Clear point  control rule for monitorKeys, pointName=[ConfigPublish]  

2022-10-08 21:00:33,955 INFO Register tps control,pointName=HealthCheck, point=com.alibaba.nacos.core.remote.control.TpsMonitorPoint@71b6d77f 

2022-10-08 21:00:33,955 INFO Load rule from local,pointName=HealthCheck, ruleContent= 

2022-10-08 21:00:33,955 INFO Apply tps control rule parse start,pointName=[HealthCheck]  

2022-10-08 21:00:33,955 INFO Clear point  control rule ,pointName=[HealthCheck]  

2022-10-08 21:00:33,955 INFO Clear point  control rule for monitorKeys, pointName=[HealthCheck]  

2022-10-08 21:00:33,959 INFO Load rule from local,pointName=ConfigQuery, ruleContent= 

2022-10-08 21:00:33,959 INFO Apply tps control rule parse start,pointName=[ConfigQuery]  

2022-10-08 21:00:33,959 INFO Clear point  control rule ,pointName=[ConfigQuery]  

2022-10-08 21:00:33,959 INFO Clear point  control rule for monitorKeys, pointName=[ConfigQuery]  

2022-10-08 21:00:33,959 INFO Load rule from local,pointName=ClusterConfigChangeNotify, ruleContent= 

2022-10-08 21:00:33,959 INFO Apply tps control rule parse start,pointName=[ClusterConfigChangeNotify]  

2022-10-08 21:00:33,959 INFO Clear point  control rule ,pointName=[ClusterConfigChangeNotify]  

2022-10-08 21:00:33,960 INFO Clear point  control rule for monitorKeys, pointName=[ClusterConfigChangeNotify]  

2022-10-08 21:00:33,960 INFO Load rule from local,pointName=ConfigListen, ruleContent= 

2022-10-08 21:00:33,960 INFO Apply tps control rule parse start,pointName=[ConfigListen]  

2022-10-08 21:00:33,960 INFO Clear point  control rule ,pointName=[ConfigListen]  

2022-10-08 21:00:33,960 INFO Clear point  control rule for monitorKeys, pointName=[ConfigListen]  

2022-10-08 21:00:33,960 INFO Load rule from local,pointName=ConfigRemove, ruleContent= 

2022-10-08 21:00:33,960 INFO Apply tps control rule parse start,pointName=[ConfigRemove]  

2022-10-08 21:00:33,960 INFO Clear point  control rule ,pointName=[ConfigRemove]  

2022-10-08 21:00:33,960 INFO Clear point  control rule for monitorKeys, pointName=[ConfigRemove]  

2022-10-08 21:00:33,960 INFO Load rule from local,pointName=ConfigPublish, ruleContent= 

2022-10-08 21:00:33,960 INFO Apply tps control rule parse start,pointName=[ConfigPublish]  

2022-10-08 21:00:33,960 INFO Clear point  control rule ,pointName=[ConfigPublish]  

2022-10-08 21:00:33,960 INFO Clear point  control rule for monitorKeys, pointName=[ConfigPublish]  

2022-10-08 21:00:33,960 INFO Load rule from local,pointName=HealthCheck, ruleContent= 

2022-10-08 21:00:33,960 INFO Apply tps control rule parse start,pointName=[HealthCheck]  

2022-10-08 21:00:33,960 INFO Clear point  control rule ,pointName=[HealthCheck]  

2022-10-08 21:00:33,960 INFO Clear point  control rule for monitorKeys, pointName=[HealthCheck]  

2022-10-08 21:07:44,289 INFO Register tps control,pointName=CONFIG_PUSH_COUNT, point=com.alibaba.nacos.core.remote.control.TpsMonitorPoint@26d820eb 

2022-10-08 21:07:44,289 INFO Load rule from local,pointName=CONFIG_PUSH_COUNT, ruleContent= 

2022-10-08 21:07:44,289 INFO Apply tps control rule parse start,pointName=[CONFIG_PUSH_COUNT]  

2022-10-08 21:07:44,289 INFO Clear point  control rule ,pointName=[CONFIG_PUSH_COUNT]  

2022-10-08 21:07:44,289 INFO Clear point  control rule for monitorKeys, pointName=[CONFIG_PUSH_COUNT]  

2022-10-08 21:07:44,289 INFO Register tps control,pointName=CONFIG_PUSH_SUCCESS, point=com.alibaba.nacos.core.remote.control.TpsMonitorPoint@507d20bb 

2022-10-08 21:07:44,289 INFO Load rule from local,pointName=CONFIG_PUSH_SUCCESS, ruleContent= 

2022-10-08 21:07:44,289 INFO Apply tps control rule parse start,pointName=[CONFIG_PUSH_SUCCESS]  

2022-10-08 21:07:44,289 INFO Clear point  control rule ,pointName=[CONFIG_PUSH_SUCCESS]  

2022-10-08 21:07:44,289 INFO Clear point  control rule for monitorKeys, pointName=[CONFIG_PUSH_SUCCESS]  

2022-10-08 21:07:44,289 INFO Register tps control,pointName=CONFIG_PUSH_FAIL, point=com.alibaba.nacos.core.remote.control.TpsMonitorPoint@9fec931 

2022-10-08 21:07:44,289 INFO Load rule from local,pointName=CONFIG_PUSH_FAIL, ruleContent= 

2022-10-08 21:07:44,289 INFO Apply tps control rule parse start,pointName=[CONFIG_PUSH_FAIL]  

2022-10-08 21:07:44,289 INFO Clear point  control rule ,pointName=[CONFIG_PUSH_FAIL]  

2022-10-08 21:07:44,289 INFO Clear point  control rule for monitorKeys, pointName=[CONFIG_PUSH_FAIL]  

2022-10-08 21:07:44,342 INFO Load rule from local,pointName=CONFIG_PUSH_COUNT, ruleContent= 

2022-10-08 21:07:44,462 INFO Apply tps control rule parse start,pointName=[CONFIG_PUSH_COUNT]  

2022-10-08 21:07:44,463 INFO Clear point  control rule ,pointName=[CONFIG_PUSH_COUNT]  

2022-10-08 21:07:44,463 INFO Clear point  control rule for monitorKeys, pointName=[CONFIG_PUSH_COUNT]  

2022-10-08 21:07:44,463 INFO Load rule from local,pointName=CONFIG_PUSH_SUCCESS, ruleContent= 

2022-10-08 21:07:44,463 INFO Apply tps control rule parse start,pointName=[CONFIG_PUSH_SUCCESS]  

2022-10-08 21:07:44,463 INFO Clear point  control rule ,pointName=[CONFIG_PUSH_SUCCESS]  

2022-10-08 21:07:44,463 INFO Clear point  control rule for monitorKeys, pointName=[CONFIG_PUSH_SUCCESS]  

2022-10-08 21:07:44,463 INFO Load rule from local,pointName=CONFIG_PUSH_FAIL, ruleContent= 

2022-10-08 21:07:44,463 INFO Apply tps control rule parse start,pointName=[CONFIG_PUSH_FAIL]  

2022-10-08 21:07:44,463 INFO Clear point  control rule ,pointName=[CONFIG_PUSH_FAIL]  

2022-10-08 21:07:44,463 INFO Clear point  control rule for monitorKeys, pointName=[CONFIG_PUSH_FAIL]  

2022-10-08 21:07:58,214 INFO Register tps control,pointName=ConfigQuery, point=com.alibaba.nacos.core.remote.control.TpsMonitorPoint@6fc29daa 

2022-10-08 21:07:58,214 INFO Load rule from local,pointName=ConfigQuery, ruleContent= 

2022-10-08 21:07:58,214 INFO Apply tps control rule parse start,pointName=[ConfigQuery]  

2022-10-08 21:07:58,214 INFO Clear point  control rule ,pointName=[ConfigQuery]  

2022-10-08 21:07:58,214 INFO Clear point  control rule for monitorKeys, pointName=[ConfigQuery]  

2022-10-08 21:07:58,214 INFO Register tps control,pointName=ClusterConfigChangeNotify, point=com.alibaba.nacos.core.remote.control.TpsMonitorPoint@2f66f0d0 

2022-10-08 21:07:58,214 INFO Load rule from local,pointName=ClusterConfigChangeNotify, ruleContent= 

2022-10-08 21:07:58,214 INFO Apply tps control rule parse start,pointName=[ClusterConfigChangeNotify]  

2022-10-08 21:07:58,214 INFO Clear point  control rule ,pointName=[ClusterConfigChangeNotify]  

2022-10-08 21:07:58,214 INFO Clear point  control rule for monitorKeys, pointName=[ClusterConfigChangeNotify]  

2022-10-08 21:07:58,214 INFO Register tps control,pointName=ConfigListen, point=com.alibaba.nacos.core.remote.control.TpsMonitorPoint@4d62f4c6 

2022-10-08 21:07:58,214 INFO Load rule from local,pointName=ConfigListen, ruleContent= 

2022-10-08 21:07:58,214 INFO Apply tps control rule parse start,pointName=[ConfigListen]  

2022-10-08 21:07:58,214 INFO Clear point  control rule ,pointName=[ConfigListen]  

2022-10-08 21:07:58,214 INFO Clear point  control rule for monitorKeys, pointName=[ConfigListen]  

2022-10-08 21:07:58,214 INFO Register tps control,pointName=ConfigRemove, point=com.alibaba.nacos.core.remote.control.TpsMonitorPoint@7569ea63 

2022-10-08 21:07:58,214 INFO Load rule from local,pointName=ConfigRemove, ruleContent= 

2022-10-08 21:07:58,214 INFO Apply tps control rule parse start,pointName=[ConfigRemove]  

2022-10-08 21:07:58,214 INFO Clear point  control rule ,pointName=[ConfigRemove]  

2022-10-08 21:07:58,214 INFO Clear point  control rule for monitorKeys, pointName=[ConfigRemove]  

2022-10-08 21:07:58,214 INFO Register tps control,pointName=ConfigPublish, point=com.alibaba.nacos.core.remote.control.TpsMonitorPoint@ebd06a9 

2022-10-08 21:07:58,215 INFO Load rule from local,pointName=ConfigPublish, ruleContent= 

2022-10-08 21:07:58,215 INFO Apply tps control rule parse start,pointName=[ConfigPublish]  

2022-10-08 21:07:58,215 INFO Clear point  control rule ,pointName=[ConfigPublish]  

2022-10-08 21:07:58,215 INFO Clear point  control rule for monitorKeys, pointName=[ConfigPublish]  

2022-10-08 21:07:58,215 INFO Register tps control,pointName=HealthCheck, point=com.alibaba.nacos.core.remote.control.TpsMonitorPoint@16c587de 

2022-10-08 21:07:58,215 INFO Load rule from local,pointName=HealthCheck, ruleContent= 

2022-10-08 21:07:58,215 INFO Apply tps control rule parse start,pointName=[HealthCheck]  

2022-10-08 21:07:58,215 INFO Clear point  control rule ,pointName=[HealthCheck]  

2022-10-08 21:07:58,215 INFO Clear point  control rule for monitorKeys, pointName=[HealthCheck]  

2022-10-08 21:07:58,219 INFO Load rule from local,pointName=ConfigQuery, ruleContent= 

2022-10-08 21:07:58,219 INFO Apply tps control rule parse start,pointName=[ConfigQuery]  

2022-10-08 21:07:58,219 INFO Clear point  control rule ,pointName=[ConfigQuery]  

2022-10-08 21:07:58,219 INFO Clear point  control rule for monitorKeys, pointName=[ConfigQuery]  

2022-10-08 21:07:58,219 INFO Load rule from local,pointName=ClusterConfigChangeNotify, ruleContent= 

2022-10-08 21:07:58,219 INFO Apply tps control rule parse start,pointName=[ClusterConfigChangeNotify]  

2022-10-08 21:07:58,219 INFO Clear point  control rule ,pointName=[ClusterConfigChangeNotify]  

2022-10-08 21:07:58,219 INFO Clear point  control rule for monitorKeys, pointName=[ClusterConfigChangeNotify]  

2022-10-08 21:07:58,219 INFO Load rule from local,pointName=ConfigListen, ruleContent= 

2022-10-08 21:07:58,219 INFO Apply tps control rule parse start,pointName=[ConfigListen]  

2022-10-08 21:07:58,219 INFO Clear point  control rule ,pointName=[ConfigListen]  

2022-10-08 21:07:58,219 INFO Clear point  control rule for monitorKeys, pointName=[ConfigListen]  

2022-10-08 21:07:58,220 INFO Load rule from local,pointName=ConfigRemove, ruleContent= 

2022-10-08 21:07:58,220 INFO Apply tps control rule parse start,pointName=[ConfigRemove]  

2022-10-08 21:07:58,220 INFO Clear point  control rule ,pointName=[ConfigRemove]  

2022-10-08 21:07:58,220 INFO Clear point  control rule for monitorKeys, pointName=[ConfigRemove]  

2022-10-08 21:07:58,220 INFO Load rule from local,pointName=ConfigPublish, ruleContent= 

2022-10-08 21:07:58,220 INFO Apply tps control rule parse start,pointName=[ConfigPublish]  

2022-10-08 21:07:58,220 INFO Clear point  control rule ,pointName=[ConfigPublish]  

2022-10-08 21:07:58,220 INFO Clear point  control rule for monitorKeys, pointName=[ConfigPublish]  

2022-10-08 21:07:58,220 INFO Load rule from local,pointName=HealthCheck, ruleContent= 

2022-10-08 21:07:58,220 INFO Apply tps control rule parse start,pointName=[HealthCheck]  

2022-10-08 21:07:58,220 INFO Clear point  control rule ,pointName=[HealthCheck]  

2022-10-08 21:07:58,220 INFO Clear point  control rule for monitorKeys, pointName=[HealthCheck]  

2022-10-08 21:24:58,396 INFO Register tps control,pointName=CONFIG_PUSH_COUNT, point=com.alibaba.nacos.core.remote.control.TpsMonitorPoint@57a48985 

2022-10-08 21:24:58,396 INFO Load rule from local,pointName=CONFIG_PUSH_COUNT, ruleContent= 

2022-10-08 21:24:58,396 INFO Apply tps control rule parse start,pointName=[CONFIG_PUSH_COUNT]  

2022-10-08 21:24:58,396 INFO Clear point  control rule ,pointName=[CONFIG_PUSH_COUNT]  

2022-10-08 21:24:58,396 INFO Clear point  control rule for monitorKeys, pointName=[CONFIG_PUSH_COUNT]  

2022-10-08 21:24:58,397 INFO Register tps control,pointName=CONFIG_PUSH_SUCCESS, point=com.alibaba.nacos.core.remote.control.TpsMonitorPoint@1ab6718 

2022-10-08 21:24:58,397 INFO Load rule from local,pointName=CONFIG_PUSH_SUCCESS, ruleContent= 

2022-10-08 21:24:58,397 INFO Apply tps control rule parse start,pointName=[CONFIG_PUSH_SUCCESS]  

2022-10-08 21:24:58,397 INFO Clear point  control rule ,pointName=[CONFIG_PUSH_SUCCESS]  

2022-10-08 21:24:58,397 INFO Clear point  control rule for monitorKeys, pointName=[CONFIG_PUSH_SUCCESS]  

2022-10-08 21:24:58,397 INFO Register tps control,pointName=CONFIG_PUSH_FAIL, point=com.alibaba.nacos.core.remote.control.TpsMonitorPoint@3910fe11 

2022-10-08 21:24:58,397 INFO Load rule from local,pointName=CONFIG_PUSH_FAIL, ruleContent= 

2022-10-08 21:24:58,402 INFO Apply tps control rule parse start,pointName=[CONFIG_PUSH_FAIL]  

2022-10-08 21:24:58,402 INFO Clear point  control rule ,pointName=[CONFIG_PUSH_FAIL]  

2022-10-08 21:24:58,405 INFO Clear point  control rule for monitorKeys, pointName=[CONFIG_PUSH_FAIL]  

2022-10-08 21:24:58,439 INFO Load rule from local,pointName=CONFIG_PUSH_COUNT, ruleContent= 

2022-10-08 21:24:58,500 INFO Apply tps control rule parse start,pointName=[CONFIG_PUSH_COUNT]  

2022-10-08 21:24:58,500 INFO Clear point  control rule ,pointName=[CONFIG_PUSH_COUNT]  

2022-10-08 21:24:58,500 INFO Clear point  control rule for monitorKeys, pointName=[CONFIG_PUSH_COUNT]  

2022-10-08 21:24:58,501 INFO Load rule from local,pointName=CONFIG_PUSH_SUCCESS, ruleContent= 

2022-10-08 21:24:58,501 INFO Apply tps control rule parse start,pointName=[CONFIG_PUSH_SUCCESS]  

2022-10-08 21:24:58,501 INFO Clear point  control rule ,pointName=[CONFIG_PUSH_SUCCESS]  

2022-10-08 21:24:58,501 INFO Clear point  control rule for monitorKeys, pointName=[CONFIG_PUSH_SUCCESS]  

2022-10-08 21:24:58,501 INFO Load rule from local,pointName=CONFIG_PUSH_FAIL, ruleContent= 

2022-10-08 21:24:58,501 INFO Apply tps control rule parse start,pointName=[CONFIG_PUSH_FAIL]  

2022-10-08 21:24:58,501 INFO Clear point  control rule ,pointName=[CONFIG_PUSH_FAIL]  

2022-10-08 21:24:58,501 INFO Clear point  control rule for monitorKeys, pointName=[CONFIG_PUSH_FAIL]  

2022-10-08 21:25:12,044 INFO Register tps control,pointName=ConfigQuery, point=com.alibaba.nacos.core.remote.control.TpsMonitorPoint@5f117b3d 

2022-10-08 21:25:12,045 INFO Load rule from local,pointName=ConfigQuery, ruleContent= 

2022-10-08 21:25:12,045 INFO Apply tps control rule parse start,pointName=[ConfigQuery]  

2022-10-08 21:25:12,045 INFO Clear point  control rule ,pointName=[ConfigQuery]  

2022-10-08 21:25:12,045 INFO Clear point  control rule for monitorKeys, pointName=[ConfigQuery]  

2022-10-08 21:25:12,045 INFO Register tps control,pointName=ClusterConfigChangeNotify, point=com.alibaba.nacos.core.remote.control.TpsMonitorPoint@1174a305 

2022-10-08 21:25:12,045 INFO Load rule from local,pointName=ClusterConfigChangeNotify, ruleContent= 

2022-10-08 21:25:12,045 INFO Apply tps control rule parse start,pointName=[ClusterConfigChangeNotify]  

2022-10-08 21:25:12,045 INFO Clear point  control rule ,pointName=[ClusterConfigChangeNotify]  

2022-10-08 21:25:12,045 INFO Clear point  control rule for monitorKeys, pointName=[ClusterConfigChangeNotify]  

2022-10-08 21:25:12,045 INFO Register tps control,pointName=ConfigListen, point=com.alibaba.nacos.core.remote.control.TpsMonitorPoint@71b6d77f 

2022-10-08 21:25:12,045 INFO Load rule from local,pointName=ConfigListen, ruleContent= 

2022-10-08 21:25:12,045 INFO Apply tps control rule parse start,pointName=[ConfigListen]  

2022-10-08 21:25:12,045 INFO Clear point  control rule ,pointName=[ConfigListen]  

2022-10-08 21:25:12,045 INFO Clear point  control rule for monitorKeys, pointName=[ConfigListen]  

2022-10-08 21:25:12,045 INFO Register tps control,pointName=ConfigRemove, point=com.alibaba.nacos.core.remote.control.TpsMonitorPoint@1866da85 

2022-10-08 21:25:12,045 INFO Load rule from local,pointName=ConfigRemove, ruleContent= 

2022-10-08 21:25:12,045 INFO Apply tps control rule parse start,pointName=[ConfigRemove]  

2022-10-08 21:25:12,045 INFO Clear point  control rule ,pointName=[ConfigRemove]  

2022-10-08 21:25:12,045 INFO Clear point  control rule for monitorKeys, pointName=[ConfigRemove]  

2022-10-08 21:25:12,045 INFO Register tps control,pointName=ConfigPublish, point=com.alibaba.nacos.core.remote.control.TpsMonitorPoint@4cfa8227 

2022-10-08 21:25:12,045 INFO Load rule from local,pointName=ConfigPublish, ruleContent= 

2022-10-08 21:25:12,045 INFO Apply tps control rule parse start,pointName=[ConfigPublish]  

2022-10-08 21:25:12,045 INFO Clear point  control rule ,pointName=[ConfigPublish]  

2022-10-08 21:25:12,045 INFO Clear point  control rule for monitorKeys, pointName=[ConfigPublish]  

2022-10-08 21:25:12,045 INFO Register tps control,pointName=HealthCheck, point=com.alibaba.nacos.core.remote.control.TpsMonitorPoint@78226c36 

2022-10-08 21:25:12,045 INFO Load rule from local,pointName=HealthCheck, ruleContent= 

2022-10-08 21:25:12,045 INFO Apply tps control rule parse start,pointName=[HealthCheck]  

2022-10-08 21:25:12,045 INFO Clear point  control rule ,pointName=[HealthCheck]  

2022-10-08 21:25:12,046 INFO Clear point  control rule for monitorKeys, pointName=[HealthCheck]  

2022-10-08 21:25:12,051 INFO Load rule from local,pointName=ConfigQuery, ruleContent= 

2022-10-08 21:25:12,051 INFO Apply tps control rule parse start,pointName=[ConfigQuery]  

2022-10-08 21:25:12,051 INFO Clear point  control rule ,pointName=[ConfigQuery]  

2022-10-08 21:25:12,051 INFO Clear point  control rule for monitorKeys, pointName=[ConfigQuery]  

2022-10-08 21:25:12,051 INFO Load rule from local,pointName=ClusterConfigChangeNotify, ruleContent= 

2022-10-08 21:25:12,051 INFO Apply tps control rule parse start,pointName=[ClusterConfigChangeNotify]  

2022-10-08 21:25:12,051 INFO Clear point  control rule ,pointName=[ClusterConfigChangeNotify]  

2022-10-08 21:25:12,051 INFO Clear point  control rule for monitorKeys, pointName=[ClusterConfigChangeNotify]  

2022-10-08 21:25:12,052 INFO Load rule from local,pointName=ConfigListen, ruleContent= 

2022-10-08 21:25:12,052 INFO Apply tps control rule parse start,pointName=[ConfigListen]  

2022-10-08 21:25:12,052 INFO Clear point  control rule ,pointName=[ConfigListen]  

2022-10-08 21:25:12,052 INFO Clear point  control rule for monitorKeys, pointName=[ConfigListen]  

2022-10-08 21:25:12,052 INFO Load rule from local,pointName=ConfigRemove, ruleContent= 

2022-10-08 21:25:12,052 INFO Apply tps control rule parse start,pointName=[ConfigRemove]  

2022-10-08 21:25:12,052 INFO Clear point  control rule ,pointName=[ConfigRemove]  

2022-10-08 21:25:12,052 INFO Clear point  control rule for monitorKeys, pointName=[ConfigRemove]  

2022-10-08 21:25:12,052 INFO Load rule from local,pointName=ConfigPublish, ruleContent= 

2022-10-08 21:25:12,052 INFO Apply tps control rule parse start,pointName=[ConfigPublish]  

2022-10-08 21:25:12,052 INFO Clear point  control rule ,pointName=[ConfigPublish]  

2022-10-08 21:25:12,052 INFO Clear point  control rule for monitorKeys, pointName=[ConfigPublish]  

2022-10-08 21:25:12,052 INFO Load rule from local,pointName=HealthCheck, ruleContent= 

2022-10-08 21:25:12,052 INFO Apply tps control rule parse start,pointName=[HealthCheck]  

2022-10-08 21:25:12,052 INFO Clear point  control rule ,pointName=[HealthCheck]  

2022-10-08 21:25:12,052 INFO Clear point  control rule for monitorKeys, pointName=[HealthCheck]  

2022-10-08 21:31:32,719 INFO Register tps control,pointName=CONFIG_PUSH_COUNT, point=com.alibaba.nacos.core.remote.control.TpsMonitorPoint@3910fe11 

2022-10-08 21:31:32,719 INFO Load rule from local,pointName=CONFIG_PUSH_COUNT, ruleContent= 

2022-10-08 21:31:32,719 INFO Apply tps control rule parse start,pointName=[CONFIG_PUSH_COUNT]  

2022-10-08 21:31:32,719 INFO Clear point  control rule ,pointName=[CONFIG_PUSH_COUNT]  

2022-10-08 21:31:32,719 INFO Clear point  control rule for monitorKeys, pointName=[CONFIG_PUSH_COUNT]  

2022-10-08 21:31:32,741 INFO Register tps control,pointName=CONFIG_PUSH_SUCCESS, point=com.alibaba.nacos.core.remote.control.TpsMonitorPoint@460510aa 

2022-10-08 21:31:32,742 INFO Load rule from local,pointName=CONFIG_PUSH_SUCCESS, ruleContent= 

2022-10-08 21:31:32,742 INFO Apply tps control rule parse start,pointName=[CONFIG_PUSH_SUCCESS]  

2022-10-08 21:31:32,742 INFO Clear point  control rule ,pointName=[CONFIG_PUSH_SUCCESS]  

2022-10-08 21:31:32,742 INFO Clear point  control rule for monitorKeys, pointName=[CONFIG_PUSH_SUCCESS]  

2022-10-08 21:31:32,742 INFO Register tps control,pointName=CONFIG_PUSH_FAIL, point=com.alibaba.nacos.core.remote.control.TpsMonitorPoint@351e414e 

2022-10-08 21:31:32,742 INFO Load rule from local,pointName=CONFIG_PUSH_FAIL, ruleContent= 

2022-10-08 21:31:32,742 INFO Apply tps control rule parse start,pointName=[CONFIG_PUSH_FAIL]  

2022-10-08 21:31:32,742 INFO Clear point  control rule ,pointName=[CONFIG_PUSH_FAIL]  

2022-10-08 21:31:32,742 INFO Clear point  control rule for monitorKeys, pointName=[CONFIG_PUSH_FAIL]  

2022-10-08 21:31:32,834 INFO Load rule from local,pointName=CONFIG_PUSH_COUNT, ruleContent= 

2022-10-08 21:31:32,886 INFO Apply tps control rule parse start,pointName=[CONFIG_PUSH_COUNT]  

2022-10-08 21:31:32,886 INFO Clear point  control rule ,pointName=[CONFIG_PUSH_COUNT]  

2022-10-08 21:31:32,886 INFO Clear point  control rule for monitorKeys, pointName=[CONFIG_PUSH_COUNT]  

2022-10-08 21:31:32,886 INFO Load rule from local,pointName=CONFIG_PUSH_SUCCESS, ruleContent= 

2022-10-08 21:31:32,886 INFO Apply tps control rule parse start,pointName=[CONFIG_PUSH_SUCCESS]  

2022-10-08 21:31:32,887 INFO Clear point  control rule ,pointName=[CONFIG_PUSH_SUCCESS]  

2022-10-08 21:31:32,887 INFO Clear point  control rule for monitorKeys, pointName=[CONFIG_PUSH_SUCCESS]  

2022-10-08 21:31:32,887 INFO Load rule from local,pointName=CONFIG_PUSH_FAIL, ruleContent= 

2022-10-08 21:31:32,887 INFO Apply tps control rule parse start,pointName=[CONFIG_PUSH_FAIL]  

2022-10-08 21:31:32,887 INFO Clear point  control rule ,pointName=[CONFIG_PUSH_FAIL]  

2022-10-08 21:31:32,887 INFO Clear point  control rule for monitorKeys, pointName=[CONFIG_PUSH_FAIL]  

2022-10-08 21:31:46,506 INFO Register tps control,pointName=ConfigQuery, point=com.alibaba.nacos.core.remote.control.TpsMonitorPoint@72825400 

2022-10-08 21:31:46,506 INFO Load rule from local,pointName=ConfigQuery, ruleContent= 

2022-10-08 21:31:46,507 INFO Apply tps control rule parse start,pointName=[ConfigQuery]  

2022-10-08 21:31:46,507 INFO Clear point  control rule ,pointName=[ConfigQuery]  

2022-10-08 21:31:46,507 INFO Clear point  control rule for monitorKeys, pointName=[ConfigQuery]  

2022-10-08 21:31:46,507 INFO Register tps control,pointName=ClusterConfigChangeNotify, point=com.alibaba.nacos.core.remote.control.TpsMonitorPoint@19ee1ae6 

2022-10-08 21:31:46,507 INFO Load rule from local,pointName=ClusterConfigChangeNotify, ruleContent= 

2022-10-08 21:31:46,507 INFO Apply tps control rule parse start,pointName=[ClusterConfigChangeNotify]  

2022-10-08 21:31:46,507 INFO Clear point  control rule ,pointName=[ClusterConfigChangeNotify]  

2022-10-08 21:31:46,507 INFO Clear point  control rule for monitorKeys, pointName=[ClusterConfigChangeNotify]  

2022-10-08 21:31:46,507 INFO Register tps control,pointName=ConfigListen, point=com.alibaba.nacos.core.remote.control.TpsMonitorPoint@5f117b3d 

2022-10-08 21:31:46,507 INFO Load rule from local,pointName=ConfigListen, ruleContent= 

2022-10-08 21:31:46,507 INFO Apply tps control rule parse start,pointName=[ConfigListen]  

2022-10-08 21:31:46,507 INFO Clear point  control rule ,pointName=[ConfigListen]  

2022-10-08 21:31:46,507 INFO Clear point  control rule for monitorKeys, pointName=[ConfigListen]  

2022-10-08 21:31:46,507 INFO Register tps control,pointName=ConfigRemove, point=com.alibaba.nacos.core.remote.control.TpsMonitorPoint@1174a305 

2022-10-08 21:31:46,507 INFO Load rule from local,pointName=ConfigRemove, ruleContent= 

2022-10-08 21:31:46,507 INFO Apply tps control rule parse start,pointName=[ConfigRemove]  

2022-10-08 21:31:46,507 INFO Clear point  control rule ,pointName=[ConfigRemove]  

2022-10-08 21:31:46,507 INFO Clear point  control rule for monitorKeys, pointName=[ConfigRemove]  

2022-10-08 21:31:46,507 INFO Register tps control,pointName=ConfigPublish, point=com.alibaba.nacos.core.remote.control.TpsMonitorPoint@71b6d77f 

2022-10-08 21:31:46,507 INFO Load rule from local,pointName=ConfigPublish, ruleContent= 

2022-10-08 21:31:46,507 INFO Apply tps control rule parse start,pointName=[ConfigPublish]  

2022-10-08 21:31:46,507 INFO Clear point  control rule ,pointName=[ConfigPublish]  

2022-10-08 21:31:46,507 INFO Clear point  control rule for monitorKeys, pointName=[ConfigPublish]  

2022-10-08 21:31:46,507 INFO Register tps control,pointName=HealthCheck, point=com.alibaba.nacos.core.remote.control.TpsMonitorPoint@1866da85 

2022-10-08 21:31:46,507 INFO Load rule from local,pointName=HealthCheck, ruleContent= 

2022-10-08 21:31:46,507 INFO Apply tps control rule parse start,pointName=[HealthCheck]  

2022-10-08 21:31:46,507 INFO Clear point  control rule ,pointName=[HealthCheck]  

2022-10-08 21:31:46,507 INFO Clear point  control rule for monitorKeys, pointName=[HealthCheck]  

2022-10-08 21:31:46,513 INFO Load rule from local,pointName=ConfigQuery, ruleContent= 

2022-10-08 21:31:46,513 INFO Apply tps control rule parse start,pointName=[ConfigQuery]  

2022-10-08 21:31:46,513 INFO Clear point  control rule ,pointName=[ConfigQuery]  

2022-10-08 21:31:46,513 INFO Clear point  control rule for monitorKeys, pointName=[ConfigQuery]  

2022-10-08 21:31:46,513 INFO Load rule from local,pointName=ClusterConfigChangeNotify, ruleContent= 

2022-10-08 21:31:46,513 INFO Apply tps control rule parse start,pointName=[ClusterConfigChangeNotify]  

2022-10-08 21:31:46,513 INFO Clear point  control rule ,pointName=[ClusterConfigChangeNotify]  

2022-10-08 21:31:46,513 INFO Clear point  control rule for monitorKeys, pointName=[ClusterConfigChangeNotify]  

2022-10-08 21:31:46,513 INFO Load rule from local,pointName=ConfigListen, ruleContent= 

2022-10-08 21:31:46,513 INFO Apply tps control rule parse start,pointName=[ConfigListen]  

2022-10-08 21:31:46,513 INFO Clear point  control rule ,pointName=[ConfigListen]  

2022-10-08 21:31:46,513 INFO Clear point  control rule for monitorKeys, pointName=[ConfigListen]  

2022-10-08 21:31:46,513 INFO Load rule from local,pointName=ConfigRemove, ruleContent= 

2022-10-08 21:31:46,513 INFO Apply tps control rule parse start,pointName=[ConfigRemove]  

2022-10-08 21:31:46,513 INFO Clear point  control rule ,pointName=[ConfigRemove]  

2022-10-08 21:31:46,513 INFO Clear point  control rule for monitorKeys, pointName=[ConfigRemove]  

2022-10-08 21:31:46,513 INFO Load rule from local,pointName=ConfigPublish, ruleContent= 

2022-10-08 21:31:46,513 INFO Apply tps control rule parse start,pointName=[ConfigPublish]  

2022-10-08 21:31:46,513 INFO Clear point  control rule ,pointName=[ConfigPublish]  

2022-10-08 21:31:46,513 INFO Clear point  control rule for monitorKeys, pointName=[ConfigPublish]  

2022-10-08 21:31:46,513 INFO Load rule from local,pointName=HealthCheck, ruleContent= 

2022-10-08 21:31:46,513 INFO Apply tps control rule parse start,pointName=[HealthCheck]  

2022-10-08 21:31:46,513 INFO Clear point  control rule ,pointName=[HealthCheck]  

2022-10-08 21:31:46,513 INFO Clear point  control rule for monitorKeys, pointName=[HealthCheck]  

2022-10-08 21:42:18,203 INFO Register tps control,pointName=CONFIG_PUSH_COUNT, point=com.alibaba.nacos.core.remote.control.TpsMonitorPoint@4393593c 

2022-10-08 21:42:18,204 INFO Load rule from local,pointName=CONFIG_PUSH_COUNT, ruleContent= 

2022-10-08 21:42:18,204 INFO Apply tps control rule parse start,pointName=[CONFIG_PUSH_COUNT]  

2022-10-08 21:42:18,204 INFO Clear point  control rule ,pointName=[CONFIG_PUSH_COUNT]  

2022-10-08 21:42:18,204 INFO Clear point  control rule for monitorKeys, pointName=[CONFIG_PUSH_COUNT]  

2022-10-08 21:42:18,204 INFO Register tps control,pointName=CONFIG_PUSH_SUCCESS, point=com.alibaba.nacos.core.remote.control.TpsMonitorPoint@314c8b4a 

2022-10-08 21:42:18,204 INFO Load rule from local,pointName=CONFIG_PUSH_SUCCESS, ruleContent= 

2022-10-08 21:42:18,204 INFO Apply tps control rule parse start,pointName=[CONFIG_PUSH_SUCCESS]  

2022-10-08 21:42:18,204 INFO Clear point  control rule ,pointName=[CONFIG_PUSH_SUCCESS]  

2022-10-08 21:42:18,204 INFO Clear point  control rule for monitorKeys, pointName=[CONFIG_PUSH_SUCCESS]  

2022-10-08 21:42:18,204 INFO Register tps control,pointName=CONFIG_PUSH_FAIL, point=com.alibaba.nacos.core.remote.control.TpsMonitorPoint@26d820eb 

2022-10-08 21:42:18,204 INFO Load rule from local,pointName=CONFIG_PUSH_FAIL, ruleContent= 

2022-10-08 21:42:18,204 INFO Apply tps control rule parse start,pointName=[CONFIG_PUSH_FAIL]  

2022-10-08 21:42:18,204 INFO Clear point  control rule ,pointName=[CONFIG_PUSH_FAIL]  

2022-10-08 21:42:18,204 INFO Clear point  control rule for monitorKeys, pointName=[CONFIG_PUSH_FAIL]  

2022-10-08 21:42:18,224 INFO Load rule from local,pointName=CONFIG_PUSH_COUNT, ruleContent= 

2022-10-08 21:42:18,264 INFO Apply tps control rule parse start,pointName=[CONFIG_PUSH_COUNT]  

2022-10-08 21:42:18,265 INFO Clear point  control rule ,pointName=[CONFIG_PUSH_COUNT]  

2022-10-08 21:42:18,265 INFO Clear point  control rule for monitorKeys, pointName=[CONFIG_PUSH_COUNT]  

2022-10-08 21:42:18,265 INFO Load rule from local,pointName=CONFIG_PUSH_SUCCESS, ruleContent= 

2022-10-08 21:42:18,265 INFO Apply tps control rule parse start,pointName=[CONFIG_PUSH_SUCCESS]  

2022-10-08 21:42:18,265 INFO Clear point  control rule ,pointName=[CONFIG_PUSH_SUCCESS]  

2022-10-08 21:42:18,265 INFO Clear point  control rule for monitorKeys, pointName=[CONFIG_PUSH_SUCCESS]  

2022-10-08 21:42:18,265 INFO Load rule from local,pointName=CONFIG_PUSH_FAIL, ruleContent= 

2022-10-08 21:42:18,265 INFO Apply tps control rule parse start,pointName=[CONFIG_PUSH_FAIL]  

2022-10-08 21:42:18,265 INFO Clear point  control rule ,pointName=[CONFIG_PUSH_FAIL]  

2022-10-08 21:42:18,265 INFO Clear point  control rule for monitorKeys, pointName=[CONFIG_PUSH_FAIL]  

2022-10-08 21:42:31,903 INFO Register tps control,pointName=ConfigQuery, point=com.alibaba.nacos.core.remote.control.TpsMonitorPoint@ebd06a9 

2022-10-08 21:42:31,903 INFO Load rule from local,pointName=ConfigQuery, ruleContent= 

2022-10-08 21:42:31,903 INFO Apply tps control rule parse start,pointName=[ConfigQuery]  

2022-10-08 21:42:31,903 INFO Clear point  control rule ,pointName=[ConfigQuery]  

2022-10-08 21:42:31,903 INFO Clear point  control rule for monitorKeys, pointName=[ConfigQuery]  

2022-10-08 21:42:31,903 INFO Register tps control,pointName=ClusterConfigChangeNotify, point=com.alibaba.nacos.core.remote.control.TpsMonitorPoint@16c587de 

2022-10-08 21:42:31,912 INFO Load rule from local,pointName=ClusterConfigChangeNotify, ruleContent= 

2022-10-08 21:42:31,912 INFO Apply tps control rule parse start,pointName=[ClusterConfigChangeNotify]  

2022-10-08 21:42:31,912 INFO Clear point  control rule ,pointName=[ClusterConfigChangeNotify]  

2022-10-08 21:42:31,912 INFO Clear point  control rule for monitorKeys, pointName=[ClusterConfigChangeNotify]  

2022-10-08 21:42:31,912 INFO Register tps control,pointName=ConfigListen, point=com.alibaba.nacos.core.remote.control.TpsMonitorPoint@4cdb8504 

2022-10-08 21:42:31,912 INFO Load rule from local,pointName=ConfigListen, ruleContent= 

2022-10-08 21:42:31,912 INFO Apply tps control rule parse start,pointName=[ConfigListen]  

2022-10-08 21:42:31,912 INFO Clear point  control rule ,pointName=[ConfigListen]  

2022-10-08 21:42:31,912 INFO Clear point  control rule for monitorKeys, pointName=[ConfigListen]  

2022-10-08 21:42:31,912 INFO Register tps control,pointName=ConfigRemove, point=com.alibaba.nacos.core.remote.control.TpsMonitorPoint@76db540e 

2022-10-08 21:42:31,913 INFO Load rule from local,pointName=ConfigRemove, ruleContent= 

2022-10-08 21:42:31,913 INFO Apply tps control rule parse start,pointName=[ConfigRemove]  

2022-10-08 21:42:31,913 INFO Clear point  control rule ,pointName=[ConfigRemove]  

2022-10-08 21:42:31,913 INFO Clear point  control rule for monitorKeys, pointName=[ConfigRemove]  

2022-10-08 21:42:31,913 INFO Register tps control,pointName=ConfigPublish, point=com.alibaba.nacos.core.remote.control.TpsMonitorPoint@10358c32 

2022-10-08 21:42:31,913 INFO Load rule from local,pointName=ConfigPublish, ruleContent= 

2022-10-08 21:42:31,913 INFO Apply tps control rule parse start,pointName=[ConfigPublish]  

2022-10-08 21:42:31,913 INFO Clear point  control rule ,pointName=[ConfigPublish]  

2022-10-08 21:42:31,913 INFO Clear point  control rule for monitorKeys, pointName=[ConfigPublish]  

2022-10-08 21:42:31,913 INFO Register tps control,pointName=HealthCheck, point=com.alibaba.nacos.core.remote.control.TpsMonitorPoint@2af4129d 

2022-10-08 21:42:31,913 INFO Load rule from local,pointName=HealthCheck, ruleContent= 

2022-10-08 21:42:31,913 INFO Apply tps control rule parse start,pointName=[HealthCheck]  

2022-10-08 21:42:31,913 INFO Clear point  control rule ,pointName=[HealthCheck]  

2022-10-08 21:42:31,913 INFO Clear point  control rule for monitorKeys, pointName=[HealthCheck]  

2022-10-08 21:42:31,918 INFO Load rule from local,pointName=ConfigQuery, ruleContent= 

2022-10-08 21:42:31,918 INFO Apply tps control rule parse start,pointName=[ConfigQuery]  

2022-10-08 21:42:31,918 INFO Clear point  control rule ,pointName=[ConfigQuery]  

2022-10-08 21:42:31,918 INFO Clear point  control rule for monitorKeys, pointName=[ConfigQuery]  

2022-10-08 21:42:31,918 INFO Load rule from local,pointName=ClusterConfigChangeNotify, ruleContent= 

2022-10-08 21:42:31,918 INFO Apply tps control rule parse start,pointName=[ClusterConfigChangeNotify]  

2022-10-08 21:42:31,918 INFO Clear point  control rule ,pointName=[ClusterConfigChangeNotify]  

2022-10-08 21:42:31,918 INFO Clear point  control rule for monitorKeys, pointName=[ClusterConfigChangeNotify]  

2022-10-08 21:42:31,918 INFO Load rule from local,pointName=ConfigListen, ruleContent= 

2022-10-08 21:42:31,918 INFO Apply tps control rule parse start,pointName=[ConfigListen]  

2022-10-08 21:42:31,918 INFO Clear point  control rule ,pointName=[ConfigListen]  

2022-10-08 21:42:31,918 INFO Clear point  control rule for monitorKeys, pointName=[ConfigListen]  

2022-10-08 21:42:31,918 INFO Load rule from local,pointName=ConfigRemove, ruleContent= 

2022-10-08 21:42:31,918 INFO Apply tps control rule parse start,pointName=[ConfigRemove]  

2022-10-08 21:42:31,918 INFO Clear point  control rule ,pointName=[ConfigRemove]  

2022-10-08 21:42:31,918 INFO Clear point  control rule for monitorKeys, pointName=[ConfigRemove]  

2022-10-08 21:42:31,918 INFO Load rule from local,pointName=ConfigPublish, ruleContent= 

2022-10-08 21:42:31,918 INFO Apply tps control rule parse start,pointName=[ConfigPublish]  

2022-10-08 21:42:31,918 INFO Clear point  control rule ,pointName=[ConfigPublish]  

2022-10-08 21:42:31,918 INFO Clear point  control rule for monitorKeys, pointName=[ConfigPublish]  

2022-10-08 21:42:31,919 INFO Load rule from local,pointName=HealthCheck, ruleContent= 

2022-10-08 21:42:31,919 INFO Apply tps control rule parse start,pointName=[HealthCheck]  

2022-10-08 21:42:31,919 INFO Clear point  control rule ,pointName=[HealthCheck]  

2022-10-08 21:42:31,919 INFO Clear point  control rule for monitorKeys, pointName=[HealthCheck]  

2022-10-08 21:49:46,748 INFO Register tps control,pointName=CONFIG_PUSH_COUNT, point=com.alibaba.nacos.core.remote.control.TpsMonitorPoint@4a05d8ae 

2022-10-08 21:49:46,748 INFO Load rule from local,pointName=CONFIG_PUSH_COUNT, ruleContent= 

2022-10-08 21:49:46,748 INFO Apply tps control rule parse start,pointName=[CONFIG_PUSH_COUNT]  

2022-10-08 21:49:46,748 INFO Clear point  control rule ,pointName=[CONFIG_PUSH_COUNT]  

2022-10-08 21:49:46,748 INFO Clear point  control rule for monitorKeys, pointName=[CONFIG_PUSH_COUNT]  

2022-10-08 21:49:46,749 INFO Register tps control,pointName=CONFIG_PUSH_SUCCESS, point=com.alibaba.nacos.core.remote.control.TpsMonitorPoint@3c904f1e 

2022-10-08 21:49:46,749 INFO Load rule from local,pointName=CONFIG_PUSH_SUCCESS, ruleContent= 

2022-10-08 21:49:46,749 INFO Apply tps control rule parse start,pointName=[CONFIG_PUSH_SUCCESS]  

2022-10-08 21:49:46,749 INFO Clear point  control rule ,pointName=[CONFIG_PUSH_SUCCESS]  

2022-10-08 21:49:46,749 INFO Clear point  control rule for monitorKeys, pointName=[CONFIG_PUSH_SUCCESS]  

2022-10-08 21:49:46,749 INFO Register tps control,pointName=CONFIG_PUSH_FAIL, point=com.alibaba.nacos.core.remote.control.TpsMonitorPoint@4eb30d44 

2022-10-08 21:49:46,749 INFO Load rule from local,pointName=CONFIG_PUSH_FAIL, ruleContent= 

2022-10-08 21:49:46,749 INFO Apply tps control rule parse start,pointName=[CONFIG_PUSH_FAIL]  

2022-10-08 21:49:46,749 INFO Clear point  control rule ,pointName=[CONFIG_PUSH_FAIL]  

2022-10-08 21:49:46,749 INFO Clear point  control rule for monitorKeys, pointName=[CONFIG_PUSH_FAIL]  

2022-10-08 21:49:46,855 INFO Load rule from local,pointName=CONFIG_PUSH_COUNT, ruleContent= 

2022-10-08 21:49:46,961 INFO Apply tps control rule parse start,pointName=[CONFIG_PUSH_COUNT]  

2022-10-08 21:49:46,961 INFO Clear point  control rule ,pointName=[CONFIG_PUSH_COUNT]  

2022-10-08 21:49:46,961 INFO Clear point  control rule for monitorKeys, pointName=[CONFIG_PUSH_COUNT]  

2022-10-08 21:49:46,961 INFO Load rule from local,pointName=CONFIG_PUSH_SUCCESS, ruleContent= 

2022-10-08 21:49:46,961 INFO Apply tps control rule parse start,pointName=[CONFIG_PUSH_SUCCESS]  

2022-10-08 21:49:46,961 INFO Clear point  control rule ,pointName=[CONFIG_PUSH_SUCCESS]  

2022-10-08 21:49:46,961 INFO Clear point  control rule for monitorKeys, pointName=[CONFIG_PUSH_SUCCESS]  

2022-10-08 21:49:46,961 INFO Load rule from local,pointName=CONFIG_PUSH_FAIL, ruleContent= 

2022-10-08 21:49:46,961 INFO Apply tps control rule parse start,pointName=[CONFIG_PUSH_FAIL]  

2022-10-08 21:49:46,961 INFO Clear point  control rule ,pointName=[CONFIG_PUSH_FAIL]  

2022-10-08 21:49:46,961 INFO Clear point  control rule for monitorKeys, pointName=[CONFIG_PUSH_FAIL]  

2022-10-08 21:50:00,186 INFO Register tps control,pointName=ConfigQuery, point=com.alibaba.nacos.core.remote.control.TpsMonitorPoint@74d3b638 

2022-10-08 21:50:00,186 INFO Load rule from local,pointName=ConfigQuery, ruleContent= 

2022-10-08 21:50:00,186 INFO Apply tps control rule parse start,pointName=[ConfigQuery]  

2022-10-08 21:50:00,186 INFO Clear point  control rule ,pointName=[ConfigQuery]  

2022-10-08 21:50:00,186 INFO Clear point  control rule for monitorKeys, pointName=[ConfigQuery]  

2022-10-08 21:50:00,186 INFO Register tps control,pointName=ClusterConfigChangeNotify, point=com.alibaba.nacos.core.remote.control.TpsMonitorPoint@4487c0c2 

2022-10-08 21:50:00,210 INFO Load rule from local,pointName=ClusterConfigChangeNotify, ruleContent= 

2022-10-08 21:50:00,210 INFO Apply tps control rule parse start,pointName=[ClusterConfigChangeNotify]  

2022-10-08 21:50:00,210 INFO Clear point  control rule ,pointName=[ClusterConfigChangeNotify]  

2022-10-08 21:50:00,210 INFO Clear point  control rule for monitorKeys, pointName=[ClusterConfigChangeNotify]  

2022-10-08 21:50:00,210 INFO Register tps control,pointName=ConfigListen, point=com.alibaba.nacos.core.remote.control.TpsMonitorPoint@126f1ba8 

2022-10-08 21:50:00,211 INFO Load rule from local,pointName=ConfigListen, ruleContent= 

2022-10-08 21:50:00,211 INFO Apply tps control rule parse start,pointName=[ConfigListen]  

2022-10-08 21:50:00,211 INFO Clear point  control rule ,pointName=[ConfigListen]  

2022-10-08 21:50:00,211 INFO Clear point  control rule for monitorKeys, pointName=[ConfigListen]  

2022-10-08 21:50:00,211 INFO Register tps control,pointName=ConfigRemove, point=com.alibaba.nacos.core.remote.control.TpsMonitorPoint@3a08078c 

2022-10-08 21:50:00,211 INFO Load rule from local,pointName=ConfigRemove, ruleContent= 

2022-10-08 21:50:00,211 INFO Apply tps control rule parse start,pointName=[ConfigRemove]  

2022-10-08 21:50:00,211 INFO Clear point  control rule ,pointName=[ConfigRemove]  

2022-10-08 21:50:00,211 INFO Clear point  control rule for monitorKeys, pointName=[ConfigRemove]  

2022-10-08 21:50:00,211 INFO Register tps control,pointName=ConfigPublish, point=com.alibaba.nacos.core.remote.control.TpsMonitorPoint@53830483 

2022-10-08 21:50:00,211 INFO Load rule from local,pointName=ConfigPublish, ruleContent= 

2022-10-08 21:50:00,211 INFO Apply tps control rule parse start,pointName=[ConfigPublish]  

2022-10-08 21:50:00,211 INFO Clear point  control rule ,pointName=[ConfigPublish]  

2022-10-08 21:50:00,211 INFO Clear point  control rule for monitorKeys, pointName=[ConfigPublish]  

2022-10-08 21:50:00,211 INFO Register tps control,pointName=HealthCheck, point=com.alibaba.nacos.core.remote.control.TpsMonitorPoint@29f85fe1 

2022-10-08 21:50:00,211 INFO Load rule from local,pointName=HealthCheck, ruleContent= 

2022-10-08 21:50:00,211 INFO Apply tps control rule parse start,pointName=[HealthCheck]  

2022-10-08 21:50:00,211 INFO Clear point  control rule ,pointName=[HealthCheck]  

2022-10-08 21:50:00,211 INFO Clear point  control rule for monitorKeys, pointName=[HealthCheck]  

2022-10-08 21:50:00,214 INFO Load rule from local,pointName=ConfigQuery, ruleContent= 

2022-10-08 21:50:00,214 INFO Apply tps control rule parse start,pointName=[ConfigQuery]  

2022-10-08 21:50:00,214 INFO Clear point  control rule ,pointName=[ConfigQuery]  

2022-10-08 21:50:00,214 INFO Clear point  control rule for monitorKeys, pointName=[ConfigQuery]  

2022-10-08 21:50:00,215 INFO Load rule from local,pointName=ClusterConfigChangeNotify, ruleContent= 

2022-10-08 21:50:00,215 INFO Apply tps control rule parse start,pointName=[ClusterConfigChangeNotify]  

2022-10-08 21:50:00,215 INFO Clear point  control rule ,pointName=[ClusterConfigChangeNotify]  

2022-10-08 21:50:00,215 INFO Clear point  control rule for monitorKeys, pointName=[ClusterConfigChangeNotify]  

2022-10-08 21:50:00,215 INFO Load rule from local,pointName=ConfigListen, ruleContent= 

2022-10-08 21:50:00,215 INFO Apply tps control rule parse start,pointName=[ConfigListen]  

2022-10-08 21:50:00,215 INFO Clear point  control rule ,pointName=[ConfigListen]  

2022-10-08 21:50:00,215 INFO Clear point  control rule for monitorKeys, pointName=[ConfigListen]  

2022-10-08 21:50:00,215 INFO Load rule from local,pointName=ConfigRemove, ruleContent= 

2022-10-08 21:50:00,215 INFO Apply tps control rule parse start,pointName=[ConfigRemove]  

2022-10-08 21:50:00,215 INFO Clear point  control rule ,pointName=[ConfigRemove]  

2022-10-08 21:50:00,215 INFO Clear point  control rule for monitorKeys, pointName=[ConfigRemove]  

2022-10-08 21:50:00,215 INFO Load rule from local,pointName=ConfigPublish, ruleContent= 

2022-10-08 21:50:00,215 INFO Apply tps control rule parse start,pointName=[ConfigPublish]  

2022-10-08 21:50:00,215 INFO Clear point  control rule ,pointName=[ConfigPublish]  

2022-10-08 21:50:00,215 INFO Clear point  control rule for monitorKeys, pointName=[ConfigPublish]  

2022-10-08 21:50:00,215 INFO Load rule from local,pointName=HealthCheck, ruleContent= 

2022-10-08 21:50:00,215 INFO Apply tps control rule parse start,pointName=[HealthCheck]  

2022-10-08 21:50:00,215 INFO Clear point  control rule ,pointName=[HealthCheck]  

2022-10-08 21:50:00,215 INFO Clear point  control rule for monitorKeys, pointName=[HealthCheck]  

2022-10-08 21:51:08,457 INFO Register tps control,pointName=NAMING_RPC_PUSH, point=com.alibaba.nacos.core.remote.control.TpsMonitorPoint@126657f6 

2022-10-08 21:51:08,457 INFO Load rule from local,pointName=NAMING_RPC_PUSH, ruleContent= 

2022-10-08 21:51:08,458 INFO Apply tps control rule parse start,pointName=[NAMING_RPC_PUSH]  

2022-10-08 21:51:08,458 INFO Clear point  control rule ,pointName=[NAMING_RPC_PUSH]  

2022-10-08 21:51:08,458 INFO Clear point  control rule for monitorKeys, pointName=[NAMING_RPC_PUSH]  

2022-10-08 21:51:08,458 INFO Register tps control,pointName=NAMING_RPC_PUSH_SUCCESS, point=com.alibaba.nacos.core.remote.control.TpsMonitorPoint@1ca1bbca 

2022-10-08 21:51:08,458 INFO Load rule from local,pointName=NAMING_RPC_PUSH_SUCCESS, ruleContent= 

2022-10-08 21:51:08,458 INFO Apply tps control rule parse start,pointName=[NAMING_RPC_PUSH_SUCCESS]  

2022-10-08 21:51:08,458 INFO Clear point  control rule ,pointName=[NAMING_RPC_PUSH_SUCCESS]  

2022-10-08 21:51:08,458 INFO Clear point  control rule for monitorKeys, pointName=[NAMING_RPC_PUSH_SUCCESS]  

2022-10-08 21:51:08,458 INFO Register tps control,pointName=NAMING_RPC_PUSH_FAIL, point=com.alibaba.nacos.core.remote.control.TpsMonitorPoint@189e3c86 

2022-10-08 21:51:08,458 INFO Load rule from local,pointName=NAMING_RPC_PUSH_FAIL, ruleContent= 

2022-10-08 21:51:08,458 INFO Apply tps control rule parse start,pointName=[NAMING_RPC_PUSH_FAIL]  

2022-10-08 21:51:08,458 INFO Clear point  control rule ,pointName=[NAMING_RPC_PUSH_FAIL]  

2022-10-08 21:51:08,458 INFO Clear point  control rule for monitorKeys, pointName=[NAMING_RPC_PUSH_FAIL]  

2022-10-08 21:51:08,458 INFO Register tps control,pointName=NAMING_UDP_PUSH, point=com.alibaba.nacos.core.remote.control.TpsMonitorPoint@5d9cb1f1 

2022-10-08 21:51:08,458 INFO Load rule from local,pointName=NAMING_UDP_PUSH, ruleContent= 

2022-10-08 21:51:08,458 INFO Apply tps control rule parse start,pointName=[NAMING_UDP_PUSH]  

2022-10-08 21:51:08,458 INFO Clear point  control rule ,pointName=[NAMING_UDP_PUSH]  

2022-10-08 21:51:08,458 INFO Clear point  control rule for monitorKeys, pointName=[NAMING_UDP_PUSH]  

2022-10-08 21:51:08,458 INFO Register tps control,pointName=NAMING_UDP_PUSH_SUCCESS, point=com.alibaba.nacos.core.remote.control.TpsMonitorPoint@7de58453 

2022-10-08 21:51:08,458 INFO Load rule from local,pointName=NAMING_UDP_PUSH_SUCCESS, ruleContent= 

2022-10-08 21:51:08,458 INFO Apply tps control rule parse start,pointName=[NAMING_UDP_PUSH_SUCCESS]  

2022-10-08 21:51:08,458 INFO Clear point  control rule ,pointName=[NAMING_UDP_PUSH_SUCCESS]  

2022-10-08 21:51:08,458 INFO Clear point  control rule for monitorKeys, pointName=[NAMING_UDP_PUSH_SUCCESS]  

2022-10-08 21:51:08,458 INFO Register tps control,pointName=NAMING_UDP_PUSH_FAIL, point=com.alibaba.nacos.core.remote.control.TpsMonitorPoint@6c8b0fce 

2022-10-08 21:51:08,458 INFO Load rule from local,pointName=NAMING_UDP_PUSH_FAIL, ruleContent= 

2022-10-08 21:51:08,458 INFO Apply tps control rule parse start,pointName=[NAMING_UDP_PUSH_FAIL]  

2022-10-08 21:51:08,458 INFO Clear point  control rule ,pointName=[NAMING_UDP_PUSH_FAIL]  

2022-10-08 21:51:08,458 INFO Clear point  control rule for monitorKeys, pointName=[NAMING_UDP_PUSH_FAIL]  

2022-10-08 21:51:08,458 INFO Register tps control,pointName=NAMING_DISTRO_SYNC, point=com.alibaba.nacos.core.remote.control.TpsMonitorPoint@51864d5 

2022-10-08 21:51:08,458 INFO Load rule from local,pointName=NAMING_DISTRO_SYNC, ruleContent= 

2022-10-08 21:51:08,458 INFO Apply tps control rule parse start,pointName=[NAMING_DISTRO_SYNC]  

2022-10-08 21:51:08,458 INFO Clear point  control rule ,pointName=[NAMING_DISTRO_SYNC]  

2022-10-08 21:51:08,458 INFO Clear point  control rule for monitorKeys, pointName=[NAMING_DISTRO_SYNC]  

2022-10-08 21:51:08,458 INFO Register tps control,pointName=NAMING_DISTRO_SYNC_SUCCESS, point=com.alibaba.nacos.core.remote.control.TpsMonitorPoint@3db34ebe 

2022-10-08 21:51:08,458 INFO Load rule from local,pointName=NAMING_DISTRO_SYNC_SUCCESS, ruleContent= 

2022-10-08 21:51:08,458 INFO Apply tps control rule parse start,pointName=[NAMING_DISTRO_SYNC_SUCCESS]  

2022-10-08 21:51:08,458 INFO Clear point  control rule ,pointName=[NAMING_DISTRO_SYNC_SUCCESS]  

2022-10-08 21:51:08,458 INFO Clear point  control rule for monitorKeys, pointName=[NAMING_DISTRO_SYNC_SUCCESS]  

2022-10-08 21:51:08,458 INFO Register tps control,pointName=NAMING_DISTRO_SYNC_FAIL, point=com.alibaba.nacos.core.remote.control.TpsMonitorPoint@6ca58247 

2022-10-08 21:51:08,472 INFO Load rule from local,pointName=NAMING_DISTRO_SYNC_FAIL, ruleContent= 

2022-10-08 21:51:08,472 INFO Apply tps control rule parse start,pointName=[NAMING_DISTRO_SYNC_FAIL]  

2022-10-08 21:51:08,472 INFO Clear point  control rule ,pointName=[NAMING_DISTRO_SYNC_FAIL]  

2022-10-08 21:51:08,472 INFO Clear point  control rule for monitorKeys, pointName=[NAMING_DISTRO_SYNC_FAIL]  

2022-10-08 21:51:08,472 INFO Register tps control,pointName=NAMING_DISTRO_VERIFY, point=com.alibaba.nacos.core.remote.control.TpsMonitorPoint@58e40562 

2022-10-08 21:51:08,472 INFO Load rule from local,pointName=NAMING_DISTRO_VERIFY, ruleContent= 

2022-10-08 21:51:08,472 INFO Apply tps control rule parse start,pointName=[NAMING_DISTRO_VERIFY]  

2022-10-08 21:51:08,472 INFO Clear point  control rule ,pointName=[NAMING_DISTRO_VERIFY]  

2022-10-08 21:51:08,472 INFO Clear point  control rule for monitorKeys, pointName=[NAMING_DISTRO_VERIFY]  

2022-10-08 21:51:08,473 INFO Register tps control,pointName=NAMING_DISTRO_VERIFY_SUCCESS, point=com.alibaba.nacos.core.remote.control.TpsMonitorPoint@1e1cec67 

2022-10-08 21:51:08,473 INFO Load rule from local,pointName=NAMING_DISTRO_VERIFY_SUCCESS, ruleContent= 

2022-10-08 21:51:08,473 INFO Apply tps control rule parse start,pointName=[NAMING_DISTRO_VERIFY_SUCCESS]  

2022-10-08 21:51:08,473 INFO Clear point  control rule ,pointName=[NAMING_DISTRO_VERIFY_SUCCESS]  

2022-10-08 21:51:08,473 INFO Clear point  control rule for monitorKeys, pointName=[NAMING_DISTRO_VERIFY_SUCCESS]  

2022-10-08 21:51:08,473 INFO Register tps control,pointName=NAMING_DISTRO_VERIFY_FAIL, point=com.alibaba.nacos.core.remote.control.TpsMonitorPoint@39fd97a4 

2022-10-08 21:51:08,473 INFO Load rule from local,pointName=NAMING_DISTRO_VERIFY_FAIL, ruleContent= 

2022-10-08 21:51:08,473 INFO Apply tps control rule parse start,pointName=[NAMING_DISTRO_VERIFY_FAIL]  

2022-10-08 21:51:08,473 INFO Clear point  control rule ,pointName=[NAMING_DISTRO_VERIFY_FAIL]  

2022-10-08 21:51:08,473 INFO Clear point  control rule for monitorKeys, pointName=[NAMING_DISTRO_VERIFY_FAIL]  

2022-10-08 21:51:08,474 INFO Load rule from local,pointName=NAMING_RPC_PUSH, ruleContent= 

2022-10-08 21:51:08,474 INFO Apply tps control rule parse start,pointName=[NAMING_RPC_PUSH]  

2022-10-08 21:51:08,474 INFO Clear point  control rule ,pointName=[NAMING_RPC_PUSH]  

2022-10-08 21:51:08,474 INFO Clear point  control rule for monitorKeys, pointName=[NAMING_RPC_PUSH]  

2022-10-08 21:51:08,474 INFO Load rule from local,pointName=NAMING_RPC_PUSH_SUCCESS, ruleContent= 

2022-10-08 21:51:08,474 INFO Apply tps control rule parse start,pointName=[NAMING_RPC_PUSH_SUCCESS]  

2022-10-08 21:51:08,474 INFO Clear point  control rule ,pointName=[NAMING_RPC_PUSH_SUCCESS]  

2022-10-08 21:51:08,474 INFO Clear point  control rule for monitorKeys, pointName=[NAMING_RPC_PUSH_SUCCESS]  

2022-10-08 21:51:08,474 INFO Load rule from local,pointName=NAMING_RPC_PUSH_FAIL, ruleContent= 

2022-10-08 21:51:08,474 INFO Apply tps control rule parse start,pointName=[NAMING_RPC_PUSH_FAIL]  

2022-10-08 21:51:08,474 INFO Clear point  control rule ,pointName=[NAMING_RPC_PUSH_FAIL]  

2022-10-08 21:51:08,474 INFO Clear point  control rule for monitorKeys, pointName=[NAMING_RPC_PUSH_FAIL]  

2022-10-08 21:51:08,474 INFO Load rule from local,pointName=NAMING_UDP_PUSH, ruleContent= 

2022-10-08 21:51:08,474 INFO Apply tps control rule parse start,pointName=[NAMING_UDP_PUSH]  

2022-10-08 21:51:08,474 INFO Clear point  control rule ,pointName=[NAMING_UDP_PUSH]  

2022-10-08 21:51:08,474 INFO Clear point  control rule for monitorKeys, pointName=[NAMING_UDP_PUSH]  

2022-10-08 21:51:08,474 INFO Load rule from local,pointName=NAMING_UDP_PUSH_SUCCESS, ruleContent= 

2022-10-08 21:51:08,474 INFO Apply tps control rule parse start,pointName=[NAMING_UDP_PUSH_SUCCESS]  

2022-10-08 21:51:08,474 INFO Clear point  control rule ,pointName=[NAMING_UDP_PUSH_SUCCESS]  

2022-10-08 21:51:08,474 INFO Clear point  control rule for monitorKeys, pointName=[NAMING_UDP_PUSH_SUCCESS]  

2022-10-08 21:51:08,474 INFO Load rule from local,pointName=NAMING_UDP_PUSH_FAIL, ruleContent= 

2022-10-08 21:51:08,474 INFO Apply tps control rule parse start,pointName=[NAMING_UDP_PUSH_FAIL]  

2022-10-08 21:51:08,474 INFO Clear point  control rule ,pointName=[NAMING_UDP_PUSH_FAIL]  

2022-10-08 21:51:08,474 INFO Clear point  control rule for monitorKeys, pointName=[NAMING_UDP_PUSH_FAIL]  

2022-10-08 21:51:08,474 INFO Load rule from local,pointName=NAMING_DISTRO_SYNC, ruleContent= 

2022-10-08 21:51:08,474 INFO Apply tps control rule parse start,pointName=[NAMING_DISTRO_SYNC]  

2022-10-08 21:51:08,474 INFO Clear point  control rule ,pointName=[NAMING_DISTRO_SYNC]  

2022-10-08 21:51:08,474 INFO Clear point  control rule for monitorKeys, pointName=[NAMING_DISTRO_SYNC]  

2022-10-08 21:51:08,474 INFO Load rule from local,pointName=NAMING_DISTRO_SYNC_SUCCESS, ruleContent= 

2022-10-08 21:51:08,474 INFO Apply tps control rule parse start,pointName=[NAMING_DISTRO_SYNC_SUCCESS]  

2022-10-08 21:51:08,474 INFO Clear point  control rule ,pointName=[NAMING_DISTRO_SYNC_SUCCESS]  

2022-10-08 21:51:08,474 INFO Clear point  control rule for monitorKeys, pointName=[NAMING_DISTRO_SYNC_SUCCESS]  

2022-10-08 21:51:08,474 INFO Load rule from local,pointName=NAMING_DISTRO_SYNC_FAIL, ruleContent= 

2022-10-08 21:51:08,474 INFO Apply tps control rule parse start,pointName=[NAMING_DISTRO_SYNC_FAIL]  

2022-10-08 21:51:08,474 INFO Clear point  control rule ,pointName=[NAMING_DISTRO_SYNC_FAIL]  

2022-10-08 21:51:08,474 INFO Clear point  control rule for monitorKeys, pointName=[NAMING_DISTRO_SYNC_FAIL]  

2022-10-08 21:51:08,475 INFO Load rule from local,pointName=NAMING_DISTRO_VERIFY, ruleContent= 

2022-10-08 21:51:08,475 INFO Apply tps control rule parse start,pointName=[NAMING_DISTRO_VERIFY]  

2022-10-08 21:51:08,475 INFO Clear point  control rule ,pointName=[NAMING_DISTRO_VERIFY]  

2022-10-08 21:51:08,475 INFO Clear point  control rule for monitorKeys, pointName=[NAMING_DISTRO_VERIFY]  

2022-10-08 21:51:08,475 INFO Load rule from local,pointName=NAMING_DISTRO_VERIFY_SUCCESS, ruleContent= 

2022-10-08 21:51:08,475 INFO Apply tps control rule parse start,pointName=[NAMING_DISTRO_VERIFY_SUCCESS]  

2022-10-08 21:51:08,475 INFO Clear point  control rule ,pointName=[NAMING_DISTRO_VERIFY_SUCCESS]  

2022-10-08 21:51:08,475 INFO Clear point  control rule for monitorKeys, pointName=[NAMING_DISTRO_VERIFY_SUCCESS]  

2022-10-08 21:51:08,475 INFO Load rule from local,pointName=NAMING_DISTRO_VERIFY_FAIL, ruleContent= 

2022-10-08 21:51:08,475 INFO Apply tps control rule parse start,pointName=[NAMING_DISTRO_VERIFY_FAIL]  

2022-10-08 21:51:08,475 INFO Clear point  control rule ,pointName=[NAMING_DISTRO_VERIFY_FAIL]  

2022-10-08 21:51:08,475 INFO Clear point  control rule for monitorKeys, pointName=[NAMING_DISTRO_VERIFY_FAIL]  

2022-10-08 22:01:21,092 INFO Register tps control,pointName=CONFIG_PUSH_COUNT, point=com.alibaba.nacos.core.remote.control.TpsMonitorPoint@33f98231 

2022-10-08 22:01:21,092 INFO Load rule from local,pointName=CONFIG_PUSH_COUNT, ruleContent= 

2022-10-08 22:01:21,092 INFO Apply tps control rule parse start,pointName=[CONFIG_PUSH_COUNT]  

2022-10-08 22:01:21,092 INFO Clear point  control rule ,pointName=[CONFIG_PUSH_COUNT]  

2022-10-08 22:01:21,092 INFO Clear point  control rule for monitorKeys, pointName=[CONFIG_PUSH_COUNT]  

2022-10-08 22:01:21,113 INFO Register tps control,pointName=CONFIG_PUSH_SUCCESS, point=com.alibaba.nacos.core.remote.control.TpsMonitorPoint@48284d0e 

2022-10-08 22:01:21,114 INFO Load rule from local,pointName=CONFIG_PUSH_SUCCESS, ruleContent= 

2022-10-08 22:01:21,114 INFO Apply tps control rule parse start,pointName=[CONFIG_PUSH_SUCCESS]  

2022-10-08 22:01:21,114 INFO Clear point  control rule ,pointName=[CONFIG_PUSH_SUCCESS]  

2022-10-08 22:01:21,114 INFO Clear point  control rule for monitorKeys, pointName=[CONFIG_PUSH_SUCCESS]  

2022-10-08 22:01:21,114 INFO Register tps control,pointName=CONFIG_PUSH_FAIL, point=com.alibaba.nacos.core.remote.control.TpsMonitorPoint@557286ad 

2022-10-08 22:01:21,114 INFO Load rule from local,pointName=CONFIG_PUSH_FAIL, ruleContent= 

2022-10-08 22:01:21,114 INFO Apply tps control rule parse start,pointName=[CONFIG_PUSH_FAIL]  

2022-10-08 22:01:21,114 INFO Clear point  control rule ,pointName=[CONFIG_PUSH_FAIL]  

2022-10-08 22:01:21,114 INFO Clear point  control rule for monitorKeys, pointName=[CONFIG_PUSH_FAIL]  

2022-10-08 22:01:21,276 INFO Load rule from local,pointName=CONFIG_PUSH_COUNT, ruleContent= 

2022-10-08 22:01:21,312 INFO Apply tps control rule parse start,pointName=[CONFIG_PUSH_COUNT]  

2022-10-08 22:01:21,312 INFO Clear point  control rule ,pointName=[CONFIG_PUSH_COUNT]  

2022-10-08 22:01:21,312 INFO Clear point  control rule for monitorKeys, pointName=[CONFIG_PUSH_COUNT]  

2022-10-08 22:01:21,312 INFO Load rule from local,pointName=CONFIG_PUSH_SUCCESS, ruleContent= 

2022-10-08 22:01:21,312 INFO Apply tps control rule parse start,pointName=[CONFIG_PUSH_SUCCESS]  

2022-10-08 22:01:21,312 INFO Clear point  control rule ,pointName=[CONFIG_PUSH_SUCCESS]  

2022-10-08 22:01:21,312 INFO Clear point  control rule for monitorKeys, pointName=[CONFIG_PUSH_SUCCESS]  

2022-10-08 22:01:21,312 INFO Load rule from local,pointName=CONFIG_PUSH_FAIL, ruleContent= 

2022-10-08 22:01:21,312 INFO Apply tps control rule parse start,pointName=[CONFIG_PUSH_FAIL]  

2022-10-08 22:01:21,312 INFO Clear point  control rule ,pointName=[CONFIG_PUSH_FAIL]  

2022-10-08 22:01:21,312 INFO Clear point  control rule for monitorKeys, pointName=[CONFIG_PUSH_FAIL]  

2022-10-08 22:01:34,134 INFO Register tps control,pointName=ConfigQuery, point=com.alibaba.nacos.core.remote.control.TpsMonitorPoint@3f685162 

2022-10-08 22:01:34,135 INFO Load rule from local,pointName=ConfigQuery, ruleContent= 

2022-10-08 22:01:34,135 INFO Apply tps control rule parse start,pointName=[ConfigQuery]  

2022-10-08 22:01:34,135 INFO Clear point  control rule ,pointName=[ConfigQuery]  

2022-10-08 22:01:34,135 INFO Clear point  control rule for monitorKeys, pointName=[ConfigQuery]  

2022-10-08 22:01:34,135 INFO Register tps control,pointName=ClusterConfigChangeNotify, point=com.alibaba.nacos.core.remote.control.TpsMonitorPoint@11f406f8 

2022-10-08 22:01:34,135 INFO Load rule from local,pointName=ClusterConfigChangeNotify, ruleContent= 

2022-10-08 22:01:34,135 INFO Apply tps control rule parse start,pointName=[ClusterConfigChangeNotify]  

2022-10-08 22:01:34,135 INFO Clear point  control rule ,pointName=[ClusterConfigChangeNotify]  

2022-10-08 22:01:34,135 INFO Clear point  control rule for monitorKeys, pointName=[ClusterConfigChangeNotify]  

2022-10-08 22:01:34,135 INFO Register tps control,pointName=ConfigListen, point=com.alibaba.nacos.core.remote.control.TpsMonitorPoint@987455b 

2022-10-08 22:01:34,135 INFO Load rule from local,pointName=ConfigListen, ruleContent= 

2022-10-08 22:01:34,135 INFO Apply tps control rule parse start,pointName=[ConfigListen]  

2022-10-08 22:01:34,135 INFO Clear point  control rule ,pointName=[ConfigListen]  

2022-10-08 22:01:34,135 INFO Clear point  control rule for monitorKeys, pointName=[ConfigListen]  

2022-10-08 22:01:34,135 INFO Register tps control,pointName=ConfigRemove, point=com.alibaba.nacos.core.remote.control.TpsMonitorPoint@622fdb81 

2022-10-08 22:01:34,135 INFO Load rule from local,pointName=ConfigRemove, ruleContent= 

2022-10-08 22:01:34,135 INFO Apply tps control rule parse start,pointName=[ConfigRemove]  

2022-10-08 22:01:34,135 INFO Clear point  control rule ,pointName=[ConfigRemove]  

2022-10-08 22:01:34,135 INFO Clear point  control rule for monitorKeys, pointName=[ConfigRemove]  

2022-10-08 22:01:34,135 INFO Register tps control,pointName=ConfigPublish, point=com.alibaba.nacos.core.remote.control.TpsMonitorPoint@1f3165e7 

2022-10-08 22:01:34,136 INFO Load rule from local,pointName=ConfigPublish, ruleContent= 

2022-10-08 22:01:34,136 INFO Apply tps control rule parse start,pointName=[ConfigPublish]  

2022-10-08 22:01:34,136 INFO Clear point  control rule ,pointName=[ConfigPublish]  

2022-10-08 22:01:34,136 INFO Clear point  control rule for monitorKeys, pointName=[ConfigPublish]  

2022-10-08 22:01:34,136 INFO Register tps control,pointName=HealthCheck, point=com.alibaba.nacos.core.remote.control.TpsMonitorPoint@2ec3633f 

2022-10-08 22:01:34,136 INFO Load rule from local,pointName=HealthCheck, ruleContent= 

2022-10-08 22:01:34,136 INFO Apply tps control rule parse start,pointName=[HealthCheck]  

2022-10-08 22:01:34,136 INFO Clear point  control rule ,pointName=[HealthCheck]  

2022-10-08 22:01:34,136 INFO Clear point  control rule for monitorKeys, pointName=[HealthCheck]  

2022-10-08 22:01:34,139 INFO Load rule from local,pointName=ConfigQuery, ruleContent= 

2022-10-08 22:01:34,139 INFO Apply tps control rule parse start,pointName=[ConfigQuery]  

2022-10-08 22:01:34,139 INFO Clear point  control rule ,pointName=[ConfigQuery]  

2022-10-08 22:01:34,139 INFO Clear point  control rule for monitorKeys, pointName=[ConfigQuery]  

2022-10-08 22:01:34,139 INFO Load rule from local,pointName=ClusterConfigChangeNotify, ruleContent= 

2022-10-08 22:01:34,139 INFO Apply tps control rule parse start,pointName=[ClusterConfigChangeNotify]  

2022-10-08 22:01:34,139 INFO Clear point  control rule ,pointName=[ClusterConfigChangeNotify]  

2022-10-08 22:01:34,140 INFO Clear point  control rule for monitorKeys, pointName=[ClusterConfigChangeNotify]  

2022-10-08 22:01:34,140 INFO Load rule from local,pointName=ConfigListen, ruleContent= 

2022-10-08 22:01:34,140 INFO Apply tps control rule parse start,pointName=[ConfigListen]  

2022-10-08 22:01:34,140 INFO Clear point  control rule ,pointName=[ConfigListen]  

2022-10-08 22:01:34,140 INFO Clear point  control rule for monitorKeys, pointName=[ConfigListen]  

2022-10-08 22:01:34,140 INFO Load rule from local,pointName=ConfigRemove, ruleContent= 

2022-10-08 22:01:34,140 INFO Apply tps control rule parse start,pointName=[ConfigRemove]  

2022-10-08 22:01:34,140 INFO Clear point  control rule ,pointName=[ConfigRemove]  

2022-10-08 22:01:34,140 INFO Clear point  control rule for monitorKeys, pointName=[ConfigRemove]  

2022-10-08 22:01:34,140 INFO Load rule from local,pointName=ConfigPublish, ruleContent= 

2022-10-08 22:01:34,140 INFO Apply tps control rule parse start,pointName=[ConfigPublish]  

2022-10-08 22:01:34,140 INFO Clear point  control rule ,pointName=[ConfigPublish]  

2022-10-08 22:01:34,140 INFO Clear point  control rule for monitorKeys, pointName=[ConfigPublish]  

2022-10-08 22:01:34,140 INFO Load rule from local,pointName=HealthCheck, ruleContent= 

2022-10-08 22:01:34,140 INFO Apply tps control rule parse start,pointName=[HealthCheck]  

2022-10-08 22:01:34,140 INFO Clear point  control rule ,pointName=[HealthCheck]  

2022-10-08 22:01:34,140 INFO Clear point  control rule for monitorKeys, pointName=[HealthCheck]  

