2022-10-08 19:19:19,334 INFO distro notifier started

2022-10-08 19:22:57,958 ERROR [NACOS-DISTRO] Error while handling notifying task

java.lang.InterruptedException: null
	at java.util.concurrent.locks.AbstractQueuedSynchronizer$ConditionObject.reportInterruptAfterWait(AbstractQueuedSynchronizer.java:2014)
	at java.util.concurrent.locks.AbstractQueuedSynchronizer$ConditionObject.await(AbstractQueuedSynchronizer.java:2048)
	at java.util.concurrent.ArrayBlockingQueue.take(ArrayBlockingQueue.java:403)
	at com.alibaba.nacos.naming.consistency.ephemeral.distro.DistroConsistencyServiceImpl$Notifier.run(DistroConsistencyServiceImpl.java:412)
	at java.util.concurrent.Executors$RunnableAdapter.call(Executors.java:511)
	at java.util.concurrent.FutureTask.run(FutureTask.java:266)
	at java.util.concurrent.ScheduledThreadPoolExecutor$ScheduledFutureTask.access$201(ScheduledThreadPoolExecutor.java:180)
	at java.util.concurrent.ScheduledThreadPoolExecutor$ScheduledFutureTask.run(ScheduledThreadPoolExecutor.java:293)
	at java.util.concurrent.ThreadPoolExecutor.runWorker(ThreadPoolExecutor.java:1149)
	at java.util.concurrent.ThreadPoolExecutor$Worker.run(ThreadPoolExecutor.java:624)
	at java.lang.Thread.run(Thread.java:748)
2022-10-08 19:25:33,885 INFO distro notifier started

2022-10-08 20:53:33,130 ERROR [NACOS-DISTRO] Error while handling notifying task

java.lang.InterruptedException: null
	at java.util.concurrent.locks.AbstractQueuedSynchronizer$ConditionObject.reportInterruptAfterWait(AbstractQueuedSynchronizer.java:2014)
	at java.util.concurrent.locks.AbstractQueuedSynchronizer$ConditionObject.await(AbstractQueuedSynchronizer.java:2048)
	at java.util.concurrent.ArrayBlockingQueue.take(ArrayBlockingQueue.java:403)
	at com.alibaba.nacos.naming.consistency.ephemeral.distro.DistroConsistencyServiceImpl$Notifier.run(DistroConsistencyServiceImpl.java:412)
	at java.util.concurrent.Executors$RunnableAdapter.call(Executors.java:511)
	at java.util.concurrent.FutureTask.run(FutureTask.java:266)
	at java.util.concurrent.ScheduledThreadPoolExecutor$ScheduledFutureTask.access$201(ScheduledThreadPoolExecutor.java:180)
	at java.util.concurrent.ScheduledThreadPoolExecutor$ScheduledFutureTask.run(ScheduledThreadPoolExecutor.java:293)
	at java.util.concurrent.ThreadPoolExecutor.runWorker(ThreadPoolExecutor.java:1149)
	at java.util.concurrent.ThreadPoolExecutor$Worker.run(ThreadPoolExecutor.java:624)
	at java.lang.Thread.run(Thread.java:748)
2022-10-08 21:00:14,624 INFO distro notifier started

2022-10-08 21:05:31,736 ERROR [NACOS-DISTRO] Error while handling notifying task

java.lang.InterruptedException: null
	at java.util.concurrent.locks.AbstractQueuedSynchronizer$ConditionObject.reportInterruptAfterWait(AbstractQueuedSynchronizer.java:2014)
	at java.util.concurrent.locks.AbstractQueuedSynchronizer$ConditionObject.await(AbstractQueuedSynchronizer.java:2048)
	at java.util.concurrent.ArrayBlockingQueue.take(ArrayBlockingQueue.java:403)
	at com.alibaba.nacos.naming.consistency.ephemeral.distro.DistroConsistencyServiceImpl$Notifier.run(DistroConsistencyServiceImpl.java:412)
	at java.util.concurrent.Executors$RunnableAdapter.call(Executors.java:511)
	at java.util.concurrent.FutureTask.run(FutureTask.java:266)
	at java.util.concurrent.ScheduledThreadPoolExecutor$ScheduledFutureTask.access$201(ScheduledThreadPoolExecutor.java:180)
	at java.util.concurrent.ScheduledThreadPoolExecutor$ScheduledFutureTask.run(ScheduledThreadPoolExecutor.java:293)
	at java.util.concurrent.ThreadPoolExecutor.runWorker(ThreadPoolExecutor.java:1149)
	at java.util.concurrent.ThreadPoolExecutor$Worker.run(ThreadPoolExecutor.java:624)
	at java.lang.Thread.run(Thread.java:748)
2022-10-08 21:07:40,203 INFO distro notifier started

2022-10-08 21:17:21,719 ERROR [NACOS-DISTRO] Error while handling notifying task

java.lang.InterruptedException: null
	at java.util.concurrent.locks.AbstractQueuedSynchronizer$ConditionObject.reportInterruptAfterWait(AbstractQueuedSynchronizer.java:2014)
	at java.util.concurrent.locks.AbstractQueuedSynchronizer$ConditionObject.await(AbstractQueuedSynchronizer.java:2048)
	at java.util.concurrent.ArrayBlockingQueue.take(ArrayBlockingQueue.java:403)
	at com.alibaba.nacos.naming.consistency.ephemeral.distro.DistroConsistencyServiceImpl$Notifier.run(DistroConsistencyServiceImpl.java:412)
	at java.util.concurrent.Executors$RunnableAdapter.call(Executors.java:511)
	at java.util.concurrent.FutureTask.run(FutureTask.java:266)
	at java.util.concurrent.ScheduledThreadPoolExecutor$ScheduledFutureTask.access$201(ScheduledThreadPoolExecutor.java:180)
	at java.util.concurrent.ScheduledThreadPoolExecutor$ScheduledFutureTask.run(ScheduledThreadPoolExecutor.java:293)
	at java.util.concurrent.ThreadPoolExecutor.runWorker(ThreadPoolExecutor.java:1149)
	at java.util.concurrent.ThreadPoolExecutor$Worker.run(ThreadPoolExecutor.java:624)
	at java.lang.Thread.run(Thread.java:748)
2022-10-08 21:24:53,817 INFO distro notifier started

2022-10-08 21:30:20,461 ERROR [NACOS-DISTRO] Error while handling notifying task

java.lang.InterruptedException: null
	at java.util.concurrent.locks.AbstractQueuedSynchronizer$ConditionObject.reportInterruptAfterWait(AbstractQueuedSynchronizer.java:2014)
	at java.util.concurrent.locks.AbstractQueuedSynchronizer$ConditionObject.await(AbstractQueuedSynchronizer.java:2048)
	at java.util.concurrent.ArrayBlockingQueue.take(ArrayBlockingQueue.java:403)
	at com.alibaba.nacos.naming.consistency.ephemeral.distro.DistroConsistencyServiceImpl$Notifier.run(DistroConsistencyServiceImpl.java:412)
	at java.util.concurrent.Executors$RunnableAdapter.call(Executors.java:511)
	at java.util.concurrent.FutureTask.run(FutureTask.java:266)
	at java.util.concurrent.ScheduledThreadPoolExecutor$ScheduledFutureTask.access$201(ScheduledThreadPoolExecutor.java:180)
	at java.util.concurrent.ScheduledThreadPoolExecutor$ScheduledFutureTask.run(ScheduledThreadPoolExecutor.java:293)
	at java.util.concurrent.ThreadPoolExecutor.runWorker(ThreadPoolExecutor.java:1149)
	at java.util.concurrent.ThreadPoolExecutor$Worker.run(ThreadPoolExecutor.java:624)
	at java.lang.Thread.run(Thread.java:748)
2022-10-08 21:31:31,195 INFO distro notifier started

2022-10-08 21:41:26,939 ERROR [NACOS-DISTRO] Error while handling notifying task

java.lang.InterruptedException: null
	at java.util.concurrent.locks.AbstractQueuedSynchronizer$ConditionObject.reportInterruptAfterWait(AbstractQueuedSynchronizer.java:2014)
	at java.util.concurrent.locks.AbstractQueuedSynchronizer$ConditionObject.await(AbstractQueuedSynchronizer.java:2048)
	at java.util.concurrent.ArrayBlockingQueue.take(ArrayBlockingQueue.java:403)
	at com.alibaba.nacos.naming.consistency.ephemeral.distro.DistroConsistencyServiceImpl$Notifier.run(DistroConsistencyServiceImpl.java:412)
	at java.util.concurrent.Executors$RunnableAdapter.call(Executors.java:511)
	at java.util.concurrent.FutureTask.run(FutureTask.java:266)
	at java.util.concurrent.ScheduledThreadPoolExecutor$ScheduledFutureTask.access$201(ScheduledThreadPoolExecutor.java:180)
	at java.util.concurrent.ScheduledThreadPoolExecutor$ScheduledFutureTask.run(ScheduledThreadPoolExecutor.java:293)
	at java.util.concurrent.ThreadPoolExecutor.runWorker(ThreadPoolExecutor.java:1149)
	at java.util.concurrent.ThreadPoolExecutor$Worker.run(ThreadPoolExecutor.java:624)
	at java.lang.Thread.run(Thread.java:748)
2022-10-08 21:42:50,531 INFO distro notifier started

2022-10-08 21:48:04,309 ERROR [NACOS-DISTRO] Error while handling notifying task

java.lang.InterruptedException: null
	at java.util.concurrent.locks.AbstractQueuedSynchronizer$ConditionObject.reportInterruptAfterWait(AbstractQueuedSynchronizer.java:2014)
	at java.util.concurrent.locks.AbstractQueuedSynchronizer$ConditionObject.await(AbstractQueuedSynchronizer.java:2048)
	at java.util.concurrent.ArrayBlockingQueue.take(ArrayBlockingQueue.java:403)
	at com.alibaba.nacos.naming.consistency.ephemeral.distro.DistroConsistencyServiceImpl$Notifier.run(DistroConsistencyServiceImpl.java:412)
	at java.util.concurrent.Executors$RunnableAdapter.call(Executors.java:511)
	at java.util.concurrent.FutureTask.run(FutureTask.java:266)
	at java.util.concurrent.ScheduledThreadPoolExecutor$ScheduledFutureTask.access$201(ScheduledThreadPoolExecutor.java:180)
	at java.util.concurrent.ScheduledThreadPoolExecutor$ScheduledFutureTask.run(ScheduledThreadPoolExecutor.java:293)
	at java.util.concurrent.ThreadPoolExecutor.runWorker(ThreadPoolExecutor.java:1149)
	at java.util.concurrent.ThreadPoolExecutor$Worker.run(ThreadPoolExecutor.java:624)
	at java.lang.Thread.run(Thread.java:748)
2022-10-08 21:49:42,089 INFO distro notifier started

2022-10-08 21:51:08,416 INFO [Client-Add] Received distro client sync data 1665237067848_192.168.192.1_38226

2022-10-08 21:59:14,774 INFO [Client-Delete] Received distro client sync data 1665237067848_192.168.192.1_38226

2022-10-08 21:59:23,850 ERROR [NACOS-DISTRO] Error while handling notifying task

java.lang.InterruptedException: null
	at java.util.concurrent.locks.AbstractQueuedSynchronizer$ConditionObject.reportInterruptAfterWait(AbstractQueuedSynchronizer.java:2014)
	at java.util.concurrent.locks.AbstractQueuedSynchronizer$ConditionObject.await(AbstractQueuedSynchronizer.java:2048)
	at java.util.concurrent.ArrayBlockingQueue.take(ArrayBlockingQueue.java:403)
	at com.alibaba.nacos.naming.consistency.ephemeral.distro.DistroConsistencyServiceImpl$Notifier.run(DistroConsistencyServiceImpl.java:412)
	at java.util.concurrent.Executors$RunnableAdapter.call(Executors.java:511)
	at java.util.concurrent.FutureTask.run(FutureTask.java:266)
	at java.util.concurrent.ScheduledThreadPoolExecutor$ScheduledFutureTask.access$201(ScheduledThreadPoolExecutor.java:180)
	at java.util.concurrent.ScheduledThreadPoolExecutor$ScheduledFutureTask.run(ScheduledThreadPoolExecutor.java:293)
	at java.util.concurrent.ThreadPoolExecutor.runWorker(ThreadPoolExecutor.java:1149)
	at java.util.concurrent.ThreadPoolExecutor$Worker.run(ThreadPoolExecutor.java:624)
	at java.lang.Thread.run(Thread.java:748)
2022-10-08 22:01:13,887 INFO distro notifier started

