2022-10-08 19:19:22,262 INFO Init loader limit rule from local,rule=

2022-10-08 19:19:23,164 INFO [ClientConnectionEventListenerRegistry] registry listener - ConfigConnectionEventListener

2022-10-08 19:19:23,269 INFO [ClientConnectionEventListenerRegistry] registry listener - RpcAckCallbackInitorOrCleaner

2022-10-08 19:19:24,549 INFO Nacos GrpcSdkServer Rpc server starting at port 9848

2022-10-08 19:19:24,591 INFO Nacos GrpcSdkServer Rpc server started at port 9848

2022-10-08 19:19:24,593 INFO Nacos GrpcClusterServer Rpc server starting at port 9849

2022-10-08 19:19:24,594 INFO Nacos GrpcClusterServer Rpc server started at port 9849

2022-10-08 19:19:24,729 INFO [ClientConnectionEventListenerRegistry] registry listener - ConnectionBasedClientManager

2022-10-08 19:22:56,779 INFO Nacos GrpcClusterServer Rpc server stopping

2022-10-08 19:22:56,781 INFO Nacos GrpcSdkServer Rpc server stopping

2022-10-08 19:22:56,804 INFO Nacos GrpcSdkServer Rpc server stopped successfully...

2022-10-08 19:22:56,804 INFO Nacos GrpcClusterServer Rpc server stopped successfully...

2022-10-08 19:25:39,318 INFO Init loader limit rule from local,rule=

2022-10-08 19:25:41,398 INFO [ClientConnectionEventListenerRegistry] registry listener - ConfigConnectionEventListener

2022-10-08 19:25:41,631 INFO [ClientConnectionEventListenerRegistry] registry listener - RpcAckCallbackInitorOrCleaner

2022-10-08 19:25:43,205 INFO Nacos GrpcSdkServer Rpc server starting at port 9848

2022-10-08 19:25:43,252 INFO Nacos GrpcSdkServer Rpc server started at port 9848

2022-10-08 19:25:43,254 INFO Nacos GrpcClusterServer Rpc server starting at port 9849

2022-10-08 19:25:43,270 INFO Nacos GrpcClusterServer Rpc server started at port 9849

2022-10-08 19:25:43,434 INFO [ClientConnectionEventListenerRegistry] registry listener - ConnectionBasedClientManager

2022-10-08 20:53:30,811 INFO Nacos GrpcClusterServer Rpc server stopping

2022-10-08 20:53:30,811 INFO Nacos GrpcSdkServer Rpc server stopping

2022-10-08 20:53:31,059 INFO Nacos GrpcSdkServer Rpc server stopped successfully...

2022-10-08 20:53:31,004 INFO Nacos GrpcClusterServer Rpc server stopped successfully...

2022-10-08 21:00:20,157 INFO Init loader limit rule from local,rule=

2022-10-08 21:00:21,835 INFO [ClientConnectionEventListenerRegistry] registry listener - ConfigConnectionEventListener

2022-10-08 21:00:21,980 INFO [ClientConnectionEventListenerRegistry] registry listener - RpcAckCallbackInitorOrCleaner

2022-10-08 21:00:23,580 INFO Nacos GrpcSdkServer Rpc server starting at port 9848

2022-10-08 21:00:23,621 INFO Nacos GrpcSdkServer Rpc server started at port 9848

2022-10-08 21:00:23,623 INFO Nacos GrpcClusterServer Rpc server starting at port 9849

2022-10-08 21:00:23,637 INFO Nacos GrpcClusterServer Rpc server started at port 9849

2022-10-08 21:00:23,791 INFO [ClientConnectionEventListenerRegistry] registry listener - ConnectionBasedClientManager

2022-10-08 21:05:29,703 INFO Nacos GrpcSdkServer Rpc server stopping

2022-10-08 21:05:29,711 INFO Nacos GrpcClusterServer Rpc server stopping

2022-10-08 21:05:29,786 INFO Nacos GrpcClusterServer Rpc server stopped successfully...

2022-10-08 21:05:29,797 INFO Nacos GrpcSdkServer Rpc server stopped successfully...

2022-10-08 21:07:44,441 INFO Init loader limit rule from local,rule=

2022-10-08 21:07:46,225 INFO [ClientConnectionEventListenerRegistry] registry listener - ConfigConnectionEventListener

2022-10-08 21:07:46,433 INFO [ClientConnectionEventListenerRegistry] registry listener - RpcAckCallbackInitorOrCleaner

2022-10-08 21:07:47,867 INFO Nacos GrpcSdkServer Rpc server starting at port 9848

2022-10-08 21:07:47,887 INFO Nacos GrpcSdkServer Rpc server started at port 9848

2022-10-08 21:07:47,912 INFO Nacos GrpcClusterServer Rpc server starting at port 9849

2022-10-08 21:07:47,914 INFO Nacos GrpcClusterServer Rpc server started at port 9849

2022-10-08 21:07:48,093 INFO [ClientConnectionEventListenerRegistry] registry listener - ConnectionBasedClientManager

2022-10-08 21:17:19,098 INFO Nacos GrpcClusterServer Rpc server stopping

2022-10-08 21:17:19,095 INFO Nacos GrpcSdkServer Rpc server stopping

2022-10-08 21:17:19,190 INFO Nacos GrpcClusterServer Rpc server stopped successfully...

2022-10-08 21:17:19,191 INFO Nacos GrpcSdkServer Rpc server stopped successfully...

2022-10-08 21:24:58,720 INFO Init loader limit rule from local,rule=

2022-10-08 21:25:00,870 INFO [ClientConnectionEventListenerRegistry] registry listener - ConfigConnectionEventListener

2022-10-08 21:25:01,117 INFO [ClientConnectionEventListenerRegistry] registry listener - RpcAckCallbackInitorOrCleaner

2022-10-08 21:25:02,787 INFO Nacos GrpcSdkServer Rpc server starting at port 9848

2022-10-08 21:25:02,833 INFO Nacos GrpcSdkServer Rpc server started at port 9848

2022-10-08 21:25:02,834 INFO Nacos GrpcClusterServer Rpc server starting at port 9849

2022-10-08 21:25:02,856 INFO Nacos GrpcClusterServer Rpc server started at port 9849

2022-10-08 21:25:03,027 INFO [ClientConnectionEventListenerRegistry] registry listener - ConnectionBasedClientManager

2022-10-08 21:30:19,273 INFO Nacos GrpcSdkServer Rpc server stopping

2022-10-08 21:30:19,297 INFO Nacos GrpcClusterServer Rpc server stopping

2022-10-08 21:30:19,384 INFO Nacos GrpcClusterServer Rpc server stopped successfully...

2022-10-08 21:30:19,386 INFO Nacos GrpcSdkServer Rpc server stopped successfully...

2022-10-08 21:31:35,582 INFO Init loader limit rule from local,rule=

2022-10-08 21:31:36,872 INFO [ClientConnectionEventListenerRegistry] registry listener - ConfigConnectionEventListener

2022-10-08 21:31:37,085 INFO [ClientConnectionEventListenerRegistry] registry listener - RpcAckCallbackInitorOrCleaner

2022-10-08 21:31:38,707 INFO Nacos GrpcSdkServer Rpc server starting at port 9848

2022-10-08 21:31:38,757 INFO Nacos GrpcSdkServer Rpc server started at port 9848

2022-10-08 21:31:38,758 INFO Nacos GrpcClusterServer Rpc server starting at port 9849

2022-10-08 21:31:38,759 INFO Nacos GrpcClusterServer Rpc server started at port 9849

2022-10-08 21:31:38,918 INFO [ClientConnectionEventListenerRegistry] registry listener - ConnectionBasedClientManager

2022-10-08 21:41:25,258 INFO Nacos GrpcSdkServer Rpc server stopping

2022-10-08 21:41:25,259 INFO Nacos GrpcClusterServer Rpc server stopping

2022-10-08 21:41:25,313 INFO Nacos GrpcClusterServer Rpc server stopped successfully...

2022-10-08 21:41:25,329 INFO Nacos GrpcSdkServer Rpc server stopped successfully...

2022-10-08 21:42:52,469 INFO Init loader limit rule from local,rule=

2022-10-08 21:42:53,352 INFO [ClientConnectionEventListenerRegistry] registry listener - ConfigConnectionEventListener

2022-10-08 21:42:53,420 INFO [ClientConnectionEventListenerRegistry] registry listener - RpcAckCallbackInitorOrCleaner

2022-10-08 21:42:53,912 INFO Nacos GrpcSdkServer Rpc server starting at port 9848

2022-10-08 21:42:53,926 INFO Nacos GrpcSdkServer Rpc server started at port 9848

2022-10-08 21:42:53,927 INFO Nacos GrpcClusterServer Rpc server starting at port 9849

2022-10-08 21:42:53,929 INFO Nacos GrpcClusterServer Rpc server started at port 9849

2022-10-08 21:42:54,046 INFO [ClientConnectionEventListenerRegistry] registry listener - ConnectionBasedClientManager

2022-10-08 21:48:01,671 INFO Nacos GrpcSdkServer Rpc server stopping

2022-10-08 21:48:01,736 INFO Nacos GrpcSdkServer Rpc server stopped successfully...

2022-10-08 21:48:01,810 INFO Nacos GrpcClusterServer Rpc server stopping

2022-10-08 21:48:01,810 INFO Nacos GrpcClusterServer Rpc server stopped successfully...

2022-10-08 21:49:47,576 INFO Init loader limit rule from local,rule=

2022-10-08 21:49:49,300 INFO [ClientConnectionEventListenerRegistry] registry listener - ConfigConnectionEventListener

2022-10-08 21:49:49,478 INFO [ClientConnectionEventListenerRegistry] registry listener - RpcAckCallbackInitorOrCleaner

2022-10-08 21:49:51,143 INFO Nacos GrpcSdkServer Rpc server starting at port 9848

2022-10-08 21:49:51,198 INFO Nacos GrpcSdkServer Rpc server started at port 9848

2022-10-08 21:49:51,199 INFO Nacos GrpcClusterServer Rpc server starting at port 9849

2022-10-08 21:49:51,201 INFO Nacos GrpcClusterServer Rpc server started at port 9849

2022-10-08 21:49:51,366 INFO [ClientConnectionEventListenerRegistry] registry listener - ConnectionBasedClientManager

2022-10-08 21:59:22,768 INFO Nacos GrpcClusterServer Rpc server stopping

2022-10-08 21:59:22,766 INFO Nacos GrpcSdkServer Rpc server stopping

2022-10-08 21:59:22,810 INFO Nacos GrpcSdkServer Rpc server stopped successfully...

2022-10-08 21:59:22,859 INFO Nacos GrpcClusterServer Rpc server stopped successfully...

2022-10-08 22:01:18,438 INFO Init loader limit rule from local,rule=

2022-10-08 22:01:20,251 INFO [ClientConnectionEventListenerRegistry] registry listener - ConfigConnectionEventListener

2022-10-08 22:01:20,426 INFO [ClientConnectionEventListenerRegistry] registry listener - RpcAckCallbackInitorOrCleaner

2022-10-08 22:01:22,029 INFO Nacos GrpcSdkServer Rpc server starting at port 9848

2022-10-08 22:01:22,080 INFO Nacos GrpcSdkServer Rpc server started at port 9848

2022-10-08 22:01:22,081 INFO Nacos GrpcClusterServer Rpc server starting at port 9849

2022-10-08 22:01:22,107 INFO Nacos GrpcClusterServer Rpc server started at port 9849

2022-10-08 22:01:22,294 INFO [ClientConnectionEventListenerRegistry] registry listener - ConnectionBasedClientManager

