2022-10-08 19:19:22,292 INFO Register tps control,pointName=CONFIG_PUSH_COUNT, point=com.alibaba.nacos.core.remote.control.TpsMonitorPoint@2c43eb8 

2022-10-08 19:19:22,292 INFO Load rule from local,pointName=CONFIG_PUSH_COUNT, ruleContent= 

2022-10-08 19:19:22,292 INFO Apply tps control rule parse start,pointName=[CONFIG_PUSH_COUNT]  

2022-10-08 19:19:22,292 INFO Clear point  control rule ,pointName=[CONFIG_PUSH_COUNT]  

2022-10-08 19:19:22,292 INFO Clear point  control rule for monitorKeys, pointName=[CONFIG_PUSH_COUNT]  

2022-10-08 19:19:22,292 INFO Register tps control,pointName=CONFIG_PUSH_SUCCESS, point=com.alibaba.nacos.core.remote.control.TpsMonitorPoint@7d0cc890 

2022-10-08 19:19:22,338 INFO Load rule from local,pointName=CONFIG_PUSH_SUCCESS, ruleContent= 

2022-10-08 19:19:22,338 INFO Apply tps control rule parse start,pointName=[CONFIG_PUSH_SUCCESS]  

2022-10-08 19:19:22,338 INFO Clear point  control rule ,pointName=[CONFIG_PUSH_SUCCESS]  

2022-10-08 19:19:22,338 INFO Clear point  control rule for monitorKeys, pointName=[CONFIG_PUSH_SUCCESS]  

2022-10-08 19:19:22,338 INFO Register tps control,pointName=CONFIG_PUSH_FAIL, point=com.alibaba.nacos.core.remote.control.TpsMonitorPoint@49293b43 

2022-10-08 19:19:22,338 INFO Load rule from local,pointName=CONFIG_PUSH_FAIL, ruleContent= 

2022-10-08 19:19:22,338 INFO Apply tps control rule parse start,pointName=[CONFIG_PUSH_FAIL]  

2022-10-08 19:19:22,338 INFO Clear point  control rule ,pointName=[CONFIG_PUSH_FAIL]  

2022-10-08 19:19:22,338 INFO Clear point  control rule for monitorKeys, pointName=[CONFIG_PUSH_FAIL]  

2022-10-08 19:19:22,345 INFO Load rule from local,pointName=CONFIG_PUSH_COUNT, ruleContent= 

2022-10-08 19:19:22,375 INFO Apply tps control rule parse start,pointName=[CONFIG_PUSH_COUNT]  

2022-10-08 19:19:22,375 INFO Clear point  control rule ,pointName=[CONFIG_PUSH_COUNT]  

2022-10-08 19:19:22,375 INFO Clear point  control rule for monitorKeys, pointName=[CONFIG_PUSH_COUNT]  

2022-10-08 19:19:22,375 INFO Load rule from local,pointName=CONFIG_PUSH_SUCCESS, ruleContent= 

2022-10-08 19:19:22,375 INFO Apply tps control rule parse start,pointName=[CONFIG_PUSH_SUCCESS]  

2022-10-08 19:19:22,375 INFO Clear point  control rule ,pointName=[CONFIG_PUSH_SUCCESS]  

2022-10-08 19:19:22,376 INFO Clear point  control rule for monitorKeys, pointName=[CONFIG_PUSH_SUCCESS]  

2022-10-08 19:19:22,376 INFO Load rule from local,pointName=CONFIG_PUSH_FAIL, ruleContent= 

2022-10-08 19:19:22,376 INFO Apply tps control rule parse start,pointName=[CONFIG_PUSH_FAIL]  

2022-10-08 19:19:22,376 INFO Clear point  control rule ,pointName=[CONFIG_PUSH_FAIL]  

2022-10-08 19:19:22,376 INFO Clear point  control rule for monitorKeys, pointName=[CONFIG_PUSH_FAIL]  

2022-10-08 19:19:31,275 INFO Register tps control,pointName=ConfigQuery, point=com.alibaba.nacos.core.remote.control.TpsMonitorPoint@28737371 

2022-10-08 19:19:31,275 INFO Load rule from local,pointName=ConfigQuery, ruleContent= 

2022-10-08 19:19:31,275 INFO Apply tps control rule parse start,pointName=[ConfigQuery]  

2022-10-08 19:19:31,275 INFO Clear point  control rule ,pointName=[ConfigQuery]  

2022-10-08 19:19:31,275 INFO Clear point  control rule for monitorKeys, pointName=[ConfigQuery]  

2022-10-08 19:19:31,275 INFO Register tps control,pointName=ClusterConfigChangeNotify, point=com.alibaba.nacos.core.remote.control.TpsMonitorPoint@2af46afd 

2022-10-08 19:19:31,275 INFO Load rule from local,pointName=ClusterConfigChangeNotify, ruleContent= 

2022-10-08 19:19:31,275 INFO Apply tps control rule parse start,pointName=[ClusterConfigChangeNotify]  

2022-10-08 19:19:31,275 INFO Clear point  control rule ,pointName=[ClusterConfigChangeNotify]  

2022-10-08 19:19:31,275 INFO Clear point  control rule for monitorKeys, pointName=[ClusterConfigChangeNotify]  

2022-10-08 19:19:31,275 INFO Register tps control,pointName=ConfigListen, point=com.alibaba.nacos.core.remote.control.TpsMonitorPoint@760245e1 

2022-10-08 19:19:31,275 INFO Load rule from local,pointName=ConfigListen, ruleContent= 

2022-10-08 19:19:31,275 INFO Apply tps control rule parse start,pointName=[ConfigListen]  

2022-10-08 19:19:31,275 INFO Clear point  control rule ,pointName=[ConfigListen]  

2022-10-08 19:19:31,275 INFO Clear point  control rule for monitorKeys, pointName=[ConfigListen]  

2022-10-08 19:19:31,276 INFO Register tps control,pointName=ConfigRemove, point=com.alibaba.nacos.core.remote.control.TpsMonitorPoint@31ceba99 

2022-10-08 19:19:31,276 INFO Load rule from local,pointName=ConfigRemove, ruleContent= 

2022-10-08 19:19:31,276 INFO Apply tps control rule parse start,pointName=[ConfigRemove]  

2022-10-08 19:19:31,276 INFO Clear point  control rule ,pointName=[ConfigRemove]  

2022-10-08 19:19:31,276 INFO Clear point  control rule for monitorKeys, pointName=[ConfigRemove]  

2022-10-08 19:19:31,276 INFO Register tps control,pointName=ConfigPublish, point=com.alibaba.nacos.core.remote.control.TpsMonitorPoint@295bf2a 

2022-10-08 19:19:31,276 INFO Load rule from local,pointName=ConfigPublish, ruleContent= 

2022-10-08 19:19:31,276 INFO Apply tps control rule parse start,pointName=[ConfigPublish]  

2022-10-08 19:19:31,276 INFO Clear point  control rule ,pointName=[ConfigPublish]  

2022-10-08 19:19:31,276 INFO Clear point  control rule for monitorKeys, pointName=[ConfigPublish]  

2022-10-08 19:19:31,276 INFO Register tps control,pointName=HealthCheck, point=com.alibaba.nacos.core.remote.control.TpsMonitorPoint@bbf9e07 

2022-10-08 19:19:31,276 INFO Load rule from local,pointName=HealthCheck, ruleContent= 

2022-10-08 19:19:31,276 INFO Apply tps control rule parse start,pointName=[HealthCheck]  

2022-10-08 19:19:31,276 INFO Clear point  control rule ,pointName=[HealthCheck]  

2022-10-08 19:19:31,276 INFO Clear point  control rule for monitorKeys, pointName=[HealthCheck]  

2022-10-08 19:19:31,313 INFO Load rule from local,pointName=ConfigQuery, ruleContent= 

2022-10-08 19:19:31,313 INFO Apply tps control rule parse start,pointName=[ConfigQuery]  

2022-10-08 19:19:31,313 INFO Clear point  control rule ,pointName=[ConfigQuery]  

2022-10-08 19:19:31,313 INFO Clear point  control rule for monitorKeys, pointName=[ConfigQuery]  

2022-10-08 19:19:31,313 INFO Load rule from local,pointName=ClusterConfigChangeNotify, ruleContent= 

2022-10-08 19:19:31,313 INFO Apply tps control rule parse start,pointName=[ClusterConfigChangeNotify]  

2022-10-08 19:19:31,313 INFO Clear point  control rule ,pointName=[ClusterConfigChangeNotify]  

2022-10-08 19:19:31,313 INFO Clear point  control rule for monitorKeys, pointName=[ClusterConfigChangeNotify]  

2022-10-08 19:19:31,313 INFO Load rule from local,pointName=ConfigListen, ruleContent= 

2022-10-08 19:19:31,313 INFO Apply tps control rule parse start,pointName=[ConfigListen]  

2022-10-08 19:19:31,313 INFO Clear point  control rule ,pointName=[ConfigListen]  

2022-10-08 19:19:31,313 INFO Clear point  control rule for monitorKeys, pointName=[ConfigListen]  

2022-10-08 19:19:31,313 INFO Load rule from local,pointName=ConfigRemove, ruleContent= 

2022-10-08 19:19:31,313 INFO Apply tps control rule parse start,pointName=[ConfigRemove]  

2022-10-08 19:19:31,313 INFO Clear point  control rule ,pointName=[ConfigRemove]  

2022-10-08 19:19:31,313 INFO Clear point  control rule for monitorKeys, pointName=[ConfigRemove]  

2022-10-08 19:19:31,313 INFO Load rule from local,pointName=ConfigPublish, ruleContent= 

2022-10-08 19:19:31,313 INFO Apply tps control rule parse start,pointName=[ConfigPublish]  

2022-10-08 19:19:31,313 INFO Clear point  control rule ,pointName=[ConfigPublish]  

2022-10-08 19:19:31,313 INFO Clear point  control rule for monitorKeys, pointName=[ConfigPublish]  

2022-10-08 19:19:31,313 INFO Load rule from local,pointName=HealthCheck, ruleContent= 

2022-10-08 19:19:31,313 INFO Apply tps control rule parse start,pointName=[HealthCheck]  

2022-10-08 19:19:31,313 INFO Clear point  control rule ,pointName=[HealthCheck]  

2022-10-08 19:19:31,313 INFO Clear point  control rule for monitorKeys, pointName=[HealthCheck]  

2022-10-08 19:25:39,405 INFO Register tps control,pointName=CONFIG_PUSH_COUNT, point=com.alibaba.nacos.core.remote.control.TpsMonitorPoint@26d820eb 

2022-10-08 19:25:39,428 INFO Load rule from local,pointName=CONFIG_PUSH_COUNT, ruleContent= 

2022-10-08 19:25:39,428 INFO Apply tps control rule parse start,pointName=[CONFIG_PUSH_COUNT]  

2022-10-08 19:25:39,428 INFO Clear point  control rule ,pointName=[CONFIG_PUSH_COUNT]  

2022-10-08 19:25:39,428 INFO Clear point  control rule for monitorKeys, pointName=[CONFIG_PUSH_COUNT]  

2022-10-08 19:25:39,428 INFO Register tps control,pointName=CONFIG_PUSH_SUCCESS, point=com.alibaba.nacos.core.remote.control.TpsMonitorPoint@507d20bb 

2022-10-08 19:25:39,428 INFO Load rule from local,pointName=CONFIG_PUSH_SUCCESS, ruleContent= 

2022-10-08 19:25:39,428 INFO Apply tps control rule parse start,pointName=[CONFIG_PUSH_SUCCESS]  

2022-10-08 19:25:39,428 INFO Clear point  control rule ,pointName=[CONFIG_PUSH_SUCCESS]  

2022-10-08 19:25:39,428 INFO Clear point  control rule for monitorKeys, pointName=[CONFIG_PUSH_SUCCESS]  

2022-10-08 19:25:39,428 INFO Register tps control,pointName=CONFIG_PUSH_FAIL, point=com.alibaba.nacos.core.remote.control.TpsMonitorPoint@9fec931 

2022-10-08 19:25:39,429 INFO Load rule from local,pointName=CONFIG_PUSH_FAIL, ruleContent= 

2022-10-08 19:25:39,429 INFO Apply tps control rule parse start,pointName=[CONFIG_PUSH_FAIL]  

2022-10-08 19:25:39,429 INFO Clear point  control rule ,pointName=[CONFIG_PUSH_FAIL]  

2022-10-08 19:25:39,429 INFO Clear point  control rule for monitorKeys, pointName=[CONFIG_PUSH_FAIL]  

2022-10-08 19:25:39,462 INFO Load rule from local,pointName=CONFIG_PUSH_COUNT, ruleContent= 

2022-10-08 19:25:39,463 INFO Apply tps control rule parse start,pointName=[CONFIG_PUSH_COUNT]  

2022-10-08 19:25:39,463 INFO Clear point  control rule ,pointName=[CONFIG_PUSH_COUNT]  

2022-10-08 19:25:39,463 INFO Clear point  control rule for monitorKeys, pointName=[CONFIG_PUSH_COUNT]  

2022-10-08 19:25:39,463 INFO Load rule from local,pointName=CONFIG_PUSH_SUCCESS, ruleContent= 

2022-10-08 19:25:39,463 INFO Apply tps control rule parse start,pointName=[CONFIG_PUSH_SUCCESS]  

2022-10-08 19:25:39,463 INFO Clear point  control rule ,pointName=[CONFIG_PUSH_SUCCESS]  

2022-10-08 19:25:39,463 INFO Clear point  control rule for monitorKeys, pointName=[CONFIG_PUSH_SUCCESS]  

2022-10-08 19:25:39,463 INFO Load rule from local,pointName=CONFIG_PUSH_FAIL, ruleContent= 

2022-10-08 19:25:39,463 INFO Apply tps control rule parse start,pointName=[CONFIG_PUSH_FAIL]  

2022-10-08 19:25:39,463 INFO Clear point  control rule ,pointName=[CONFIG_PUSH_FAIL]  

2022-10-08 19:25:39,463 INFO Clear point  control rule for monitorKeys, pointName=[CONFIG_PUSH_FAIL]  

2022-10-08 19:25:55,271 INFO Register tps control,pointName=ConfigQuery, point=com.alibaba.nacos.core.remote.control.TpsMonitorPoint@16c587de 

2022-10-08 19:25:55,278 INFO Load rule from local,pointName=ConfigQuery, ruleContent= 

2022-10-08 19:25:55,278 INFO Apply tps control rule parse start,pointName=[ConfigQuery]  

2022-10-08 19:25:55,278 INFO Clear point  control rule ,pointName=[ConfigQuery]  

2022-10-08 19:25:55,278 INFO Clear point  control rule for monitorKeys, pointName=[ConfigQuery]  

2022-10-08 19:25:55,279 INFO Register tps control,pointName=ClusterConfigChangeNotify, point=com.alibaba.nacos.core.remote.control.TpsMonitorPoint@4cdb8504 

2022-10-08 19:25:55,279 INFO Load rule from local,pointName=ClusterConfigChangeNotify, ruleContent= 

2022-10-08 19:25:55,279 INFO Apply tps control rule parse start,pointName=[ClusterConfigChangeNotify]  

2022-10-08 19:25:55,279 INFO Clear point  control rule ,pointName=[ClusterConfigChangeNotify]  

2022-10-08 19:25:55,279 INFO Clear point  control rule for monitorKeys, pointName=[ClusterConfigChangeNotify]  

2022-10-08 19:25:55,280 INFO Register tps control,pointName=ConfigListen, point=com.alibaba.nacos.core.remote.control.TpsMonitorPoint@76db540e 

2022-10-08 19:25:55,280 INFO Load rule from local,pointName=ConfigListen, ruleContent= 

2022-10-08 19:25:55,280 INFO Apply tps control rule parse start,pointName=[ConfigListen]  

2022-10-08 19:25:55,280 INFO Clear point  control rule ,pointName=[ConfigListen]  

2022-10-08 19:25:55,280 INFO Clear point  control rule for monitorKeys, pointName=[ConfigListen]  

2022-10-08 19:25:55,280 INFO Register tps control,pointName=ConfigRemove, point=com.alibaba.nacos.core.remote.control.TpsMonitorPoint@10358c32 

2022-10-08 19:25:55,280 INFO Load rule from local,pointName=ConfigRemove, ruleContent= 

2022-10-08 19:25:55,280 INFO Apply tps control rule parse start,pointName=[ConfigRemove]  

2022-10-08 19:25:55,280 INFO Clear point  control rule ,pointName=[ConfigRemove]  

2022-10-08 19:25:55,280 INFO Clear point  control rule for monitorKeys, pointName=[ConfigRemove]  

2022-10-08 19:25:55,280 INFO Register tps control,pointName=ConfigPublish, point=com.alibaba.nacos.core.remote.control.TpsMonitorPoint@2af4129d 

2022-10-08 19:25:55,280 INFO Load rule from local,pointName=ConfigPublish, ruleContent= 

2022-10-08 19:25:55,280 INFO Apply tps control rule parse start,pointName=[ConfigPublish]  

2022-10-08 19:25:55,280 INFO Clear point  control rule ,pointName=[ConfigPublish]  

2022-10-08 19:25:55,280 INFO Clear point  control rule for monitorKeys, pointName=[ConfigPublish]  

2022-10-08 19:25:55,280 INFO Register tps control,pointName=HealthCheck, point=com.alibaba.nacos.core.remote.control.TpsMonitorPoint@3a175162 

2022-10-08 19:25:55,293 INFO Load rule from local,pointName=HealthCheck, ruleContent= 

2022-10-08 19:25:55,293 INFO Apply tps control rule parse start,pointName=[HealthCheck]  

2022-10-08 19:25:55,293 INFO Clear point  control rule ,pointName=[HealthCheck]  

2022-10-08 19:25:55,293 INFO Clear point  control rule for monitorKeys, pointName=[HealthCheck]  

2022-10-08 19:25:55,297 INFO Load rule from local,pointName=ConfigQuery, ruleContent= 

2022-10-08 19:25:55,297 INFO Apply tps control rule parse start,pointName=[ConfigQuery]  

2022-10-08 19:25:55,297 INFO Clear point  control rule ,pointName=[ConfigQuery]  

2022-10-08 19:25:55,297 INFO Clear point  control rule for monitorKeys, pointName=[ConfigQuery]  

2022-10-08 19:25:55,297 INFO Load rule from local,pointName=ClusterConfigChangeNotify, ruleContent= 

2022-10-08 19:25:55,297 INFO Apply tps control rule parse start,pointName=[ClusterConfigChangeNotify]  

2022-10-08 19:25:55,297 INFO Clear point  control rule ,pointName=[ClusterConfigChangeNotify]  

2022-10-08 19:25:55,297 INFO Clear point  control rule for monitorKeys, pointName=[ClusterConfigChangeNotify]  

2022-10-08 19:25:55,297 INFO Load rule from local,pointName=ConfigListen, ruleContent= 

2022-10-08 19:25:55,297 INFO Apply tps control rule parse start,pointName=[ConfigListen]  

2022-10-08 19:25:55,297 INFO Clear point  control rule ,pointName=[ConfigListen]  

2022-10-08 19:25:55,297 INFO Clear point  control rule for monitorKeys, pointName=[ConfigListen]  

2022-10-08 19:25:55,297 INFO Load rule from local,pointName=ConfigRemove, ruleContent= 

2022-10-08 19:25:55,297 INFO Apply tps control rule parse start,pointName=[ConfigRemove]  

2022-10-08 19:25:55,297 INFO Clear point  control rule ,pointName=[ConfigRemove]  

2022-10-08 19:25:55,297 INFO Clear point  control rule for monitorKeys, pointName=[ConfigRemove]  

2022-10-08 19:25:55,297 INFO Load rule from local,pointName=ConfigPublish, ruleContent= 

2022-10-08 19:25:55,297 INFO Apply tps control rule parse start,pointName=[ConfigPublish]  

2022-10-08 19:25:55,297 INFO Clear point  control rule ,pointName=[ConfigPublish]  

2022-10-08 19:25:55,297 INFO Clear point  control rule for monitorKeys, pointName=[ConfigPublish]  

2022-10-08 19:25:55,297 INFO Load rule from local,pointName=HealthCheck, ruleContent= 

2022-10-08 19:25:55,297 INFO Apply tps control rule parse start,pointName=[HealthCheck]  

2022-10-08 19:25:55,298 INFO Clear point  control rule ,pointName=[HealthCheck]  

2022-10-08 19:25:55,298 INFO Clear point  control rule for monitorKeys, pointName=[HealthCheck]  

2022-10-08 21:00:20,203 INFO Register tps control,pointName=CONFIG_PUSH_COUNT, point=com.alibaba.nacos.core.remote.control.TpsMonitorPoint@344426bf 

2022-10-08 21:00:20,210 INFO Load rule from local,pointName=CONFIG_PUSH_COUNT, ruleContent= 

2022-10-08 21:00:20,210 INFO Apply tps control rule parse start,pointName=[CONFIG_PUSH_COUNT]  

2022-10-08 21:00:20,210 INFO Clear point  control rule ,pointName=[CONFIG_PUSH_COUNT]  

2022-10-08 21:00:20,233 INFO Clear point  control rule for monitorKeys, pointName=[CONFIG_PUSH_COUNT]  

2022-10-08 21:00:20,233 INFO Register tps control,pointName=CONFIG_PUSH_SUCCESS, point=com.alibaba.nacos.core.remote.control.TpsMonitorPoint@5411dd90 

2022-10-08 21:00:20,234 INFO Load rule from local,pointName=CONFIG_PUSH_SUCCESS, ruleContent= 

2022-10-08 21:00:20,234 INFO Apply tps control rule parse start,pointName=[CONFIG_PUSH_SUCCESS]  

2022-10-08 21:00:20,234 INFO Clear point  control rule ,pointName=[CONFIG_PUSH_SUCCESS]  

2022-10-08 21:00:20,234 INFO Clear point  control rule for monitorKeys, pointName=[CONFIG_PUSH_SUCCESS]  

2022-10-08 21:00:20,234 INFO Register tps control,pointName=CONFIG_PUSH_FAIL, point=com.alibaba.nacos.core.remote.control.TpsMonitorPoint@50194e8d 

2022-10-08 21:00:20,234 INFO Load rule from local,pointName=CONFIG_PUSH_FAIL, ruleContent= 

2022-10-08 21:00:20,234 INFO Apply tps control rule parse start,pointName=[CONFIG_PUSH_FAIL]  

2022-10-08 21:00:20,234 INFO Clear point  control rule ,pointName=[CONFIG_PUSH_FAIL]  

2022-10-08 21:00:20,234 INFO Clear point  control rule for monitorKeys, pointName=[CONFIG_PUSH_FAIL]  

2022-10-08 21:00:20,248 INFO Load rule from local,pointName=CONFIG_PUSH_COUNT, ruleContent= 

2022-10-08 21:00:20,254 INFO Apply tps control rule parse start,pointName=[CONFIG_PUSH_COUNT]  

2022-10-08 21:00:20,254 INFO Clear point  control rule ,pointName=[CONFIG_PUSH_COUNT]  

2022-10-08 21:00:20,254 INFO Clear point  control rule for monitorKeys, pointName=[CONFIG_PUSH_COUNT]  

2022-10-08 21:00:20,254 INFO Load rule from local,pointName=CONFIG_PUSH_SUCCESS, ruleContent= 

2022-10-08 21:00:20,254 INFO Apply tps control rule parse start,pointName=[CONFIG_PUSH_SUCCESS]  

2022-10-08 21:00:20,254 INFO Clear point  control rule ,pointName=[CONFIG_PUSH_SUCCESS]  

2022-10-08 21:00:20,254 INFO Clear point  control rule for monitorKeys, pointName=[CONFIG_PUSH_SUCCESS]  

2022-10-08 21:00:20,254 INFO Load rule from local,pointName=CONFIG_PUSH_FAIL, ruleContent= 

2022-10-08 21:00:20,254 INFO Apply tps control rule parse start,pointName=[CONFIG_PUSH_FAIL]  

2022-10-08 21:00:20,254 INFO Clear point  control rule ,pointName=[CONFIG_PUSH_FAIL]  

2022-10-08 21:00:20,254 INFO Clear point  control rule for monitorKeys, pointName=[CONFIG_PUSH_FAIL]  

2022-10-08 21:00:33,203 INFO Register tps control,pointName=ConfigQuery, point=com.alibaba.nacos.core.remote.control.TpsMonitorPoint@aa4d8cc 

2022-10-08 21:00:33,204 INFO Load rule from local,pointName=ConfigQuery, ruleContent= 

2022-10-08 21:00:33,204 INFO Apply tps control rule parse start,pointName=[ConfigQuery]  

2022-10-08 21:00:33,204 INFO Clear point  control rule ,pointName=[ConfigQuery]  

2022-10-08 21:00:33,204 INFO Clear point  control rule for monitorKeys, pointName=[ConfigQuery]  

2022-10-08 21:00:33,204 INFO Register tps control,pointName=ClusterConfigChangeNotify, point=com.alibaba.nacos.core.remote.control.TpsMonitorPoint@3cb8c8ce 

2022-10-08 21:00:33,204 INFO Load rule from local,pointName=ClusterConfigChangeNotify, ruleContent= 

2022-10-08 21:00:33,204 INFO Apply tps control rule parse start,pointName=[ClusterConfigChangeNotify]  

2022-10-08 21:00:33,204 INFO Clear point  control rule ,pointName=[ClusterConfigChangeNotify]  

2022-10-08 21:00:33,204 INFO Clear point  control rule for monitorKeys, pointName=[ClusterConfigChangeNotify]  

2022-10-08 21:00:33,204 INFO Register tps control,pointName=ConfigListen, point=com.alibaba.nacos.core.remote.control.TpsMonitorPoint@1fde0371 

2022-10-08 21:00:33,204 INFO Load rule from local,pointName=ConfigListen, ruleContent= 

2022-10-08 21:00:33,204 INFO Apply tps control rule parse start,pointName=[ConfigListen]  

2022-10-08 21:00:33,204 INFO Clear point  control rule ,pointName=[ConfigListen]  

2022-10-08 21:00:33,204 INFO Clear point  control rule for monitorKeys, pointName=[ConfigListen]  

2022-10-08 21:00:33,204 INFO Register tps control,pointName=ConfigRemove, point=com.alibaba.nacos.core.remote.control.TpsMonitorPoint@70c0a3d5 

2022-10-08 21:00:33,204 INFO Load rule from local,pointName=ConfigRemove, ruleContent= 

2022-10-08 21:00:33,205 INFO Apply tps control rule parse start,pointName=[ConfigRemove]  

2022-10-08 21:00:33,205 INFO Clear point  control rule ,pointName=[ConfigRemove]  

2022-10-08 21:00:33,205 INFO Clear point  control rule for monitorKeys, pointName=[ConfigRemove]  

2022-10-08 21:00:33,205 INFO Register tps control,pointName=ConfigPublish, point=com.alibaba.nacos.core.remote.control.TpsMonitorPoint@5c8e67b9 

2022-10-08 21:00:33,205 INFO Load rule from local,pointName=ConfigPublish, ruleContent= 

2022-10-08 21:00:33,205 INFO Apply tps control rule parse start,pointName=[ConfigPublish]  

2022-10-08 21:00:33,205 INFO Clear point  control rule ,pointName=[ConfigPublish]  

2022-10-08 21:00:33,205 INFO Clear point  control rule for monitorKeys, pointName=[ConfigPublish]  

2022-10-08 21:00:33,205 INFO Register tps control,pointName=HealthCheck, point=com.alibaba.nacos.core.remote.control.TpsMonitorPoint@260a3a5e 

2022-10-08 21:00:33,206 INFO Load rule from local,pointName=HealthCheck, ruleContent= 

2022-10-08 21:00:33,206 INFO Apply tps control rule parse start,pointName=[HealthCheck]  

2022-10-08 21:00:33,206 INFO Clear point  control rule ,pointName=[HealthCheck]  

2022-10-08 21:00:33,206 INFO Clear point  control rule for monitorKeys, pointName=[HealthCheck]  

2022-10-08 21:00:33,211 INFO Load rule from local,pointName=ConfigQuery, ruleContent= 

2022-10-08 21:00:33,211 INFO Apply tps control rule parse start,pointName=[ConfigQuery]  

2022-10-08 21:00:33,211 INFO Clear point  control rule ,pointName=[ConfigQuery]  

2022-10-08 21:00:33,211 INFO Clear point  control rule for monitorKeys, pointName=[ConfigQuery]  

2022-10-08 21:00:33,211 INFO Load rule from local,pointName=ClusterConfigChangeNotify, ruleContent= 

2022-10-08 21:00:33,211 INFO Apply tps control rule parse start,pointName=[ClusterConfigChangeNotify]  

2022-10-08 21:00:33,211 INFO Clear point  control rule ,pointName=[ClusterConfigChangeNotify]  

2022-10-08 21:00:33,211 INFO Clear point  control rule for monitorKeys, pointName=[ClusterConfigChangeNotify]  

2022-10-08 21:00:33,212 INFO Load rule from local,pointName=ConfigListen, ruleContent= 

2022-10-08 21:00:33,212 INFO Apply tps control rule parse start,pointName=[ConfigListen]  

2022-10-08 21:00:33,212 INFO Clear point  control rule ,pointName=[ConfigListen]  

2022-10-08 21:00:33,212 INFO Clear point  control rule for monitorKeys, pointName=[ConfigListen]  

2022-10-08 21:00:33,212 INFO Load rule from local,pointName=ConfigRemove, ruleContent= 

2022-10-08 21:00:33,212 INFO Apply tps control rule parse start,pointName=[ConfigRemove]  

2022-10-08 21:00:33,212 INFO Clear point  control rule ,pointName=[ConfigRemove]  

2022-10-08 21:00:33,212 INFO Clear point  control rule for monitorKeys, pointName=[ConfigRemove]  

2022-10-08 21:00:33,212 INFO Load rule from local,pointName=ConfigPublish, ruleContent= 

2022-10-08 21:00:33,212 INFO Apply tps control rule parse start,pointName=[ConfigPublish]  

2022-10-08 21:00:33,212 INFO Clear point  control rule ,pointName=[ConfigPublish]  

2022-10-08 21:00:33,212 INFO Clear point  control rule for monitorKeys, pointName=[ConfigPublish]  

2022-10-08 21:00:33,212 INFO Load rule from local,pointName=HealthCheck, ruleContent= 

2022-10-08 21:00:33,212 INFO Apply tps control rule parse start,pointName=[HealthCheck]  

2022-10-08 21:00:33,212 INFO Clear point  control rule ,pointName=[HealthCheck]  

2022-10-08 21:00:33,212 INFO Clear point  control rule for monitorKeys, pointName=[HealthCheck]  

2022-10-08 21:07:44,530 INFO Register tps control,pointName=CONFIG_PUSH_COUNT, point=com.alibaba.nacos.core.remote.control.TpsMonitorPoint@78b41097 

2022-10-08 21:07:44,531 INFO Load rule from local,pointName=CONFIG_PUSH_COUNT, ruleContent= 

2022-10-08 21:07:44,531 INFO Apply tps control rule parse start,pointName=[CONFIG_PUSH_COUNT]  

2022-10-08 21:07:44,531 INFO Clear point  control rule ,pointName=[CONFIG_PUSH_COUNT]  

2022-10-08 21:07:44,531 INFO Clear point  control rule for monitorKeys, pointName=[CONFIG_PUSH_COUNT]  

2022-10-08 21:07:44,531 INFO Register tps control,pointName=CONFIG_PUSH_SUCCESS, point=com.alibaba.nacos.core.remote.control.TpsMonitorPoint@2c2db130 

2022-10-08 21:07:44,531 INFO Load rule from local,pointName=CONFIG_PUSH_SUCCESS, ruleContent= 

2022-10-08 21:07:44,531 INFO Apply tps control rule parse start,pointName=[CONFIG_PUSH_SUCCESS]  

2022-10-08 21:07:44,531 INFO Clear point  control rule ,pointName=[CONFIG_PUSH_SUCCESS]  

2022-10-08 21:07:44,531 INFO Clear point  control rule for monitorKeys, pointName=[CONFIG_PUSH_SUCCESS]  

2022-10-08 21:07:44,531 INFO Register tps control,pointName=CONFIG_PUSH_FAIL, point=com.alibaba.nacos.core.remote.control.TpsMonitorPoint@327c7bea 

2022-10-08 21:07:44,531 INFO Load rule from local,pointName=CONFIG_PUSH_FAIL, ruleContent= 

2022-10-08 21:07:44,531 INFO Apply tps control rule parse start,pointName=[CONFIG_PUSH_FAIL]  

2022-10-08 21:07:44,531 INFO Clear point  control rule ,pointName=[CONFIG_PUSH_FAIL]  

2022-10-08 21:07:44,532 INFO Clear point  control rule for monitorKeys, pointName=[CONFIG_PUSH_FAIL]  

2022-10-08 21:07:44,581 INFO Load rule from local,pointName=CONFIG_PUSH_COUNT, ruleContent= 

2022-10-08 21:07:44,605 INFO Apply tps control rule parse start,pointName=[CONFIG_PUSH_COUNT]  

2022-10-08 21:07:44,605 INFO Clear point  control rule ,pointName=[CONFIG_PUSH_COUNT]  

2022-10-08 21:07:44,610 INFO Clear point  control rule for monitorKeys, pointName=[CONFIG_PUSH_COUNT]  

2022-10-08 21:07:44,610 INFO Load rule from local,pointName=CONFIG_PUSH_SUCCESS, ruleContent= 

2022-10-08 21:07:44,610 INFO Apply tps control rule parse start,pointName=[CONFIG_PUSH_SUCCESS]  

2022-10-08 21:07:44,610 INFO Clear point  control rule ,pointName=[CONFIG_PUSH_SUCCESS]  

2022-10-08 21:07:44,610 INFO Clear point  control rule for monitorKeys, pointName=[CONFIG_PUSH_SUCCESS]  

2022-10-08 21:07:44,610 INFO Load rule from local,pointName=CONFIG_PUSH_FAIL, ruleContent= 

2022-10-08 21:07:44,610 INFO Apply tps control rule parse start,pointName=[CONFIG_PUSH_FAIL]  

2022-10-08 21:07:44,610 INFO Clear point  control rule ,pointName=[CONFIG_PUSH_FAIL]  

2022-10-08 21:07:44,610 INFO Clear point  control rule for monitorKeys, pointName=[CONFIG_PUSH_FAIL]  

2022-10-08 21:07:57,871 INFO Register tps control,pointName=ConfigQuery, point=com.alibaba.nacos.core.remote.control.TpsMonitorPoint@1866da85 

2022-10-08 21:07:57,871 INFO Load rule from local,pointName=ConfigQuery, ruleContent= 

2022-10-08 21:07:57,871 INFO Apply tps control rule parse start,pointName=[ConfigQuery]  

2022-10-08 21:07:57,871 INFO Clear point  control rule ,pointName=[ConfigQuery]  

2022-10-08 21:07:57,871 INFO Clear point  control rule for monitorKeys, pointName=[ConfigQuery]  

2022-10-08 21:07:57,871 INFO Register tps control,pointName=ClusterConfigChangeNotify, point=com.alibaba.nacos.core.remote.control.TpsMonitorPoint@4cfa8227 

2022-10-08 21:07:57,871 INFO Load rule from local,pointName=ClusterConfigChangeNotify, ruleContent= 

2022-10-08 21:07:57,871 INFO Apply tps control rule parse start,pointName=[ClusterConfigChangeNotify]  

2022-10-08 21:07:57,871 INFO Clear point  control rule ,pointName=[ClusterConfigChangeNotify]  

2022-10-08 21:07:57,871 INFO Clear point  control rule for monitorKeys, pointName=[ClusterConfigChangeNotify]  

2022-10-08 21:07:57,871 INFO Register tps control,pointName=ConfigListen, point=com.alibaba.nacos.core.remote.control.TpsMonitorPoint@78226c36 

2022-10-08 21:07:57,871 INFO Load rule from local,pointName=ConfigListen, ruleContent= 

2022-10-08 21:07:57,871 INFO Apply tps control rule parse start,pointName=[ConfigListen]  

2022-10-08 21:07:57,871 INFO Clear point  control rule ,pointName=[ConfigListen]  

2022-10-08 21:07:57,871 INFO Clear point  control rule for monitorKeys, pointName=[ConfigListen]  

2022-10-08 21:07:57,871 INFO Register tps control,pointName=ConfigRemove, point=com.alibaba.nacos.core.remote.control.TpsMonitorPoint@3f685162 

2022-10-08 21:07:57,871 INFO Load rule from local,pointName=ConfigRemove, ruleContent= 

2022-10-08 21:07:57,871 INFO Apply tps control rule parse start,pointName=[ConfigRemove]  

2022-10-08 21:07:57,872 INFO Clear point  control rule ,pointName=[ConfigRemove]  

2022-10-08 21:07:57,872 INFO Clear point  control rule for monitorKeys, pointName=[ConfigRemove]  

2022-10-08 21:07:57,872 INFO Register tps control,pointName=ConfigPublish, point=com.alibaba.nacos.core.remote.control.TpsMonitorPoint@11f406f8 

2022-10-08 21:07:57,872 INFO Load rule from local,pointName=ConfigPublish, ruleContent= 

2022-10-08 21:07:57,872 INFO Apply tps control rule parse start,pointName=[ConfigPublish]  

2022-10-08 21:07:57,872 INFO Clear point  control rule ,pointName=[ConfigPublish]  

2022-10-08 21:07:57,872 INFO Clear point  control rule for monitorKeys, pointName=[ConfigPublish]  

2022-10-08 21:07:57,872 INFO Register tps control,pointName=HealthCheck, point=com.alibaba.nacos.core.remote.control.TpsMonitorPoint@987455b 

2022-10-08 21:07:57,872 INFO Load rule from local,pointName=HealthCheck, ruleContent= 

2022-10-08 21:07:57,872 INFO Apply tps control rule parse start,pointName=[HealthCheck]  

2022-10-08 21:07:57,872 INFO Clear point  control rule ,pointName=[HealthCheck]  

2022-10-08 21:07:57,872 INFO Clear point  control rule for monitorKeys, pointName=[HealthCheck]  

2022-10-08 21:07:57,890 INFO Load rule from local,pointName=ConfigQuery, ruleContent= 

2022-10-08 21:07:57,890 INFO Apply tps control rule parse start,pointName=[ConfigQuery]  

2022-10-08 21:07:57,890 INFO Clear point  control rule ,pointName=[ConfigQuery]  

2022-10-08 21:07:57,890 INFO Clear point  control rule for monitorKeys, pointName=[ConfigQuery]  

2022-10-08 21:07:57,890 INFO Load rule from local,pointName=ClusterConfigChangeNotify, ruleContent= 

2022-10-08 21:07:57,890 INFO Apply tps control rule parse start,pointName=[ClusterConfigChangeNotify]  

2022-10-08 21:07:57,890 INFO Clear point  control rule ,pointName=[ClusterConfigChangeNotify]  

2022-10-08 21:07:57,890 INFO Clear point  control rule for monitorKeys, pointName=[ClusterConfigChangeNotify]  

2022-10-08 21:07:57,890 INFO Load rule from local,pointName=ConfigListen, ruleContent= 

2022-10-08 21:07:57,890 INFO Apply tps control rule parse start,pointName=[ConfigListen]  

2022-10-08 21:07:57,890 INFO Clear point  control rule ,pointName=[ConfigListen]  

2022-10-08 21:07:57,890 INFO Clear point  control rule for monitorKeys, pointName=[ConfigListen]  

2022-10-08 21:07:57,890 INFO Load rule from local,pointName=ConfigRemove, ruleContent= 

2022-10-08 21:07:57,890 INFO Apply tps control rule parse start,pointName=[ConfigRemove]  

2022-10-08 21:07:57,890 INFO Clear point  control rule ,pointName=[ConfigRemove]  

2022-10-08 21:07:57,890 INFO Clear point  control rule for monitorKeys, pointName=[ConfigRemove]  

2022-10-08 21:07:57,890 INFO Load rule from local,pointName=ConfigPublish, ruleContent= 

2022-10-08 21:07:57,890 INFO Apply tps control rule parse start,pointName=[ConfigPublish]  

2022-10-08 21:07:57,890 INFO Clear point  control rule ,pointName=[ConfigPublish]  

2022-10-08 21:07:57,890 INFO Clear point  control rule for monitorKeys, pointName=[ConfigPublish]  

2022-10-08 21:07:57,890 INFO Load rule from local,pointName=HealthCheck, ruleContent= 

2022-10-08 21:07:57,890 INFO Apply tps control rule parse start,pointName=[HealthCheck]  

2022-10-08 21:07:57,890 INFO Clear point  control rule ,pointName=[HealthCheck]  

2022-10-08 21:07:57,890 INFO Clear point  control rule for monitorKeys, pointName=[HealthCheck]  

2022-10-08 21:24:58,890 INFO Register tps control,pointName=CONFIG_PUSH_COUNT, point=com.alibaba.nacos.core.remote.control.TpsMonitorPoint@9fec931 

2022-10-08 21:24:58,891 INFO Load rule from local,pointName=CONFIG_PUSH_COUNT, ruleContent= 

2022-10-08 21:24:58,891 INFO Apply tps control rule parse start,pointName=[CONFIG_PUSH_COUNT]  

2022-10-08 21:24:58,891 INFO Clear point  control rule ,pointName=[CONFIG_PUSH_COUNT]  

2022-10-08 21:24:58,891 INFO Clear point  control rule for monitorKeys, pointName=[CONFIG_PUSH_COUNT]  

2022-10-08 21:24:58,891 INFO Register tps control,pointName=CONFIG_PUSH_SUCCESS, point=com.alibaba.nacos.core.remote.control.TpsMonitorPoint@5cbd159f 

2022-10-08 21:24:58,891 INFO Load rule from local,pointName=CONFIG_PUSH_SUCCESS, ruleContent= 

2022-10-08 21:24:58,891 INFO Apply tps control rule parse start,pointName=[CONFIG_PUSH_SUCCESS]  

2022-10-08 21:24:58,891 INFO Clear point  control rule ,pointName=[CONFIG_PUSH_SUCCESS]  

2022-10-08 21:24:58,891 INFO Clear point  control rule for monitorKeys, pointName=[CONFIG_PUSH_SUCCESS]  

2022-10-08 21:24:58,891 INFO Register tps control,pointName=CONFIG_PUSH_FAIL, point=com.alibaba.nacos.core.remote.control.TpsMonitorPoint@3b05a99b 

2022-10-08 21:24:58,892 INFO Load rule from local,pointName=CONFIG_PUSH_FAIL, ruleContent= 

2022-10-08 21:24:58,892 INFO Apply tps control rule parse start,pointName=[CONFIG_PUSH_FAIL]  

2022-10-08 21:24:58,892 INFO Clear point  control rule ,pointName=[CONFIG_PUSH_FAIL]  

2022-10-08 21:24:58,892 INFO Clear point  control rule for monitorKeys, pointName=[CONFIG_PUSH_FAIL]  

2022-10-08 21:24:58,943 INFO Load rule from local,pointName=CONFIG_PUSH_COUNT, ruleContent= 

2022-10-08 21:24:58,943 INFO Apply tps control rule parse start,pointName=[CONFIG_PUSH_COUNT]  

2022-10-08 21:24:58,943 INFO Clear point  control rule ,pointName=[CONFIG_PUSH_COUNT]  

2022-10-08 21:24:58,943 INFO Clear point  control rule for monitorKeys, pointName=[CONFIG_PUSH_COUNT]  

2022-10-08 21:24:58,943 INFO Load rule from local,pointName=CONFIG_PUSH_SUCCESS, ruleContent= 

2022-10-08 21:24:58,943 INFO Apply tps control rule parse start,pointName=[CONFIG_PUSH_SUCCESS]  

2022-10-08 21:24:58,943 INFO Clear point  control rule ,pointName=[CONFIG_PUSH_SUCCESS]  

2022-10-08 21:24:58,943 INFO Clear point  control rule for monitorKeys, pointName=[CONFIG_PUSH_SUCCESS]  

2022-10-08 21:24:58,944 INFO Load rule from local,pointName=CONFIG_PUSH_FAIL, ruleContent= 

2022-10-08 21:24:58,944 INFO Apply tps control rule parse start,pointName=[CONFIG_PUSH_FAIL]  

2022-10-08 21:24:58,944 INFO Clear point  control rule ,pointName=[CONFIG_PUSH_FAIL]  

2022-10-08 21:24:58,944 INFO Clear point  control rule for monitorKeys, pointName=[CONFIG_PUSH_FAIL]  

2022-10-08 21:25:12,389 INFO Register tps control,pointName=ConfigQuery, point=com.alibaba.nacos.core.remote.control.TpsMonitorPoint@5e1fc2aa 

2022-10-08 21:25:12,390 INFO Load rule from local,pointName=ConfigQuery, ruleContent= 

2022-10-08 21:25:12,390 INFO Apply tps control rule parse start,pointName=[ConfigQuery]  

2022-10-08 21:25:12,390 INFO Clear point  control rule ,pointName=[ConfigQuery]  

2022-10-08 21:25:12,390 INFO Clear point  control rule for monitorKeys, pointName=[ConfigQuery]  

2022-10-08 21:25:12,391 INFO Load rule from local,pointName=ConfigQuery, ruleContent= 

2022-10-08 21:25:12,391 INFO Apply tps control rule parse start,pointName=[ConfigQuery]  

2022-10-08 21:25:12,391 INFO Clear point  control rule ,pointName=[ConfigQuery]  

2022-10-08 21:25:12,391 INFO Clear point  control rule for monitorKeys, pointName=[ConfigQuery]  

2022-10-08 21:25:12,391 INFO Register tps control,pointName=ClusterConfigChangeNotify, point=com.alibaba.nacos.core.remote.control.TpsMonitorPoint@688d411b 

2022-10-08 21:25:12,391 INFO Load rule from local,pointName=ClusterConfigChangeNotify, ruleContent= 

2022-10-08 21:25:12,391 INFO Apply tps control rule parse start,pointName=[ClusterConfigChangeNotify]  

2022-10-08 21:25:12,391 INFO Clear point  control rule ,pointName=[ClusterConfigChangeNotify]  

2022-10-08 21:25:12,391 INFO Clear point  control rule for monitorKeys, pointName=[ClusterConfigChangeNotify]  

2022-10-08 21:25:12,391 INFO Register tps control,pointName=ConfigListen, point=com.alibaba.nacos.core.remote.control.TpsMonitorPoint@382c90c2 

2022-10-08 21:25:12,391 INFO Load rule from local,pointName=ConfigListen, ruleContent= 

2022-10-08 21:25:12,391 INFO Apply tps control rule parse start,pointName=[ConfigListen]  

2022-10-08 21:25:12,391 INFO Clear point  control rule ,pointName=[ConfigListen]  

2022-10-08 21:25:12,391 INFO Clear point  control rule for monitorKeys, pointName=[ConfigListen]  

2022-10-08 21:25:12,391 INFO Register tps control,pointName=ConfigRemove, point=com.alibaba.nacos.core.remote.control.TpsMonitorPoint@859ea42 

2022-10-08 21:25:12,391 INFO Load rule from local,pointName=ConfigRemove, ruleContent= 

2022-10-08 21:25:12,391 INFO Apply tps control rule parse start,pointName=[ConfigRemove]  

2022-10-08 21:25:12,391 INFO Clear point  control rule ,pointName=[ConfigRemove]  

2022-10-08 21:25:12,391 INFO Clear point  control rule for monitorKeys, pointName=[ConfigRemove]  

2022-10-08 21:25:12,391 INFO Register tps control,pointName=ConfigPublish, point=com.alibaba.nacos.core.remote.control.TpsMonitorPoint@28737371 

2022-10-08 21:25:12,391 INFO Load rule from local,pointName=ConfigPublish, ruleContent= 

2022-10-08 21:25:12,391 INFO Apply tps control rule parse start,pointName=[ConfigPublish]  

2022-10-08 21:25:12,391 INFO Clear point  control rule ,pointName=[ConfigPublish]  

2022-10-08 21:25:12,391 INFO Clear point  control rule for monitorKeys, pointName=[ConfigPublish]  

2022-10-08 21:25:12,391 INFO Register tps control,pointName=HealthCheck, point=com.alibaba.nacos.core.remote.control.TpsMonitorPoint@2af46afd 

2022-10-08 21:25:12,391 INFO Load rule from local,pointName=HealthCheck, ruleContent= 

2022-10-08 21:25:12,391 INFO Apply tps control rule parse start,pointName=[HealthCheck]  

2022-10-08 21:25:12,391 INFO Clear point  control rule ,pointName=[HealthCheck]  

2022-10-08 21:25:12,392 INFO Clear point  control rule for monitorKeys, pointName=[HealthCheck]  

2022-10-08 21:25:12,398 INFO Load rule from local,pointName=ClusterConfigChangeNotify, ruleContent= 

2022-10-08 21:25:12,398 INFO Apply tps control rule parse start,pointName=[ClusterConfigChangeNotify]  

2022-10-08 21:25:12,398 INFO Clear point  control rule ,pointName=[ClusterConfigChangeNotify]  

2022-10-08 21:25:12,398 INFO Clear point  control rule for monitorKeys, pointName=[ClusterConfigChangeNotify]  

2022-10-08 21:25:12,398 INFO Load rule from local,pointName=ConfigListen, ruleContent= 

2022-10-08 21:25:12,398 INFO Apply tps control rule parse start,pointName=[ConfigListen]  

2022-10-08 21:25:12,398 INFO Clear point  control rule ,pointName=[ConfigListen]  

2022-10-08 21:25:12,398 INFO Clear point  control rule for monitorKeys, pointName=[ConfigListen]  

2022-10-08 21:25:12,398 INFO Load rule from local,pointName=ConfigRemove, ruleContent= 

2022-10-08 21:25:12,398 INFO Apply tps control rule parse start,pointName=[ConfigRemove]  

2022-10-08 21:25:12,398 INFO Clear point  control rule ,pointName=[ConfigRemove]  

2022-10-08 21:25:12,398 INFO Clear point  control rule for monitorKeys, pointName=[ConfigRemove]  

2022-10-08 21:25:12,398 INFO Load rule from local,pointName=ConfigPublish, ruleContent= 

2022-10-08 21:25:12,398 INFO Apply tps control rule parse start,pointName=[ConfigPublish]  

2022-10-08 21:25:12,398 INFO Clear point  control rule ,pointName=[ConfigPublish]  

2022-10-08 21:25:12,398 INFO Clear point  control rule for monitorKeys, pointName=[ConfigPublish]  

2022-10-08 21:25:12,398 INFO Load rule from local,pointName=HealthCheck, ruleContent= 

2022-10-08 21:25:12,398 INFO Apply tps control rule parse start,pointName=[HealthCheck]  

2022-10-08 21:25:12,398 INFO Clear point  control rule ,pointName=[HealthCheck]  

2022-10-08 21:25:12,398 INFO Clear point  control rule for monitorKeys, pointName=[HealthCheck]  

2022-10-08 21:31:35,622 INFO Register tps control,pointName=CONFIG_PUSH_COUNT, point=com.alibaba.nacos.core.remote.control.TpsMonitorPoint@7d0cc890 

2022-10-08 21:31:35,622 INFO Load rule from local,pointName=CONFIG_PUSH_COUNT, ruleContent= 

2022-10-08 21:31:35,622 INFO Apply tps control rule parse start,pointName=[CONFIG_PUSH_COUNT]  

2022-10-08 21:31:35,622 INFO Clear point  control rule ,pointName=[CONFIG_PUSH_COUNT]  

2022-10-08 21:31:35,622 INFO Clear point  control rule for monitorKeys, pointName=[CONFIG_PUSH_COUNT]  

2022-10-08 21:31:35,622 INFO Register tps control,pointName=CONFIG_PUSH_SUCCESS, point=com.alibaba.nacos.core.remote.control.TpsMonitorPoint@49293b43 

2022-10-08 21:31:35,675 INFO Load rule from local,pointName=CONFIG_PUSH_SUCCESS, ruleContent= 

2022-10-08 21:31:35,675 INFO Apply tps control rule parse start,pointName=[CONFIG_PUSH_SUCCESS]  

2022-10-08 21:31:35,675 INFO Clear point  control rule ,pointName=[CONFIG_PUSH_SUCCESS]  

2022-10-08 21:31:35,675 INFO Clear point  control rule for monitorKeys, pointName=[CONFIG_PUSH_SUCCESS]  

2022-10-08 21:31:35,675 INFO Register tps control,pointName=CONFIG_PUSH_FAIL, point=com.alibaba.nacos.core.remote.control.TpsMonitorPoint@5ff60a8c 

2022-10-08 21:31:35,675 INFO Load rule from local,pointName=CONFIG_PUSH_FAIL, ruleContent= 

2022-10-08 21:31:35,675 INFO Apply tps control rule parse start,pointName=[CONFIG_PUSH_FAIL]  

2022-10-08 21:31:35,675 INFO Clear point  control rule ,pointName=[CONFIG_PUSH_FAIL]  

2022-10-08 21:31:35,675 INFO Clear point  control rule for monitorKeys, pointName=[CONFIG_PUSH_FAIL]  

2022-10-08 21:31:35,680 INFO Load rule from local,pointName=CONFIG_PUSH_COUNT, ruleContent= 

2022-10-08 21:31:35,681 INFO Apply tps control rule parse start,pointName=[CONFIG_PUSH_COUNT]  

2022-10-08 21:31:35,681 INFO Clear point  control rule ,pointName=[CONFIG_PUSH_COUNT]  

2022-10-08 21:31:35,681 INFO Clear point  control rule for monitorKeys, pointName=[CONFIG_PUSH_COUNT]  

2022-10-08 21:31:35,681 INFO Load rule from local,pointName=CONFIG_PUSH_SUCCESS, ruleContent= 

2022-10-08 21:31:35,681 INFO Apply tps control rule parse start,pointName=[CONFIG_PUSH_SUCCESS]  

2022-10-08 21:31:35,681 INFO Clear point  control rule ,pointName=[CONFIG_PUSH_SUCCESS]  

2022-10-08 21:31:35,681 INFO Clear point  control rule for monitorKeys, pointName=[CONFIG_PUSH_SUCCESS]  

2022-10-08 21:31:35,681 INFO Load rule from local,pointName=CONFIG_PUSH_FAIL, ruleContent= 

2022-10-08 21:31:35,681 INFO Apply tps control rule parse start,pointName=[CONFIG_PUSH_FAIL]  

2022-10-08 21:31:35,681 INFO Clear point  control rule ,pointName=[CONFIG_PUSH_FAIL]  

2022-10-08 21:31:35,681 INFO Clear point  control rule for monitorKeys, pointName=[CONFIG_PUSH_FAIL]  

2022-10-08 21:31:48,973 INFO Register tps control,pointName=ConfigQuery, point=com.alibaba.nacos.core.remote.control.TpsMonitorPoint@382c90c2 

2022-10-08 21:31:48,973 INFO Load rule from local,pointName=ConfigQuery, ruleContent= 

2022-10-08 21:31:48,973 INFO Apply tps control rule parse start,pointName=[ConfigQuery]  

2022-10-08 21:31:48,974 INFO Clear point  control rule ,pointName=[ConfigQuery]  

2022-10-08 21:31:48,974 INFO Clear point  control rule for monitorKeys, pointName=[ConfigQuery]  

2022-10-08 21:31:48,974 INFO Register tps control,pointName=ClusterConfigChangeNotify, point=com.alibaba.nacos.core.remote.control.TpsMonitorPoint@859ea42 

2022-10-08 21:31:48,974 INFO Load rule from local,pointName=ClusterConfigChangeNotify, ruleContent= 

2022-10-08 21:31:48,974 INFO Apply tps control rule parse start,pointName=[ClusterConfigChangeNotify]  

2022-10-08 21:31:48,974 INFO Clear point  control rule ,pointName=[ClusterConfigChangeNotify]  

2022-10-08 21:31:48,974 INFO Clear point  control rule for monitorKeys, pointName=[ClusterConfigChangeNotify]  

2022-10-08 21:31:48,974 INFO Register tps control,pointName=ConfigListen, point=com.alibaba.nacos.core.remote.control.TpsMonitorPoint@28737371 

2022-10-08 21:31:48,974 INFO Load rule from local,pointName=ConfigListen, ruleContent= 

2022-10-08 21:31:48,974 INFO Apply tps control rule parse start,pointName=[ConfigListen]  

2022-10-08 21:31:48,974 INFO Clear point  control rule ,pointName=[ConfigListen]  

2022-10-08 21:31:48,974 INFO Clear point  control rule for monitorKeys, pointName=[ConfigListen]  

2022-10-08 21:31:48,974 INFO Register tps control,pointName=ConfigRemove, point=com.alibaba.nacos.core.remote.control.TpsMonitorPoint@2af46afd 

2022-10-08 21:31:48,974 INFO Load rule from local,pointName=ConfigRemove, ruleContent= 

2022-10-08 21:31:48,974 INFO Apply tps control rule parse start,pointName=[ConfigRemove]  

2022-10-08 21:31:48,974 INFO Clear point  control rule ,pointName=[ConfigRemove]  

2022-10-08 21:31:48,974 INFO Clear point  control rule for monitorKeys, pointName=[ConfigRemove]  

2022-10-08 21:31:48,974 INFO Register tps control,pointName=ConfigPublish, point=com.alibaba.nacos.core.remote.control.TpsMonitorPoint@760245e1 

2022-10-08 21:31:48,974 INFO Load rule from local,pointName=ConfigPublish, ruleContent= 

2022-10-08 21:31:48,974 INFO Apply tps control rule parse start,pointName=[ConfigPublish]  

2022-10-08 21:31:48,974 INFO Clear point  control rule ,pointName=[ConfigPublish]  

2022-10-08 21:31:48,974 INFO Clear point  control rule for monitorKeys, pointName=[ConfigPublish]  

2022-10-08 21:31:48,974 INFO Register tps control,pointName=HealthCheck, point=com.alibaba.nacos.core.remote.control.TpsMonitorPoint@31ceba99 

2022-10-08 21:31:48,974 INFO Load rule from local,pointName=HealthCheck, ruleContent= 

2022-10-08 21:31:48,974 INFO Apply tps control rule parse start,pointName=[HealthCheck]  

2022-10-08 21:31:48,974 INFO Clear point  control rule ,pointName=[HealthCheck]  

2022-10-08 21:31:48,974 INFO Clear point  control rule for monitorKeys, pointName=[HealthCheck]  

2022-10-08 21:31:48,983 INFO Load rule from local,pointName=ConfigQuery, ruleContent= 

2022-10-08 21:31:48,983 INFO Apply tps control rule parse start,pointName=[ConfigQuery]  

2022-10-08 21:31:48,983 INFO Clear point  control rule ,pointName=[ConfigQuery]  

2022-10-08 21:31:48,983 INFO Clear point  control rule for monitorKeys, pointName=[ConfigQuery]  

2022-10-08 21:31:48,983 INFO Load rule from local,pointName=ClusterConfigChangeNotify, ruleContent= 

2022-10-08 21:31:48,983 INFO Apply tps control rule parse start,pointName=[ClusterConfigChangeNotify]  

2022-10-08 21:31:48,983 INFO Clear point  control rule ,pointName=[ClusterConfigChangeNotify]  

2022-10-08 21:31:48,983 INFO Clear point  control rule for monitorKeys, pointName=[ClusterConfigChangeNotify]  

2022-10-08 21:31:48,983 INFO Load rule from local,pointName=ConfigListen, ruleContent= 

2022-10-08 21:31:48,983 INFO Apply tps control rule parse start,pointName=[ConfigListen]  

2022-10-08 21:31:48,983 INFO Clear point  control rule ,pointName=[ConfigListen]  

2022-10-08 21:31:48,983 INFO Clear point  control rule for monitorKeys, pointName=[ConfigListen]  

2022-10-08 21:31:48,983 INFO Load rule from local,pointName=ConfigRemove, ruleContent= 

2022-10-08 21:31:48,983 INFO Apply tps control rule parse start,pointName=[ConfigRemove]  

2022-10-08 21:31:48,983 INFO Clear point  control rule ,pointName=[ConfigRemove]  

2022-10-08 21:31:48,983 INFO Clear point  control rule for monitorKeys, pointName=[ConfigRemove]  

2022-10-08 21:31:48,983 INFO Load rule from local,pointName=ConfigPublish, ruleContent= 

2022-10-08 21:31:48,983 INFO Apply tps control rule parse start,pointName=[ConfigPublish]  

2022-10-08 21:31:48,983 INFO Clear point  control rule ,pointName=[ConfigPublish]  

2022-10-08 21:31:48,983 INFO Clear point  control rule for monitorKeys, pointName=[ConfigPublish]  

2022-10-08 21:31:48,983 INFO Load rule from local,pointName=HealthCheck, ruleContent= 

2022-10-08 21:31:48,983 INFO Apply tps control rule parse start,pointName=[HealthCheck]  

2022-10-08 21:31:48,983 INFO Clear point  control rule ,pointName=[HealthCheck]  

2022-10-08 21:31:48,983 INFO Clear point  control rule for monitorKeys, pointName=[HealthCheck]  

2022-10-08 21:42:52,506 INFO Register tps control,pointName=CONFIG_PUSH_COUNT, point=com.alibaba.nacos.core.remote.control.TpsMonitorPoint@3b05a99b 

2022-10-08 21:42:52,506 INFO Load rule from local,pointName=CONFIG_PUSH_COUNT, ruleContent= 

2022-10-08 21:42:52,506 INFO Apply tps control rule parse start,pointName=[CONFIG_PUSH_COUNT]  

2022-10-08 21:42:52,513 INFO Clear point  control rule ,pointName=[CONFIG_PUSH_COUNT]  

2022-10-08 21:42:52,513 INFO Clear point  control rule for monitorKeys, pointName=[CONFIG_PUSH_COUNT]  

2022-10-08 21:42:52,513 INFO Register tps control,pointName=CONFIG_PUSH_SUCCESS, point=com.alibaba.nacos.core.remote.control.TpsMonitorPoint@2c43eb8 

2022-10-08 21:42:52,513 INFO Load rule from local,pointName=CONFIG_PUSH_SUCCESS, ruleContent= 

2022-10-08 21:42:52,513 INFO Apply tps control rule parse start,pointName=[CONFIG_PUSH_SUCCESS]  

2022-10-08 21:42:52,513 INFO Clear point  control rule ,pointName=[CONFIG_PUSH_SUCCESS]  

2022-10-08 21:42:52,513 INFO Clear point  control rule for monitorKeys, pointName=[CONFIG_PUSH_SUCCESS]  

2022-10-08 21:42:52,513 INFO Register tps control,pointName=CONFIG_PUSH_FAIL, point=com.alibaba.nacos.core.remote.control.TpsMonitorPoint@7d0cc890 

2022-10-08 21:42:52,513 INFO Load rule from local,pointName=CONFIG_PUSH_FAIL, ruleContent= 

2022-10-08 21:42:52,513 INFO Apply tps control rule parse start,pointName=[CONFIG_PUSH_FAIL]  

2022-10-08 21:42:52,513 INFO Clear point  control rule ,pointName=[CONFIG_PUSH_FAIL]  

2022-10-08 21:42:52,513 INFO Clear point  control rule for monitorKeys, pointName=[CONFIG_PUSH_FAIL]  

2022-10-08 21:42:52,613 INFO Load rule from local,pointName=CONFIG_PUSH_COUNT, ruleContent= 

2022-10-08 21:42:52,614 INFO Apply tps control rule parse start,pointName=[CONFIG_PUSH_COUNT]  

2022-10-08 21:42:52,617 INFO Clear point  control rule ,pointName=[CONFIG_PUSH_COUNT]  

2022-10-08 21:42:52,618 INFO Clear point  control rule for monitorKeys, pointName=[CONFIG_PUSH_COUNT]  

2022-10-08 21:42:52,618 INFO Load rule from local,pointName=CONFIG_PUSH_SUCCESS, ruleContent= 

2022-10-08 21:42:52,618 INFO Apply tps control rule parse start,pointName=[CONFIG_PUSH_SUCCESS]  

2022-10-08 21:42:52,618 INFO Clear point  control rule ,pointName=[CONFIG_PUSH_SUCCESS]  

2022-10-08 21:42:52,618 INFO Clear point  control rule for monitorKeys, pointName=[CONFIG_PUSH_SUCCESS]  

2022-10-08 21:42:52,618 INFO Load rule from local,pointName=CONFIG_PUSH_FAIL, ruleContent= 

2022-10-08 21:42:52,618 INFO Apply tps control rule parse start,pointName=[CONFIG_PUSH_FAIL]  

2022-10-08 21:42:52,618 INFO Clear point  control rule ,pointName=[CONFIG_PUSH_FAIL]  

2022-10-08 21:42:52,618 INFO Clear point  control rule for monitorKeys, pointName=[CONFIG_PUSH_FAIL]  

2022-10-08 21:42:57,829 INFO Register tps control,pointName=ConfigQuery, point=com.alibaba.nacos.core.remote.control.TpsMonitorPoint@760245e1 

2022-10-08 21:42:57,829 INFO Load rule from local,pointName=ConfigQuery, ruleContent= 

2022-10-08 21:42:57,829 INFO Apply tps control rule parse start,pointName=[ConfigQuery]  

2022-10-08 21:42:57,829 INFO Clear point  control rule ,pointName=[ConfigQuery]  

2022-10-08 21:42:57,829 INFO Clear point  control rule for monitorKeys, pointName=[ConfigQuery]  

2022-10-08 21:42:57,829 INFO Register tps control,pointName=ClusterConfigChangeNotify, point=com.alibaba.nacos.core.remote.control.TpsMonitorPoint@31ceba99 

2022-10-08 21:42:57,830 INFO Load rule from local,pointName=ClusterConfigChangeNotify, ruleContent= 

2022-10-08 21:42:57,830 INFO Apply tps control rule parse start,pointName=[ClusterConfigChangeNotify]  

2022-10-08 21:42:57,830 INFO Clear point  control rule ,pointName=[ClusterConfigChangeNotify]  

2022-10-08 21:42:57,830 INFO Clear point  control rule for monitorKeys, pointName=[ClusterConfigChangeNotify]  

2022-10-08 21:42:57,830 INFO Register tps control,pointName=ConfigListen, point=com.alibaba.nacos.core.remote.control.TpsMonitorPoint@295bf2a 

2022-10-08 21:42:57,830 INFO Load rule from local,pointName=ConfigListen, ruleContent= 

2022-10-08 21:42:57,830 INFO Apply tps control rule parse start,pointName=[ConfigListen]  

2022-10-08 21:42:57,830 INFO Clear point  control rule ,pointName=[ConfigListen]  

2022-10-08 21:42:57,830 INFO Clear point  control rule for monitorKeys, pointName=[ConfigListen]  

2022-10-08 21:42:57,830 INFO Register tps control,pointName=ConfigRemove, point=com.alibaba.nacos.core.remote.control.TpsMonitorPoint@bbf9e07 

2022-10-08 21:42:57,830 INFO Load rule from local,pointName=ConfigRemove, ruleContent= 

2022-10-08 21:42:57,830 INFO Apply tps control rule parse start,pointName=[ConfigRemove]  

2022-10-08 21:42:57,830 INFO Clear point  control rule ,pointName=[ConfigRemove]  

2022-10-08 21:42:57,830 INFO Clear point  control rule for monitorKeys, pointName=[ConfigRemove]  

2022-10-08 21:42:57,830 INFO Register tps control,pointName=ConfigPublish, point=com.alibaba.nacos.core.remote.control.TpsMonitorPoint@6ff6efdc 

2022-10-08 21:42:57,831 INFO Load rule from local,pointName=ConfigPublish, ruleContent= 

2022-10-08 21:42:57,831 INFO Apply tps control rule parse start,pointName=[ConfigPublish]  

2022-10-08 21:42:57,831 INFO Clear point  control rule ,pointName=[ConfigPublish]  

2022-10-08 21:42:57,831 INFO Clear point  control rule for monitorKeys, pointName=[ConfigPublish]  

2022-10-08 21:42:57,831 INFO Register tps control,pointName=HealthCheck, point=com.alibaba.nacos.core.remote.control.TpsMonitorPoint@2b289ac9 

2022-10-08 21:42:57,831 INFO Load rule from local,pointName=HealthCheck, ruleContent= 

2022-10-08 21:42:57,831 INFO Apply tps control rule parse start,pointName=[HealthCheck]  

2022-10-08 21:42:57,831 INFO Clear point  control rule ,pointName=[HealthCheck]  

2022-10-08 21:42:57,831 INFO Clear point  control rule for monitorKeys, pointName=[HealthCheck]  

2022-10-08 21:42:57,833 INFO Load rule from local,pointName=ConfigQuery, ruleContent= 

2022-10-08 21:42:57,834 INFO Apply tps control rule parse start,pointName=[ConfigQuery]  

2022-10-08 21:42:57,834 INFO Clear point  control rule ,pointName=[ConfigQuery]  

2022-10-08 21:42:57,834 INFO Clear point  control rule for monitorKeys, pointName=[ConfigQuery]  

2022-10-08 21:42:57,834 INFO Load rule from local,pointName=ClusterConfigChangeNotify, ruleContent= 

2022-10-08 21:42:57,834 INFO Apply tps control rule parse start,pointName=[ClusterConfigChangeNotify]  

2022-10-08 21:42:57,834 INFO Clear point  control rule ,pointName=[ClusterConfigChangeNotify]  

2022-10-08 21:42:57,834 INFO Clear point  control rule for monitorKeys, pointName=[ClusterConfigChangeNotify]  

2022-10-08 21:42:57,834 INFO Load rule from local,pointName=ConfigListen, ruleContent= 

2022-10-08 21:42:57,834 INFO Apply tps control rule parse start,pointName=[ConfigListen]  

2022-10-08 21:42:57,834 INFO Clear point  control rule ,pointName=[ConfigListen]  

2022-10-08 21:42:57,834 INFO Clear point  control rule for monitorKeys, pointName=[ConfigListen]  

2022-10-08 21:42:57,834 INFO Load rule from local,pointName=ConfigRemove, ruleContent= 

2022-10-08 21:42:57,834 INFO Apply tps control rule parse start,pointName=[ConfigRemove]  

2022-10-08 21:42:57,834 INFO Clear point  control rule ,pointName=[ConfigRemove]  

2022-10-08 21:42:57,834 INFO Clear point  control rule for monitorKeys, pointName=[ConfigRemove]  

2022-10-08 21:42:57,834 INFO Load rule from local,pointName=ConfigPublish, ruleContent= 

2022-10-08 21:42:57,834 INFO Apply tps control rule parse start,pointName=[ConfigPublish]  

2022-10-08 21:42:57,834 INFO Clear point  control rule ,pointName=[ConfigPublish]  

2022-10-08 21:42:57,835 INFO Clear point  control rule for monitorKeys, pointName=[ConfigPublish]  

2022-10-08 21:42:57,835 INFO Load rule from local,pointName=HealthCheck, ruleContent= 

2022-10-08 21:42:57,835 INFO Apply tps control rule parse start,pointName=[HealthCheck]  

2022-10-08 21:42:57,835 INFO Clear point  control rule ,pointName=[HealthCheck]  

2022-10-08 21:42:57,835 INFO Clear point  control rule for monitorKeys, pointName=[HealthCheck]  

2022-10-08 21:49:47,641 INFO Register tps control,pointName=CONFIG_PUSH_COUNT, point=com.alibaba.nacos.core.remote.control.TpsMonitorPoint@2764c546 

2022-10-08 21:49:47,704 INFO Load rule from local,pointName=CONFIG_PUSH_COUNT, ruleContent= 

2022-10-08 21:49:47,705 INFO Apply tps control rule parse start,pointName=[CONFIG_PUSH_COUNT]  

2022-10-08 21:49:47,705 INFO Clear point  control rule ,pointName=[CONFIG_PUSH_COUNT]  

2022-10-08 21:49:47,705 INFO Clear point  control rule for monitorKeys, pointName=[CONFIG_PUSH_COUNT]  

2022-10-08 21:49:47,706 INFO Register tps control,pointName=CONFIG_PUSH_SUCCESS, point=com.alibaba.nacos.core.remote.control.TpsMonitorPoint@59496961 

2022-10-08 21:49:47,706 INFO Load rule from local,pointName=CONFIG_PUSH_SUCCESS, ruleContent= 

2022-10-08 21:49:47,706 INFO Apply tps control rule parse start,pointName=[CONFIG_PUSH_SUCCESS]  

2022-10-08 21:49:47,706 INFO Clear point  control rule ,pointName=[CONFIG_PUSH_SUCCESS]  

2022-10-08 21:49:47,706 INFO Clear point  control rule for monitorKeys, pointName=[CONFIG_PUSH_SUCCESS]  

2022-10-08 21:49:47,706 INFO Register tps control,pointName=CONFIG_PUSH_FAIL, point=com.alibaba.nacos.core.remote.control.TpsMonitorPoint@408b87aa 

2022-10-08 21:49:47,706 INFO Load rule from local,pointName=CONFIG_PUSH_FAIL, ruleContent= 

2022-10-08 21:49:47,706 INFO Apply tps control rule parse start,pointName=[CONFIG_PUSH_FAIL]  

2022-10-08 21:49:47,706 INFO Clear point  control rule ,pointName=[CONFIG_PUSH_FAIL]  

2022-10-08 21:49:47,706 INFO Clear point  control rule for monitorKeys, pointName=[CONFIG_PUSH_FAIL]  

2022-10-08 21:49:47,717 INFO Load rule from local,pointName=CONFIG_PUSH_COUNT, ruleContent= 

2022-10-08 21:49:47,809 INFO Apply tps control rule parse start,pointName=[CONFIG_PUSH_COUNT]  

2022-10-08 21:49:47,809 INFO Clear point  control rule ,pointName=[CONFIG_PUSH_COUNT]  

2022-10-08 21:49:47,809 INFO Clear point  control rule for monitorKeys, pointName=[CONFIG_PUSH_COUNT]  

2022-10-08 21:49:47,809 INFO Load rule from local,pointName=CONFIG_PUSH_SUCCESS, ruleContent= 

2022-10-08 21:49:47,809 INFO Apply tps control rule parse start,pointName=[CONFIG_PUSH_SUCCESS]  

2022-10-08 21:49:47,809 INFO Clear point  control rule ,pointName=[CONFIG_PUSH_SUCCESS]  

2022-10-08 21:49:47,809 INFO Clear point  control rule for monitorKeys, pointName=[CONFIG_PUSH_SUCCESS]  

2022-10-08 21:49:47,809 INFO Load rule from local,pointName=CONFIG_PUSH_FAIL, ruleContent= 

2022-10-08 21:49:47,809 INFO Apply tps control rule parse start,pointName=[CONFIG_PUSH_FAIL]  

2022-10-08 21:49:47,809 INFO Clear point  control rule ,pointName=[CONFIG_PUSH_FAIL]  

2022-10-08 21:49:47,809 INFO Clear point  control rule for monitorKeys, pointName=[CONFIG_PUSH_FAIL]  

2022-10-08 21:50:01,231 INFO Register tps control,pointName=ConfigQuery, point=com.alibaba.nacos.core.remote.control.TpsMonitorPoint@3cb8c8ce 

2022-10-08 21:50:01,231 INFO Load rule from local,pointName=ConfigQuery, ruleContent= 

2022-10-08 21:50:01,231 INFO Apply tps control rule parse start,pointName=[ConfigQuery]  

2022-10-08 21:50:01,231 INFO Clear point  control rule ,pointName=[ConfigQuery]  

2022-10-08 21:50:01,231 INFO Clear point  control rule for monitorKeys, pointName=[ConfigQuery]  

2022-10-08 21:50:01,232 INFO Register tps control,pointName=ClusterConfigChangeNotify, point=com.alibaba.nacos.core.remote.control.TpsMonitorPoint@1fde0371 

2022-10-08 21:50:01,232 INFO Load rule from local,pointName=ClusterConfigChangeNotify, ruleContent= 

2022-10-08 21:50:01,232 INFO Apply tps control rule parse start,pointName=[ClusterConfigChangeNotify]  

2022-10-08 21:50:01,232 INFO Clear point  control rule ,pointName=[ClusterConfigChangeNotify]  

2022-10-08 21:50:01,232 INFO Clear point  control rule for monitorKeys, pointName=[ClusterConfigChangeNotify]  

2022-10-08 21:50:01,232 INFO Register tps control,pointName=ConfigListen, point=com.alibaba.nacos.core.remote.control.TpsMonitorPoint@70c0a3d5 

2022-10-08 21:50:01,288 INFO Load rule from local,pointName=ConfigListen, ruleContent= 

2022-10-08 21:50:01,288 INFO Apply tps control rule parse start,pointName=[ConfigListen]  

2022-10-08 21:50:01,288 INFO Clear point  control rule ,pointName=[ConfigListen]  

2022-10-08 21:50:01,288 INFO Clear point  control rule for monitorKeys, pointName=[ConfigListen]  

2022-10-08 21:50:01,288 INFO Register tps control,pointName=ConfigRemove, point=com.alibaba.nacos.core.remote.control.TpsMonitorPoint@5c8e67b9 

2022-10-08 21:50:01,288 INFO Load rule from local,pointName=ConfigRemove, ruleContent= 

2022-10-08 21:50:01,288 INFO Apply tps control rule parse start,pointName=[ConfigRemove]  

2022-10-08 21:50:01,288 INFO Clear point  control rule ,pointName=[ConfigRemove]  

2022-10-08 21:50:01,288 INFO Clear point  control rule for monitorKeys, pointName=[ConfigRemove]  

2022-10-08 21:50:01,288 INFO Register tps control,pointName=ConfigPublish, point=com.alibaba.nacos.core.remote.control.TpsMonitorPoint@260a3a5e 

2022-10-08 21:50:01,288 INFO Load rule from local,pointName=ConfigPublish, ruleContent= 

2022-10-08 21:50:01,288 INFO Apply tps control rule parse start,pointName=[ConfigPublish]  

2022-10-08 21:50:01,288 INFO Clear point  control rule ,pointName=[ConfigPublish]  

2022-10-08 21:50:01,288 INFO Clear point  control rule for monitorKeys, pointName=[ConfigPublish]  

2022-10-08 21:50:01,288 INFO Register tps control,pointName=HealthCheck, point=com.alibaba.nacos.core.remote.control.TpsMonitorPoint@49206065 

2022-10-08 21:50:01,288 INFO Load rule from local,pointName=HealthCheck, ruleContent= 

2022-10-08 21:50:01,288 INFO Apply tps control rule parse start,pointName=[HealthCheck]  

2022-10-08 21:50:01,288 INFO Clear point  control rule ,pointName=[HealthCheck]  

2022-10-08 21:50:01,288 INFO Clear point  control rule for monitorKeys, pointName=[HealthCheck]  

2022-10-08 21:50:01,291 INFO Load rule from local,pointName=ConfigQuery, ruleContent= 

2022-10-08 21:50:01,291 INFO Apply tps control rule parse start,pointName=[ConfigQuery]  

2022-10-08 21:50:01,291 INFO Clear point  control rule ,pointName=[ConfigQuery]  

2022-10-08 21:50:01,291 INFO Clear point  control rule for monitorKeys, pointName=[ConfigQuery]  

2022-10-08 21:50:01,293 INFO Load rule from local,pointName=ClusterConfigChangeNotify, ruleContent= 

2022-10-08 21:50:01,293 INFO Apply tps control rule parse start,pointName=[ClusterConfigChangeNotify]  

2022-10-08 21:50:01,293 INFO Clear point  control rule ,pointName=[ClusterConfigChangeNotify]  

2022-10-08 21:50:01,293 INFO Clear point  control rule for monitorKeys, pointName=[ClusterConfigChangeNotify]  

2022-10-08 21:50:01,293 INFO Load rule from local,pointName=ConfigListen, ruleContent= 

2022-10-08 21:50:01,293 INFO Apply tps control rule parse start,pointName=[ConfigListen]  

2022-10-08 21:50:01,293 INFO Clear point  control rule ,pointName=[ConfigListen]  

2022-10-08 21:50:01,293 INFO Clear point  control rule for monitorKeys, pointName=[ConfigListen]  

2022-10-08 21:50:01,295 INFO Load rule from local,pointName=ConfigRemove, ruleContent= 

2022-10-08 21:50:01,296 INFO Apply tps control rule parse start,pointName=[ConfigRemove]  

2022-10-08 21:50:01,296 INFO Clear point  control rule ,pointName=[ConfigRemove]  

2022-10-08 21:50:01,296 INFO Clear point  control rule for monitorKeys, pointName=[ConfigRemove]  

2022-10-08 21:50:01,296 INFO Load rule from local,pointName=ConfigPublish, ruleContent= 

2022-10-08 21:50:01,296 INFO Apply tps control rule parse start,pointName=[ConfigPublish]  

2022-10-08 21:50:01,296 INFO Clear point  control rule ,pointName=[ConfigPublish]  

2022-10-08 21:50:01,296 INFO Clear point  control rule for monitorKeys, pointName=[ConfigPublish]  

2022-10-08 21:50:01,296 INFO Load rule from local,pointName=HealthCheck, ruleContent= 

2022-10-08 21:50:01,296 INFO Apply tps control rule parse start,pointName=[HealthCheck]  

2022-10-08 21:50:01,296 INFO Clear point  control rule ,pointName=[HealthCheck]  

2022-10-08 21:50:01,296 INFO Clear point  control rule for monitorKeys, pointName=[HealthCheck]  

2022-10-08 22:01:18,513 INFO Register tps control,pointName=CONFIG_PUSH_COUNT, point=com.alibaba.nacos.core.remote.control.TpsMonitorPoint@408b87aa 

2022-10-08 22:01:18,513 INFO Load rule from local,pointName=CONFIG_PUSH_COUNT, ruleContent= 

2022-10-08 22:01:18,513 INFO Apply tps control rule parse start,pointName=[CONFIG_PUSH_COUNT]  

2022-10-08 22:01:18,514 INFO Clear point  control rule ,pointName=[CONFIG_PUSH_COUNT]  

2022-10-08 22:01:18,514 INFO Clear point  control rule for monitorKeys, pointName=[CONFIG_PUSH_COUNT]  

2022-10-08 22:01:18,514 INFO Register tps control,pointName=CONFIG_PUSH_SUCCESS, point=com.alibaba.nacos.core.remote.control.TpsMonitorPoint@79b08632 

2022-10-08 22:01:18,514 INFO Load rule from local,pointName=CONFIG_PUSH_SUCCESS, ruleContent= 

2022-10-08 22:01:18,514 INFO Apply tps control rule parse start,pointName=[CONFIG_PUSH_SUCCESS]  

2022-10-08 22:01:18,514 INFO Clear point  control rule ,pointName=[CONFIG_PUSH_SUCCESS]  

2022-10-08 22:01:18,514 INFO Clear point  control rule for monitorKeys, pointName=[CONFIG_PUSH_SUCCESS]  

2022-10-08 22:01:18,514 INFO Register tps control,pointName=CONFIG_PUSH_FAIL, point=com.alibaba.nacos.core.remote.control.TpsMonitorPoint@787f32b7 

2022-10-08 22:01:18,514 INFO Load rule from local,pointName=CONFIG_PUSH_FAIL, ruleContent= 

2022-10-08 22:01:18,514 INFO Apply tps control rule parse start,pointName=[CONFIG_PUSH_FAIL]  

2022-10-08 22:01:18,514 INFO Clear point  control rule ,pointName=[CONFIG_PUSH_FAIL]  

2022-10-08 22:01:18,514 INFO Clear point  control rule for monitorKeys, pointName=[CONFIG_PUSH_FAIL]  

2022-10-08 22:01:18,544 INFO Load rule from local,pointName=CONFIG_PUSH_COUNT, ruleContent= 

2022-10-08 22:01:18,574 INFO Apply tps control rule parse start,pointName=[CONFIG_PUSH_COUNT]  

2022-10-08 22:01:18,574 INFO Clear point  control rule ,pointName=[CONFIG_PUSH_COUNT]  

2022-10-08 22:01:18,574 INFO Clear point  control rule for monitorKeys, pointName=[CONFIG_PUSH_COUNT]  

2022-10-08 22:01:18,574 INFO Load rule from local,pointName=CONFIG_PUSH_SUCCESS, ruleContent= 

2022-10-08 22:01:18,574 INFO Apply tps control rule parse start,pointName=[CONFIG_PUSH_SUCCESS]  

2022-10-08 22:01:18,574 INFO Clear point  control rule ,pointName=[CONFIG_PUSH_SUCCESS]  

2022-10-08 22:01:18,574 INFO Clear point  control rule for monitorKeys, pointName=[CONFIG_PUSH_SUCCESS]  

2022-10-08 22:01:18,575 INFO Load rule from local,pointName=CONFIG_PUSH_FAIL, ruleContent= 

2022-10-08 22:01:18,575 INFO Apply tps control rule parse start,pointName=[CONFIG_PUSH_FAIL]  

2022-10-08 22:01:18,575 INFO Clear point  control rule ,pointName=[CONFIG_PUSH_FAIL]  

2022-10-08 22:01:18,575 INFO Clear point  control rule for monitorKeys, pointName=[CONFIG_PUSH_FAIL]  

2022-10-08 22:01:32,124 INFO Register tps control,pointName=ConfigQuery, point=com.alibaba.nacos.core.remote.control.TpsMonitorPoint@1317b708 

2022-10-08 22:01:32,131 INFO Load rule from local,pointName=ConfigQuery, ruleContent= 

2022-10-08 22:01:32,131 INFO Apply tps control rule parse start,pointName=[ConfigQuery]  

2022-10-08 22:01:32,131 INFO Clear point  control rule ,pointName=[ConfigQuery]  

2022-10-08 22:01:32,131 INFO Clear point  control rule for monitorKeys, pointName=[ConfigQuery]  

2022-10-08 22:01:32,131 INFO Register tps control,pointName=ClusterConfigChangeNotify, point=com.alibaba.nacos.core.remote.control.TpsMonitorPoint@6438a7fe 

2022-10-08 22:01:32,131 INFO Load rule from local,pointName=ClusterConfigChangeNotify, ruleContent= 

2022-10-08 22:01:32,131 INFO Apply tps control rule parse start,pointName=[ClusterConfigChangeNotify]  

2022-10-08 22:01:32,131 INFO Clear point  control rule ,pointName=[ClusterConfigChangeNotify]  

2022-10-08 22:01:32,131 INFO Clear point  control rule for monitorKeys, pointName=[ClusterConfigChangeNotify]  

2022-10-08 22:01:32,132 INFO Register tps control,pointName=ConfigListen, point=com.alibaba.nacos.core.remote.control.TpsMonitorPoint@2e51d054 

2022-10-08 22:01:32,132 INFO Load rule from local,pointName=ConfigListen, ruleContent= 

2022-10-08 22:01:32,132 INFO Apply tps control rule parse start,pointName=[ConfigListen]  

2022-10-08 22:01:32,132 INFO Clear point  control rule ,pointName=[ConfigListen]  

2022-10-08 22:01:32,132 INFO Clear point  control rule for monitorKeys, pointName=[ConfigListen]  

2022-10-08 22:01:32,132 INFO Register tps control,pointName=ConfigRemove, point=com.alibaba.nacos.core.remote.control.TpsMonitorPoint@4f5f6e45 

2022-10-08 22:01:32,132 INFO Load rule from local,pointName=ConfigRemove, ruleContent= 

2022-10-08 22:01:32,132 INFO Apply tps control rule parse start,pointName=[ConfigRemove]  

2022-10-08 22:01:32,132 INFO Clear point  control rule ,pointName=[ConfigRemove]  

2022-10-08 22:01:32,132 INFO Clear point  control rule for monitorKeys, pointName=[ConfigRemove]  

2022-10-08 22:01:32,132 INFO Register tps control,pointName=ConfigPublish, point=com.alibaba.nacos.core.remote.control.TpsMonitorPoint@615e3f51 

2022-10-08 22:01:32,132 INFO Load rule from local,pointName=ConfigPublish, ruleContent= 

2022-10-08 22:01:32,132 INFO Apply tps control rule parse start,pointName=[ConfigPublish]  

2022-10-08 22:01:32,132 INFO Clear point  control rule ,pointName=[ConfigPublish]  

2022-10-08 22:01:32,132 INFO Clear point  control rule for monitorKeys, pointName=[ConfigPublish]  

2022-10-08 22:01:32,132 INFO Register tps control,pointName=HealthCheck, point=com.alibaba.nacos.core.remote.control.TpsMonitorPoint@407873d3 

2022-10-08 22:01:32,132 INFO Load rule from local,pointName=HealthCheck, ruleContent= 

2022-10-08 22:01:32,132 INFO Apply tps control rule parse start,pointName=[HealthCheck]  

2022-10-08 22:01:32,132 INFO Clear point  control rule ,pointName=[HealthCheck]  

2022-10-08 22:01:32,132 INFO Clear point  control rule for monitorKeys, pointName=[HealthCheck]  

2022-10-08 22:01:32,143 INFO Load rule from local,pointName=ConfigQuery, ruleContent= 

2022-10-08 22:01:32,143 INFO Apply tps control rule parse start,pointName=[ConfigQuery]  

2022-10-08 22:01:32,143 INFO Clear point  control rule ,pointName=[ConfigQuery]  

2022-10-08 22:01:32,143 INFO Clear point  control rule for monitorKeys, pointName=[ConfigQuery]  

2022-10-08 22:01:32,143 INFO Load rule from local,pointName=ClusterConfigChangeNotify, ruleContent= 

2022-10-08 22:01:32,143 INFO Apply tps control rule parse start,pointName=[ClusterConfigChangeNotify]  

2022-10-08 22:01:32,143 INFO Clear point  control rule ,pointName=[ClusterConfigChangeNotify]  

2022-10-08 22:01:32,143 INFO Clear point  control rule for monitorKeys, pointName=[ClusterConfigChangeNotify]  

2022-10-08 22:01:32,143 INFO Load rule from local,pointName=ConfigListen, ruleContent= 

2022-10-08 22:01:32,143 INFO Apply tps control rule parse start,pointName=[ConfigListen]  

2022-10-08 22:01:32,143 INFO Clear point  control rule ,pointName=[ConfigListen]  

2022-10-08 22:01:32,143 INFO Clear point  control rule for monitorKeys, pointName=[ConfigListen]  

2022-10-08 22:01:32,143 INFO Load rule from local,pointName=ConfigRemove, ruleContent= 

2022-10-08 22:01:32,143 INFO Apply tps control rule parse start,pointName=[ConfigRemove]  

2022-10-08 22:01:32,143 INFO Clear point  control rule ,pointName=[ConfigRemove]  

2022-10-08 22:01:32,143 INFO Clear point  control rule for monitorKeys, pointName=[ConfigRemove]  

2022-10-08 22:01:32,143 INFO Load rule from local,pointName=ConfigPublish, ruleContent= 

2022-10-08 22:01:32,143 INFO Apply tps control rule parse start,pointName=[ConfigPublish]  

2022-10-08 22:01:32,143 INFO Clear point  control rule ,pointName=[ConfigPublish]  

2022-10-08 22:01:32,143 INFO Clear point  control rule for monitorKeys, pointName=[ConfigPublish]  

2022-10-08 22:01:32,143 INFO Load rule from local,pointName=HealthCheck, ruleContent= 

2022-10-08 22:01:32,143 INFO Apply tps control rule parse start,pointName=[HealthCheck]  

2022-10-08 22:01:32,143 INFO Clear point  control rule ,pointName=[HealthCheck]  

2022-10-08 22:01:32,143 INFO Clear point  control rule for monitorKeys, pointName=[HealthCheck]  

2022-10-08 22:03:25,363 INFO Register tps control,pointName=NAMING_RPC_PUSH, point=com.alibaba.nacos.core.remote.control.TpsMonitorPoint@6a2ef414 

2022-10-08 22:03:25,363 INFO Load rule from local,pointName=NAMING_RPC_PUSH, ruleContent= 

2022-10-08 22:03:25,363 INFO Apply tps control rule parse start,pointName=[NAMING_RPC_PUSH]  

2022-10-08 22:03:25,363 INFO Clear point  control rule ,pointName=[NAMING_RPC_PUSH]  

2022-10-08 22:03:25,363 INFO Clear point  control rule for monitorKeys, pointName=[NAMING_RPC_PUSH]  

2022-10-08 22:03:25,363 INFO Register tps control,pointName=NAMING_RPC_PUSH_SUCCESS, point=com.alibaba.nacos.core.remote.control.TpsMonitorPoint@64e91721 

2022-10-08 22:03:25,363 INFO Load rule from local,pointName=NAMING_RPC_PUSH_SUCCESS, ruleContent= 

2022-10-08 22:03:25,363 INFO Apply tps control rule parse start,pointName=[NAMING_RPC_PUSH_SUCCESS]  

2022-10-08 22:03:25,363 INFO Clear point  control rule ,pointName=[NAMING_RPC_PUSH_SUCCESS]  

2022-10-08 22:03:25,363 INFO Clear point  control rule for monitorKeys, pointName=[NAMING_RPC_PUSH_SUCCESS]  

2022-10-08 22:03:25,363 INFO Register tps control,pointName=NAMING_RPC_PUSH_FAIL, point=com.alibaba.nacos.core.remote.control.TpsMonitorPoint@60d69f64 

2022-10-08 22:03:25,364 INFO Load rule from local,pointName=NAMING_RPC_PUSH_FAIL, ruleContent= 

2022-10-08 22:03:25,364 INFO Apply tps control rule parse start,pointName=[NAMING_RPC_PUSH_FAIL]  

2022-10-08 22:03:25,364 INFO Clear point  control rule ,pointName=[NAMING_RPC_PUSH_FAIL]  

2022-10-08 22:03:25,364 INFO Clear point  control rule for monitorKeys, pointName=[NAMING_RPC_PUSH_FAIL]  

2022-10-08 22:03:25,364 INFO Register tps control,pointName=NAMING_UDP_PUSH, point=com.alibaba.nacos.core.remote.control.TpsMonitorPoint@25d41d1a 

2022-10-08 22:03:25,364 INFO Load rule from local,pointName=NAMING_UDP_PUSH, ruleContent= 

2022-10-08 22:03:25,364 INFO Apply tps control rule parse start,pointName=[NAMING_UDP_PUSH]  

2022-10-08 22:03:25,364 INFO Clear point  control rule ,pointName=[NAMING_UDP_PUSH]  

2022-10-08 22:03:25,364 INFO Clear point  control rule for monitorKeys, pointName=[NAMING_UDP_PUSH]  

2022-10-08 22:03:25,364 INFO Register tps control,pointName=NAMING_UDP_PUSH_SUCCESS, point=com.alibaba.nacos.core.remote.control.TpsMonitorPoint@38c7c3e0 

2022-10-08 22:03:25,364 INFO Load rule from local,pointName=NAMING_UDP_PUSH_SUCCESS, ruleContent= 

2022-10-08 22:03:25,364 INFO Apply tps control rule parse start,pointName=[NAMING_UDP_PUSH_SUCCESS]  

2022-10-08 22:03:25,364 INFO Clear point  control rule ,pointName=[NAMING_UDP_PUSH_SUCCESS]  

2022-10-08 22:03:25,364 INFO Clear point  control rule for monitorKeys, pointName=[NAMING_UDP_PUSH_SUCCESS]  

2022-10-08 22:03:25,364 INFO Register tps control,pointName=NAMING_UDP_PUSH_FAIL, point=com.alibaba.nacos.core.remote.control.TpsMonitorPoint@14bb9bc6 

2022-10-08 22:03:25,364 INFO Load rule from local,pointName=NAMING_UDP_PUSH_FAIL, ruleContent= 

2022-10-08 22:03:25,364 INFO Apply tps control rule parse start,pointName=[NAMING_UDP_PUSH_FAIL]  

2022-10-08 22:03:25,364 INFO Clear point  control rule ,pointName=[NAMING_UDP_PUSH_FAIL]  

2022-10-08 22:03:25,364 INFO Clear point  control rule for monitorKeys, pointName=[NAMING_UDP_PUSH_FAIL]  

2022-10-08 22:03:25,364 INFO Register tps control,pointName=NAMING_DISTRO_SYNC, point=com.alibaba.nacos.core.remote.control.TpsMonitorPoint@40421b8a 

2022-10-08 22:03:25,364 INFO Load rule from local,pointName=NAMING_DISTRO_SYNC, ruleContent= 

2022-10-08 22:03:25,364 INFO Apply tps control rule parse start,pointName=[NAMING_DISTRO_SYNC]  

2022-10-08 22:03:25,364 INFO Clear point  control rule ,pointName=[NAMING_DISTRO_SYNC]  

2022-10-08 22:03:25,364 INFO Clear point  control rule for monitorKeys, pointName=[NAMING_DISTRO_SYNC]  

2022-10-08 22:03:25,364 INFO Register tps control,pointName=NAMING_DISTRO_SYNC_SUCCESS, point=com.alibaba.nacos.core.remote.control.TpsMonitorPoint@45fbe255 

2022-10-08 22:03:25,364 INFO Load rule from local,pointName=NAMING_DISTRO_SYNC_SUCCESS, ruleContent= 

2022-10-08 22:03:25,364 INFO Apply tps control rule parse start,pointName=[NAMING_DISTRO_SYNC_SUCCESS]  

2022-10-08 22:03:25,364 INFO Clear point  control rule ,pointName=[NAMING_DISTRO_SYNC_SUCCESS]  

2022-10-08 22:03:25,364 INFO Clear point  control rule for monitorKeys, pointName=[NAMING_DISTRO_SYNC_SUCCESS]  

2022-10-08 22:03:25,364 INFO Register tps control,pointName=NAMING_DISTRO_SYNC_FAIL, point=com.alibaba.nacos.core.remote.control.TpsMonitorPoint@43a5e1c9 

2022-10-08 22:03:25,364 INFO Load rule from local,pointName=NAMING_DISTRO_SYNC_FAIL, ruleContent= 

2022-10-08 22:03:25,364 INFO Apply tps control rule parse start,pointName=[NAMING_DISTRO_SYNC_FAIL]  

2022-10-08 22:03:25,364 INFO Clear point  control rule ,pointName=[NAMING_DISTRO_SYNC_FAIL]  

2022-10-08 22:03:25,364 INFO Clear point  control rule for monitorKeys, pointName=[NAMING_DISTRO_SYNC_FAIL]  

2022-10-08 22:03:25,364 INFO Register tps control,pointName=NAMING_DISTRO_VERIFY, point=com.alibaba.nacos.core.remote.control.TpsMonitorPoint@b8827d0 

2022-10-08 22:03:25,364 INFO Load rule from local,pointName=NAMING_DISTRO_VERIFY, ruleContent= 

2022-10-08 22:03:25,364 INFO Apply tps control rule parse start,pointName=[NAMING_DISTRO_VERIFY]  

2022-10-08 22:03:25,364 INFO Clear point  control rule ,pointName=[NAMING_DISTRO_VERIFY]  

2022-10-08 22:03:25,364 INFO Clear point  control rule for monitorKeys, pointName=[NAMING_DISTRO_VERIFY]  

2022-10-08 22:03:25,365 INFO Register tps control,pointName=NAMING_DISTRO_VERIFY_SUCCESS, point=com.alibaba.nacos.core.remote.control.TpsMonitorPoint@5b46f360 

2022-10-08 22:03:25,365 INFO Load rule from local,pointName=NAMING_DISTRO_VERIFY_SUCCESS, ruleContent= 

2022-10-08 22:03:25,365 INFO Apply tps control rule parse start,pointName=[NAMING_DISTRO_VERIFY_SUCCESS]  

2022-10-08 22:03:25,365 INFO Clear point  control rule ,pointName=[NAMING_DISTRO_VERIFY_SUCCESS]  

2022-10-08 22:03:25,365 INFO Clear point  control rule for monitorKeys, pointName=[NAMING_DISTRO_VERIFY_SUCCESS]  

2022-10-08 22:03:25,365 INFO Register tps control,pointName=NAMING_DISTRO_VERIFY_FAIL, point=com.alibaba.nacos.core.remote.control.TpsMonitorPoint@41b55b17 

2022-10-08 22:03:25,365 INFO Load rule from local,pointName=NAMING_DISTRO_VERIFY_FAIL, ruleContent= 

2022-10-08 22:03:25,365 INFO Apply tps control rule parse start,pointName=[NAMING_DISTRO_VERIFY_FAIL]  

2022-10-08 22:03:25,365 INFO Clear point  control rule ,pointName=[NAMING_DISTRO_VERIFY_FAIL]  

2022-10-08 22:03:25,365 INFO Clear point  control rule for monitorKeys, pointName=[NAMING_DISTRO_VERIFY_FAIL]  

2022-10-08 22:03:25,367 INFO Load rule from local,pointName=NAMING_RPC_PUSH, ruleContent= 

2022-10-08 22:03:25,367 INFO Apply tps control rule parse start,pointName=[NAMING_RPC_PUSH]  

2022-10-08 22:03:25,367 INFO Clear point  control rule ,pointName=[NAMING_RPC_PUSH]  

2022-10-08 22:03:25,367 INFO Clear point  control rule for monitorKeys, pointName=[NAMING_RPC_PUSH]  

2022-10-08 22:03:25,367 INFO Load rule from local,pointName=NAMING_RPC_PUSH_SUCCESS, ruleContent= 

2022-10-08 22:03:25,367 INFO Apply tps control rule parse start,pointName=[NAMING_RPC_PUSH_SUCCESS]  

2022-10-08 22:03:25,367 INFO Clear point  control rule ,pointName=[NAMING_RPC_PUSH_SUCCESS]  

2022-10-08 22:03:25,367 INFO Clear point  control rule for monitorKeys, pointName=[NAMING_RPC_PUSH_SUCCESS]  

2022-10-08 22:03:25,367 INFO Load rule from local,pointName=NAMING_RPC_PUSH_FAIL, ruleContent= 

2022-10-08 22:03:25,367 INFO Apply tps control rule parse start,pointName=[NAMING_RPC_PUSH_FAIL]  

2022-10-08 22:03:25,367 INFO Clear point  control rule ,pointName=[NAMING_RPC_PUSH_FAIL]  

2022-10-08 22:03:25,367 INFO Clear point  control rule for monitorKeys, pointName=[NAMING_RPC_PUSH_FAIL]  

2022-10-08 22:03:25,367 INFO Load rule from local,pointName=NAMING_UDP_PUSH, ruleContent= 

2022-10-08 22:03:25,367 INFO Apply tps control rule parse start,pointName=[NAMING_UDP_PUSH]  

2022-10-08 22:03:25,367 INFO Clear point  control rule ,pointName=[NAMING_UDP_PUSH]  

2022-10-08 22:03:25,367 INFO Clear point  control rule for monitorKeys, pointName=[NAMING_UDP_PUSH]  

2022-10-08 22:03:25,367 INFO Load rule from local,pointName=NAMING_UDP_PUSH_SUCCESS, ruleContent= 

2022-10-08 22:03:25,368 INFO Apply tps control rule parse start,pointName=[NAMING_UDP_PUSH_SUCCESS]  

2022-10-08 22:03:25,368 INFO Clear point  control rule ,pointName=[NAMING_UDP_PUSH_SUCCESS]  

2022-10-08 22:03:25,368 INFO Clear point  control rule for monitorKeys, pointName=[NAMING_UDP_PUSH_SUCCESS]  

2022-10-08 22:03:25,368 INFO Load rule from local,pointName=NAMING_UDP_PUSH_FAIL, ruleContent= 

2022-10-08 22:03:25,368 INFO Apply tps control rule parse start,pointName=[NAMING_UDP_PUSH_FAIL]  

2022-10-08 22:03:25,368 INFO Clear point  control rule ,pointName=[NAMING_UDP_PUSH_FAIL]  

2022-10-08 22:03:25,368 INFO Clear point  control rule for monitorKeys, pointName=[NAMING_UDP_PUSH_FAIL]  

2022-10-08 22:03:25,368 INFO Load rule from local,pointName=NAMING_DISTRO_SYNC, ruleContent= 

2022-10-08 22:03:25,368 INFO Apply tps control rule parse start,pointName=[NAMING_DISTRO_SYNC]  

2022-10-08 22:03:25,368 INFO Clear point  control rule ,pointName=[NAMING_DISTRO_SYNC]  

2022-10-08 22:03:25,368 INFO Clear point  control rule for monitorKeys, pointName=[NAMING_DISTRO_SYNC]  

2022-10-08 22:03:25,368 INFO Load rule from local,pointName=NAMING_DISTRO_SYNC_SUCCESS, ruleContent= 

2022-10-08 22:03:25,368 INFO Apply tps control rule parse start,pointName=[NAMING_DISTRO_SYNC_SUCCESS]  

2022-10-08 22:03:25,368 INFO Clear point  control rule ,pointName=[NAMING_DISTRO_SYNC_SUCCESS]  

2022-10-08 22:03:25,368 INFO Clear point  control rule for monitorKeys, pointName=[NAMING_DISTRO_SYNC_SUCCESS]  

2022-10-08 22:03:25,368 INFO Load rule from local,pointName=NAMING_DISTRO_SYNC_FAIL, ruleContent= 

2022-10-08 22:03:25,368 INFO Apply tps control rule parse start,pointName=[NAMING_DISTRO_SYNC_FAIL]  

2022-10-08 22:03:25,368 INFO Clear point  control rule ,pointName=[NAMING_DISTRO_SYNC_FAIL]  

2022-10-08 22:03:25,368 INFO Clear point  control rule for monitorKeys, pointName=[NAMING_DISTRO_SYNC_FAIL]  

2022-10-08 22:03:25,368 INFO Load rule from local,pointName=NAMING_DISTRO_VERIFY, ruleContent= 

2022-10-08 22:03:25,368 INFO Apply tps control rule parse start,pointName=[NAMING_DISTRO_VERIFY]  

2022-10-08 22:03:25,368 INFO Clear point  control rule ,pointName=[NAMING_DISTRO_VERIFY]  

2022-10-08 22:03:25,368 INFO Clear point  control rule for monitorKeys, pointName=[NAMING_DISTRO_VERIFY]  

2022-10-08 22:03:25,368 INFO Load rule from local,pointName=NAMING_DISTRO_VERIFY_SUCCESS, ruleContent= 

2022-10-08 22:03:25,368 INFO Apply tps control rule parse start,pointName=[NAMING_DISTRO_VERIFY_SUCCESS]  

2022-10-08 22:03:25,368 INFO Clear point  control rule ,pointName=[NAMING_DISTRO_VERIFY_SUCCESS]  

2022-10-08 22:03:25,368 INFO Clear point  control rule for monitorKeys, pointName=[NAMING_DISTRO_VERIFY_SUCCESS]  

2022-10-08 22:03:25,368 INFO Load rule from local,pointName=NAMING_DISTRO_VERIFY_FAIL, ruleContent= 

2022-10-08 22:03:25,368 INFO Apply tps control rule parse start,pointName=[NAMING_DISTRO_VERIFY_FAIL]  

2022-10-08 22:03:25,368 INFO Clear point  control rule ,pointName=[NAMING_DISTRO_VERIFY_FAIL]  

2022-10-08 22:03:25,368 INFO Clear point  control rule for monitorKeys, pointName=[NAMING_DISTRO_VERIFY_FAIL]  

