2022-10-08 19:19:15,686 INFO Current addressing mode selection : FileConfigMemberLookup

2022-10-08 19:19:15,688 WARN [serverlist] updated to : [Member{ip='nacos3', port=8848, state=UP, extendInfo={raftPort=7848}}, Member{ip='nacos2', port=8848, state=UP, extendInfo={raftPort=7848, version=2.0.3}}, Member{ip='nacos1', port=8848, state=UP, extendInfo={raftPort=7848}}]

2022-10-08 19:19:15,728 WARN [serverlist] updated to : [Member{ip='nacos3', port=8848, state=UP, extendInfo={raftPort=7848}}, Member{ip='nacos2', port=8848, state=UP, extendInfo={raftPort=7848, version=2.0.3}}, Member{ip='nacos1', port=8848, state=UP, extendInfo={raftPort=7848}}]

2022-10-08 19:19:22,419 WARN [ClusterRpcClientProxy] success to refresh cluster rpc client on start up,members =[Member{ip='nacos1', port=8848, state=UP, extendInfo={raftPort=7848}}, Member{ip='nacos3', port=8848, state=UP, extendInfo={raftPort=7848}}] 

2022-10-08 19:19:31,499 INFO This node is ready to provide external services

2022-10-08 19:19:36,637 INFO start a new rpc client to member - > : Member{ip='nacos3', port=8848, state=UP, extendInfo={lastRefreshTime=1665227976610, naming={voteFor=nacos3:8848, ip=nacos3:8848, heartbeatDueMs=5000, term=2, leaderDueMs=19444, state=LEADER}, raftMetaData={metaDataMap={naming_instance_metadata={leader=nacos2:7848, raftGroupMember=[nacos3:7848, nacos1:7848, nacos2:7848], term=1}, naming_persistent_service={leader=nacos2:7848, raftGroupMember=[nacos3:7848, nacos1:7848, nacos2:7848], term=1}, naming_persistent_service_v2={leader=nacos2:7848, raftGroupMember=[nacos3:7848, nacos1:7848, nacos2:7848], term=1}, naming_service_metadata={leader=nacos3:7848, raftGroupMember=[nacos3:7848, nacos1:7848, nacos2:7848], term=1}}}, raftPort=7848, readyToUpgrade=true, version=2.0.3}}

2022-10-08 19:19:38,514 ERROR failed to report new info to target node : nacos1:8848, error : caused: nacos1;

2022-10-08 19:19:42,537 ERROR failed to report new info to target node : nacos1:8848, error : caused: nacos1;

2022-10-08 19:19:46,555 ERROR failed to report new info to target node : nacos1:8848, error : caused: nacos1;

2022-10-08 19:19:50,567 ERROR failed to report new info to target node : nacos1:8848, error : caused: nacos1;

2022-10-08 19:19:54,586 ERROR failed to report new info to target node : nacos1:8848, error : caused: nacos1;

2022-10-08 19:19:58,597 ERROR failed to report new info to target node : nacos1:8848, error : caused: nacos1;

2022-10-08 19:20:02,617 ERROR failed to report new info to target node : nacos1:8848, error : caused: nacos1;

2022-10-08 19:20:06,626 ERROR failed to report new info to target node : nacos1:8848, error : caused: nacos1;

2022-10-08 19:20:10,649 ERROR failed to report new info to target node : nacos1:8848, error : caused: nacos1;

2022-10-08 19:20:14,662 ERROR failed to report new info to target node : nacos1:8848, error : caused: nacos1;

2022-10-08 19:20:18,678 ERROR failed to report new info to target node : nacos1:8848, error : caused: nacos1;

2022-10-08 19:20:22,685 ERROR failed to report new info to target node : nacos1:8848, error : caused: nacos1;

2022-10-08 19:20:26,689 ERROR failed to report new info to target node : nacos1:8848, error : caused: nacos1;

2022-10-08 19:20:30,692 ERROR failed to report new info to target node : nacos1:8848, error : caused: nacos1;

2022-10-08 19:20:34,694 ERROR failed to report new info to target node : nacos1:8848, error : caused: nacos1;

2022-10-08 19:20:38,698 ERROR failed to report new info to target node : nacos1:8848, error : caused: nacos1;

2022-10-08 19:20:42,700 ERROR failed to report new info to target node : nacos1:8848, error : caused: nacos1;

2022-10-08 19:20:46,702 ERROR failed to report new info to target node : nacos1:8848, error : caused: nacos1;

2022-10-08 19:20:50,707 ERROR failed to report new info to target node : nacos1:8848, error : caused: nacos1;

2022-10-08 19:20:54,732 ERROR failed to report new info to target node : nacos1:8848, error : caused: nacos1;

2022-10-08 19:20:58,746 ERROR failed to report new info to target node : nacos1:8848, error : caused: nacos1;

2022-10-08 19:21:02,760 ERROR failed to report new info to target node : nacos1:8848, error : caused: nacos1;

2022-10-08 19:21:06,778 ERROR failed to report new info to target node : nacos1:8848, error : caused: nacos1;

2022-10-08 19:21:10,783 ERROR failed to report new info to target node : nacos1:8848, error : caused: nacos1;

2022-10-08 19:21:14,787 ERROR failed to report new info to target node : nacos1:8848, error : caused: nacos1;

2022-10-08 19:21:18,790 ERROR failed to report new info to target node : nacos1:8848, error : caused: nacos1;

2022-10-08 19:21:22,792 ERROR failed to report new info to target node : nacos1:8848, error : caused: nacos1;

2022-10-08 19:21:26,794 ERROR failed to report new info to target node : nacos1:8848, error : caused: nacos1;

2022-10-08 19:21:30,798 ERROR failed to report new info to target node : nacos1:8848, error : caused: nacos1;

2022-10-08 19:21:34,815 ERROR failed to report new info to target node : nacos1:8848, error : caused: nacos1;

2022-10-08 19:21:38,819 ERROR failed to report new info to target node : nacos1:8848, error : caused: nacos1;

2022-10-08 19:21:42,823 ERROR failed to report new info to target node : nacos1:8848, error : caused: nacos1;

2022-10-08 19:21:46,827 ERROR failed to report new info to target node : nacos1:8848, error : caused: nacos1;

2022-10-08 19:21:50,830 ERROR failed to report new info to target node : nacos1:8848, error : caused: nacos1;

2022-10-08 19:21:54,832 ERROR failed to report new info to target node : nacos1:8848, error : caused: nacos1;

2022-10-08 19:21:58,835 ERROR failed to report new info to target node : nacos1:8848, error : caused: nacos1;

2022-10-08 19:22:02,838 ERROR failed to report new info to target node : nacos1:8848, error : caused: nacos1;

2022-10-08 19:22:06,840 ERROR failed to report new info to target node : nacos1:8848, error : caused: nacos1;

2022-10-08 19:22:10,843 ERROR failed to report new info to target node : nacos1:8848, error : caused: nacos1;

2022-10-08 19:22:14,845 ERROR failed to report new info to target node : nacos1:8848, error : caused: nacos1;

2022-10-08 19:22:19,373 ERROR failed to report new info to target node : nacos1:8848, error : caused: nacos1;

2022-10-08 19:22:23,376 ERROR failed to report new info to target node : nacos1:8848, error : caused: nacos1;

2022-10-08 19:22:27,379 ERROR failed to report new info to target node : nacos1:8848, error : caused: nacos1;

2022-10-08 19:22:31,381 ERROR failed to report new info to target node : nacos1:8848, error : caused: nacos1;

2022-10-08 19:22:35,385 ERROR failed to report new info to target node : nacos1:8848, error : caused: nacos1;

2022-10-08 19:22:39,387 ERROR failed to report new info to target node : nacos1:8848, error : caused: nacos1;

2022-10-08 19:22:43,389 ERROR failed to report new info to target node : nacos1:8848, error : caused: nacos1;

2022-10-08 19:22:47,392 ERROR failed to report new info to target node : nacos1:8848, error : caused: nacos1;

2022-10-08 19:22:51,394 ERROR failed to report new info to target node : nacos1:8848, error : caused: nacos1;

2022-10-08 19:22:55,403 ERROR failed to report new info to target node : nacos1:8848, error : caused: nacos1;

2022-10-08 19:25:29,913 INFO Current addressing mode selection : FileConfigMemberLookup

2022-10-08 19:25:29,922 WARN [serverlist] updated to : [Member{ip='nacos3', port=8848, state=UP, extendInfo={raftPort=7848}}, Member{ip='nacos2', port=8848, state=UP, extendInfo={raftPort=7848, version=2.0.3}}, Member{ip='nacos1', port=8848, state=UP, extendInfo={raftPort=7848}}]

2022-10-08 19:25:30,038 WARN [serverlist] updated to : [Member{ip='nacos3', port=8848, state=UP, extendInfo={raftPort=7848}}, Member{ip='nacos2', port=8848, state=UP, extendInfo={raftPort=7848, version=2.0.3}}, Member{ip='nacos1', port=8848, state=UP, extendInfo={raftPort=7848}}]

2022-10-08 19:25:40,985 WARN [ClusterRpcClientProxy] success to refresh cluster rpc client on start up,members =[Member{ip='nacos1', port=8848, state=UP, extendInfo={raftPort=7848}}, Member{ip='nacos3', port=8848, state=UP, extendInfo={raftPort=7848}}] 

2022-10-08 19:25:55,823 INFO This node is ready to provide external services

2022-10-08 19:26:01,027 INFO start a new rpc client to member - > : Member{ip='nacos3', port=8848, state=UP, extendInfo={lastRefreshTime=1665228360972, raftMetaData={metaDataMap={naming_instance_metadata={leader=nacos1:7848, raftGroupMember=[nacos3:7848, nacos1:7848, nacos2:7848], term=1}, naming_persistent_service={leader=nacos1:7848, raftGroupMember=[nacos3:7848, nacos1:7848, nacos2:7848], term=1}, naming_persistent_service_v2={leader=nacos3:7848, raftGroupMember=[nacos3:7848, nacos1:7848, nacos2:7848], term=1}, naming_service_metadata={leader=nacos1:7848, raftGroupMember=[nacos3:7848, nacos1:7848, nacos2:7848], term=1}}}, raftPort=7848, readyToUpgrade=true, version=2.0.3}}

2022-10-08 19:26:02,775 INFO start a new rpc client to member - > : Member{ip='nacos1', port=8848, state=UP, extendInfo={lastRefreshTime=1665228362773, raftMetaData={metaDataMap={naming_instance_metadata={leader=nacos1:7848, raftGroupMember=[nacos3:7848, nacos1:7848, nacos2:7848], term=1}, naming_persistent_service={leader=nacos1:7848, raftGroupMember=[nacos3:7848, nacos1:7848, nacos2:7848], term=1}, naming_persistent_service_v2={leader=nacos3:7848, raftGroupMember=[nacos3:7848, nacos1:7848, nacos2:7848], term=1}, naming_service_metadata={leader=nacos1:7848, raftGroupMember=[nacos3:7848, nacos1:7848, nacos2:7848], term=1}}}, raftPort=7848, readyToUpgrade=true, version=2.0.3}}

2022-10-08 21:00:07,905 INFO Current addressing mode selection : FileConfigMemberLookup

2022-10-08 21:00:07,918 WARN [serverlist] updated to : [Member{ip='nacos3', port=8848, state=UP, extendInfo={raftPort=7848}}, Member{ip='nacos2', port=8848, state=UP, extendInfo={raftPort=7848, version=2.0.3}}, Member{ip='nacos1', port=8848, state=UP, extendInfo={raftPort=7848}}]

2022-10-08 21:00:07,987 WARN [serverlist] updated to : [Member{ip='nacos3', port=8848, state=UP, extendInfo={raftPort=7848}}, Member{ip='nacos2', port=8848, state=UP, extendInfo={raftPort=7848, version=2.0.3}}, Member{ip='nacos1', port=8848, state=UP, extendInfo={raftPort=7848}}]

2022-10-08 21:00:18,301 WARN [ClusterRpcClientProxy] success to refresh cluster rpc client on start up,members =[Member{ip='nacos1', port=8848, state=UP, extendInfo={raftPort=7848}}, Member{ip='nacos3', port=8848, state=UP, extendInfo={raftPort=7848}}] 

2022-10-08 21:00:32,117 INFO This node is ready to provide external services

2022-10-08 21:00:39,452 INFO start a new rpc client to member - > : Member{ip='nacos3', port=8848, state=UP, extendInfo={lastRefreshTime=1665234039378, naming={voteFor=nacos3:8848, ip=nacos3:8848, heartbeatDueMs=3500, term=2, leaderDueMs=15388, state=LEADER}, raftMetaData={metaDataMap={naming_instance_metadata={leader=nacos2:7848, raftGroupMember=[nacos3:7848, nacos1:7848, nacos2:7848], term=1}, naming_persistent_service={leader=nacos2:7848, raftGroupMember=[nacos3:7848, nacos1:7848, nacos2:7848], term=1}, naming_persistent_service_v2={leader=nacos2:7848, raftGroupMember=[nacos3:7848, nacos1:7848, nacos2:7848], term=1}, naming_service_metadata={leader=nacos2:7848, raftGroupMember=[nacos3:7848, nacos1:7848, nacos2:7848], term=1}}}, raftPort=7848, readyToUpgrade=true, version=2.0.3}}

2022-10-08 21:00:41,319 INFO start a new rpc client to member - > : Member{ip='nacos1', port=8848, state=UP, extendInfo={lastRefreshTime=1665234041317, naming={voteFor=nacos3:8848, ip=nacos1:8848, heartbeatDueMs=5000, term=2, leaderDueMs=17801, state=FOLLOWER}, raftMetaData={metaDataMap={naming_instance_metadata={leader=nacos2:7848, raftGroupMember=[nacos3:7848, nacos1:7848, nacos2:7848], term=1}, naming_persistent_service={leader=nacos2:7848, raftGroupMember=[nacos3:7848, nacos1:7848, nacos2:7848], term=1}, naming_persistent_service_v2={leader=nacos2:7848, raftGroupMember=[nacos3:7848, nacos1:7848, nacos2:7848], term=1}, naming_service_metadata={leader=nacos2:7848, raftGroupMember=[nacos3:7848, nacos1:7848, nacos2:7848], term=1}}}, raftPort=7848, readyToUpgrade=true, version=2.0.3}}

2022-10-08 21:07:35,364 INFO Current addressing mode selection : FileConfigMemberLookup

2022-10-08 21:07:35,371 WARN [serverlist] updated to : [Member{ip='nacos3', port=8848, state=UP, extendInfo={raftPort=7848}}, Member{ip='nacos2', port=8848, state=UP, extendInfo={raftPort=7848, version=2.0.3}}, Member{ip='nacos1', port=8848, state=UP, extendInfo={raftPort=7848}}]

2022-10-08 21:07:35,406 WARN [serverlist] updated to : [Member{ip='nacos3', port=8848, state=UP, extendInfo={raftPort=7848}}, Member{ip='nacos2', port=8848, state=UP, extendInfo={raftPort=7848, version=2.0.3}}, Member{ip='nacos1', port=8848, state=UP, extendInfo={raftPort=7848}}]

2022-10-08 21:07:45,450 WARN [ClusterRpcClientProxy] success to refresh cluster rpc client on start up,members =[Member{ip='nacos1', port=8848, state=UP, extendInfo={raftPort=7848}}, Member{ip='nacos3', port=8848, state=UP, extendInfo={raftPort=7848}}] 

2022-10-08 21:07:58,559 INFO This node is ready to provide external services

2022-10-08 21:08:03,290 INFO start a new rpc client to member - > : Member{ip='nacos3', port=8848, state=UP, extendInfo={lastRefreshTime=1665234483279, raftMetaData={metaDataMap={naming_instance_metadata={leader=nacos1:7848, raftGroupMember=[nacos3:7848, nacos1:7848, nacos2:7848], term=1}, naming_persistent_service={leader=nacos1:7848, raftGroupMember=[nacos3:7848, nacos1:7848, nacos2:7848], term=1}, naming_persistent_service_v2={leader=nacos3:7848, raftGroupMember=[nacos3:7848, nacos1:7848, nacos2:7848], term=1}, naming_service_metadata={leader=nacos2:7848, raftGroupMember=[nacos3:7848, nacos1:7848, nacos2:7848], term=1}}}, raftPort=7848, readyToUpgrade=true, version=2.0.3}}

2022-10-08 21:08:05,598 INFO start a new rpc client to member - > : Member{ip='nacos1', port=8848, state=UP, extendInfo={lastRefreshTime=1665234485597, naming={voteFor=nacos2:8848, ip=nacos1:8848, heartbeatDueMs=5000, term=2, leaderDueMs=15535, state=FOLLOWER}, raftMetaData={metaDataMap={naming_instance_metadata={leader=nacos1:7848, raftGroupMember=[nacos3:7848, nacos1:7848, nacos2:7848], term=1}, naming_persistent_service={leader=nacos1:7848, raftGroupMember=[nacos3:7848, nacos1:7848, nacos2:7848], term=1}, naming_persistent_service_v2={leader=nacos3:7848, raftGroupMember=[nacos3:7848, nacos1:7848, nacos2:7848], term=1}, naming_service_metadata={leader=nacos2:7848, raftGroupMember=[nacos3:7848, nacos1:7848, nacos2:7848], term=1}}}, raftPort=7848, readyToUpgrade=true, version=2.0.3}}

2022-10-08 21:24:48,136 INFO Current addressing mode selection : FileConfigMemberLookup

2022-10-08 21:24:48,157 WARN [serverlist] updated to : [Member{ip='nacos3', port=8848, state=UP, extendInfo={raftPort=7848}}, Member{ip='nacos2', port=8848, state=UP, extendInfo={raftPort=7848, version=2.0.3}}, Member{ip='nacos1', port=8848, state=UP, extendInfo={raftPort=7848}}]

2022-10-08 21:24:48,243 WARN [serverlist] updated to : [Member{ip='nacos3', port=8848, state=UP, extendInfo={raftPort=7848}}, Member{ip='nacos2', port=8848, state=UP, extendInfo={raftPort=7848, version=2.0.3}}, Member{ip='nacos1', port=8848, state=UP, extendInfo={raftPort=7848}}]

2022-10-08 21:24:57,984 WARN [ClusterRpcClientProxy] success to refresh cluster rpc client on start up,members =[Member{ip='nacos1', port=8848, state=UP, extendInfo={raftPort=7848}}, Member{ip='nacos3', port=8848, state=UP, extendInfo={raftPort=7848}}] 

2022-10-08 21:25:12,457 INFO This node is ready to provide external services

2022-10-08 21:25:17,928 INFO start a new rpc client to member - > : Member{ip='nacos3', port=8848, state=UP, extendInfo={lastRefreshTime=1665235517899, raftMetaData={metaDataMap={naming_instance_metadata={leader=nacos2:7848, raftGroupMember=[nacos3:7848, nacos1:7848, nacos2:7848], term=1}, naming_persistent_service={leader=nacos2:7848, raftGroupMember=[nacos3:7848, nacos1:7848, nacos2:7848], term=1}, naming_persistent_service_v2={leader=nacos2:7848, raftGroupMember=[nacos3:7848, nacos1:7848, nacos2:7848], term=1}, naming_service_metadata={leader=nacos2:7848, raftGroupMember=[nacos3:7848, nacos1:7848, nacos2:7848], term=1}}}, raftPort=7848, readyToUpgrade=true, version=2.0.3}}

2022-10-08 21:25:19,469 INFO start a new rpc client to member - > : Member{ip='nacos1', port=8848, state=UP, extendInfo={lastRefreshTime=1665235519467, raftMetaData={metaDataMap={naming_instance_metadata={leader=nacos2:7848, raftGroupMember=[nacos3:7848, nacos1:7848, nacos2:7848], term=1}, naming_persistent_service={leader=nacos2:7848, raftGroupMember=[nacos3:7848, nacos1:7848, nacos2:7848], term=1}, naming_persistent_service_v2={leader=nacos2:7848, raftGroupMember=[nacos3:7848, nacos1:7848, nacos2:7848], term=1}, naming_service_metadata={leader=nacos2:7848, raftGroupMember=[nacos3:7848, nacos1:7848, nacos2:7848], term=1}}}, raftPort=7848, readyToUpgrade=true, version=2.0.3}}

2022-10-08 21:31:22,785 INFO Current addressing mode selection : FileConfigMemberLookup

2022-10-08 21:31:22,804 WARN [serverlist] updated to : [Member{ip='nacos3', port=8848, state=UP, extendInfo={raftPort=7848}}, Member{ip='nacos2', port=8848, state=UP, extendInfo={raftPort=7848, version=2.0.3}}, Member{ip='nacos1', port=8848, state=UP, extendInfo={raftPort=7848}}]

2022-10-08 21:31:22,895 WARN [serverlist] updated to : [Member{ip='nacos3', port=8848, state=UP, extendInfo={raftPort=7848}}, Member{ip='nacos2', port=8848, state=UP, extendInfo={raftPort=7848, version=2.0.3}}, Member{ip='nacos1', port=8848, state=UP, extendInfo={raftPort=7848}}]

2022-10-08 21:31:33,010 WARN [ClusterRpcClientProxy] success to refresh cluster rpc client on start up,members =[Member{ip='nacos1', port=8848, state=UP, extendInfo={raftPort=7848}}, Member{ip='nacos3', port=8848, state=UP, extendInfo={raftPort=7848}}] 

2022-10-08 21:31:46,651 INFO This node is ready to provide external services

2022-10-08 21:31:53,909 INFO start a new rpc client to member - > : Member{ip='nacos1', port=8848, state=UP, extendInfo={lastRefreshTime=1665235913892, raftMetaData={metaDataMap={naming_instance_metadata={leader=nacos2:7848, raftGroupMember=[nacos3:7848, nacos1:7848, nacos2:7848], term=1}, naming_persistent_service={leader=nacos1:7848, raftGroupMember=[nacos3:7848, nacos1:7848, nacos2:7848], term=1}, naming_persistent_service_v2={leader=nacos1:7848, raftGroupMember=[nacos3:7848, nacos1:7848, nacos2:7848], term=1}, naming_service_metadata={leader=nacos1:7848, raftGroupMember=[nacos3:7848, nacos1:7848, nacos2:7848], term=1}}}, raftPort=7848, readyToUpgrade=true, version=2.0.3}}

2022-10-08 21:31:54,338 INFO start a new rpc client to member - > : Member{ip='nacos3', port=8848, state=UP, extendInfo={lastRefreshTime=1665235914326, naming={voteFor=nacos2:8848, ip=nacos3:8848, heartbeatDueMs=5000, term=2, leaderDueMs=17549, state=FOLLOWER}, raftMetaData={metaDataMap={naming_instance_metadata={leader=nacos2:7848, raftGroupMember=[nacos3:7848, nacos1:7848, nacos2:7848], term=1}, naming_persistent_service={leader=nacos1:7848, raftGroupMember=[nacos3:7848, nacos1:7848, nacos2:7848], term=1}, naming_persistent_service_v2={leader=nacos1:7848, raftGroupMember=[nacos3:7848, nacos1:7848, nacos2:7848], term=1}, naming_service_metadata={leader=nacos1:7848, raftGroupMember=[nacos3:7848, nacos1:7848, nacos2:7848], term=1}}}, raftPort=7848, readyToUpgrade=true, version=2.0.3}}

2022-10-08 21:42:11,366 INFO Current addressing mode selection : FileConfigMemberLookup

2022-10-08 21:42:11,367 WARN [serverlist] updated to : [Member{ip='nacos3', port=8848, state=UP, extendInfo={raftPort=7848}}, Member{ip='nacos2', port=8848, state=UP, extendInfo={raftPort=7848, version=2.0.3}}, Member{ip='nacos1', port=8848, state=UP, extendInfo={raftPort=7848}}]

2022-10-08 21:42:11,409 WARN [serverlist] updated to : [Member{ip='nacos3', port=8848, state=UP, extendInfo={raftPort=7848}}, Member{ip='nacos2', port=8848, state=UP, extendInfo={raftPort=7848, version=2.0.3}}, Member{ip='nacos1', port=8848, state=UP, extendInfo={raftPort=7848}}]

2022-10-08 21:42:18,523 WARN [ClusterRpcClientProxy] success to refresh cluster rpc client on start up,members =[Member{ip='nacos1', port=8848, state=UP, extendInfo={raftPort=7848}}, Member{ip='nacos3', port=8848, state=UP, extendInfo={raftPort=7848}}] 

2022-10-08 21:42:31,813 INFO This node is ready to provide external services

2022-10-08 21:42:36,842 ERROR failed to report new info to target node : nacos3:8848, error : caused: Connection refused;

2022-10-08 21:42:39,511 INFO start a new rpc client to member - > : Member{ip='nacos1', port=8848, state=UP, extendInfo={lastRefreshTime=1665236559448, naming={voteFor=nacos2:8848, ip=nacos1:8848, heartbeatDueMs=5000, term=2, leaderDueMs=17478, state=FOLLOWER}, raftMetaData={metaDataMap={naming_instance_metadata={leader=nacos1:7848, raftGroupMember=[nacos3:7848, nacos1:7848, nacos2:7848], term=2}, naming_persistent_service={leader=nacos2:7848, raftGroupMember=[nacos3:7848, nacos1:7848, nacos2:7848], term=1}, naming_persistent_service_v2={leader=nacos1:7848, raftGroupMember=[nacos3:7848, nacos1:7848, nacos2:7848], term=1}, naming_service_metadata={leader=nacos2:7848, raftGroupMember=[nacos3:7848, nacos1:7848, nacos2:7848], term=2}}}, raftPort=7848, readyToUpgrade=true, version=2.0.3}}

2022-10-08 21:42:40,853 ERROR failed to report new info to target node : nacos3:8848, error : caused: Connection refused;

2022-10-08 21:42:44,855 ERROR failed to report new info to target node : nacos3:8848, error : caused: Connection refused;

2022-10-08 21:42:48,859 ERROR failed to report new info to target node : nacos3:8848, error : caused: Connection refused;

2022-10-08 21:42:52,866 ERROR failed to report new info to target node : nacos3:8848, error : caused: Connection refused;

2022-10-08 21:42:56,870 ERROR failed to report new info to target node : nacos3:8848, error : caused: Connection refused;

2022-10-08 21:43:03,071 INFO start a new rpc client to member - > : Member{ip='nacos3', port=8848, state=UP, extendInfo={lastRefreshTime=1665236583060, naming={voteFor=nacos3:8848, ip=nacos3:8848, heartbeatDueMs=4500, term=1, leaderDueMs=17101, state=CANDIDATE}, raftMetaData={metaDataMap={naming_instance_metadata={leader=nacos1:7848, raftGroupMember=[nacos3:7848, nacos1:7848, nacos2:7848], term=2}, naming_persistent_service={leader=nacos2:7848, raftGroupMember=[nacos3:7848, nacos1:7848, nacos2:7848], term=1}, naming_persistent_service_v2={leader=nacos1:7848, raftGroupMember=[nacos3:7848, nacos1:7848, nacos2:7848], term=1}, naming_service_metadata={leader=nacos2:7848, raftGroupMember=[nacos3:7848, nacos1:7848, nacos2:7848], term=2}}}, raftPort=7848, readyToUpgrade=true, version=2.0.3}}

2022-10-08 21:49:34,417 INFO Current addressing mode selection : FileConfigMemberLookup

2022-10-08 21:49:34,428 WARN [serverlist] updated to : [Member{ip='nacos3', port=8848, state=UP, extendInfo={raftPort=7848}}, Member{ip='nacos2', port=8848, state=UP, extendInfo={raftPort=7848, version=2.0.3}}, Member{ip='nacos1', port=8848, state=UP, extendInfo={raftPort=7848}}]

2022-10-08 21:49:45,936 WARN [ClusterRpcClientProxy] success to refresh cluster rpc client on start up,members =[Member{ip='nacos1', port=8848, state=UP, extendInfo={raftPort=7848}}, Member{ip='nacos3', port=8848, state=UP, extendInfo={raftPort=7848}}] 

2022-10-08 21:49:59,533 INFO This node is ready to provide external services

2022-10-08 21:50:06,748 INFO start a new rpc client to member - > : Member{ip='nacos3', port=8848, state=UP, extendInfo={lastRefreshTime=1665237006704, raftMetaData={metaDataMap={naming_instance_metadata={leader=nacos2:7848, raftGroupMember=[nacos3:7848, nacos1:7848, nacos2:7848], term=1}, naming_persistent_service={leader=nacos2:7848, raftGroupMember=[nacos3:7848, nacos1:7848, nacos2:7848], term=1}, naming_persistent_service_v2={leader=nacos2:7848, raftGroupMember=[nacos3:7848, nacos1:7848, nacos2:7848], term=1}, naming_service_metadata={leader=nacos2:7848, raftGroupMember=[nacos3:7848, nacos1:7848, nacos2:7848], term=1}}}, raftPort=7848, readyToUpgrade=true, version=2.0.3}}

2022-10-08 21:50:07,528 INFO start a new rpc client to member - > : Member{ip='nacos1', port=8848, state=UP, extendInfo={lastRefreshTime=1665237007528, naming={voteFor=nacos2:8848, ip=nacos1:8848, heartbeatDueMs=5000, term=2, leaderDueMs=18622, state=FOLLOWER}, raftMetaData={metaDataMap={naming_instance_metadata={leader=nacos2:7848, raftGroupMember=[nacos3:7848, nacos1:7848, nacos2:7848], term=1}, naming_persistent_service={leader=nacos2:7848, raftGroupMember=[nacos3:7848, nacos1:7848, nacos2:7848], term=1}, naming_persistent_service_v2={leader=nacos2:7848, raftGroupMember=[nacos3:7848, nacos1:7848, nacos2:7848], term=1}, naming_service_metadata={leader=nacos2:7848, raftGroupMember=[nacos3:7848, nacos1:7848, nacos2:7848], term=1}}}, raftPort=7848, readyToUpgrade=true, version=2.0.3}}

2022-10-08 22:01:08,429 INFO Current addressing mode selection : FileConfigMemberLookup

2022-10-08 22:01:08,436 WARN [serverlist] updated to : [Member{ip='nacos3', port=8848, state=UP, extendInfo={raftPort=7848}}, Member{ip='nacos2', port=8848, state=UP, extendInfo={raftPort=7848, version=2.0.3}}, Member{ip='nacos1', port=8848, state=UP, extendInfo={raftPort=7848}}]

2022-10-08 22:01:08,528 WARN [serverlist] updated to : [Member{ip='nacos3', port=8848, state=UP, extendInfo={raftPort=7848}}, Member{ip='nacos2', port=8848, state=UP, extendInfo={raftPort=7848, version=2.0.3}}, Member{ip='nacos1', port=8848, state=UP, extendInfo={raftPort=7848}}]

2022-10-08 22:01:17,630 WARN [ClusterRpcClientProxy] success to refresh cluster rpc client on start up,members =[Member{ip='nacos1', port=8848, state=UP, extendInfo={raftPort=7848}}, Member{ip='nacos3', port=8848, state=UP, extendInfo={raftPort=7848}}] 

2022-10-08 22:01:32,659 INFO This node is ready to provide external services

2022-10-08 22:01:37,770 INFO start a new rpc client to member - > : Member{ip='nacos3', port=8848, state=UP, extendInfo={lastRefreshTime=1665237697741, naming={voteFor=nacos3:8848, ip=nacos3:8848, heartbeatDueMs=3500, term=2, leaderDueMs=17005, state=LEADER}, raftMetaData={metaDataMap={naming_instance_metadata={leader=nacos2:7848, raftGroupMember=[nacos3:7848, nacos1:7848, nacos2:7848], term=1}, naming_persistent_service={leader=nacos2:7848, raftGroupMember=[nacos3:7848, nacos1:7848, nacos2:7848], term=1}, naming_persistent_service_v2={leader=nacos2:7848, raftGroupMember=[nacos3:7848, nacos1:7848, nacos2:7848], term=1}, naming_service_metadata={leader=nacos2:7848, raftGroupMember=[nacos3:7848, nacos1:7848, nacos2:7848], term=1}}}, raftPort=7848, readyToUpgrade=true, version=2.0.3}}

2022-10-08 22:01:41,596 INFO start a new rpc client to member - > : Member{ip='nacos1', port=8848, state=UP, extendInfo={lastRefreshTime=1665237701594, raftMetaData={metaDataMap={naming_instance_metadata={leader=nacos2:7848, raftGroupMember=[nacos3:7848, nacos1:7848, nacos2:7848], term=1}, naming_persistent_service={leader=nacos2:7848, raftGroupMember=[nacos3:7848, nacos1:7848, nacos2:7848], term=1}, naming_persistent_service_v2={leader=nacos2:7848, raftGroupMember=[nacos3:7848, nacos1:7848, nacos2:7848], term=1}, naming_service_metadata={leader=nacos2:7848, raftGroupMember=[nacos3:7848, nacos1:7848, nacos2:7848], term=1}}}, raftPort=7848, readyToUpgrade=true, version=2.0.3}}

