2022-10-08 19:19:54,328 INFO PERFORMANCE:|serviceCount|ipCount|subscribeCount|maxPushCost|avgPushCost|totalPushCount|failPushCount

2022-10-08 19:19:54,328 INFO DISTRO:|V1SyncDone|V1SyncFail|V2SyncDone|V2SyncFail|V2VerifyFail|

2022-10-08 19:19:54,328 INFO PERFORMANCE:|0|0|0|-1|-1|0|0

2022-10-08 19:19:54,329 INFO Task worker status: 
naming_0%1, pending tasks: 0


2022-10-08 19:19:54,330 INFO DISTRO:|0|0|0|0|0|

2022-10-08 19:20:54,339 INFO PERFORMANCE:|0|0|0|-1|-1|0|0

2022-10-08 19:20:54,339 INFO Task worker status: 
naming_0%1, pending tasks: 0


2022-10-08 19:20:54,339 INFO DISTRO:|0|0|0|0|0|

2022-10-08 19:21:54,339 INFO PERFORMANCE:|0|0|0|-1|-1|0|0

2022-10-08 19:21:54,339 INFO Task worker status: 
naming_0%1, pending tasks: 0


2022-10-08 19:21:54,339 INFO DISTRO:|0|0|0|0|0|

2022-10-08 19:22:54,344 INFO PERFORMANCE:|0|0|0|-1|-1|0|0

2022-10-08 19:22:54,344 INFO Task worker status: 
naming_0%1, pending tasks: 0


2022-10-08 19:22:54,344 INFO DISTRO:|0|0|0|0|0|

2022-10-08 19:26:13,906 INFO PERFORMANCE:|serviceCount|ipCount|subscribeCount|maxPushCost|avgPushCost|totalPushCount|failPushCount

2022-10-08 19:26:13,906 INFO DISTRO:|V1SyncDone|V1SyncFail|V2SyncDone|V2SyncFail|V2VerifyFail|

2022-10-08 19:26:13,906 INFO PERFORMANCE:|0|0|0|-1|-1|0|0

2022-10-08 19:26:13,907 INFO Task worker status: 
naming_0%1, pending tasks: 0


2022-10-08 19:26:13,908 INFO DISTRO:|0|0|0|0|0|

2022-10-08 19:27:13,908 INFO PERFORMANCE:|0|0|0|-1|-1|0|0

2022-10-08 19:27:13,908 INFO Task worker status: 
naming_0%1, pending tasks: 0


2022-10-08 19:27:13,908 INFO DISTRO:|0|0|0|0|0|

2022-10-08 19:28:13,909 INFO PERFORMANCE:|0|0|0|-1|-1|0|0

2022-10-08 19:28:13,909 INFO Task worker status: 
naming_0%1, pending tasks: 0


2022-10-08 19:28:13,909 INFO DISTRO:|0|0|0|0|0|

2022-10-08 19:29:13,909 INFO PERFORMANCE:|0|0|0|-1|-1|0|0

2022-10-08 19:29:13,909 INFO Task worker status: 
naming_0%1, pending tasks: 0


2022-10-08 19:29:13,909 INFO DISTRO:|0|0|0|0|0|

2022-10-08 19:30:13,910 INFO PERFORMANCE:|0|0|0|-1|-1|0|0

2022-10-08 19:30:13,910 INFO Task worker status: 
naming_0%1, pending tasks: 0


2022-10-08 19:30:13,910 INFO DISTRO:|0|0|0|0|0|

2022-10-08 19:31:13,911 INFO PERFORMANCE:|0|0|0|-1|-1|0|0

2022-10-08 19:31:13,911 INFO Task worker status: 
naming_0%1, pending tasks: 0


2022-10-08 19:31:13,911 INFO DISTRO:|0|0|0|0|0|

2022-10-08 20:52:36,113 INFO PERFORMANCE:|0|0|0|-1|-1|0|0

2022-10-08 20:52:36,113 INFO Task worker status: 
naming_0%1, pending tasks: 0


2022-10-08 20:52:36,113 INFO DISTRO:|0|0|0|0|0|

2022-10-08 21:00:51,711 INFO PERFORMANCE:|serviceCount|ipCount|subscribeCount|maxPushCost|avgPushCost|totalPushCount|failPushCount

2022-10-08 21:00:51,711 INFO DISTRO:|V1SyncDone|V1SyncFail|V2SyncDone|V2SyncFail|V2VerifyFail|

2022-10-08 21:00:51,711 INFO PERFORMANCE:|0|0|0|-1|-1|0|0

2022-10-08 21:00:51,712 INFO Task worker status: 
naming_0%1, pending tasks: 0


2022-10-08 21:00:51,712 INFO DISTRO:|0|0|0|0|0|

2022-10-08 21:01:51,713 INFO PERFORMANCE:|0|0|0|-1|-1|0|0

2022-10-08 21:01:51,713 INFO Task worker status: 
naming_0%1, pending tasks: 0


2022-10-08 21:01:51,713 INFO DISTRO:|0|0|0|0|0|

2022-10-08 21:02:51,713 INFO PERFORMANCE:|0|0|0|-1|-1|0|0

2022-10-08 21:02:51,713 INFO Task worker status: 
naming_0%1, pending tasks: 0


2022-10-08 21:02:51,713 INFO DISTRO:|0|0|0|0|0|

2022-10-08 21:03:51,715 INFO PERFORMANCE:|0|0|0|-1|-1|0|0

2022-10-08 21:03:51,715 INFO Task worker status: 
naming_0%1, pending tasks: 0


2022-10-08 21:03:51,715 INFO DISTRO:|0|0|0|0|0|

2022-10-08 21:04:51,716 INFO PERFORMANCE:|0|0|0|-1|-1|0|0

2022-10-08 21:04:51,716 INFO Task worker status: 
naming_0%1, pending tasks: 0


2022-10-08 21:04:51,716 INFO DISTRO:|0|0|0|0|0|

2022-10-08 21:08:18,515 INFO PERFORMANCE:|serviceCount|ipCount|subscribeCount|maxPushCost|avgPushCost|totalPushCount|failPushCount

2022-10-08 21:08:18,515 INFO DISTRO:|V1SyncDone|V1SyncFail|V2SyncDone|V2SyncFail|V2VerifyFail|

2022-10-08 21:08:18,515 INFO PERFORMANCE:|0|0|0|-1|-1|0|0

2022-10-08 21:08:18,517 INFO Task worker status: 
naming_0%1, pending tasks: 0


2022-10-08 21:08:18,517 INFO DISTRO:|0|0|0|0|0|

2022-10-08 21:09:18,518 INFO PERFORMANCE:|0|0|0|-1|-1|0|0

2022-10-08 21:09:18,518 INFO Task worker status: 
naming_0%1, pending tasks: 0


2022-10-08 21:09:18,518 INFO DISTRO:|0|0|0|0|0|

2022-10-08 21:10:18,526 INFO PERFORMANCE:|0|0|0|-1|-1|0|0

2022-10-08 21:10:18,526 INFO Task worker status: 
naming_0%1, pending tasks: 0


2022-10-08 21:10:18,526 INFO DISTRO:|0|0|0|0|0|

2022-10-08 21:11:18,527 INFO PERFORMANCE:|0|0|0|-1|-1|0|0

2022-10-08 21:11:18,527 INFO Task worker status: 
naming_0%1, pending tasks: 0


2022-10-08 21:11:18,527 INFO DISTRO:|0|0|0|0|0|

2022-10-08 21:12:18,527 INFO PERFORMANCE:|0|0|0|-1|-1|0|0

2022-10-08 21:12:18,528 INFO Task worker status: 
naming_0%1, pending tasks: 0


2022-10-08 21:12:18,528 INFO DISTRO:|0|0|0|0|0|

2022-10-08 21:13:18,528 INFO PERFORMANCE:|0|0|0|-1|-1|0|0

2022-10-08 21:13:18,528 INFO Task worker status: 
naming_0%1, pending tasks: 0


2022-10-08 21:13:18,528 INFO DISTRO:|0|0|0|0|0|

2022-10-08 21:14:18,530 INFO PERFORMANCE:|0|0|0|-1|-1|0|0

2022-10-08 21:14:18,530 INFO Task worker status: 
naming_0%1, pending tasks: 0


2022-10-08 21:14:18,530 INFO DISTRO:|0|0|0|0|0|

2022-10-08 21:15:18,530 INFO PERFORMANCE:|0|0|0|-1|-1|0|0

2022-10-08 21:15:18,530 INFO Task worker status: 
naming_0%1, pending tasks: 0


2022-10-08 21:15:18,530 INFO DISTRO:|0|0|0|0|0|

2022-10-08 21:16:18,531 INFO PERFORMANCE:|0|0|0|-1|-1|0|0

2022-10-08 21:16:18,531 INFO Task worker status: 
naming_0%1, pending tasks: 0


2022-10-08 21:16:18,531 INFO DISTRO:|0|0|0|0|0|

2022-10-08 21:17:18,540 INFO PERFORMANCE:|0|0|0|-1|-1|0|0

2022-10-08 21:17:18,540 INFO Task worker status: 
naming_0%1, pending tasks: 0


2022-10-08 21:17:18,540 INFO DISTRO:|0|0|0|0|0|

2022-10-08 21:25:32,084 INFO PERFORMANCE:|serviceCount|ipCount|subscribeCount|maxPushCost|avgPushCost|totalPushCount|failPushCount

2022-10-08 21:25:32,085 INFO DISTRO:|V1SyncDone|V1SyncFail|V2SyncDone|V2SyncFail|V2VerifyFail|

2022-10-08 21:25:32,085 INFO PERFORMANCE:|0|0|0|-1|-1|0|0

2022-10-08 21:25:32,086 INFO Task worker status: 
naming_0%1, pending tasks: 0


2022-10-08 21:25:32,087 INFO DISTRO:|0|0|0|0|0|

2022-10-08 21:26:32,087 INFO PERFORMANCE:|0|0|0|-1|-1|0|0

2022-10-08 21:26:32,087 INFO Task worker status: 
naming_0%1, pending tasks: 0


2022-10-08 21:26:32,087 INFO DISTRO:|0|0|0|0|0|

2022-10-08 21:27:32,090 INFO PERFORMANCE:|0|0|0|-1|-1|0|0

2022-10-08 21:27:32,090 INFO Task worker status: 
naming_0%1, pending tasks: 0


2022-10-08 21:27:32,090 INFO DISTRO:|0|0|0|0|0|

2022-10-08 21:28:32,090 INFO PERFORMANCE:|0|0|0|-1|-1|0|0

2022-10-08 21:28:32,090 INFO Task worker status: 
naming_0%1, pending tasks: 0


2022-10-08 21:28:32,090 INFO DISTRO:|0|0|0|0|0|

2022-10-08 21:29:32,090 INFO PERFORMANCE:|0|0|0|-1|-1|0|0

2022-10-08 21:29:32,090 INFO Task worker status: 
naming_0%1, pending tasks: 0


2022-10-08 21:29:32,090 INFO DISTRO:|0|0|0|0|0|

2022-10-08 21:32:06,635 INFO PERFORMANCE:|serviceCount|ipCount|subscribeCount|maxPushCost|avgPushCost|totalPushCount|failPushCount

2022-10-08 21:32:06,635 INFO DISTRO:|V1SyncDone|V1SyncFail|V2SyncDone|V2SyncFail|V2VerifyFail|

2022-10-08 21:32:06,635 INFO PERFORMANCE:|0|0|0|-1|-1|0|0

2022-10-08 21:32:06,641 INFO Task worker status: 
naming_0%1, pending tasks: 0


2022-10-08 21:32:06,641 INFO DISTRO:|0|0|0|0|0|

2022-10-08 21:33:06,642 INFO PERFORMANCE:|0|0|0|-1|-1|0|0

2022-10-08 21:33:06,642 INFO Task worker status: 
naming_0%1, pending tasks: 0


2022-10-08 21:33:06,642 INFO DISTRO:|0|0|0|0|0|

2022-10-08 21:34:06,643 INFO PERFORMANCE:|0|0|0|-1|-1|0|0

2022-10-08 21:34:06,643 INFO Task worker status: 
naming_0%1, pending tasks: 0


2022-10-08 21:34:06,643 INFO DISTRO:|0|0|0|0|0|

2022-10-08 21:35:06,645 INFO PERFORMANCE:|0|0|0|-1|-1|0|0

2022-10-08 21:35:06,645 INFO Task worker status: 
naming_0%1, pending tasks: 0


2022-10-08 21:35:06,645 INFO DISTRO:|0|0|0|0|0|

2022-10-08 21:36:06,645 INFO PERFORMANCE:|0|0|0|-1|-1|0|0

2022-10-08 21:36:06,645 INFO Task worker status: 
naming_0%1, pending tasks: 0


2022-10-08 21:36:06,645 INFO DISTRO:|0|0|0|0|0|

2022-10-08 21:37:06,646 INFO PERFORMANCE:|0|0|0|-1|-1|0|0

2022-10-08 21:37:06,646 INFO Task worker status: 
naming_0%1, pending tasks: 0


2022-10-08 21:37:06,646 INFO DISTRO:|0|0|0|0|0|

2022-10-08 21:38:06,646 INFO PERFORMANCE:|0|0|0|-1|-1|0|0

2022-10-08 21:38:06,646 INFO Task worker status: 
naming_0%1, pending tasks: 0


2022-10-08 21:38:06,646 INFO DISTRO:|0|0|0|0|0|

2022-10-08 21:39:06,647 INFO PERFORMANCE:|0|0|0|-1|-1|0|0

2022-10-08 21:39:06,647 INFO Task worker status: 
naming_0%1, pending tasks: 0


2022-10-08 21:39:06,647 INFO DISTRO:|0|0|0|0|0|

2022-10-08 21:40:06,651 INFO PERFORMANCE:|0|0|0|-1|-1|0|0

2022-10-08 21:40:06,651 INFO Task worker status: 
naming_0%1, pending tasks: 0


2022-10-08 21:40:06,651 INFO DISTRO:|0|0|0|0|0|

2022-10-08 21:41:06,652 INFO PERFORMANCE:|0|0|0|-1|-1|0|0

2022-10-08 21:41:06,652 INFO Task worker status: 
naming_0%1, pending tasks: 0


2022-10-08 21:41:06,652 INFO DISTRO:|0|0|0|0|0|

2022-10-08 21:42:51,952 INFO PERFORMANCE:|serviceCount|ipCount|subscribeCount|maxPushCost|avgPushCost|totalPushCount|failPushCount

2022-10-08 21:42:51,953 INFO DISTRO:|V1SyncDone|V1SyncFail|V2SyncDone|V2SyncFail|V2VerifyFail|

2022-10-08 21:42:51,953 INFO PERFORMANCE:|0|0|0|-1|-1|0|0

2022-10-08 21:42:51,953 INFO Task worker status: 
naming_0%1, pending tasks: 0


2022-10-08 21:42:51,954 INFO DISTRO:|0|0|0|0|0|

2022-10-08 21:43:51,955 INFO PERFORMANCE:|0|0|0|-1|-1|0|0

2022-10-08 21:43:51,955 INFO Task worker status: 
naming_0%1, pending tasks: 0


2022-10-08 21:43:51,955 INFO DISTRO:|0|0|0|0|0|

2022-10-08 21:44:51,957 INFO PERFORMANCE:|0|0|0|-1|-1|0|0

2022-10-08 21:44:51,957 INFO Task worker status: 
naming_0%1, pending tasks: 0


2022-10-08 21:44:51,957 INFO DISTRO:|0|0|0|0|0|

2022-10-08 21:45:51,962 INFO PERFORMANCE:|0|0|0|-1|-1|0|0

2022-10-08 21:45:51,963 INFO Task worker status: 
naming_0%1, pending tasks: 0


2022-10-08 21:45:51,963 INFO DISTRO:|0|0|0|0|0|

2022-10-08 21:46:51,963 INFO PERFORMANCE:|0|0|0|-1|-1|0|0

2022-10-08 21:46:51,964 INFO Task worker status: 
naming_0%1, pending tasks: 0


2022-10-08 21:46:51,964 INFO DISTRO:|0|0|0|0|0|

2022-10-08 21:47:51,964 INFO PERFORMANCE:|0|0|0|-1|-1|0|0

2022-10-08 21:47:51,965 INFO Task worker status: 
naming_0%1, pending tasks: 0


2022-10-08 21:47:51,965 INFO DISTRO:|0|0|0|0|0|

2022-10-08 21:50:19,114 INFO PERFORMANCE:|serviceCount|ipCount|subscribeCount|maxPushCost|avgPushCost|totalPushCount|failPushCount

2022-10-08 21:50:19,114 INFO DISTRO:|V1SyncDone|V1SyncFail|V2SyncDone|V2SyncFail|V2VerifyFail|

2022-10-08 21:50:19,114 INFO PERFORMANCE:|0|0|0|-1|-1|0|0

2022-10-08 21:50:19,115 INFO Task worker status: 
naming_0%1, pending tasks: 0


2022-10-08 21:50:19,116 INFO DISTRO:|0|0|0|0|0|

2022-10-08 21:51:19,116 INFO PERFORMANCE:|1|1|0|-1|-1|0|0

2022-10-08 21:51:19,116 INFO Task worker status: 
naming_0%1, pending tasks: 0


2022-10-08 21:51:19,116 INFO DISTRO:|0|0|0|0|0|

2022-10-08 21:52:19,120 INFO PERFORMANCE:|1|1|0|-1|-1|0|0

2022-10-08 21:52:19,120 INFO Task worker status: 
naming_0%1, pending tasks: 0


2022-10-08 21:52:19,120 INFO DISTRO:|0|0|0|0|0|

2022-10-08 21:53:19,120 INFO PERFORMANCE:|1|1|0|-1|-1|0|0

2022-10-08 21:53:19,120 INFO Task worker status: 
naming_0%1, pending tasks: 0


2022-10-08 21:53:19,120 INFO DISTRO:|0|0|0|0|0|

2022-10-08 21:54:19,121 INFO PERFORMANCE:|1|1|0|-1|-1|0|0

2022-10-08 21:54:19,121 INFO Task worker status: 
naming_0%1, pending tasks: 0


2022-10-08 21:54:19,121 INFO DISTRO:|0|0|0|0|0|

2022-10-08 21:55:19,121 INFO PERFORMANCE:|1|1|0|-1|-1|0|0

2022-10-08 21:55:19,121 INFO Task worker status: 
naming_0%1, pending tasks: 0


2022-10-08 21:55:19,121 INFO DISTRO:|0|0|0|0|0|

2022-10-08 21:56:19,122 INFO PERFORMANCE:|1|1|0|-1|-1|0|0

2022-10-08 21:56:19,122 INFO Task worker status: 
naming_0%1, pending tasks: 0


2022-10-08 21:56:19,122 INFO DISTRO:|0|0|0|0|0|

2022-10-08 21:57:19,125 INFO PERFORMANCE:|1|1|0|-1|-1|0|0

2022-10-08 21:57:19,125 INFO Task worker status: 
naming_0%1, pending tasks: 0


2022-10-08 21:57:19,125 INFO DISTRO:|0|0|0|0|0|

2022-10-08 21:58:19,125 INFO PERFORMANCE:|1|1|0|-1|-1|0|0

2022-10-08 21:58:19,126 INFO Task worker status: 
naming_0%1, pending tasks: 0


2022-10-08 21:58:19,126 INFO DISTRO:|0|0|0|0|0|

2022-10-08 21:59:19,135 INFO PERFORMANCE:|1|0|0|-1|-1|0|0

2022-10-08 21:59:19,135 INFO Task worker status: 
naming_0%1, pending tasks: 0


2022-10-08 21:59:19,135 INFO DISTRO:|0|0|0|0|0|

2022-10-08 22:01:51,907 INFO PERFORMANCE:|serviceCount|ipCount|subscribeCount|maxPushCost|avgPushCost|totalPushCount|failPushCount

2022-10-08 22:01:51,907 INFO DISTRO:|V1SyncDone|V1SyncFail|V2SyncDone|V2SyncFail|V2VerifyFail|

2022-10-08 22:01:51,907 INFO PERFORMANCE:|0|0|0|-1|-1|0|0

2022-10-08 22:01:51,908 INFO Task worker status: 
naming_0%1, pending tasks: 0


2022-10-08 22:01:51,909 INFO DISTRO:|0|0|0|0|0|

2022-10-08 22:02:51,909 INFO PERFORMANCE:|0|0|0|-1|-1|0|0

2022-10-08 22:02:51,910 INFO Task worker status: 
naming_0%1, pending tasks: 0


2022-10-08 22:02:51,910 INFO DISTRO:|0|0|0|0|0|

2022-10-08 22:03:51,915 INFO PERFORMANCE:|1|1|0|-1|-1|0|0

2022-10-08 22:03:51,915 INFO Task worker status: 
naming_0%1, pending tasks: 0


2022-10-08 22:03:51,915 INFO DISTRO:|0|0|0|0|0|

2022-10-08 22:04:51,921 INFO PERFORMANCE:|1|1|0|-1|-1|0|0

2022-10-08 22:04:51,921 INFO Task worker status: 
naming_0%1, pending tasks: 0


2022-10-08 22:04:51,921 INFO DISTRO:|0|0|0|0|0|

2022-10-08 22:05:51,933 INFO PERFORMANCE:|1|1|0|-1|-1|0|0

2022-10-08 22:05:51,933 INFO Task worker status: 
naming_0%1, pending tasks: 0


2022-10-08 22:05:51,933 INFO DISTRO:|0|0|0|0|0|

2022-10-08 22:06:51,933 INFO PERFORMANCE:|1|1|0|-1|-1|0|0

2022-10-08 22:06:51,933 INFO Task worker status: 
naming_0%1, pending tasks: 0


2022-10-08 22:06:51,933 INFO DISTRO:|0|0|0|0|0|

2022-10-08 22:07:51,937 INFO PERFORMANCE:|1|1|0|-1|-1|0|0

2022-10-08 22:07:51,938 INFO Task worker status: 
naming_0%1, pending tasks: 0


2022-10-08 22:07:51,938 INFO DISTRO:|0|0|0|0|0|

2022-10-08 22:08:51,939 INFO PERFORMANCE:|1|1|0|-1|-1|0|0

2022-10-08 22:08:51,939 INFO Task worker status: 
naming_0%1, pending tasks: 0


2022-10-08 22:08:51,939 INFO DISTRO:|0|0|0|0|0|

2022-10-08 22:09:51,940 INFO PERFORMANCE:|1|1|0|-1|-1|0|0

2022-10-08 22:09:51,940 INFO Task worker status: 
naming_0%1, pending tasks: 0


2022-10-08 22:09:51,940 INFO DISTRO:|0|0|0|0|0|

2022-10-08 22:10:51,940 INFO PERFORMANCE:|1|1|0|-1|-1|0|0

2022-10-08 22:10:51,940 INFO Task worker status: 
naming_0%1, pending tasks: 0


2022-10-08 22:10:51,940 INFO DISTRO:|0|0|0|0|0|

2022-10-08 22:11:51,941 INFO PERFORMANCE:|serviceCount|ipCount|subscribeCount|maxPushCost|avgPushCost|totalPushCount|failPushCount

2022-10-08 22:11:51,941 INFO DISTRO:|V1SyncDone|V1SyncFail|V2SyncDone|V2SyncFail|V2VerifyFail|

2022-10-08 22:11:51,941 INFO PERFORMANCE:|1|1|0|-1|-1|0|0

2022-10-08 22:11:51,941 INFO Task worker status: 
naming_0%1, pending tasks: 0


2022-10-08 22:11:51,941 INFO DISTRO:|0|0|0|0|0|

2022-10-08 22:12:51,941 INFO PERFORMANCE:|1|1|0|-1|-1|0|0

2022-10-08 22:12:51,941 INFO Task worker status: 
naming_0%1, pending tasks: 0


2022-10-08 22:12:51,941 INFO DISTRO:|0|0|0|0|0|

2022-10-08 22:13:51,942 INFO PERFORMANCE:|1|1|0|-1|-1|0|0

2022-10-08 22:13:51,942 INFO Task worker status: 
naming_0%1, pending tasks: 0


2022-10-08 22:13:51,942 INFO DISTRO:|0|0|0|0|0|

2022-10-08 22:14:51,942 INFO PERFORMANCE:|1|1|0|-1|-1|0|0

2022-10-08 22:14:51,942 INFO Task worker status: 
naming_0%1, pending tasks: 0


2022-10-08 22:14:51,942 INFO DISTRO:|0|0|0|0|0|

2022-10-08 22:15:51,943 INFO PERFORMANCE:|1|1|0|-1|-1|0|0

2022-10-08 22:15:51,943 INFO Task worker status: 
naming_0%1, pending tasks: 0


2022-10-08 22:15:51,943 INFO DISTRO:|0|0|0|0|0|

2022-10-08 22:16:51,943 INFO PERFORMANCE:|1|1|0|-1|-1|0|0

2022-10-08 22:16:51,943 INFO Task worker status: 
naming_0%1, pending tasks: 0


2022-10-08 22:16:51,943 INFO DISTRO:|0|0|0|0|0|

2022-10-08 22:17:51,943 INFO PERFORMANCE:|1|1|0|-1|-1|0|0

2022-10-08 22:17:51,943 INFO Task worker status: 
naming_0%1, pending tasks: 0


2022-10-08 22:17:51,943 INFO DISTRO:|0|0|0|0|0|

2022-10-08 22:18:51,951 INFO PERFORMANCE:|1|1|0|-1|-1|0|0

2022-10-08 22:18:51,951 INFO Task worker status: 
naming_0%1, pending tasks: 0


2022-10-08 22:18:51,951 INFO DISTRO:|0|0|0|0|0|

2022-10-08 22:19:51,952 INFO PERFORMANCE:|1|1|0|-1|-1|0|0

2022-10-08 22:19:51,952 INFO Task worker status: 
naming_0%1, pending tasks: 0


2022-10-08 22:19:51,952 INFO DISTRO:|0|0|0|0|0|

2022-10-08 22:20:51,952 INFO PERFORMANCE:|1|1|0|-1|-1|0|0

2022-10-08 22:20:51,952 INFO Task worker status: 
naming_0%1, pending tasks: 0


2022-10-08 22:20:51,952 INFO DISTRO:|0|0|0|0|0|

2022-10-08 22:21:51,953 INFO PERFORMANCE:|serviceCount|ipCount|subscribeCount|maxPushCost|avgPushCost|totalPushCount|failPushCount

2022-10-08 22:21:51,953 INFO DISTRO:|V1SyncDone|V1SyncFail|V2SyncDone|V2SyncFail|V2VerifyFail|

2022-10-08 22:21:51,953 INFO PERFORMANCE:|1|1|0|-1|-1|0|0

2022-10-08 22:21:51,953 INFO Task worker status: 
naming_0%1, pending tasks: 0


2022-10-08 22:21:51,953 INFO DISTRO:|0|0|0|0|0|

2022-10-08 22:22:51,954 INFO PERFORMANCE:|1|1|0|-1|-1|0|0

2022-10-08 22:22:51,954 INFO Task worker status: 
naming_0%1, pending tasks: 0


2022-10-08 22:22:51,954 INFO DISTRO:|0|0|0|0|0|

2022-10-08 22:23:51,960 INFO PERFORMANCE:|1|1|0|-1|-1|0|0

2022-10-08 22:23:51,960 INFO Task worker status: 
naming_0%1, pending tasks: 0


2022-10-08 22:23:51,960 INFO DISTRO:|0|0|0|0|0|

2022-10-08 22:24:51,960 INFO PERFORMANCE:|1|1|0|-1|-1|0|0

2022-10-08 22:24:51,961 INFO Task worker status: 
naming_0%1, pending tasks: 0


2022-10-08 22:24:51,961 INFO DISTRO:|0|0|0|0|0|

2022-10-08 22:25:51,970 INFO PERFORMANCE:|1|1|0|-1|-1|0|0

2022-10-08 22:25:51,970 INFO Task worker status: 
naming_0%1, pending tasks: 0


2022-10-08 22:25:51,970 INFO DISTRO:|0|0|0|0|0|

2022-10-08 22:26:51,971 INFO PERFORMANCE:|1|1|0|-1|-1|0|0

2022-10-08 22:26:51,971 INFO Task worker status: 
naming_0%1, pending tasks: 0


2022-10-08 22:26:51,971 INFO DISTRO:|0|0|0|0|0|

2022-10-08 22:27:51,974 INFO PERFORMANCE:|1|1|0|-1|-1|0|0

2022-10-08 22:27:51,974 INFO Task worker status: 
naming_0%1, pending tasks: 0


2022-10-08 22:27:51,974 INFO DISTRO:|0|0|0|0|0|

2022-10-08 22:28:51,983 INFO PERFORMANCE:|1|1|0|-1|-1|0|0

2022-10-08 22:28:51,983 INFO Task worker status: 
naming_0%1, pending tasks: 0


2022-10-08 22:28:51,983 INFO DISTRO:|0|0|0|0|0|

2022-10-08 22:29:51,983 INFO PERFORMANCE:|1|1|0|-1|-1|0|0

2022-10-08 22:29:51,983 INFO Task worker status: 
naming_0%1, pending tasks: 0


2022-10-08 22:29:51,983 INFO DISTRO:|0|0|0|0|0|

2022-10-08 22:30:51,983 INFO PERFORMANCE:|1|1|0|-1|-1|0|0

2022-10-08 22:30:51,984 INFO Task worker status: 
naming_0%1, pending tasks: 0


2022-10-08 22:30:51,984 INFO DISTRO:|0|0|0|0|0|

2022-10-08 22:31:51,986 INFO PERFORMANCE:|serviceCount|ipCount|subscribeCount|maxPushCost|avgPushCost|totalPushCount|failPushCount

2022-10-08 22:31:51,986 INFO DISTRO:|V1SyncDone|V1SyncFail|V2SyncDone|V2SyncFail|V2VerifyFail|

2022-10-08 22:31:51,986 INFO PERFORMANCE:|1|1|0|-1|-1|0|0

2022-10-08 22:31:51,986 INFO Task worker status: 
naming_0%1, pending tasks: 0


2022-10-08 22:31:51,986 INFO DISTRO:|0|0|0|0|0|

2022-10-08 22:32:51,989 INFO PERFORMANCE:|1|1|0|-1|-1|0|0

2022-10-08 22:32:51,989 INFO Task worker status: 
naming_0%1, pending tasks: 0


2022-10-08 22:32:51,989 INFO DISTRO:|0|0|0|0|0|

2022-10-08 22:33:51,990 INFO PERFORMANCE:|1|1|0|-1|-1|0|0

2022-10-08 22:33:51,990 INFO Task worker status: 
naming_0%1, pending tasks: 0


2022-10-08 22:33:51,990 INFO DISTRO:|0|0|0|0|0|

2022-10-08 22:34:52,001 INFO PERFORMANCE:|1|1|0|-1|-1|0|0

2022-10-08 22:34:52,001 INFO Task worker status: 
naming_0%1, pending tasks: 0


2022-10-08 22:34:52,001 INFO DISTRO:|0|0|0|0|0|

2022-10-08 22:35:52,001 INFO PERFORMANCE:|1|1|0|-1|-1|0|0

2022-10-08 22:35:52,001 INFO Task worker status: 
naming_0%1, pending tasks: 0


2022-10-08 22:35:52,001 INFO DISTRO:|0|0|0|0|0|

2022-10-08 22:36:52,012 INFO PERFORMANCE:|1|1|0|-1|-1|0|0

2022-10-08 22:36:52,013 INFO Task worker status: 
naming_0%1, pending tasks: 0


2022-10-08 22:36:52,013 INFO DISTRO:|0|0|0|0|0|

2022-10-08 22:37:52,013 INFO PERFORMANCE:|1|1|0|-1|-1|0|0

2022-10-08 22:37:52,013 INFO Task worker status: 
naming_0%1, pending tasks: 0


2022-10-08 22:37:52,013 INFO DISTRO:|0|0|0|0|0|

2022-10-08 22:38:52,019 INFO PERFORMANCE:|1|1|0|-1|-1|0|0

2022-10-08 22:38:52,019 INFO Task worker status: 
naming_0%1, pending tasks: 0


2022-10-08 22:38:52,019 INFO DISTRO:|0|0|0|0|0|

2022-10-08 22:39:52,019 INFO PERFORMANCE:|1|1|0|-1|-1|0|0

2022-10-08 22:39:52,019 INFO Task worker status: 
naming_0%1, pending tasks: 0


2022-10-08 22:39:52,019 INFO DISTRO:|0|0|0|0|0|

2022-10-08 22:40:52,030 INFO PERFORMANCE:|1|1|0|-1|-1|0|0

2022-10-08 22:40:52,030 INFO Task worker status: 
naming_0%1, pending tasks: 0


2022-10-08 22:40:52,030 INFO DISTRO:|0|0|0|0|0|

2022-10-08 22:41:52,031 INFO PERFORMANCE:|serviceCount|ipCount|subscribeCount|maxPushCost|avgPushCost|totalPushCount|failPushCount

2022-10-08 22:41:52,031 INFO DISTRO:|V1SyncDone|V1SyncFail|V2SyncDone|V2SyncFail|V2VerifyFail|

2022-10-08 22:41:52,031 INFO PERFORMANCE:|1|1|0|-1|-1|0|0

2022-10-08 22:41:52,031 INFO Task worker status: 
naming_0%1, pending tasks: 0


2022-10-08 22:41:52,031 INFO DISTRO:|0|0|0|0|0|

2022-10-08 22:42:52,042 INFO PERFORMANCE:|1|1|0|-1|-1|0|0

2022-10-08 22:42:52,042 INFO Task worker status: 
naming_0%1, pending tasks: 0


2022-10-08 22:42:52,042 INFO DISTRO:|0|0|0|0|0|

2022-10-08 22:43:52,042 INFO PERFORMANCE:|1|1|0|-1|-1|0|0

2022-10-08 22:43:52,042 INFO Task worker status: 
naming_0%1, pending tasks: 0


2022-10-08 22:43:52,042 INFO DISTRO:|0|0|0|0|0|

2022-10-08 22:44:52,042 INFO PERFORMANCE:|1|1|0|-1|-1|0|0

2022-10-08 22:44:52,043 INFO Task worker status: 
naming_0%1, pending tasks: 0


2022-10-08 22:44:52,043 INFO DISTRO:|0|0|0|0|0|

2022-10-08 22:45:52,043 INFO PERFORMANCE:|1|1|0|-1|-1|0|0

2022-10-08 22:45:52,043 INFO Task worker status: 
naming_0%1, pending tasks: 0


2022-10-08 22:45:52,043 INFO DISTRO:|0|0|0|0|0|

2022-10-08 22:46:52,044 INFO PERFORMANCE:|1|1|0|-1|-1|0|0

2022-10-08 22:46:52,044 INFO Task worker status: 
naming_0%1, pending tasks: 0


2022-10-08 22:46:52,044 INFO DISTRO:|0|0|0|0|0|

2022-10-08 22:47:52,054 INFO PERFORMANCE:|1|1|0|-1|-1|0|0

2022-10-08 22:47:52,054 INFO Task worker status: 
naming_0%1, pending tasks: 0


2022-10-08 22:47:52,054 INFO DISTRO:|0|0|0|0|0|

2022-10-08 22:48:52,054 INFO PERFORMANCE:|1|1|0|-1|-1|0|0

2022-10-08 22:48:52,055 INFO Task worker status: 
naming_0%1, pending tasks: 0


2022-10-08 22:48:52,055 INFO DISTRO:|0|0|0|0|0|

2022-10-08 22:49:52,069 INFO PERFORMANCE:|1|1|0|-1|-1|0|0

2022-10-08 22:49:52,069 INFO Task worker status: 
naming_0%1, pending tasks: 0


2022-10-08 22:49:52,069 INFO DISTRO:|0|0|0|0|0|

2022-10-08 22:50:52,070 INFO PERFORMANCE:|1|1|0|-1|-1|0|0

2022-10-08 22:50:52,070 INFO Task worker status: 
naming_0%1, pending tasks: 0


2022-10-08 22:50:52,070 INFO DISTRO:|0|0|0|0|0|

2022-10-08 22:51:52,070 INFO PERFORMANCE:|serviceCount|ipCount|subscribeCount|maxPushCost|avgPushCost|totalPushCount|failPushCount

2022-10-08 22:51:52,070 INFO DISTRO:|V1SyncDone|V1SyncFail|V2SyncDone|V2SyncFail|V2VerifyFail|

2022-10-08 22:51:52,070 INFO PERFORMANCE:|1|1|0|-1|-1|0|0

2022-10-08 22:51:52,070 INFO Task worker status: 
naming_0%1, pending tasks: 0


2022-10-08 22:51:52,070 INFO DISTRO:|0|0|0|0|0|

2022-10-08 22:52:52,070 INFO PERFORMANCE:|1|1|0|-1|-1|0|0

2022-10-08 22:52:52,070 INFO Task worker status: 
naming_0%1, pending tasks: 0


2022-10-08 22:52:52,070 INFO DISTRO:|0|0|0|0|0|

2022-10-08 22:53:52,071 INFO PERFORMANCE:|1|1|0|-1|-1|0|0

2022-10-08 22:53:52,071 INFO Task worker status: 
naming_0%1, pending tasks: 0


2022-10-08 22:53:52,071 INFO DISTRO:|0|0|0|0|0|

2022-10-08 22:54:52,082 INFO PERFORMANCE:|1|1|0|-1|-1|0|0

2022-10-08 22:54:52,082 INFO Task worker status: 
naming_0%1, pending tasks: 0


2022-10-08 22:54:52,082 INFO DISTRO:|0|0|0|0|0|

2022-10-08 22:55:52,082 INFO PERFORMANCE:|1|1|0|-1|-1|0|0

2022-10-08 22:55:52,082 INFO Task worker status: 
naming_0%1, pending tasks: 0


2022-10-08 22:55:52,083 INFO DISTRO:|0|0|0|0|0|

2022-10-08 22:56:52,083 INFO PERFORMANCE:|1|1|0|-1|-1|0|0

2022-10-08 22:56:52,083 INFO Task worker status: 
naming_0%1, pending tasks: 0


2022-10-08 22:56:52,083 INFO DISTRO:|0|0|0|0|0|

2022-10-08 22:57:52,083 INFO PERFORMANCE:|1|1|0|-1|-1|0|0

2022-10-08 22:57:52,083 INFO Task worker status: 
naming_0%1, pending tasks: 0


2022-10-08 22:57:52,083 INFO DISTRO:|0|0|0|0|0|

2022-10-08 22:58:52,084 INFO PERFORMANCE:|1|1|0|-1|-1|0|0

2022-10-08 22:58:52,084 INFO Task worker status: 
naming_0%1, pending tasks: 0


2022-10-08 22:58:52,084 INFO DISTRO:|0|0|0|0|0|

2022-10-08 22:59:52,084 INFO PERFORMANCE:|1|1|0|-1|-1|0|0

2022-10-08 22:59:52,084 INFO Task worker status: 
naming_0%1, pending tasks: 0


2022-10-08 22:59:52,084 INFO DISTRO:|0|0|0|0|0|

2022-10-08 23:00:52,084 INFO PERFORMANCE:|1|1|0|-1|-1|0|0

2022-10-08 23:00:52,084 INFO Task worker status: 
naming_0%1, pending tasks: 0


2022-10-08 23:00:52,084 INFO DISTRO:|0|0|0|0|0|

2022-10-08 23:01:52,085 INFO PERFORMANCE:|serviceCount|ipCount|subscribeCount|maxPushCost|avgPushCost|totalPushCount|failPushCount

2022-10-08 23:01:52,085 INFO DISTRO:|V1SyncDone|V1SyncFail|V2SyncDone|V2SyncFail|V2VerifyFail|

2022-10-08 23:01:52,085 INFO PERFORMANCE:|1|1|0|-1|-1|0|0

2022-10-08 23:01:52,085 INFO Task worker status: 
naming_0%1, pending tasks: 0


2022-10-08 23:01:52,085 INFO DISTRO:|0|0|0|0|0|

