2022-10-08 19:19:19,100 INFO distro notifier started

2022-10-08 19:22:58,109 ERROR [NACOS-DISTRO] Error while handling notifying task

java.lang.InterruptedException: null
	at java.util.concurrent.locks.AbstractQueuedSynchronizer$ConditionObject.reportInterruptAfterWait(AbstractQueuedSynchronizer.java:2014)
	at java.util.concurrent.locks.AbstractQueuedSynchronizer$ConditionObject.await(AbstractQueuedSynchronizer.java:2048)
	at java.util.concurrent.ArrayBlockingQueue.take(ArrayBlockingQueue.java:403)
	at com.alibaba.nacos.naming.consistency.ephemeral.distro.DistroConsistencyServiceImpl$Notifier.run(DistroConsistencyServiceImpl.java:412)
	at java.util.concurrent.Executors$RunnableAdapter.call(Executors.java:511)
	at java.util.concurrent.FutureTask.run(FutureTask.java:266)
	at java.util.concurrent.ScheduledThreadPoolExecutor$ScheduledFutureTask.access$201(ScheduledThreadPoolExecutor.java:180)
	at java.util.concurrent.ScheduledThreadPoolExecutor$ScheduledFutureTask.run(ScheduledThreadPoolExecutor.java:293)
	at java.util.concurrent.ThreadPoolExecutor.runWorker(ThreadPoolExecutor.java:1149)
	at java.util.concurrent.ThreadPoolExecutor$Worker.run(ThreadPoolExecutor.java:624)
	at java.lang.Thread.run(Thread.java:748)
2022-10-08 19:25:35,749 INFO distro notifier started

2022-10-08 20:53:32,859 ERROR [NACOS-DISTRO] Error while handling notifying task

java.lang.InterruptedException: null
	at java.util.concurrent.locks.AbstractQueuedSynchronizer$ConditionObject.reportInterruptAfterWait(AbstractQueuedSynchronizer.java:2014)
	at java.util.concurrent.locks.AbstractQueuedSynchronizer$ConditionObject.await(AbstractQueuedSynchronizer.java:2048)
	at java.util.concurrent.ArrayBlockingQueue.take(ArrayBlockingQueue.java:403)
	at com.alibaba.nacos.naming.consistency.ephemeral.distro.DistroConsistencyServiceImpl$Notifier.run(DistroConsistencyServiceImpl.java:412)
	at java.util.concurrent.Executors$RunnableAdapter.call(Executors.java:511)
	at java.util.concurrent.FutureTask.run(FutureTask.java:266)
	at java.util.concurrent.ScheduledThreadPoolExecutor$ScheduledFutureTask.access$201(ScheduledThreadPoolExecutor.java:180)
	at java.util.concurrent.ScheduledThreadPoolExecutor$ScheduledFutureTask.run(ScheduledThreadPoolExecutor.java:293)
	at java.util.concurrent.ThreadPoolExecutor.runWorker(ThreadPoolExecutor.java:1149)
	at java.util.concurrent.ThreadPoolExecutor$Worker.run(ThreadPoolExecutor.java:624)
	at java.lang.Thread.run(Thread.java:748)
2022-10-08 21:00:13,299 INFO distro notifier started

2022-10-08 21:05:32,019 ERROR [NACOS-DISTRO] Error while handling notifying task

java.lang.InterruptedException: null
	at java.util.concurrent.locks.AbstractQueuedSynchronizer$ConditionObject.reportInterruptAfterWait(AbstractQueuedSynchronizer.java:2014)
	at java.util.concurrent.locks.AbstractQueuedSynchronizer$ConditionObject.await(AbstractQueuedSynchronizer.java:2048)
	at java.util.concurrent.ArrayBlockingQueue.take(ArrayBlockingQueue.java:403)
	at com.alibaba.nacos.naming.consistency.ephemeral.distro.DistroConsistencyServiceImpl$Notifier.run(DistroConsistencyServiceImpl.java:412)
	at java.util.concurrent.Executors$RunnableAdapter.call(Executors.java:511)
	at java.util.concurrent.FutureTask.run(FutureTask.java:266)
	at java.util.concurrent.ScheduledThreadPoolExecutor$ScheduledFutureTask.access$201(ScheduledThreadPoolExecutor.java:180)
	at java.util.concurrent.ScheduledThreadPoolExecutor$ScheduledFutureTask.run(ScheduledThreadPoolExecutor.java:293)
	at java.util.concurrent.ThreadPoolExecutor.runWorker(ThreadPoolExecutor.java:1149)
	at java.util.concurrent.ThreadPoolExecutor$Worker.run(ThreadPoolExecutor.java:624)
	at java.lang.Thread.run(Thread.java:748)
2022-10-08 21:07:40,239 INFO distro notifier started

2022-10-08 21:17:20,871 ERROR [NACOS-DISTRO] Error while handling notifying task

java.lang.InterruptedException: null
	at java.util.concurrent.locks.AbstractQueuedSynchronizer$ConditionObject.reportInterruptAfterWait(AbstractQueuedSynchronizer.java:2014)
	at java.util.concurrent.locks.AbstractQueuedSynchronizer$ConditionObject.await(AbstractQueuedSynchronizer.java:2048)
	at java.util.concurrent.ArrayBlockingQueue.take(ArrayBlockingQueue.java:403)
	at com.alibaba.nacos.naming.consistency.ephemeral.distro.DistroConsistencyServiceImpl$Notifier.run(DistroConsistencyServiceImpl.java:412)
	at java.util.concurrent.Executors$RunnableAdapter.call(Executors.java:511)
	at java.util.concurrent.FutureTask.run(FutureTask.java:266)
	at java.util.concurrent.ScheduledThreadPoolExecutor$ScheduledFutureTask.access$201(ScheduledThreadPoolExecutor.java:180)
	at java.util.concurrent.ScheduledThreadPoolExecutor$ScheduledFutureTask.run(ScheduledThreadPoolExecutor.java:293)
	at java.util.concurrent.ThreadPoolExecutor.runWorker(ThreadPoolExecutor.java:1149)
	at java.util.concurrent.ThreadPoolExecutor$Worker.run(ThreadPoolExecutor.java:624)
	at java.lang.Thread.run(Thread.java:748)
2022-10-08 21:24:52,884 INFO distro notifier started

2022-10-08 21:30:20,948 ERROR [NACOS-DISTRO] Error while handling notifying task

java.lang.InterruptedException: null
	at java.util.concurrent.locks.AbstractQueuedSynchronizer$ConditionObject.reportInterruptAfterWait(AbstractQueuedSynchronizer.java:2014)
	at java.util.concurrent.locks.AbstractQueuedSynchronizer$ConditionObject.await(AbstractQueuedSynchronizer.java:2048)
	at java.util.concurrent.ArrayBlockingQueue.take(ArrayBlockingQueue.java:403)
	at com.alibaba.nacos.naming.consistency.ephemeral.distro.DistroConsistencyServiceImpl$Notifier.run(DistroConsistencyServiceImpl.java:412)
	at java.util.concurrent.Executors$RunnableAdapter.call(Executors.java:511)
	at java.util.concurrent.FutureTask.run(FutureTask.java:266)
	at java.util.concurrent.ScheduledThreadPoolExecutor$ScheduledFutureTask.access$201(ScheduledThreadPoolExecutor.java:180)
	at java.util.concurrent.ScheduledThreadPoolExecutor$ScheduledFutureTask.run(ScheduledThreadPoolExecutor.java:293)
	at java.util.concurrent.ThreadPoolExecutor.runWorker(ThreadPoolExecutor.java:1149)
	at java.util.concurrent.ThreadPoolExecutor$Worker.run(ThreadPoolExecutor.java:624)
	at java.lang.Thread.run(Thread.java:748)
2022-10-08 21:31:28,052 INFO distro notifier started

2022-10-08 21:41:27,364 ERROR [NACOS-DISTRO] Error while handling notifying task

java.lang.InterruptedException: null
	at java.util.concurrent.locks.AbstractQueuedSynchronizer$ConditionObject.reportInterruptAfterWait(AbstractQueuedSynchronizer.java:2014)
	at java.util.concurrent.locks.AbstractQueuedSynchronizer$ConditionObject.await(AbstractQueuedSynchronizer.java:2048)
	at java.util.concurrent.ArrayBlockingQueue.take(ArrayBlockingQueue.java:403)
	at com.alibaba.nacos.naming.consistency.ephemeral.distro.DistroConsistencyServiceImpl$Notifier.run(DistroConsistencyServiceImpl.java:412)
	at java.util.concurrent.Executors$RunnableAdapter.call(Executors.java:511)
	at java.util.concurrent.FutureTask.run(FutureTask.java:266)
	at java.util.concurrent.ScheduledThreadPoolExecutor$ScheduledFutureTask.access$201(ScheduledThreadPoolExecutor.java:180)
	at java.util.concurrent.ScheduledThreadPoolExecutor$ScheduledFutureTask.run(ScheduledThreadPoolExecutor.java:293)
	at java.util.concurrent.ThreadPoolExecutor.runWorker(ThreadPoolExecutor.java:1149)
	at java.util.concurrent.ThreadPoolExecutor$Worker.run(ThreadPoolExecutor.java:624)
	at java.lang.Thread.run(Thread.java:748)
2022-10-08 21:42:15,140 INFO distro notifier started

2022-10-08 21:48:04,033 ERROR [NACOS-DISTRO] Error while handling notifying task

java.lang.InterruptedException: null
	at java.util.concurrent.locks.AbstractQueuedSynchronizer$ConditionObject.reportInterruptAfterWait(AbstractQueuedSynchronizer.java:2014)
	at java.util.concurrent.locks.AbstractQueuedSynchronizer$ConditionObject.await(AbstractQueuedSynchronizer.java:2048)
	at java.util.concurrent.ArrayBlockingQueue.take(ArrayBlockingQueue.java:403)
	at com.alibaba.nacos.naming.consistency.ephemeral.distro.DistroConsistencyServiceImpl$Notifier.run(DistroConsistencyServiceImpl.java:412)
	at java.util.concurrent.Executors$RunnableAdapter.call(Executors.java:511)
	at java.util.concurrent.FutureTask.run(FutureTask.java:266)
	at java.util.concurrent.ScheduledThreadPoolExecutor$ScheduledFutureTask.access$201(ScheduledThreadPoolExecutor.java:180)
	at java.util.concurrent.ScheduledThreadPoolExecutor$ScheduledFutureTask.run(ScheduledThreadPoolExecutor.java:293)
	at java.util.concurrent.ThreadPoolExecutor.runWorker(ThreadPoolExecutor.java:1149)
	at java.util.concurrent.ThreadPoolExecutor$Worker.run(ThreadPoolExecutor.java:624)
	at java.lang.Thread.run(Thread.java:748)
2022-10-08 21:49:40,448 INFO distro notifier started

2022-10-08 21:51:08,461 INFO [Client-Add] Received distro client sync data 1665237067848_192.168.192.1_38226

2022-10-08 21:59:14,776 INFO [Client-Delete] Received distro client sync data 1665237067848_192.168.192.1_38226

2022-10-08 21:59:24,750 ERROR [NACOS-DISTRO] Error while handling notifying task

java.lang.InterruptedException: null
	at java.util.concurrent.locks.AbstractQueuedSynchronizer$ConditionObject.reportInterruptAfterWait(AbstractQueuedSynchronizer.java:2014)
	at java.util.concurrent.locks.AbstractQueuedSynchronizer$ConditionObject.await(AbstractQueuedSynchronizer.java:2048)
	at java.util.concurrent.ArrayBlockingQueue.take(ArrayBlockingQueue.java:403)
	at com.alibaba.nacos.naming.consistency.ephemeral.distro.DistroConsistencyServiceImpl$Notifier.run(DistroConsistencyServiceImpl.java:412)
	at java.util.concurrent.Executors$RunnableAdapter.call(Executors.java:511)
	at java.util.concurrent.FutureTask.run(FutureTask.java:266)
	at java.util.concurrent.ScheduledThreadPoolExecutor$ScheduledFutureTask.access$201(ScheduledThreadPoolExecutor.java:180)
	at java.util.concurrent.ScheduledThreadPoolExecutor$ScheduledFutureTask.run(ScheduledThreadPoolExecutor.java:293)
	at java.util.concurrent.ThreadPoolExecutor.runWorker(ThreadPoolExecutor.java:1149)
	at java.util.concurrent.ThreadPoolExecutor$Worker.run(ThreadPoolExecutor.java:624)
	at java.lang.Thread.run(Thread.java:748)
2022-10-08 22:01:12,729 INFO distro notifier started

2022-10-08 22:03:25,308 INFO [Client-Add] Received distro client sync data 1665237804759_192.168.208.1_47074

