2022-10-08 19:19:22,122 INFO Init loader limit rule from local,rule=

2022-10-08 19:19:22,967 INFO [ClientConnectionEventListenerRegistry] registry listener - ConfigConnectionEventListener

2022-10-08 19:19:23,097 INFO [ClientConnectionEventListenerRegistry] registry listener - RpcAckCallbackInitorOrCleaner

2022-10-08 19:19:24,242 INFO Nacos GrpcSdkServer Rpc server starting at port 9848

2022-10-08 19:19:24,263 INFO Nacos GrpcSdkServer Rpc server started at port 9848

2022-10-08 19:19:24,264 INFO Nacos GrpcClusterServer Rpc server starting at port 9849

2022-10-08 19:19:24,286 INFO Nacos GrpcClusterServer Rpc server started at port 9849

2022-10-08 19:19:24,401 INFO [ClientConnectionEventListenerRegistry] registry listener - ConnectionBasedClientManager

2022-10-08 19:22:56,795 INFO Nacos GrpcSdkServer Rpc server stopping

2022-10-08 19:22:56,829 INFO Nacos GrpcSdkServer Rpc server stopped successfully...

2022-10-08 19:22:56,796 INFO Nacos GrpcClusterServer Rpc server stopping

2022-10-08 19:22:56,829 INFO Nacos GrpcClusterServer Rpc server stopped successfully...

2022-10-08 19:25:40,596 INFO Init loader limit rule from local,rule=

2022-10-08 19:25:42,181 INFO [ClientConnectionEventListenerRegistry] registry listener - ConfigConnectionEventListener

2022-10-08 19:25:42,408 INFO [ClientConnectionEventListenerRegistry] registry listener - RpcAckCallbackInitorOrCleaner

2022-10-08 19:25:43,785 INFO Nacos GrpcSdkServer Rpc server starting at port 9848

2022-10-08 19:25:43,831 INFO Nacos GrpcSdkServer Rpc server started at port 9848

2022-10-08 19:25:43,848 INFO Nacos GrpcClusterServer Rpc server starting at port 9849

2022-10-08 19:25:43,849 INFO Nacos GrpcClusterServer Rpc server started at port 9849

2022-10-08 19:25:44,058 INFO [ClientConnectionEventListenerRegistry] registry listener - ConnectionBasedClientManager

2022-10-08 20:53:30,245 INFO Nacos GrpcSdkServer Rpc server stopping

2022-10-08 20:53:30,265 INFO Nacos GrpcClusterServer Rpc server stopping

2022-10-08 20:53:30,337 INFO Nacos GrpcSdkServer Rpc server stopped successfully...

2022-10-08 20:53:30,347 INFO Nacos GrpcClusterServer Rpc server stopped successfully...

2022-10-08 21:00:17,763 INFO Init loader limit rule from local,rule=

2022-10-08 21:00:19,616 INFO [ClientConnectionEventListenerRegistry] registry listener - ConfigConnectionEventListener

2022-10-08 21:00:20,036 INFO [ClientConnectionEventListenerRegistry] registry listener - RpcAckCallbackInitorOrCleaner

2022-10-08 21:00:21,566 INFO Nacos GrpcSdkServer Rpc server starting at port 9848

2022-10-08 21:00:21,622 INFO Nacos GrpcSdkServer Rpc server started at port 9848

2022-10-08 21:00:21,623 INFO Nacos GrpcClusterServer Rpc server starting at port 9849

2022-10-08 21:00:21,643 INFO Nacos GrpcClusterServer Rpc server started at port 9849

2022-10-08 21:00:21,799 INFO [ClientConnectionEventListenerRegistry] registry listener - ConnectionBasedClientManager

2022-10-08 21:05:29,728 INFO Nacos GrpcSdkServer Rpc server stopping

2022-10-08 21:05:29,730 INFO Nacos GrpcClusterServer Rpc server stopping

2022-10-08 21:05:29,800 INFO Nacos GrpcSdkServer Rpc server stopped successfully...

2022-10-08 21:05:29,829 INFO Nacos GrpcClusterServer Rpc server stopped successfully...

2022-10-08 21:07:44,943 INFO Init loader limit rule from local,rule=

2022-10-08 21:07:46,573 INFO [ClientConnectionEventListenerRegistry] registry listener - ConfigConnectionEventListener

2022-10-08 21:07:46,838 INFO [ClientConnectionEventListenerRegistry] registry listener - RpcAckCallbackInitorOrCleaner

2022-10-08 21:07:48,388 INFO Nacos GrpcSdkServer Rpc server starting at port 9848

2022-10-08 21:07:48,440 INFO Nacos GrpcSdkServer Rpc server started at port 9848

2022-10-08 21:07:48,441 INFO Nacos GrpcClusterServer Rpc server starting at port 9849

2022-10-08 21:07:48,459 INFO Nacos GrpcClusterServer Rpc server started at port 9849

2022-10-08 21:07:48,614 INFO [ClientConnectionEventListenerRegistry] registry listener - ConnectionBasedClientManager

2022-10-08 21:17:19,153 INFO Nacos GrpcClusterServer Rpc server stopping

2022-10-08 21:17:19,319 INFO Nacos GrpcClusterServer Rpc server stopped successfully...

2022-10-08 21:17:19,173 INFO Nacos GrpcSdkServer Rpc server stopping

2022-10-08 21:17:19,365 INFO Nacos GrpcSdkServer Rpc server stopped successfully...

2022-10-08 21:24:57,529 INFO Init loader limit rule from local,rule=

2022-10-08 21:24:59,717 INFO [ClientConnectionEventListenerRegistry] registry listener - ConfigConnectionEventListener

2022-10-08 21:25:00,001 INFO [ClientConnectionEventListenerRegistry] registry listener - RpcAckCallbackInitorOrCleaner

2022-10-08 21:25:01,960 INFO Nacos GrpcSdkServer Rpc server starting at port 9848

2022-10-08 21:25:02,014 INFO Nacos GrpcSdkServer Rpc server started at port 9848

2022-10-08 21:25:02,015 INFO Nacos GrpcClusterServer Rpc server starting at port 9849

2022-10-08 21:25:02,016 INFO Nacos GrpcClusterServer Rpc server started at port 9849

2022-10-08 21:25:02,206 INFO [ClientConnectionEventListenerRegistry] registry listener - ConnectionBasedClientManager

2022-10-08 21:30:19,271 INFO Nacos GrpcSdkServer Rpc server stopping

2022-10-08 21:30:19,259 INFO Nacos GrpcClusterServer Rpc server stopping

2022-10-08 21:30:19,318 INFO Nacos GrpcClusterServer Rpc server stopped successfully...

2022-10-08 21:30:19,318 INFO Nacos GrpcSdkServer Rpc server stopped successfully...

2022-10-08 21:31:32,386 INFO Init loader limit rule from local,rule=

2022-10-08 21:31:34,618 INFO [ClientConnectionEventListenerRegistry] registry listener - ConfigConnectionEventListener

2022-10-08 21:31:34,943 INFO [ClientConnectionEventListenerRegistry] registry listener - RpcAckCallbackInitorOrCleaner

2022-10-08 21:31:36,491 INFO Nacos GrpcSdkServer Rpc server starting at port 9848

2022-10-08 21:31:36,563 INFO Nacos GrpcSdkServer Rpc server started at port 9848

2022-10-08 21:31:36,564 INFO Nacos GrpcClusterServer Rpc server starting at port 9849

2022-10-08 21:31:36,576 INFO Nacos GrpcClusterServer Rpc server started at port 9849

2022-10-08 21:31:36,721 INFO [ClientConnectionEventListenerRegistry] registry listener - ConnectionBasedClientManager

2022-10-08 21:41:25,352 INFO Nacos GrpcClusterServer Rpc server stopping

2022-10-08 21:41:25,274 INFO Nacos GrpcSdkServer Rpc server stopping

2022-10-08 21:41:25,375 INFO Nacos GrpcSdkServer Rpc server stopped successfully...

2022-10-08 21:41:25,439 INFO Nacos GrpcClusterServer Rpc server stopped successfully...

2022-10-08 21:42:18,180 INFO Init loader limit rule from local,rule=

2022-10-08 21:42:19,212 INFO [ClientConnectionEventListenerRegistry] registry listener - ConfigConnectionEventListener

2022-10-08 21:42:19,333 INFO [ClientConnectionEventListenerRegistry] registry listener - RpcAckCallbackInitorOrCleaner

2022-10-08 21:42:21,816 INFO Nacos GrpcSdkServer Rpc server starting at port 9848

2022-10-08 21:42:21,868 INFO Nacos GrpcSdkServer Rpc server started at port 9848

2022-10-08 21:42:21,918 INFO Nacos GrpcClusterServer Rpc server starting at port 9849

2022-10-08 21:42:21,919 INFO Nacos GrpcClusterServer Rpc server started at port 9849

2022-10-08 21:42:22,103 INFO [ClientConnectionEventListenerRegistry] registry listener - ConnectionBasedClientManager

2022-10-08 21:48:01,703 INFO Nacos GrpcSdkServer Rpc server stopping

2022-10-08 21:48:01,686 INFO Nacos GrpcClusterServer Rpc server stopping

2022-10-08 21:48:01,747 INFO Nacos GrpcClusterServer Rpc server stopped successfully...

2022-10-08 21:48:01,749 INFO Nacos GrpcSdkServer Rpc server stopped successfully...

2022-10-08 21:49:45,532 INFO Init loader limit rule from local,rule=

2022-10-08 21:49:47,432 INFO [ClientConnectionEventListenerRegistry] registry listener - ConfigConnectionEventListener

2022-10-08 21:49:47,606 INFO [ClientConnectionEventListenerRegistry] registry listener - RpcAckCallbackInitorOrCleaner

2022-10-08 21:49:48,957 INFO Nacos GrpcSdkServer Rpc server starting at port 9848

2022-10-08 21:49:49,020 INFO Nacos GrpcSdkServer Rpc server started at port 9848

2022-10-08 21:49:49,022 INFO Nacos GrpcClusterServer Rpc server starting at port 9849

2022-10-08 21:49:49,043 INFO Nacos GrpcClusterServer Rpc server started at port 9849

2022-10-08 21:49:49,230 INFO [ClientConnectionEventListenerRegistry] registry listener - ConnectionBasedClientManager

2022-10-08 21:59:22,737 INFO Nacos GrpcClusterServer Rpc server stopping

2022-10-08 21:59:22,882 INFO Nacos GrpcClusterServer Rpc server stopped successfully...

2022-10-08 21:59:22,737 INFO Nacos GrpcSdkServer Rpc server stopping

2022-10-08 21:59:22,883 INFO Nacos GrpcSdkServer Rpc server stopped successfully...

2022-10-08 22:01:17,099 INFO Init loader limit rule from local,rule=

2022-10-08 22:01:18,778 INFO [ClientConnectionEventListenerRegistry] registry listener - ConfigConnectionEventListener

2022-10-08 22:01:19,527 INFO [ClientConnectionEventListenerRegistry] registry listener - RpcAckCallbackInitorOrCleaner

2022-10-08 22:01:21,765 INFO Nacos GrpcSdkServer Rpc server starting at port 9848

2022-10-08 22:01:21,808 INFO Nacos GrpcSdkServer Rpc server started at port 9848

2022-10-08 22:01:21,809 INFO Nacos GrpcClusterServer Rpc server starting at port 9849

2022-10-08 22:01:21,810 INFO Nacos GrpcClusterServer Rpc server started at port 9849

2022-10-08 22:01:22,010 INFO [ClientConnectionEventListenerRegistry] registry listener - ConnectionBasedClientManager

