2022-10-08 19:19:22,162 INFO Register tps control,pointName=CONFIG_PUSH_COUNT, point=com.alibaba.nacos.core.remote.control.TpsMonitorPoint@7e4d2287 

2022-10-08 19:19:22,162 INFO Load rule from local,pointName=CONFIG_PUSH_COUNT, ruleContent= 

2022-10-08 19:19:22,163 INFO Apply tps control rule parse start,pointName=[CONFIG_PUSH_COUNT]  

2022-10-08 19:19:22,163 INFO Clear point  control rule ,pointName=[CONFIG_PUSH_COUNT]  

2022-10-08 19:19:22,163 INFO Clear point  control rule for monitorKeys, pointName=[CONFIG_PUSH_COUNT]  

2022-10-08 19:19:22,163 INFO Register tps control,pointName=CONFIG_PUSH_SUCCESS, point=com.alibaba.nacos.core.remote.control.TpsMonitorPoint@3f4b840d 

2022-10-08 19:19:22,163 INFO Load rule from local,pointName=CONFIG_PUSH_SUCCESS, ruleContent= 

2022-10-08 19:19:22,163 INFO Apply tps control rule parse start,pointName=[CONFIG_PUSH_SUCCESS]  

2022-10-08 19:19:22,163 INFO Clear point  control rule ,pointName=[CONFIG_PUSH_SUCCESS]  

2022-10-08 19:19:22,163 INFO Clear point  control rule for monitorKeys, pointName=[CONFIG_PUSH_SUCCESS]  

2022-10-08 19:19:22,163 INFO Register tps control,pointName=CONFIG_PUSH_FAIL, point=com.alibaba.nacos.core.remote.control.TpsMonitorPoint@31464a43 

2022-10-08 19:19:22,163 INFO Load rule from local,pointName=CONFIG_PUSH_FAIL, ruleContent= 

2022-10-08 19:19:22,163 INFO Apply tps control rule parse start,pointName=[CONFIG_PUSH_FAIL]  

2022-10-08 19:19:22,163 INFO Clear point  control rule ,pointName=[CONFIG_PUSH_FAIL]  

2022-10-08 19:19:22,163 INFO Clear point  control rule for monitorKeys, pointName=[CONFIG_PUSH_FAIL]  

2022-10-08 19:19:22,226 INFO Load rule from local,pointName=CONFIG_PUSH_COUNT, ruleContent= 

2022-10-08 19:19:22,227 INFO Apply tps control rule parse start,pointName=[CONFIG_PUSH_COUNT]  

2022-10-08 19:19:22,227 INFO Clear point  control rule ,pointName=[CONFIG_PUSH_COUNT]  

2022-10-08 19:19:22,227 INFO Clear point  control rule for monitorKeys, pointName=[CONFIG_PUSH_COUNT]  

2022-10-08 19:19:22,227 INFO Load rule from local,pointName=CONFIG_PUSH_SUCCESS, ruleContent= 

2022-10-08 19:19:22,227 INFO Apply tps control rule parse start,pointName=[CONFIG_PUSH_SUCCESS]  

2022-10-08 19:19:22,227 INFO Clear point  control rule ,pointName=[CONFIG_PUSH_SUCCESS]  

2022-10-08 19:19:22,227 INFO Clear point  control rule for monitorKeys, pointName=[CONFIG_PUSH_SUCCESS]  

2022-10-08 19:19:22,227 INFO Load rule from local,pointName=CONFIG_PUSH_FAIL, ruleContent= 

2022-10-08 19:19:22,227 INFO Apply tps control rule parse start,pointName=[CONFIG_PUSH_FAIL]  

2022-10-08 19:19:22,227 INFO Clear point  control rule ,pointName=[CONFIG_PUSH_FAIL]  

2022-10-08 19:19:22,227 INFO Clear point  control rule for monitorKeys, pointName=[CONFIG_PUSH_FAIL]  

2022-10-08 19:19:31,224 INFO Register tps control,pointName=ConfigQuery, point=com.alibaba.nacos.core.remote.control.TpsMonitorPoint@a0f53fc 

2022-10-08 19:19:31,224 INFO Load rule from local,pointName=ConfigQuery, ruleContent= 

2022-10-08 19:19:31,224 INFO Apply tps control rule parse start,pointName=[ConfigQuery]  

2022-10-08 19:19:31,224 INFO Clear point  control rule ,pointName=[ConfigQuery]  

2022-10-08 19:19:31,224 INFO Clear point  control rule for monitorKeys, pointName=[ConfigQuery]  

2022-10-08 19:19:31,228 INFO Load rule from local,pointName=ConfigQuery, ruleContent= 

2022-10-08 19:19:31,228 INFO Apply tps control rule parse start,pointName=[ConfigQuery]  

2022-10-08 19:19:31,228 INFO Clear point  control rule ,pointName=[ConfigQuery]  

2022-10-08 19:19:31,228 INFO Clear point  control rule for monitorKeys, pointName=[ConfigQuery]  

2022-10-08 19:19:31,228 INFO Register tps control,pointName=ClusterConfigChangeNotify, point=com.alibaba.nacos.core.remote.control.TpsMonitorPoint@3db972d2 

2022-10-08 19:19:31,229 INFO Load rule from local,pointName=ClusterConfigChangeNotify, ruleContent= 

2022-10-08 19:19:31,229 INFO Apply tps control rule parse start,pointName=[ClusterConfigChangeNotify]  

2022-10-08 19:19:31,229 INFO Clear point  control rule ,pointName=[ClusterConfigChangeNotify]  

2022-10-08 19:19:31,229 INFO Clear point  control rule for monitorKeys, pointName=[ClusterConfigChangeNotify]  

2022-10-08 19:19:31,229 INFO Register tps control,pointName=ConfigListen, point=com.alibaba.nacos.core.remote.control.TpsMonitorPoint@1debc91c 

2022-10-08 19:19:31,229 INFO Load rule from local,pointName=ConfigListen, ruleContent= 

2022-10-08 19:19:31,229 INFO Apply tps control rule parse start,pointName=[ConfigListen]  

2022-10-08 19:19:31,229 INFO Clear point  control rule ,pointName=[ConfigListen]  

2022-10-08 19:19:31,229 INFO Clear point  control rule for monitorKeys, pointName=[ConfigListen]  

2022-10-08 19:19:31,229 INFO Register tps control,pointName=ConfigRemove, point=com.alibaba.nacos.core.remote.control.TpsMonitorPoint@687e4c93 

2022-10-08 19:19:31,229 INFO Load rule from local,pointName=ConfigRemove, ruleContent= 

2022-10-08 19:19:31,229 INFO Apply tps control rule parse start,pointName=[ConfigRemove]  

2022-10-08 19:19:31,229 INFO Clear point  control rule ,pointName=[ConfigRemove]  

2022-10-08 19:19:31,229 INFO Clear point  control rule for monitorKeys, pointName=[ConfigRemove]  

2022-10-08 19:19:31,229 INFO Register tps control,pointName=ConfigPublish, point=com.alibaba.nacos.core.remote.control.TpsMonitorPoint@181e72d3 

2022-10-08 19:19:31,229 INFO Load rule from local,pointName=ConfigPublish, ruleContent= 

2022-10-08 19:19:31,229 INFO Apply tps control rule parse start,pointName=[ConfigPublish]  

2022-10-08 19:19:31,229 INFO Clear point  control rule ,pointName=[ConfigPublish]  

2022-10-08 19:19:31,229 INFO Clear point  control rule for monitorKeys, pointName=[ConfigPublish]  

2022-10-08 19:19:31,229 INFO Register tps control,pointName=HealthCheck, point=com.alibaba.nacos.core.remote.control.TpsMonitorPoint@6ec7bce0 

2022-10-08 19:19:31,234 INFO Load rule from local,pointName=HealthCheck, ruleContent= 

2022-10-08 19:19:31,234 INFO Apply tps control rule parse start,pointName=[HealthCheck]  

2022-10-08 19:19:31,234 INFO Clear point  control rule ,pointName=[HealthCheck]  

2022-10-08 19:19:31,234 INFO Clear point  control rule for monitorKeys, pointName=[HealthCheck]  

2022-10-08 19:19:31,238 INFO Load rule from local,pointName=ClusterConfigChangeNotify, ruleContent= 

2022-10-08 19:19:31,238 INFO Apply tps control rule parse start,pointName=[ClusterConfigChangeNotify]  

2022-10-08 19:19:31,238 INFO Clear point  control rule ,pointName=[ClusterConfigChangeNotify]  

2022-10-08 19:19:31,238 INFO Clear point  control rule for monitorKeys, pointName=[ClusterConfigChangeNotify]  

2022-10-08 19:19:31,238 INFO Load rule from local,pointName=ConfigListen, ruleContent= 

2022-10-08 19:19:31,238 INFO Apply tps control rule parse start,pointName=[ConfigListen]  

2022-10-08 19:19:31,238 INFO Clear point  control rule ,pointName=[ConfigListen]  

2022-10-08 19:19:31,238 INFO Clear point  control rule for monitorKeys, pointName=[ConfigListen]  

2022-10-08 19:19:31,239 INFO Load rule from local,pointName=ConfigRemove, ruleContent= 

2022-10-08 19:19:31,239 INFO Apply tps control rule parse start,pointName=[ConfigRemove]  

2022-10-08 19:19:31,239 INFO Clear point  control rule ,pointName=[ConfigRemove]  

2022-10-08 19:19:31,239 INFO Clear point  control rule for monitorKeys, pointName=[ConfigRemove]  

2022-10-08 19:19:31,239 INFO Load rule from local,pointName=ConfigPublish, ruleContent= 

2022-10-08 19:19:31,239 INFO Apply tps control rule parse start,pointName=[ConfigPublish]  

2022-10-08 19:19:31,239 INFO Clear point  control rule ,pointName=[ConfigPublish]  

2022-10-08 19:19:31,239 INFO Clear point  control rule for monitorKeys, pointName=[ConfigPublish]  

2022-10-08 19:19:31,239 INFO Load rule from local,pointName=HealthCheck, ruleContent= 

2022-10-08 19:19:31,239 INFO Apply tps control rule parse start,pointName=[HealthCheck]  

2022-10-08 19:19:31,239 INFO Clear point  control rule ,pointName=[HealthCheck]  

2022-10-08 19:19:31,239 INFO Clear point  control rule for monitorKeys, pointName=[HealthCheck]  

2022-10-08 19:25:40,690 INFO Register tps control,pointName=CONFIG_PUSH_COUNT, point=com.alibaba.nacos.core.remote.control.TpsMonitorPoint@6c65860d 

2022-10-08 19:25:40,690 INFO Load rule from local,pointName=CONFIG_PUSH_COUNT, ruleContent= 

2022-10-08 19:25:40,690 INFO Apply tps control rule parse start,pointName=[CONFIG_PUSH_COUNT]  

2022-10-08 19:25:40,690 INFO Clear point  control rule ,pointName=[CONFIG_PUSH_COUNT]  

2022-10-08 19:25:40,690 INFO Clear point  control rule for monitorKeys, pointName=[CONFIG_PUSH_COUNT]  

2022-10-08 19:25:40,690 INFO Register tps control,pointName=CONFIG_PUSH_SUCCESS, point=com.alibaba.nacos.core.remote.control.TpsMonitorPoint@2d000e80 

2022-10-08 19:25:40,691 INFO Load rule from local,pointName=CONFIG_PUSH_SUCCESS, ruleContent= 

2022-10-08 19:25:40,691 INFO Apply tps control rule parse start,pointName=[CONFIG_PUSH_SUCCESS]  

2022-10-08 19:25:40,691 INFO Clear point  control rule ,pointName=[CONFIG_PUSH_SUCCESS]  

2022-10-08 19:25:40,691 INFO Clear point  control rule for monitorKeys, pointName=[CONFIG_PUSH_SUCCESS]  

2022-10-08 19:25:40,691 INFO Register tps control,pointName=CONFIG_PUSH_FAIL, point=com.alibaba.nacos.core.remote.control.TpsMonitorPoint@7cf283e1 

2022-10-08 19:25:40,691 INFO Load rule from local,pointName=CONFIG_PUSH_FAIL, ruleContent= 

2022-10-08 19:25:40,691 INFO Apply tps control rule parse start,pointName=[CONFIG_PUSH_FAIL]  

2022-10-08 19:25:40,691 INFO Clear point  control rule ,pointName=[CONFIG_PUSH_FAIL]  

2022-10-08 19:25:40,691 INFO Clear point  control rule for monitorKeys, pointName=[CONFIG_PUSH_FAIL]  

2022-10-08 19:25:40,791 INFO Load rule from local,pointName=CONFIG_PUSH_COUNT, ruleContent= 

2022-10-08 19:25:40,833 INFO Apply tps control rule parse start,pointName=[CONFIG_PUSH_COUNT]  

2022-10-08 19:25:40,833 INFO Clear point  control rule ,pointName=[CONFIG_PUSH_COUNT]  

2022-10-08 19:25:40,833 INFO Clear point  control rule for monitorKeys, pointName=[CONFIG_PUSH_COUNT]  

2022-10-08 19:25:40,833 INFO Load rule from local,pointName=CONFIG_PUSH_SUCCESS, ruleContent= 

2022-10-08 19:25:40,833 INFO Apply tps control rule parse start,pointName=[CONFIG_PUSH_SUCCESS]  

2022-10-08 19:25:40,833 INFO Clear point  control rule ,pointName=[CONFIG_PUSH_SUCCESS]  

2022-10-08 19:25:40,833 INFO Clear point  control rule for monitorKeys, pointName=[CONFIG_PUSH_SUCCESS]  

2022-10-08 19:25:40,833 INFO Load rule from local,pointName=CONFIG_PUSH_FAIL, ruleContent= 

2022-10-08 19:25:40,833 INFO Apply tps control rule parse start,pointName=[CONFIG_PUSH_FAIL]  

2022-10-08 19:25:40,833 INFO Clear point  control rule ,pointName=[CONFIG_PUSH_FAIL]  

2022-10-08 19:25:40,833 INFO Clear point  control rule for monitorKeys, pointName=[CONFIG_PUSH_FAIL]  

2022-10-08 19:25:55,454 INFO Register tps control,pointName=ConfigQuery, point=com.alibaba.nacos.core.remote.control.TpsMonitorPoint@53830483 

2022-10-08 19:25:55,454 INFO Load rule from local,pointName=ConfigQuery, ruleContent= 

2022-10-08 19:25:55,455 INFO Apply tps control rule parse start,pointName=[ConfigQuery]  

2022-10-08 19:25:55,455 INFO Clear point  control rule ,pointName=[ConfigQuery]  

2022-10-08 19:25:55,455 INFO Clear point  control rule for monitorKeys, pointName=[ConfigQuery]  

2022-10-08 19:25:55,455 INFO Register tps control,pointName=ClusterConfigChangeNotify, point=com.alibaba.nacos.core.remote.control.TpsMonitorPoint@29f85fe1 

2022-10-08 19:25:55,455 INFO Load rule from local,pointName=ClusterConfigChangeNotify, ruleContent= 

2022-10-08 19:25:55,455 INFO Apply tps control rule parse start,pointName=[ClusterConfigChangeNotify]  

2022-10-08 19:25:55,455 INFO Clear point  control rule ,pointName=[ClusterConfigChangeNotify]  

2022-10-08 19:25:55,455 INFO Clear point  control rule for monitorKeys, pointName=[ClusterConfigChangeNotify]  

2022-10-08 19:25:55,455 INFO Register tps control,pointName=ConfigListen, point=com.alibaba.nacos.core.remote.control.TpsMonitorPoint@43a0a32d 

2022-10-08 19:25:55,455 INFO Load rule from local,pointName=ConfigListen, ruleContent= 

2022-10-08 19:25:55,455 INFO Apply tps control rule parse start,pointName=[ConfigListen]  

2022-10-08 19:25:55,455 INFO Clear point  control rule ,pointName=[ConfigListen]  

2022-10-08 19:25:55,455 INFO Clear point  control rule for monitorKeys, pointName=[ConfigListen]  

2022-10-08 19:25:55,455 INFO Register tps control,pointName=ConfigRemove, point=com.alibaba.nacos.core.remote.control.TpsMonitorPoint@396ef8b2 

2022-10-08 19:25:55,455 INFO Load rule from local,pointName=ConfigRemove, ruleContent= 

2022-10-08 19:25:55,455 INFO Apply tps control rule parse start,pointName=[ConfigRemove]  

2022-10-08 19:25:55,455 INFO Clear point  control rule ,pointName=[ConfigRemove]  

2022-10-08 19:25:55,455 INFO Clear point  control rule for monitorKeys, pointName=[ConfigRemove]  

2022-10-08 19:25:55,455 INFO Register tps control,pointName=ConfigPublish, point=com.alibaba.nacos.core.remote.control.TpsMonitorPoint@72825400 

2022-10-08 19:25:55,469 INFO Load rule from local,pointName=ConfigPublish, ruleContent= 

2022-10-08 19:25:55,469 INFO Apply tps control rule parse start,pointName=[ConfigPublish]  

2022-10-08 19:25:55,469 INFO Clear point  control rule ,pointName=[ConfigPublish]  

2022-10-08 19:25:55,469 INFO Clear point  control rule for monitorKeys, pointName=[ConfigPublish]  

2022-10-08 19:25:55,469 INFO Register tps control,pointName=HealthCheck, point=com.alibaba.nacos.core.remote.control.TpsMonitorPoint@19ee1ae6 

2022-10-08 19:25:55,470 INFO Load rule from local,pointName=HealthCheck, ruleContent= 

2022-10-08 19:25:55,470 INFO Apply tps control rule parse start,pointName=[HealthCheck]  

2022-10-08 19:25:55,470 INFO Clear point  control rule ,pointName=[HealthCheck]  

2022-10-08 19:25:55,470 INFO Clear point  control rule for monitorKeys, pointName=[HealthCheck]  

2022-10-08 19:25:55,476 INFO Load rule from local,pointName=ConfigQuery, ruleContent= 

2022-10-08 19:25:55,476 INFO Apply tps control rule parse start,pointName=[ConfigQuery]  

2022-10-08 19:25:55,476 INFO Clear point  control rule ,pointName=[ConfigQuery]  

2022-10-08 19:25:55,476 INFO Clear point  control rule for monitorKeys, pointName=[ConfigQuery]  

2022-10-08 19:25:55,476 INFO Load rule from local,pointName=ClusterConfigChangeNotify, ruleContent= 

2022-10-08 19:25:55,476 INFO Apply tps control rule parse start,pointName=[ClusterConfigChangeNotify]  

2022-10-08 19:25:55,476 INFO Clear point  control rule ,pointName=[ClusterConfigChangeNotify]  

2022-10-08 19:25:55,476 INFO Clear point  control rule for monitorKeys, pointName=[ClusterConfigChangeNotify]  

2022-10-08 19:25:55,476 INFO Load rule from local,pointName=ConfigListen, ruleContent= 

2022-10-08 19:25:55,476 INFO Apply tps control rule parse start,pointName=[ConfigListen]  

2022-10-08 19:25:55,476 INFO Clear point  control rule ,pointName=[ConfigListen]  

2022-10-08 19:25:55,476 INFO Clear point  control rule for monitorKeys, pointName=[ConfigListen]  

2022-10-08 19:25:55,476 INFO Load rule from local,pointName=ConfigRemove, ruleContent= 

2022-10-08 19:25:55,476 INFO Apply tps control rule parse start,pointName=[ConfigRemove]  

2022-10-08 19:25:55,476 INFO Clear point  control rule ,pointName=[ConfigRemove]  

2022-10-08 19:25:55,476 INFO Clear point  control rule for monitorKeys, pointName=[ConfigRemove]  

2022-10-08 19:25:55,476 INFO Load rule from local,pointName=ConfigPublish, ruleContent= 

2022-10-08 19:25:55,476 INFO Apply tps control rule parse start,pointName=[ConfigPublish]  

2022-10-08 19:25:55,476 INFO Clear point  control rule ,pointName=[ConfigPublish]  

2022-10-08 19:25:55,476 INFO Clear point  control rule for monitorKeys, pointName=[ConfigPublish]  

2022-10-08 19:25:55,476 INFO Load rule from local,pointName=HealthCheck, ruleContent= 

2022-10-08 19:25:55,476 INFO Apply tps control rule parse start,pointName=[HealthCheck]  

2022-10-08 19:25:55,476 INFO Clear point  control rule ,pointName=[HealthCheck]  

2022-10-08 19:25:55,476 INFO Clear point  control rule for monitorKeys, pointName=[HealthCheck]  

2022-10-08 21:00:17,837 INFO Register tps control,pointName=CONFIG_PUSH_COUNT, point=com.alibaba.nacos.core.remote.control.TpsMonitorPoint@50194e8d 

2022-10-08 21:00:17,841 INFO Load rule from local,pointName=CONFIG_PUSH_COUNT, ruleContent= 

2022-10-08 21:00:17,841 INFO Apply tps control rule parse start,pointName=[CONFIG_PUSH_COUNT]  

2022-10-08 21:00:17,841 INFO Clear point  control rule ,pointName=[CONFIG_PUSH_COUNT]  

2022-10-08 21:00:17,841 INFO Clear point  control rule for monitorKeys, pointName=[CONFIG_PUSH_COUNT]  

2022-10-08 21:00:17,842 INFO Register tps control,pointName=CONFIG_PUSH_SUCCESS, point=com.alibaba.nacos.core.remote.control.TpsMonitorPoint@3cee53dc 

2022-10-08 21:00:17,842 INFO Load rule from local,pointName=CONFIG_PUSH_SUCCESS, ruleContent= 

2022-10-08 21:00:17,842 INFO Apply tps control rule parse start,pointName=[CONFIG_PUSH_SUCCESS]  

2022-10-08 21:00:17,842 INFO Clear point  control rule ,pointName=[CONFIG_PUSH_SUCCESS]  

2022-10-08 21:00:17,842 INFO Clear point  control rule for monitorKeys, pointName=[CONFIG_PUSH_SUCCESS]  

2022-10-08 21:00:17,842 INFO Register tps control,pointName=CONFIG_PUSH_FAIL, point=com.alibaba.nacos.core.remote.control.TpsMonitorPoint@290aeb20 

2022-10-08 21:00:17,842 INFO Load rule from local,pointName=CONFIG_PUSH_FAIL, ruleContent= 

2022-10-08 21:00:17,842 INFO Apply tps control rule parse start,pointName=[CONFIG_PUSH_FAIL]  

2022-10-08 21:00:17,842 INFO Clear point  control rule ,pointName=[CONFIG_PUSH_FAIL]  

2022-10-08 21:00:17,842 INFO Clear point  control rule for monitorKeys, pointName=[CONFIG_PUSH_FAIL]  

2022-10-08 21:00:17,893 INFO Load rule from local,pointName=CONFIG_PUSH_COUNT, ruleContent= 

2022-10-08 21:00:17,980 INFO Apply tps control rule parse start,pointName=[CONFIG_PUSH_COUNT]  

2022-10-08 21:00:17,980 INFO Clear point  control rule ,pointName=[CONFIG_PUSH_COUNT]  

2022-10-08 21:00:17,980 INFO Clear point  control rule for monitorKeys, pointName=[CONFIG_PUSH_COUNT]  

2022-10-08 21:00:17,980 INFO Load rule from local,pointName=CONFIG_PUSH_SUCCESS, ruleContent= 

2022-10-08 21:00:17,980 INFO Apply tps control rule parse start,pointName=[CONFIG_PUSH_SUCCESS]  

2022-10-08 21:00:17,980 INFO Clear point  control rule ,pointName=[CONFIG_PUSH_SUCCESS]  

2022-10-08 21:00:17,980 INFO Clear point  control rule for monitorKeys, pointName=[CONFIG_PUSH_SUCCESS]  

2022-10-08 21:00:17,980 INFO Load rule from local,pointName=CONFIG_PUSH_FAIL, ruleContent= 

2022-10-08 21:00:17,980 INFO Apply tps control rule parse start,pointName=[CONFIG_PUSH_FAIL]  

2022-10-08 21:00:17,980 INFO Clear point  control rule ,pointName=[CONFIG_PUSH_FAIL]  

2022-10-08 21:00:17,980 INFO Clear point  control rule for monitorKeys, pointName=[CONFIG_PUSH_FAIL]  

2022-10-08 21:00:31,721 INFO Register tps control,pointName=ConfigQuery, point=com.alibaba.nacos.core.remote.control.TpsMonitorPoint@4f5f6e45 

2022-10-08 21:00:31,721 INFO Load rule from local,pointName=ConfigQuery, ruleContent= 

2022-10-08 21:00:31,721 INFO Apply tps control rule parse start,pointName=[ConfigQuery]  

2022-10-08 21:00:31,721 INFO Clear point  control rule ,pointName=[ConfigQuery]  

2022-10-08 21:00:31,721 INFO Clear point  control rule for monitorKeys, pointName=[ConfigQuery]  

2022-10-08 21:00:31,721 INFO Register tps control,pointName=ClusterConfigChangeNotify, point=com.alibaba.nacos.core.remote.control.TpsMonitorPoint@615e3f51 

2022-10-08 21:00:31,722 INFO Load rule from local,pointName=ClusterConfigChangeNotify, ruleContent= 

2022-10-08 21:00:31,722 INFO Apply tps control rule parse start,pointName=[ClusterConfigChangeNotify]  

2022-10-08 21:00:31,722 INFO Clear point  control rule ,pointName=[ClusterConfigChangeNotify]  

2022-10-08 21:00:31,722 INFO Clear point  control rule for monitorKeys, pointName=[ClusterConfigChangeNotify]  

2022-10-08 21:00:31,722 INFO Register tps control,pointName=ConfigListen, point=com.alibaba.nacos.core.remote.control.TpsMonitorPoint@407873d3 

2022-10-08 21:00:31,722 INFO Load rule from local,pointName=ConfigListen, ruleContent= 

2022-10-08 21:00:31,722 INFO Apply tps control rule parse start,pointName=[ConfigListen]  

2022-10-08 21:00:31,722 INFO Clear point  control rule ,pointName=[ConfigListen]  

2022-10-08 21:00:31,722 INFO Clear point  control rule for monitorKeys, pointName=[ConfigListen]  

2022-10-08 21:00:31,722 INFO Register tps control,pointName=ConfigRemove, point=com.alibaba.nacos.core.remote.control.TpsMonitorPoint@608bc8f8 

2022-10-08 21:00:31,722 INFO Load rule from local,pointName=ConfigRemove, ruleContent= 

2022-10-08 21:00:31,722 INFO Apply tps control rule parse start,pointName=[ConfigRemove]  

2022-10-08 21:00:31,722 INFO Clear point  control rule ,pointName=[ConfigRemove]  

2022-10-08 21:00:31,722 INFO Clear point  control rule for monitorKeys, pointName=[ConfigRemove]  

2022-10-08 21:00:31,722 INFO Register tps control,pointName=ConfigPublish, point=com.alibaba.nacos.core.remote.control.TpsMonitorPoint@5412bfea 

2022-10-08 21:00:31,722 INFO Load rule from local,pointName=ConfigPublish, ruleContent= 

2022-10-08 21:00:31,722 INFO Apply tps control rule parse start,pointName=[ConfigPublish]  

2022-10-08 21:00:31,722 INFO Clear point  control rule ,pointName=[ConfigPublish]  

2022-10-08 21:00:31,722 INFO Clear point  control rule for monitorKeys, pointName=[ConfigPublish]  

2022-10-08 21:00:31,722 INFO Register tps control,pointName=HealthCheck, point=com.alibaba.nacos.core.remote.control.TpsMonitorPoint@44a6a68e 

2022-10-08 21:00:31,722 INFO Load rule from local,pointName=HealthCheck, ruleContent= 

2022-10-08 21:00:31,722 INFO Apply tps control rule parse start,pointName=[HealthCheck]  

2022-10-08 21:00:31,722 INFO Clear point  control rule ,pointName=[HealthCheck]  

2022-10-08 21:00:31,722 INFO Clear point  control rule for monitorKeys, pointName=[HealthCheck]  

2022-10-08 21:00:31,760 INFO Load rule from local,pointName=ConfigQuery, ruleContent= 

2022-10-08 21:00:31,760 INFO Apply tps control rule parse start,pointName=[ConfigQuery]  

2022-10-08 21:00:31,760 INFO Clear point  control rule ,pointName=[ConfigQuery]  

2022-10-08 21:00:31,760 INFO Clear point  control rule for monitorKeys, pointName=[ConfigQuery]  

2022-10-08 21:00:31,760 INFO Load rule from local,pointName=ClusterConfigChangeNotify, ruleContent= 

2022-10-08 21:00:31,760 INFO Apply tps control rule parse start,pointName=[ClusterConfigChangeNotify]  

2022-10-08 21:00:31,760 INFO Clear point  control rule ,pointName=[ClusterConfigChangeNotify]  

2022-10-08 21:00:31,760 INFO Clear point  control rule for monitorKeys, pointName=[ClusterConfigChangeNotify]  

2022-10-08 21:00:31,760 INFO Load rule from local,pointName=ConfigListen, ruleContent= 

2022-10-08 21:00:31,760 INFO Apply tps control rule parse start,pointName=[ConfigListen]  

2022-10-08 21:00:31,760 INFO Clear point  control rule ,pointName=[ConfigListen]  

2022-10-08 21:00:31,760 INFO Clear point  control rule for monitorKeys, pointName=[ConfigListen]  

2022-10-08 21:00:31,760 INFO Load rule from local,pointName=ConfigRemove, ruleContent= 

2022-10-08 21:00:31,760 INFO Apply tps control rule parse start,pointName=[ConfigRemove]  

2022-10-08 21:00:31,760 INFO Clear point  control rule ,pointName=[ConfigRemove]  

2022-10-08 21:00:31,760 INFO Clear point  control rule for monitorKeys, pointName=[ConfigRemove]  

2022-10-08 21:00:31,760 INFO Load rule from local,pointName=ConfigPublish, ruleContent= 

2022-10-08 21:00:31,760 INFO Apply tps control rule parse start,pointName=[ConfigPublish]  

2022-10-08 21:00:31,760 INFO Clear point  control rule ,pointName=[ConfigPublish]  

2022-10-08 21:00:31,760 INFO Clear point  control rule for monitorKeys, pointName=[ConfigPublish]  

2022-10-08 21:00:31,760 INFO Load rule from local,pointName=HealthCheck, ruleContent= 

2022-10-08 21:00:31,760 INFO Apply tps control rule parse start,pointName=[HealthCheck]  

2022-10-08 21:00:31,760 INFO Clear point  control rule ,pointName=[HealthCheck]  

2022-10-08 21:00:31,760 INFO Clear point  control rule for monitorKeys, pointName=[HealthCheck]  

2022-10-08 21:07:44,993 INFO Register tps control,pointName=CONFIG_PUSH_COUNT, point=com.alibaba.nacos.core.remote.control.TpsMonitorPoint@2d000e80 

2022-10-08 21:07:44,993 INFO Load rule from local,pointName=CONFIG_PUSH_COUNT, ruleContent= 

2022-10-08 21:07:44,994 INFO Apply tps control rule parse start,pointName=[CONFIG_PUSH_COUNT]  

2022-10-08 21:07:44,994 INFO Clear point  control rule ,pointName=[CONFIG_PUSH_COUNT]  

2022-10-08 21:07:44,994 INFO Clear point  control rule for monitorKeys, pointName=[CONFIG_PUSH_COUNT]  

2022-10-08 21:07:44,994 INFO Register tps control,pointName=CONFIG_PUSH_SUCCESS, point=com.alibaba.nacos.core.remote.control.TpsMonitorPoint@7cf283e1 

2022-10-08 21:07:44,994 INFO Load rule from local,pointName=CONFIG_PUSH_SUCCESS, ruleContent= 

2022-10-08 21:07:44,994 INFO Apply tps control rule parse start,pointName=[CONFIG_PUSH_SUCCESS]  

2022-10-08 21:07:44,994 INFO Clear point  control rule ,pointName=[CONFIG_PUSH_SUCCESS]  

2022-10-08 21:07:44,994 INFO Clear point  control rule for monitorKeys, pointName=[CONFIG_PUSH_SUCCESS]  

2022-10-08 21:07:44,994 INFO Register tps control,pointName=CONFIG_PUSH_FAIL, point=com.alibaba.nacos.core.remote.control.TpsMonitorPoint@20e6c4dc 

2022-10-08 21:07:44,994 INFO Load rule from local,pointName=CONFIG_PUSH_FAIL, ruleContent= 

2022-10-08 21:07:44,994 INFO Apply tps control rule parse start,pointName=[CONFIG_PUSH_FAIL]  

2022-10-08 21:07:44,994 INFO Clear point  control rule ,pointName=[CONFIG_PUSH_FAIL]  

2022-10-08 21:07:44,994 INFO Clear point  control rule for monitorKeys, pointName=[CONFIG_PUSH_FAIL]  

2022-10-08 21:07:45,032 INFO Load rule from local,pointName=CONFIG_PUSH_COUNT, ruleContent= 

2022-10-08 21:07:45,073 INFO Apply tps control rule parse start,pointName=[CONFIG_PUSH_COUNT]  

2022-10-08 21:07:45,096 INFO Clear point  control rule ,pointName=[CONFIG_PUSH_COUNT]  

2022-10-08 21:07:45,096 INFO Clear point  control rule for monitorKeys, pointName=[CONFIG_PUSH_COUNT]  

2022-10-08 21:07:45,096 INFO Load rule from local,pointName=CONFIG_PUSH_SUCCESS, ruleContent= 

2022-10-08 21:07:45,096 INFO Apply tps control rule parse start,pointName=[CONFIG_PUSH_SUCCESS]  

2022-10-08 21:07:45,096 INFO Clear point  control rule ,pointName=[CONFIG_PUSH_SUCCESS]  

2022-10-08 21:07:45,096 INFO Clear point  control rule for monitorKeys, pointName=[CONFIG_PUSH_SUCCESS]  

2022-10-08 21:07:45,096 INFO Load rule from local,pointName=CONFIG_PUSH_FAIL, ruleContent= 

2022-10-08 21:07:45,096 INFO Apply tps control rule parse start,pointName=[CONFIG_PUSH_FAIL]  

2022-10-08 21:07:45,096 INFO Clear point  control rule ,pointName=[CONFIG_PUSH_FAIL]  

2022-10-08 21:07:45,096 INFO Clear point  control rule for monitorKeys, pointName=[CONFIG_PUSH_FAIL]  

2022-10-08 21:07:58,255 INFO Register tps control,pointName=ConfigQuery, point=com.alibaba.nacos.core.remote.control.TpsMonitorPoint@45c2e0a6 

2022-10-08 21:07:58,255 INFO Load rule from local,pointName=ConfigQuery, ruleContent= 

2022-10-08 21:07:58,255 INFO Apply tps control rule parse start,pointName=[ConfigQuery]  

2022-10-08 21:07:58,255 INFO Clear point  control rule ,pointName=[ConfigQuery]  

2022-10-08 21:07:58,255 INFO Clear point  control rule for monitorKeys, pointName=[ConfigQuery]  

2022-10-08 21:07:58,255 INFO Register tps control,pointName=ClusterConfigChangeNotify, point=com.alibaba.nacos.core.remote.control.TpsMonitorPoint@119c745c 

2022-10-08 21:07:58,255 INFO Load rule from local,pointName=ClusterConfigChangeNotify, ruleContent= 

2022-10-08 21:07:58,255 INFO Apply tps control rule parse start,pointName=[ClusterConfigChangeNotify]  

2022-10-08 21:07:58,255 INFO Clear point  control rule ,pointName=[ClusterConfigChangeNotify]  

2022-10-08 21:07:58,255 INFO Clear point  control rule for monitorKeys, pointName=[ClusterConfigChangeNotify]  

2022-10-08 21:07:58,255 INFO Register tps control,pointName=ConfigListen, point=com.alibaba.nacos.core.remote.control.TpsMonitorPoint@a7ad6e5 

2022-10-08 21:07:58,255 INFO Load rule from local,pointName=ConfigListen, ruleContent= 

2022-10-08 21:07:58,255 INFO Apply tps control rule parse start,pointName=[ConfigListen]  

2022-10-08 21:07:58,255 INFO Clear point  control rule ,pointName=[ConfigListen]  

2022-10-08 21:07:58,255 INFO Clear point  control rule for monitorKeys, pointName=[ConfigListen]  

2022-10-08 21:07:58,255 INFO Register tps control,pointName=ConfigRemove, point=com.alibaba.nacos.core.remote.control.TpsMonitorPoint@3b1ed14b 

2022-10-08 21:07:58,256 INFO Load rule from local,pointName=ConfigRemove, ruleContent= 

2022-10-08 21:07:58,256 INFO Apply tps control rule parse start,pointName=[ConfigRemove]  

2022-10-08 21:07:58,256 INFO Clear point  control rule ,pointName=[ConfigRemove]  

2022-10-08 21:07:58,256 INFO Clear point  control rule for monitorKeys, pointName=[ConfigRemove]  

2022-10-08 21:07:58,256 INFO Register tps control,pointName=ConfigPublish, point=com.alibaba.nacos.core.remote.control.TpsMonitorPoint@690bc15e 

2022-10-08 21:07:58,256 INFO Load rule from local,pointName=ConfigPublish, ruleContent= 

2022-10-08 21:07:58,256 INFO Apply tps control rule parse start,pointName=[ConfigPublish]  

2022-10-08 21:07:58,256 INFO Clear point  control rule ,pointName=[ConfigPublish]  

2022-10-08 21:07:58,256 INFO Clear point  control rule for monitorKeys, pointName=[ConfigPublish]  

2022-10-08 21:07:58,256 INFO Register tps control,pointName=HealthCheck, point=com.alibaba.nacos.core.remote.control.TpsMonitorPoint@1bc776b7 

2022-10-08 21:07:58,256 INFO Load rule from local,pointName=HealthCheck, ruleContent= 

2022-10-08 21:07:58,256 INFO Apply tps control rule parse start,pointName=[HealthCheck]  

2022-10-08 21:07:58,256 INFO Clear point  control rule ,pointName=[HealthCheck]  

2022-10-08 21:07:58,256 INFO Clear point  control rule for monitorKeys, pointName=[HealthCheck]  

2022-10-08 21:07:58,268 INFO Load rule from local,pointName=ConfigQuery, ruleContent= 

2022-10-08 21:07:58,268 INFO Apply tps control rule parse start,pointName=[ConfigQuery]  

2022-10-08 21:07:58,268 INFO Clear point  control rule ,pointName=[ConfigQuery]  

2022-10-08 21:07:58,268 INFO Clear point  control rule for monitorKeys, pointName=[ConfigQuery]  

2022-10-08 21:07:58,268 INFO Load rule from local,pointName=ClusterConfigChangeNotify, ruleContent= 

2022-10-08 21:07:58,268 INFO Apply tps control rule parse start,pointName=[ClusterConfigChangeNotify]  

2022-10-08 21:07:58,268 INFO Clear point  control rule ,pointName=[ClusterConfigChangeNotify]  

2022-10-08 21:07:58,268 INFO Clear point  control rule for monitorKeys, pointName=[ClusterConfigChangeNotify]  

2022-10-08 21:07:58,268 INFO Load rule from local,pointName=ConfigListen, ruleContent= 

2022-10-08 21:07:58,268 INFO Apply tps control rule parse start,pointName=[ConfigListen]  

2022-10-08 21:07:58,268 INFO Clear point  control rule ,pointName=[ConfigListen]  

2022-10-08 21:07:58,268 INFO Clear point  control rule for monitorKeys, pointName=[ConfigListen]  

2022-10-08 21:07:58,268 INFO Load rule from local,pointName=ConfigRemove, ruleContent= 

2022-10-08 21:07:58,268 INFO Apply tps control rule parse start,pointName=[ConfigRemove]  

2022-10-08 21:07:58,268 INFO Clear point  control rule ,pointName=[ConfigRemove]  

2022-10-08 21:07:58,268 INFO Clear point  control rule for monitorKeys, pointName=[ConfigRemove]  

2022-10-08 21:07:58,268 INFO Load rule from local,pointName=ConfigPublish, ruleContent= 

2022-10-08 21:07:58,268 INFO Apply tps control rule parse start,pointName=[ConfigPublish]  

2022-10-08 21:07:58,268 INFO Clear point  control rule ,pointName=[ConfigPublish]  

2022-10-08 21:07:58,268 INFO Clear point  control rule for monitorKeys, pointName=[ConfigPublish]  

2022-10-08 21:07:58,268 INFO Load rule from local,pointName=HealthCheck, ruleContent= 

2022-10-08 21:07:58,268 INFO Apply tps control rule parse start,pointName=[HealthCheck]  

2022-10-08 21:07:58,268 INFO Clear point  control rule ,pointName=[HealthCheck]  

2022-10-08 21:07:58,268 INFO Clear point  control rule for monitorKeys, pointName=[HealthCheck]  

2022-10-08 21:24:57,565 INFO Register tps control,pointName=CONFIG_PUSH_COUNT, point=com.alibaba.nacos.core.remote.control.TpsMonitorPoint@6aef4eb8 

2022-10-08 21:24:57,566 INFO Load rule from local,pointName=CONFIG_PUSH_COUNT, ruleContent= 

2022-10-08 21:24:57,566 INFO Apply tps control rule parse start,pointName=[CONFIG_PUSH_COUNT]  

2022-10-08 21:24:57,566 INFO Clear point  control rule ,pointName=[CONFIG_PUSH_COUNT]  

2022-10-08 21:24:57,566 INFO Clear point  control rule for monitorKeys, pointName=[CONFIG_PUSH_COUNT]  

2022-10-08 21:24:57,566 INFO Register tps control,pointName=CONFIG_PUSH_SUCCESS, point=com.alibaba.nacos.core.remote.control.TpsMonitorPoint@76c52298 

2022-10-08 21:24:57,566 INFO Load rule from local,pointName=CONFIG_PUSH_SUCCESS, ruleContent= 

2022-10-08 21:24:57,566 INFO Apply tps control rule parse start,pointName=[CONFIG_PUSH_SUCCESS]  

2022-10-08 21:24:57,566 INFO Clear point  control rule ,pointName=[CONFIG_PUSH_SUCCESS]  

2022-10-08 21:24:57,566 INFO Clear point  control rule for monitorKeys, pointName=[CONFIG_PUSH_SUCCESS]  

2022-10-08 21:24:57,566 INFO Register tps control,pointName=CONFIG_PUSH_FAIL, point=com.alibaba.nacos.core.remote.control.TpsMonitorPoint@bb9ab64 

2022-10-08 21:24:57,566 INFO Load rule from local,pointName=CONFIG_PUSH_FAIL, ruleContent= 

2022-10-08 21:24:57,566 INFO Apply tps control rule parse start,pointName=[CONFIG_PUSH_FAIL]  

2022-10-08 21:24:57,566 INFO Clear point  control rule ,pointName=[CONFIG_PUSH_FAIL]  

2022-10-08 21:24:57,566 INFO Clear point  control rule for monitorKeys, pointName=[CONFIG_PUSH_FAIL]  

2022-10-08 21:24:57,628 INFO Load rule from local,pointName=CONFIG_PUSH_COUNT, ruleContent= 

2022-10-08 21:24:57,662 INFO Apply tps control rule parse start,pointName=[CONFIG_PUSH_COUNT]  

2022-10-08 21:24:57,662 INFO Clear point  control rule ,pointName=[CONFIG_PUSH_COUNT]  

2022-10-08 21:24:57,662 INFO Clear point  control rule for monitorKeys, pointName=[CONFIG_PUSH_COUNT]  

2022-10-08 21:24:57,662 INFO Load rule from local,pointName=CONFIG_PUSH_SUCCESS, ruleContent= 

2022-10-08 21:24:57,662 INFO Apply tps control rule parse start,pointName=[CONFIG_PUSH_SUCCESS]  

2022-10-08 21:24:57,663 INFO Clear point  control rule ,pointName=[CONFIG_PUSH_SUCCESS]  

2022-10-08 21:24:57,663 INFO Clear point  control rule for monitorKeys, pointName=[CONFIG_PUSH_SUCCESS]  

2022-10-08 21:24:57,663 INFO Load rule from local,pointName=CONFIG_PUSH_FAIL, ruleContent= 

2022-10-08 21:24:57,663 INFO Apply tps control rule parse start,pointName=[CONFIG_PUSH_FAIL]  

2022-10-08 21:24:57,663 INFO Clear point  control rule ,pointName=[CONFIG_PUSH_FAIL]  

2022-10-08 21:24:57,663 INFO Clear point  control rule for monitorKeys, pointName=[CONFIG_PUSH_FAIL]  

2022-10-08 21:25:12,048 INFO Register tps control,pointName=ConfigQuery, point=com.alibaba.nacos.core.remote.control.TpsMonitorPoint@2042ccce 

2022-10-08 21:25:12,048 INFO Load rule from local,pointName=ConfigQuery, ruleContent= 

2022-10-08 21:25:12,048 INFO Apply tps control rule parse start,pointName=[ConfigQuery]  

2022-10-08 21:25:12,048 INFO Clear point  control rule ,pointName=[ConfigQuery]  

2022-10-08 21:25:12,048 INFO Clear point  control rule for monitorKeys, pointName=[ConfigQuery]  

2022-10-08 21:25:12,048 INFO Register tps control,pointName=ClusterConfigChangeNotify, point=com.alibaba.nacos.core.remote.control.TpsMonitorPoint@20de05e5 

2022-10-08 21:25:12,054 INFO Load rule from local,pointName=ClusterConfigChangeNotify, ruleContent= 

2022-10-08 21:25:12,054 INFO Apply tps control rule parse start,pointName=[ClusterConfigChangeNotify]  

2022-10-08 21:25:12,054 INFO Clear point  control rule ,pointName=[ClusterConfigChangeNotify]  

2022-10-08 21:25:12,054 INFO Clear point  control rule for monitorKeys, pointName=[ClusterConfigChangeNotify]  

2022-10-08 21:25:12,054 INFO Register tps control,pointName=ConfigListen, point=com.alibaba.nacos.core.remote.control.TpsMonitorPoint@36c0d0bd 

2022-10-08 21:25:12,054 INFO Load rule from local,pointName=ConfigListen, ruleContent= 

2022-10-08 21:25:12,054 INFO Apply tps control rule parse start,pointName=[ConfigListen]  

2022-10-08 21:25:12,054 INFO Clear point  control rule ,pointName=[ConfigListen]  

2022-10-08 21:25:12,054 INFO Clear point  control rule for monitorKeys, pointName=[ConfigListen]  

2022-10-08 21:25:12,055 INFO Register tps control,pointName=ConfigRemove, point=com.alibaba.nacos.core.remote.control.TpsMonitorPoint@5e1fc2aa 

2022-10-08 21:25:12,055 INFO Load rule from local,pointName=ConfigRemove, ruleContent= 

2022-10-08 21:25:12,055 INFO Apply tps control rule parse start,pointName=[ConfigRemove]  

2022-10-08 21:25:12,055 INFO Clear point  control rule ,pointName=[ConfigRemove]  

2022-10-08 21:25:12,055 INFO Clear point  control rule for monitorKeys, pointName=[ConfigRemove]  

2022-10-08 21:25:12,055 INFO Register tps control,pointName=ConfigPublish, point=com.alibaba.nacos.core.remote.control.TpsMonitorPoint@688d411b 

2022-10-08 21:25:12,055 INFO Load rule from local,pointName=ConfigPublish, ruleContent= 

2022-10-08 21:25:12,055 INFO Apply tps control rule parse start,pointName=[ConfigPublish]  

2022-10-08 21:25:12,055 INFO Clear point  control rule ,pointName=[ConfigPublish]  

2022-10-08 21:25:12,055 INFO Clear point  control rule for monitorKeys, pointName=[ConfigPublish]  

2022-10-08 21:25:12,055 INFO Register tps control,pointName=HealthCheck, point=com.alibaba.nacos.core.remote.control.TpsMonitorPoint@382c90c2 

2022-10-08 21:25:12,055 INFO Load rule from local,pointName=HealthCheck, ruleContent= 

2022-10-08 21:25:12,055 INFO Apply tps control rule parse start,pointName=[HealthCheck]  

2022-10-08 21:25:12,055 INFO Clear point  control rule ,pointName=[HealthCheck]  

2022-10-08 21:25:12,055 INFO Clear point  control rule for monitorKeys, pointName=[HealthCheck]  

2022-10-08 21:25:12,063 INFO Load rule from local,pointName=ConfigQuery, ruleContent= 

2022-10-08 21:25:12,063 INFO Apply tps control rule parse start,pointName=[ConfigQuery]  

2022-10-08 21:25:12,063 INFO Clear point  control rule ,pointName=[ConfigQuery]  

2022-10-08 21:25:12,063 INFO Clear point  control rule for monitorKeys, pointName=[ConfigQuery]  

2022-10-08 21:25:12,063 INFO Load rule from local,pointName=ClusterConfigChangeNotify, ruleContent= 

2022-10-08 21:25:12,063 INFO Apply tps control rule parse start,pointName=[ClusterConfigChangeNotify]  

2022-10-08 21:25:12,063 INFO Clear point  control rule ,pointName=[ClusterConfigChangeNotify]  

2022-10-08 21:25:12,063 INFO Clear point  control rule for monitorKeys, pointName=[ClusterConfigChangeNotify]  

2022-10-08 21:25:12,064 INFO Load rule from local,pointName=ConfigListen, ruleContent= 

2022-10-08 21:25:12,064 INFO Apply tps control rule parse start,pointName=[ConfigListen]  

2022-10-08 21:25:12,064 INFO Clear point  control rule ,pointName=[ConfigListen]  

2022-10-08 21:25:12,064 INFO Clear point  control rule for monitorKeys, pointName=[ConfigListen]  

2022-10-08 21:25:12,064 INFO Load rule from local,pointName=ConfigRemove, ruleContent= 

2022-10-08 21:25:12,064 INFO Apply tps control rule parse start,pointName=[ConfigRemove]  

2022-10-08 21:25:12,064 INFO Clear point  control rule ,pointName=[ConfigRemove]  

2022-10-08 21:25:12,064 INFO Clear point  control rule for monitorKeys, pointName=[ConfigRemove]  

2022-10-08 21:25:12,065 INFO Load rule from local,pointName=ConfigPublish, ruleContent= 

2022-10-08 21:25:12,065 INFO Apply tps control rule parse start,pointName=[ConfigPublish]  

2022-10-08 21:25:12,065 INFO Clear point  control rule ,pointName=[ConfigPublish]  

2022-10-08 21:25:12,065 INFO Clear point  control rule for monitorKeys, pointName=[ConfigPublish]  

2022-10-08 21:25:12,065 INFO Load rule from local,pointName=HealthCheck, ruleContent= 

2022-10-08 21:25:12,065 INFO Apply tps control rule parse start,pointName=[HealthCheck]  

2022-10-08 21:25:12,065 INFO Clear point  control rule ,pointName=[HealthCheck]  

2022-10-08 21:25:12,065 INFO Clear point  control rule for monitorKeys, pointName=[HealthCheck]  

2022-10-08 21:31:32,440 INFO Register tps control,pointName=CONFIG_PUSH_COUNT, point=com.alibaba.nacos.core.remote.control.TpsMonitorPoint@5109e8cf 

2022-10-08 21:31:32,449 INFO Load rule from local,pointName=CONFIG_PUSH_COUNT, ruleContent= 

2022-10-08 21:31:32,450 INFO Apply tps control rule parse start,pointName=[CONFIG_PUSH_COUNT]  

2022-10-08 21:31:32,450 INFO Clear point  control rule ,pointName=[CONFIG_PUSH_COUNT]  

2022-10-08 21:31:32,450 INFO Clear point  control rule for monitorKeys, pointName=[CONFIG_PUSH_COUNT]  

2022-10-08 21:31:32,450 INFO Register tps control,pointName=CONFIG_PUSH_SUCCESS, point=com.alibaba.nacos.core.remote.control.TpsMonitorPoint@3f672204 

2022-10-08 21:31:32,450 INFO Load rule from local,pointName=CONFIG_PUSH_SUCCESS, ruleContent= 

2022-10-08 21:31:32,450 INFO Apply tps control rule parse start,pointName=[CONFIG_PUSH_SUCCESS]  

2022-10-08 21:31:32,450 INFO Clear point  control rule ,pointName=[CONFIG_PUSH_SUCCESS]  

2022-10-08 21:31:32,450 INFO Clear point  control rule for monitorKeys, pointName=[CONFIG_PUSH_SUCCESS]  

2022-10-08 21:31:32,450 INFO Register tps control,pointName=CONFIG_PUSH_FAIL, point=com.alibaba.nacos.core.remote.control.TpsMonitorPoint@78b41097 

2022-10-08 21:31:32,450 INFO Load rule from local,pointName=CONFIG_PUSH_FAIL, ruleContent= 

2022-10-08 21:31:32,450 INFO Apply tps control rule parse start,pointName=[CONFIG_PUSH_FAIL]  

2022-10-08 21:31:32,450 INFO Clear point  control rule ,pointName=[CONFIG_PUSH_FAIL]  

2022-10-08 21:31:32,450 INFO Clear point  control rule for monitorKeys, pointName=[CONFIG_PUSH_FAIL]  

2022-10-08 21:31:32,486 INFO Load rule from local,pointName=CONFIG_PUSH_COUNT, ruleContent= 

2022-10-08 21:31:32,535 INFO Apply tps control rule parse start,pointName=[CONFIG_PUSH_COUNT]  

2022-10-08 21:31:32,535 INFO Clear point  control rule ,pointName=[CONFIG_PUSH_COUNT]  

2022-10-08 21:31:32,535 INFO Clear point  control rule for monitorKeys, pointName=[CONFIG_PUSH_COUNT]  

2022-10-08 21:31:32,535 INFO Load rule from local,pointName=CONFIG_PUSH_SUCCESS, ruleContent= 

2022-10-08 21:31:32,535 INFO Apply tps control rule parse start,pointName=[CONFIG_PUSH_SUCCESS]  

2022-10-08 21:31:32,535 INFO Clear point  control rule ,pointName=[CONFIG_PUSH_SUCCESS]  

2022-10-08 21:31:32,535 INFO Clear point  control rule for monitorKeys, pointName=[CONFIG_PUSH_SUCCESS]  

2022-10-08 21:31:32,535 INFO Load rule from local,pointName=CONFIG_PUSH_FAIL, ruleContent= 

2022-10-08 21:31:32,535 INFO Apply tps control rule parse start,pointName=[CONFIG_PUSH_FAIL]  

2022-10-08 21:31:32,535 INFO Clear point  control rule ,pointName=[CONFIG_PUSH_FAIL]  

2022-10-08 21:31:32,535 INFO Clear point  control rule for monitorKeys, pointName=[CONFIG_PUSH_FAIL]  

2022-10-08 21:31:46,330 INFO Register tps control,pointName=ConfigQuery, point=com.alibaba.nacos.core.remote.control.TpsMonitorPoint@72825400 

2022-10-08 21:31:46,330 INFO Load rule from local,pointName=ConfigQuery, ruleContent= 

2022-10-08 21:31:46,330 INFO Apply tps control rule parse start,pointName=[ConfigQuery]  

2022-10-08 21:31:46,330 INFO Clear point  control rule ,pointName=[ConfigQuery]  

2022-10-08 21:31:46,330 INFO Clear point  control rule for monitorKeys, pointName=[ConfigQuery]  

2022-10-08 21:31:46,330 INFO Register tps control,pointName=ClusterConfigChangeNotify, point=com.alibaba.nacos.core.remote.control.TpsMonitorPoint@19ee1ae6 

2022-10-08 21:31:46,330 INFO Load rule from local,pointName=ClusterConfigChangeNotify, ruleContent= 

2022-10-08 21:31:46,330 INFO Apply tps control rule parse start,pointName=[ClusterConfigChangeNotify]  

2022-10-08 21:31:46,330 INFO Clear point  control rule ,pointName=[ClusterConfigChangeNotify]  

2022-10-08 21:31:46,330 INFO Clear point  control rule for monitorKeys, pointName=[ClusterConfigChangeNotify]  

2022-10-08 21:31:46,330 INFO Register tps control,pointName=ConfigListen, point=com.alibaba.nacos.core.remote.control.TpsMonitorPoint@5f117b3d 

2022-10-08 21:31:46,330 INFO Load rule from local,pointName=ConfigListen, ruleContent= 

2022-10-08 21:31:46,330 INFO Apply tps control rule parse start,pointName=[ConfigListen]  

2022-10-08 21:31:46,330 INFO Clear point  control rule ,pointName=[ConfigListen]  

2022-10-08 21:31:46,330 INFO Clear point  control rule for monitorKeys, pointName=[ConfigListen]  

2022-10-08 21:31:46,331 INFO Register tps control,pointName=ConfigRemove, point=com.alibaba.nacos.core.remote.control.TpsMonitorPoint@1174a305 

2022-10-08 21:31:46,331 INFO Load rule from local,pointName=ConfigRemove, ruleContent= 

2022-10-08 21:31:46,331 INFO Apply tps control rule parse start,pointName=[ConfigRemove]  

2022-10-08 21:31:46,331 INFO Clear point  control rule ,pointName=[ConfigRemove]  

2022-10-08 21:31:46,331 INFO Clear point  control rule for monitorKeys, pointName=[ConfigRemove]  

2022-10-08 21:31:46,331 INFO Register tps control,pointName=ConfigPublish, point=com.alibaba.nacos.core.remote.control.TpsMonitorPoint@71b6d77f 

2022-10-08 21:31:46,337 INFO Load rule from local,pointName=ConfigPublish, ruleContent= 

2022-10-08 21:31:46,337 INFO Apply tps control rule parse start,pointName=[ConfigPublish]  

2022-10-08 21:31:46,337 INFO Clear point  control rule ,pointName=[ConfigPublish]  

2022-10-08 21:31:46,337 INFO Clear point  control rule for monitorKeys, pointName=[ConfigPublish]  

2022-10-08 21:31:46,337 INFO Register tps control,pointName=HealthCheck, point=com.alibaba.nacos.core.remote.control.TpsMonitorPoint@1866da85 

2022-10-08 21:31:46,337 INFO Load rule from local,pointName=HealthCheck, ruleContent= 

2022-10-08 21:31:46,337 INFO Apply tps control rule parse start,pointName=[HealthCheck]  

2022-10-08 21:31:46,337 INFO Clear point  control rule ,pointName=[HealthCheck]  

2022-10-08 21:31:46,337 INFO Clear point  control rule for monitorKeys, pointName=[HealthCheck]  

2022-10-08 21:31:46,346 INFO Load rule from local,pointName=ConfigQuery, ruleContent= 

2022-10-08 21:31:46,346 INFO Apply tps control rule parse start,pointName=[ConfigQuery]  

2022-10-08 21:31:46,346 INFO Clear point  control rule ,pointName=[ConfigQuery]  

2022-10-08 21:31:46,346 INFO Clear point  control rule for monitorKeys, pointName=[ConfigQuery]  

2022-10-08 21:31:46,346 INFO Load rule from local,pointName=ClusterConfigChangeNotify, ruleContent= 

2022-10-08 21:31:46,346 INFO Apply tps control rule parse start,pointName=[ClusterConfigChangeNotify]  

2022-10-08 21:31:46,346 INFO Clear point  control rule ,pointName=[ClusterConfigChangeNotify]  

2022-10-08 21:31:46,346 INFO Clear point  control rule for monitorKeys, pointName=[ClusterConfigChangeNotify]  

2022-10-08 21:31:46,346 INFO Load rule from local,pointName=ConfigListen, ruleContent= 

2022-10-08 21:31:46,346 INFO Apply tps control rule parse start,pointName=[ConfigListen]  

2022-10-08 21:31:46,346 INFO Clear point  control rule ,pointName=[ConfigListen]  

2022-10-08 21:31:46,346 INFO Clear point  control rule for monitorKeys, pointName=[ConfigListen]  

2022-10-08 21:31:46,347 INFO Load rule from local,pointName=ConfigRemove, ruleContent= 

2022-10-08 21:31:46,347 INFO Apply tps control rule parse start,pointName=[ConfigRemove]  

2022-10-08 21:31:46,347 INFO Clear point  control rule ,pointName=[ConfigRemove]  

2022-10-08 21:31:46,347 INFO Clear point  control rule for monitorKeys, pointName=[ConfigRemove]  

2022-10-08 21:31:46,347 INFO Load rule from local,pointName=ConfigPublish, ruleContent= 

2022-10-08 21:31:46,347 INFO Apply tps control rule parse start,pointName=[ConfigPublish]  

2022-10-08 21:31:46,347 INFO Clear point  control rule ,pointName=[ConfigPublish]  

2022-10-08 21:31:46,347 INFO Clear point  control rule for monitorKeys, pointName=[ConfigPublish]  

2022-10-08 21:31:46,347 INFO Load rule from local,pointName=HealthCheck, ruleContent= 

2022-10-08 21:31:46,347 INFO Apply tps control rule parse start,pointName=[HealthCheck]  

2022-10-08 21:31:46,347 INFO Clear point  control rule ,pointName=[HealthCheck]  

2022-10-08 21:31:46,347 INFO Clear point  control rule for monitorKeys, pointName=[HealthCheck]  

2022-10-08 21:42:18,212 INFO Register tps control,pointName=CONFIG_PUSH_COUNT, point=com.alibaba.nacos.core.remote.control.TpsMonitorPoint@1ab6718 

2022-10-08 21:42:18,213 INFO Load rule from local,pointName=CONFIG_PUSH_COUNT, ruleContent= 

2022-10-08 21:42:18,213 INFO Apply tps control rule parse start,pointName=[CONFIG_PUSH_COUNT]  

2022-10-08 21:42:18,213 INFO Clear point  control rule ,pointName=[CONFIG_PUSH_COUNT]  

2022-10-08 21:42:18,213 INFO Clear point  control rule for monitorKeys, pointName=[CONFIG_PUSH_COUNT]  

2022-10-08 21:42:18,213 INFO Register tps control,pointName=CONFIG_PUSH_SUCCESS, point=com.alibaba.nacos.core.remote.control.TpsMonitorPoint@3910fe11 

2022-10-08 21:42:18,213 INFO Load rule from local,pointName=CONFIG_PUSH_SUCCESS, ruleContent= 

2022-10-08 21:42:18,213 INFO Apply tps control rule parse start,pointName=[CONFIG_PUSH_SUCCESS]  

2022-10-08 21:42:18,213 INFO Clear point  control rule ,pointName=[CONFIG_PUSH_SUCCESS]  

2022-10-08 21:42:18,213 INFO Clear point  control rule for monitorKeys, pointName=[CONFIG_PUSH_SUCCESS]  

2022-10-08 21:42:18,213 INFO Register tps control,pointName=CONFIG_PUSH_FAIL, point=com.alibaba.nacos.core.remote.control.TpsMonitorPoint@460510aa 

2022-10-08 21:42:18,213 INFO Load rule from local,pointName=CONFIG_PUSH_FAIL, ruleContent= 

2022-10-08 21:42:18,213 INFO Apply tps control rule parse start,pointName=[CONFIG_PUSH_FAIL]  

2022-10-08 21:42:18,213 INFO Clear point  control rule ,pointName=[CONFIG_PUSH_FAIL]  

2022-10-08 21:42:18,213 INFO Clear point  control rule for monitorKeys, pointName=[CONFIG_PUSH_FAIL]  

2022-10-08 21:42:18,245 INFO Load rule from local,pointName=CONFIG_PUSH_COUNT, ruleContent= 

2022-10-08 21:42:18,293 INFO Apply tps control rule parse start,pointName=[CONFIG_PUSH_COUNT]  

2022-10-08 21:42:18,293 INFO Clear point  control rule ,pointName=[CONFIG_PUSH_COUNT]  

2022-10-08 21:42:18,293 INFO Clear point  control rule for monitorKeys, pointName=[CONFIG_PUSH_COUNT]  

2022-10-08 21:42:18,294 INFO Load rule from local,pointName=CONFIG_PUSH_SUCCESS, ruleContent= 

2022-10-08 21:42:18,294 INFO Apply tps control rule parse start,pointName=[CONFIG_PUSH_SUCCESS]  

2022-10-08 21:42:18,294 INFO Clear point  control rule ,pointName=[CONFIG_PUSH_SUCCESS]  

2022-10-08 21:42:18,294 INFO Clear point  control rule for monitorKeys, pointName=[CONFIG_PUSH_SUCCESS]  

2022-10-08 21:42:18,294 INFO Load rule from local,pointName=CONFIG_PUSH_FAIL, ruleContent= 

2022-10-08 21:42:18,294 INFO Apply tps control rule parse start,pointName=[CONFIG_PUSH_FAIL]  

2022-10-08 21:42:18,294 INFO Clear point  control rule ,pointName=[CONFIG_PUSH_FAIL]  

2022-10-08 21:42:18,294 INFO Clear point  control rule for monitorKeys, pointName=[CONFIG_PUSH_FAIL]  

2022-10-08 21:42:31,484 INFO Register tps control,pointName=ConfigQuery, point=com.alibaba.nacos.core.remote.control.TpsMonitorPoint@74d3b638 

2022-10-08 21:42:31,484 INFO Load rule from local,pointName=ConfigQuery, ruleContent= 

2022-10-08 21:42:31,484 INFO Apply tps control rule parse start,pointName=[ConfigQuery]  

2022-10-08 21:42:31,484 INFO Clear point  control rule ,pointName=[ConfigQuery]  

2022-10-08 21:42:31,484 INFO Clear point  control rule for monitorKeys, pointName=[ConfigQuery]  

2022-10-08 21:42:31,484 INFO Register tps control,pointName=ClusterConfigChangeNotify, point=com.alibaba.nacos.core.remote.control.TpsMonitorPoint@4487c0c2 

2022-10-08 21:42:31,484 INFO Load rule from local,pointName=ClusterConfigChangeNotify, ruleContent= 

2022-10-08 21:42:31,484 INFO Apply tps control rule parse start,pointName=[ClusterConfigChangeNotify]  

2022-10-08 21:42:31,484 INFO Clear point  control rule ,pointName=[ClusterConfigChangeNotify]  

2022-10-08 21:42:31,484 INFO Clear point  control rule for monitorKeys, pointName=[ClusterConfigChangeNotify]  

2022-10-08 21:42:31,484 INFO Register tps control,pointName=ConfigListen, point=com.alibaba.nacos.core.remote.control.TpsMonitorPoint@126f1ba8 

2022-10-08 21:42:31,484 INFO Load rule from local,pointName=ConfigListen, ruleContent= 

2022-10-08 21:42:31,484 INFO Apply tps control rule parse start,pointName=[ConfigListen]  

2022-10-08 21:42:31,485 INFO Clear point  control rule ,pointName=[ConfigListen]  

2022-10-08 21:42:31,485 INFO Clear point  control rule for monitorKeys, pointName=[ConfigListen]  

2022-10-08 21:42:31,485 INFO Register tps control,pointName=ConfigRemove, point=com.alibaba.nacos.core.remote.control.TpsMonitorPoint@3a08078c 

2022-10-08 21:42:31,485 INFO Load rule from local,pointName=ConfigRemove, ruleContent= 

2022-10-08 21:42:31,485 INFO Apply tps control rule parse start,pointName=[ConfigRemove]  

2022-10-08 21:42:31,485 INFO Clear point  control rule ,pointName=[ConfigRemove]  

2022-10-08 21:42:31,485 INFO Clear point  control rule for monitorKeys, pointName=[ConfigRemove]  

2022-10-08 21:42:31,485 INFO Register tps control,pointName=ConfigPublish, point=com.alibaba.nacos.core.remote.control.TpsMonitorPoint@53830483 

2022-10-08 21:42:31,498 INFO Load rule from local,pointName=ConfigPublish, ruleContent= 

2022-10-08 21:42:31,498 INFO Apply tps control rule parse start,pointName=[ConfigPublish]  

2022-10-08 21:42:31,498 INFO Clear point  control rule ,pointName=[ConfigPublish]  

2022-10-08 21:42:31,498 INFO Clear point  control rule for monitorKeys, pointName=[ConfigPublish]  

2022-10-08 21:42:31,498 INFO Register tps control,pointName=HealthCheck, point=com.alibaba.nacos.core.remote.control.TpsMonitorPoint@29f85fe1 

2022-10-08 21:42:31,498 INFO Load rule from local,pointName=HealthCheck, ruleContent= 

2022-10-08 21:42:31,498 INFO Apply tps control rule parse start,pointName=[HealthCheck]  

2022-10-08 21:42:31,498 INFO Clear point  control rule ,pointName=[HealthCheck]  

2022-10-08 21:42:31,498 INFO Clear point  control rule for monitorKeys, pointName=[HealthCheck]  

2022-10-08 21:42:31,503 INFO Load rule from local,pointName=ConfigQuery, ruleContent= 

2022-10-08 21:42:31,503 INFO Apply tps control rule parse start,pointName=[ConfigQuery]  

2022-10-08 21:42:31,503 INFO Clear point  control rule ,pointName=[ConfigQuery]  

2022-10-08 21:42:31,503 INFO Clear point  control rule for monitorKeys, pointName=[ConfigQuery]  

2022-10-08 21:42:31,503 INFO Load rule from local,pointName=ClusterConfigChangeNotify, ruleContent= 

2022-10-08 21:42:31,503 INFO Apply tps control rule parse start,pointName=[ClusterConfigChangeNotify]  

2022-10-08 21:42:31,503 INFO Clear point  control rule ,pointName=[ClusterConfigChangeNotify]  

2022-10-08 21:42:31,503 INFO Clear point  control rule for monitorKeys, pointName=[ClusterConfigChangeNotify]  

2022-10-08 21:42:31,503 INFO Load rule from local,pointName=ConfigListen, ruleContent= 

2022-10-08 21:42:31,503 INFO Apply tps control rule parse start,pointName=[ConfigListen]  

2022-10-08 21:42:31,503 INFO Clear point  control rule ,pointName=[ConfigListen]  

2022-10-08 21:42:31,503 INFO Clear point  control rule for monitorKeys, pointName=[ConfigListen]  

2022-10-08 21:42:31,503 INFO Load rule from local,pointName=ConfigRemove, ruleContent= 

2022-10-08 21:42:31,504 INFO Apply tps control rule parse start,pointName=[ConfigRemove]  

2022-10-08 21:42:31,504 INFO Clear point  control rule ,pointName=[ConfigRemove]  

2022-10-08 21:42:31,504 INFO Clear point  control rule for monitorKeys, pointName=[ConfigRemove]  

2022-10-08 21:42:31,504 INFO Load rule from local,pointName=ConfigPublish, ruleContent= 

2022-10-08 21:42:31,504 INFO Apply tps control rule parse start,pointName=[ConfigPublish]  

2022-10-08 21:42:31,504 INFO Clear point  control rule ,pointName=[ConfigPublish]  

2022-10-08 21:42:31,504 INFO Clear point  control rule for monitorKeys, pointName=[ConfigPublish]  

2022-10-08 21:42:31,504 INFO Load rule from local,pointName=HealthCheck, ruleContent= 

2022-10-08 21:42:31,504 INFO Apply tps control rule parse start,pointName=[HealthCheck]  

2022-10-08 21:42:31,504 INFO Clear point  control rule ,pointName=[HealthCheck]  

2022-10-08 21:42:31,504 INFO Clear point  control rule for monitorKeys, pointName=[HealthCheck]  

2022-10-08 21:49:45,653 INFO Register tps control,pointName=CONFIG_PUSH_COUNT, point=com.alibaba.nacos.core.remote.control.TpsMonitorPoint@5ff60a8c 

2022-10-08 21:49:45,653 INFO Load rule from local,pointName=CONFIG_PUSH_COUNT, ruleContent= 

2022-10-08 21:49:45,653 INFO Apply tps control rule parse start,pointName=[CONFIG_PUSH_COUNT]  

2022-10-08 21:49:45,653 INFO Clear point  control rule ,pointName=[CONFIG_PUSH_COUNT]  

2022-10-08 21:49:45,653 INFO Clear point  control rule for monitorKeys, pointName=[CONFIG_PUSH_COUNT]  

2022-10-08 21:49:45,653 INFO Register tps control,pointName=CONFIG_PUSH_SUCCESS, point=com.alibaba.nacos.core.remote.control.TpsMonitorPoint@7ce4de34 

2022-10-08 21:49:45,653 INFO Load rule from local,pointName=CONFIG_PUSH_SUCCESS, ruleContent= 

2022-10-08 21:49:45,653 INFO Apply tps control rule parse start,pointName=[CONFIG_PUSH_SUCCESS]  

2022-10-08 21:49:45,653 INFO Clear point  control rule ,pointName=[CONFIG_PUSH_SUCCESS]  

2022-10-08 21:49:45,653 INFO Clear point  control rule for monitorKeys, pointName=[CONFIG_PUSH_SUCCESS]  

2022-10-08 21:49:45,653 INFO Register tps control,pointName=CONFIG_PUSH_FAIL, point=com.alibaba.nacos.core.remote.control.TpsMonitorPoint@67b7c170 

2022-10-08 21:49:45,654 INFO Load rule from local,pointName=CONFIG_PUSH_FAIL, ruleContent= 

2022-10-08 21:49:45,654 INFO Apply tps control rule parse start,pointName=[CONFIG_PUSH_FAIL]  

2022-10-08 21:49:45,654 INFO Clear point  control rule ,pointName=[CONFIG_PUSH_FAIL]  

2022-10-08 21:49:45,654 INFO Clear point  control rule for monitorKeys, pointName=[CONFIG_PUSH_FAIL]  

2022-10-08 21:49:45,661 INFO Load rule from local,pointName=CONFIG_PUSH_COUNT, ruleContent= 

2022-10-08 21:49:45,697 INFO Apply tps control rule parse start,pointName=[CONFIG_PUSH_COUNT]  

2022-10-08 21:49:45,700 INFO Clear point  control rule ,pointName=[CONFIG_PUSH_COUNT]  

2022-10-08 21:49:45,700 INFO Clear point  control rule for monitorKeys, pointName=[CONFIG_PUSH_COUNT]  

2022-10-08 21:49:45,700 INFO Load rule from local,pointName=CONFIG_PUSH_SUCCESS, ruleContent= 

2022-10-08 21:49:45,700 INFO Apply tps control rule parse start,pointName=[CONFIG_PUSH_SUCCESS]  

2022-10-08 21:49:45,700 INFO Clear point  control rule ,pointName=[CONFIG_PUSH_SUCCESS]  

2022-10-08 21:49:45,700 INFO Clear point  control rule for monitorKeys, pointName=[CONFIG_PUSH_SUCCESS]  

2022-10-08 21:49:45,701 INFO Load rule from local,pointName=CONFIG_PUSH_FAIL, ruleContent= 

2022-10-08 21:49:45,701 INFO Apply tps control rule parse start,pointName=[CONFIG_PUSH_FAIL]  

2022-10-08 21:49:45,701 INFO Clear point  control rule ,pointName=[CONFIG_PUSH_FAIL]  

2022-10-08 21:49:45,701 INFO Clear point  control rule for monitorKeys, pointName=[CONFIG_PUSH_FAIL]  

2022-10-08 21:49:59,087 INFO Register tps control,pointName=ConfigQuery, point=com.alibaba.nacos.core.remote.control.TpsMonitorPoint@295bf2a 

2022-10-08 21:49:59,087 INFO Load rule from local,pointName=ConfigQuery, ruleContent= 

2022-10-08 21:49:59,087 INFO Apply tps control rule parse start,pointName=[ConfigQuery]  

2022-10-08 21:49:59,087 INFO Clear point  control rule ,pointName=[ConfigQuery]  

2022-10-08 21:49:59,087 INFO Clear point  control rule for monitorKeys, pointName=[ConfigQuery]  

2022-10-08 21:49:59,087 INFO Register tps control,pointName=ClusterConfigChangeNotify, point=com.alibaba.nacos.core.remote.control.TpsMonitorPoint@bbf9e07 

2022-10-08 21:49:59,087 INFO Load rule from local,pointName=ClusterConfigChangeNotify, ruleContent= 

2022-10-08 21:49:59,087 INFO Apply tps control rule parse start,pointName=[ClusterConfigChangeNotify]  

2022-10-08 21:49:59,087 INFO Clear point  control rule ,pointName=[ClusterConfigChangeNotify]  

2022-10-08 21:49:59,087 INFO Clear point  control rule for monitorKeys, pointName=[ClusterConfigChangeNotify]  

2022-10-08 21:49:59,087 INFO Register tps control,pointName=ConfigListen, point=com.alibaba.nacos.core.remote.control.TpsMonitorPoint@6ff6efdc 

2022-10-08 21:49:59,087 INFO Load rule from local,pointName=ConfigListen, ruleContent= 

2022-10-08 21:49:59,087 INFO Apply tps control rule parse start,pointName=[ConfigListen]  

2022-10-08 21:49:59,087 INFO Clear point  control rule ,pointName=[ConfigListen]  

2022-10-08 21:49:59,087 INFO Clear point  control rule for monitorKeys, pointName=[ConfigListen]  

2022-10-08 21:49:59,087 INFO Register tps control,pointName=ConfigRemove, point=com.alibaba.nacos.core.remote.control.TpsMonitorPoint@2b289ac9 

2022-10-08 21:49:59,087 INFO Load rule from local,pointName=ConfigRemove, ruleContent= 

2022-10-08 21:49:59,088 INFO Apply tps control rule parse start,pointName=[ConfigRemove]  

2022-10-08 21:49:59,088 INFO Clear point  control rule ,pointName=[ConfigRemove]  

2022-10-08 21:49:59,088 INFO Clear point  control rule for monitorKeys, pointName=[ConfigRemove]  

2022-10-08 21:49:59,088 INFO Register tps control,pointName=ConfigPublish, point=com.alibaba.nacos.core.remote.control.TpsMonitorPoint@4eb1c69 

2022-10-08 21:49:59,088 INFO Load rule from local,pointName=ConfigPublish, ruleContent= 

2022-10-08 21:49:59,088 INFO Apply tps control rule parse start,pointName=[ConfigPublish]  

2022-10-08 21:49:59,088 INFO Clear point  control rule ,pointName=[ConfigPublish]  

2022-10-08 21:49:59,088 INFO Clear point  control rule for monitorKeys, pointName=[ConfigPublish]  

2022-10-08 21:49:59,088 INFO Register tps control,pointName=HealthCheck, point=com.alibaba.nacos.core.remote.control.TpsMonitorPoint@73d3e555 

2022-10-08 21:49:59,088 INFO Load rule from local,pointName=HealthCheck, ruleContent= 

2022-10-08 21:49:59,088 INFO Apply tps control rule parse start,pointName=[HealthCheck]  

2022-10-08 21:49:59,088 INFO Clear point  control rule ,pointName=[HealthCheck]  

2022-10-08 21:49:59,088 INFO Clear point  control rule for monitorKeys, pointName=[HealthCheck]  

2022-10-08 21:49:59,094 INFO Load rule from local,pointName=ConfigQuery, ruleContent= 

2022-10-08 21:49:59,094 INFO Apply tps control rule parse start,pointName=[ConfigQuery]  

2022-10-08 21:49:59,094 INFO Clear point  control rule ,pointName=[ConfigQuery]  

2022-10-08 21:49:59,094 INFO Clear point  control rule for monitorKeys, pointName=[ConfigQuery]  

2022-10-08 21:49:59,094 INFO Load rule from local,pointName=ClusterConfigChangeNotify, ruleContent= 

2022-10-08 21:49:59,094 INFO Apply tps control rule parse start,pointName=[ClusterConfigChangeNotify]  

2022-10-08 21:49:59,094 INFO Clear point  control rule ,pointName=[ClusterConfigChangeNotify]  

2022-10-08 21:49:59,094 INFO Clear point  control rule for monitorKeys, pointName=[ClusterConfigChangeNotify]  

2022-10-08 21:49:59,094 INFO Load rule from local,pointName=ConfigListen, ruleContent= 

2022-10-08 21:49:59,094 INFO Apply tps control rule parse start,pointName=[ConfigListen]  

2022-10-08 21:49:59,094 INFO Clear point  control rule ,pointName=[ConfigListen]  

2022-10-08 21:49:59,094 INFO Clear point  control rule for monitorKeys, pointName=[ConfigListen]  

2022-10-08 21:49:59,094 INFO Load rule from local,pointName=ConfigRemove, ruleContent= 

2022-10-08 21:49:59,094 INFO Apply tps control rule parse start,pointName=[ConfigRemove]  

2022-10-08 21:49:59,094 INFO Clear point  control rule ,pointName=[ConfigRemove]  

2022-10-08 21:49:59,094 INFO Clear point  control rule for monitorKeys, pointName=[ConfigRemove]  

2022-10-08 21:49:59,095 INFO Load rule from local,pointName=ConfigPublish, ruleContent= 

2022-10-08 21:49:59,095 INFO Apply tps control rule parse start,pointName=[ConfigPublish]  

2022-10-08 21:49:59,095 INFO Clear point  control rule ,pointName=[ConfigPublish]  

2022-10-08 21:49:59,095 INFO Clear point  control rule for monitorKeys, pointName=[ConfigPublish]  

2022-10-08 21:49:59,095 INFO Load rule from local,pointName=HealthCheck, ruleContent= 

2022-10-08 21:49:59,095 INFO Apply tps control rule parse start,pointName=[HealthCheck]  

2022-10-08 21:49:59,095 INFO Clear point  control rule ,pointName=[HealthCheck]  

2022-10-08 21:49:59,095 INFO Clear point  control rule for monitorKeys, pointName=[HealthCheck]  

2022-10-08 22:01:17,147 INFO Register tps control,pointName=CONFIG_PUSH_COUNT, point=com.alibaba.nacos.core.remote.control.TpsMonitorPoint@7ce7e83c 

2022-10-08 22:01:17,155 INFO Load rule from local,pointName=CONFIG_PUSH_COUNT, ruleContent= 

2022-10-08 22:01:17,155 INFO Apply tps control rule parse start,pointName=[CONFIG_PUSH_COUNT]  

2022-10-08 22:01:17,155 INFO Clear point  control rule ,pointName=[CONFIG_PUSH_COUNT]  

2022-10-08 22:01:17,155 INFO Clear point  control rule for monitorKeys, pointName=[CONFIG_PUSH_COUNT]  

2022-10-08 22:01:17,156 INFO Register tps control,pointName=CONFIG_PUSH_SUCCESS, point=com.alibaba.nacos.core.remote.control.TpsMonitorPoint@4a05d8ae 

2022-10-08 22:01:17,156 INFO Load rule from local,pointName=CONFIG_PUSH_SUCCESS, ruleContent= 

2022-10-08 22:01:17,156 INFO Apply tps control rule parse start,pointName=[CONFIG_PUSH_SUCCESS]  

2022-10-08 22:01:17,156 INFO Clear point  control rule ,pointName=[CONFIG_PUSH_SUCCESS]  

2022-10-08 22:01:17,156 INFO Clear point  control rule for monitorKeys, pointName=[CONFIG_PUSH_SUCCESS]  

2022-10-08 22:01:17,156 INFO Register tps control,pointName=CONFIG_PUSH_FAIL, point=com.alibaba.nacos.core.remote.control.TpsMonitorPoint@3c904f1e 

2022-10-08 22:01:17,156 INFO Load rule from local,pointName=CONFIG_PUSH_FAIL, ruleContent= 

2022-10-08 22:01:17,156 INFO Apply tps control rule parse start,pointName=[CONFIG_PUSH_FAIL]  

2022-10-08 22:01:17,156 INFO Clear point  control rule ,pointName=[CONFIG_PUSH_FAIL]  

2022-10-08 22:01:17,156 INFO Clear point  control rule for monitorKeys, pointName=[CONFIG_PUSH_FAIL]  

2022-10-08 22:01:17,181 INFO Load rule from local,pointName=CONFIG_PUSH_COUNT, ruleContent= 

2022-10-08 22:01:17,182 INFO Apply tps control rule parse start,pointName=[CONFIG_PUSH_COUNT]  

2022-10-08 22:01:17,183 INFO Clear point  control rule ,pointName=[CONFIG_PUSH_COUNT]  

2022-10-08 22:01:17,183 INFO Clear point  control rule for monitorKeys, pointName=[CONFIG_PUSH_COUNT]  

2022-10-08 22:01:17,183 INFO Load rule from local,pointName=CONFIG_PUSH_SUCCESS, ruleContent= 

2022-10-08 22:01:17,183 INFO Apply tps control rule parse start,pointName=[CONFIG_PUSH_SUCCESS]  

2022-10-08 22:01:17,183 INFO Clear point  control rule ,pointName=[CONFIG_PUSH_SUCCESS]  

2022-10-08 22:01:17,183 INFO Clear point  control rule for monitorKeys, pointName=[CONFIG_PUSH_SUCCESS]  

2022-10-08 22:01:17,183 INFO Load rule from local,pointName=CONFIG_PUSH_FAIL, ruleContent= 

2022-10-08 22:01:17,183 INFO Apply tps control rule parse start,pointName=[CONFIG_PUSH_FAIL]  

2022-10-08 22:01:17,183 INFO Clear point  control rule ,pointName=[CONFIG_PUSH_FAIL]  

2022-10-08 22:01:17,183 INFO Clear point  control rule for monitorKeys, pointName=[CONFIG_PUSH_FAIL]  

2022-10-08 22:01:32,153 INFO Register tps control,pointName=ConfigQuery, point=com.alibaba.nacos.core.remote.control.TpsMonitorPoint@bbf9e07 

2022-10-08 22:01:32,153 INFO Load rule from local,pointName=ConfigQuery, ruleContent= 

2022-10-08 22:01:32,153 INFO Apply tps control rule parse start,pointName=[ConfigQuery]  

2022-10-08 22:01:32,153 INFO Clear point  control rule ,pointName=[ConfigQuery]  

2022-10-08 22:01:32,153 INFO Clear point  control rule for monitorKeys, pointName=[ConfigQuery]  

2022-10-08 22:01:32,153 INFO Register tps control,pointName=ClusterConfigChangeNotify, point=com.alibaba.nacos.core.remote.control.TpsMonitorPoint@6ff6efdc 

2022-10-08 22:01:32,153 INFO Load rule from local,pointName=ClusterConfigChangeNotify, ruleContent= 

2022-10-08 22:01:32,153 INFO Apply tps control rule parse start,pointName=[ClusterConfigChangeNotify]  

2022-10-08 22:01:32,153 INFO Clear point  control rule ,pointName=[ClusterConfigChangeNotify]  

2022-10-08 22:01:32,153 INFO Clear point  control rule for monitorKeys, pointName=[ClusterConfigChangeNotify]  

2022-10-08 22:01:32,153 INFO Register tps control,pointName=ConfigListen, point=com.alibaba.nacos.core.remote.control.TpsMonitorPoint@2b289ac9 

2022-10-08 22:01:32,153 INFO Load rule from local,pointName=ConfigListen, ruleContent= 

2022-10-08 22:01:32,153 INFO Apply tps control rule parse start,pointName=[ConfigListen]  

2022-10-08 22:01:32,153 INFO Clear point  control rule ,pointName=[ConfigListen]  

2022-10-08 22:01:32,153 INFO Clear point  control rule for monitorKeys, pointName=[ConfigListen]  

2022-10-08 22:01:32,154 INFO Register tps control,pointName=ConfigRemove, point=com.alibaba.nacos.core.remote.control.TpsMonitorPoint@4eb1c69 

2022-10-08 22:01:32,154 INFO Load rule from local,pointName=ConfigRemove, ruleContent= 

2022-10-08 22:01:32,154 INFO Apply tps control rule parse start,pointName=[ConfigRemove]  

2022-10-08 22:01:32,154 INFO Clear point  control rule ,pointName=[ConfigRemove]  

2022-10-08 22:01:32,154 INFO Clear point  control rule for monitorKeys, pointName=[ConfigRemove]  

2022-10-08 22:01:32,154 INFO Register tps control,pointName=ConfigPublish, point=com.alibaba.nacos.core.remote.control.TpsMonitorPoint@73d3e555 

2022-10-08 22:01:32,154 INFO Load rule from local,pointName=ConfigPublish, ruleContent= 

2022-10-08 22:01:32,154 INFO Apply tps control rule parse start,pointName=[ConfigPublish]  

2022-10-08 22:01:32,163 INFO Clear point  control rule ,pointName=[ConfigPublish]  

2022-10-08 22:01:32,163 INFO Clear point  control rule for monitorKeys, pointName=[ConfigPublish]  

2022-10-08 22:01:32,163 INFO Register tps control,pointName=HealthCheck, point=com.alibaba.nacos.core.remote.control.TpsMonitorPoint@2b037cfc 

2022-10-08 22:01:32,163 INFO Load rule from local,pointName=HealthCheck, ruleContent= 

2022-10-08 22:01:32,163 INFO Apply tps control rule parse start,pointName=[HealthCheck]  

2022-10-08 22:01:32,163 INFO Clear point  control rule ,pointName=[HealthCheck]  

2022-10-08 22:01:32,163 INFO Clear point  control rule for monitorKeys, pointName=[HealthCheck]  

2022-10-08 22:01:32,177 INFO Load rule from local,pointName=ConfigQuery, ruleContent= 

2022-10-08 22:01:32,177 INFO Apply tps control rule parse start,pointName=[ConfigQuery]  

2022-10-08 22:01:32,177 INFO Clear point  control rule ,pointName=[ConfigQuery]  

2022-10-08 22:01:32,177 INFO Clear point  control rule for monitorKeys, pointName=[ConfigQuery]  

2022-10-08 22:01:32,177 INFO Load rule from local,pointName=ClusterConfigChangeNotify, ruleContent= 

2022-10-08 22:01:32,177 INFO Apply tps control rule parse start,pointName=[ClusterConfigChangeNotify]  

2022-10-08 22:01:32,177 INFO Clear point  control rule ,pointName=[ClusterConfigChangeNotify]  

2022-10-08 22:01:32,177 INFO Clear point  control rule for monitorKeys, pointName=[ClusterConfigChangeNotify]  

2022-10-08 22:01:32,177 INFO Load rule from local,pointName=ConfigListen, ruleContent= 

2022-10-08 22:01:32,177 INFO Apply tps control rule parse start,pointName=[ConfigListen]  

2022-10-08 22:01:32,177 INFO Clear point  control rule ,pointName=[ConfigListen]  

2022-10-08 22:01:32,177 INFO Clear point  control rule for monitorKeys, pointName=[ConfigListen]  

2022-10-08 22:01:32,177 INFO Load rule from local,pointName=ConfigRemove, ruleContent= 

2022-10-08 22:01:32,177 INFO Apply tps control rule parse start,pointName=[ConfigRemove]  

2022-10-08 22:01:32,177 INFO Clear point  control rule ,pointName=[ConfigRemove]  

2022-10-08 22:01:32,177 INFO Clear point  control rule for monitorKeys, pointName=[ConfigRemove]  

2022-10-08 22:01:32,177 INFO Load rule from local,pointName=ConfigPublish, ruleContent= 

2022-10-08 22:01:32,177 INFO Apply tps control rule parse start,pointName=[ConfigPublish]  

2022-10-08 22:01:32,177 INFO Clear point  control rule ,pointName=[ConfigPublish]  

2022-10-08 22:01:32,177 INFO Clear point  control rule for monitorKeys, pointName=[ConfigPublish]  

2022-10-08 22:01:32,177 INFO Load rule from local,pointName=HealthCheck, ruleContent= 

2022-10-08 22:01:32,177 INFO Apply tps control rule parse start,pointName=[HealthCheck]  

2022-10-08 22:01:32,177 INFO Clear point  control rule ,pointName=[HealthCheck]  

2022-10-08 22:01:32,177 INFO Clear point  control rule for monitorKeys, pointName=[HealthCheck]  

